4686
4686
4686
4686
4686
4686
608
4420
4686
4686
4686
4686
3491
253
1367
4686
4686
4686
4686
4686
4686
576
162
4686
3030
4075
4686
4686
161
4686
2843
4686
4686
314
4686
4686
4686
4686
4686
1142
2395
4686
4686
4686
1562
4686
4686
505
4686
4686
4686
4272
4686
870
4686
4686
3691
3791
4686
4686
4686
4686
4686
4686
4686
4686
4686
4686
4686
4686
4686
4686
1280
4686
4686
4686
2066
4686
4686
4686
3613
4557
4686
4686
4686
1888
4686
3617
4686
3779
4686
1617
4686
4686
4686
4686
4686
1299
4686
4686
4686
4686
4686
4686
4686
4686
4686
4686
4686
2255
4686
4686
4686
2902
4686
4686
4686
4686
4686
4686
1345
4686
4686
4686
4686
4686
4686
4686
4686
4686
1473
4686
4524
4686
4686
4686
4686
4686
4686
4686
4686
4686
4686
4686
4686
2029
1016
4157
4686
3410
4686
4686
2301
4686
4658
4686
4284
3624
4686
4686
4686
1818
59
39
4686
2404
4686
4686
4686
2577
1493
4686
4686
4686
4686
4287
1703
4686
4686
4686
4686
4686
4686
4686
4686
4686
1107
1587
4686
1512
4686
4686
4686
4686
4686
4686
4686
4686
1887
4686
1966
4686
1100
4686
4686
4686
4686
4686
4686
4686
1430
4686
4686
4686
4686
4686
4686
1503
4686
4686
4686
4686
4686
4686
4686
4686
4686
3163
4686
4686
4686
3278
4686
2252
3379
4686
4686
4686
4686
1669
4686
4686
164
4686
4686
4686
4686
4686
4686
1083
4686
4686
4686
4686
4686
4686
4686
4686
4686
4686
4686
4686
418
4686
4686
4686
4686
4686
4686
4686
4686
4686
4686
4686
588
4686
4686
3019
4686
4505
2485
4686
4686
1431
4004
2005
4686
4686
4686
4686
4686
4378
23
4686
391
4686
4686
4686
4686
4686
4686
4686
994
4686
4686
4686
587
4504
4686
3621
4686
3231
4686
4686
1918
4686
4686
4686
4686
4686
4686
4686
4686
4686
4686
4686
4686
4686
4686
4686
4686
4686
3179
4686
4686
4686
833
4686
4686
4686
379
4686
4686
4686
4686
1711
4686
827
4686
3444
4686
4110
4556
1819
4686
4686
4686
4686
1626
4686
1840
4686
2216
4686
4686
4686
4686
4686
2489
4686
4686
4686
4686
4686
4686
4686
4686
4686
4686
3689
585
1325
4686
4686
3622
4686
4686
264
4686
4686
4686
4686
4686
4686
4686
4686
418
3757
4686
4686
4686
4686
4686
1723
3215
4686
4686
1840
4125
4686
4686
3510
4686
4686
4686
2086
4686
4686
4686
916
3928
4686
4686
2328
4686
4192
4686
4686
1322
4686
4686
4686
4686
4686
3003
4686
4686
4686
4686
4686
712
4686
4686
4686
4686
4686
4686
4686
4686
4686
4686
4686
4686
4686
3028
4686
4686
1370
4686
147
4686
4686
1674
4686
4686
4686
1169
4686
4686
4686
2866
4686
4686
4686
4686
4686
4686
4686
4095
4686
4686
3417
4686
4686
4686
4686
4477
4686
4686
2991
4686
4686
4686
4686
4686
1106
4686
4686
4686
4686
4686
4686
4686
4686
1306
4686
4686
4686
4686
3660
4686
4686
4686
580
4686
4686
4686
4488
4686
4686
4686
3717
1798
4686
4686
4686
4686
4686
692
4686
1901
3110
4686
4686
4686
4686
4686
4686
4686
4686
4686
52
4686
3424
4686
4686
2016
4686
4686
4686
4686
4686
4686
4686
4686
1750
4686
4686
4686
4686
4686
57
4686
4686
4634
4686
4686
4686
4686
4686
4686
2336
4686
2500
4686
4686
4686
4686
3569
4686
4686
4686
4686
4686
1795
4142
4686
4686
3372
4686
4053
3435
4686
4686
2740
4686
2184
4686
3209
781
4686
4686
4686
3794
4686
4686
4686
4686
3396
4686
2189
765
3918
4686
4686
4686
4686
4686
4686
4686
4686
4686
2013
2924
4686
4686
2302
4686
4686
4686
4686
4686
4686
4686
4289
4686
4686
4686
4686
4686
4686
4686
4686
4686
4686
4686
510
4686
4686
733
4686
2365
4686
4686
4686
4686
4686
2851
4686
4686
4686
4686
4686
4686
4686
1492
4686
4686
3513
4686
2167
4686
4686
4686
4686
4686
4686
4240
4686
4501
4226
4686
4686
4686
4686
4686
2746
4686
1301
4686
3592
4686
4686
4686
4686
4686
4686
4686
4686
4686
4686
4686
2630
4686
4686
2580
4686
4686
4686
4686
4686
4686
4686
2423
1475
4686
2180
2210
4686
4686
4686
4686
4686
4686
4686
4686
4686
4686
4686
4686
4686
4347
4686
2764
4686
3858
4686
4686
4686
4686
4686
1185
4686
2446
4686
1268
4686
4686
4686
4686
679
4686
4686
4686
4686
4686
333
4686
3369
4686
4686
4686
4686
4686
4686
624
4686
4686
1895
4686
3357
4686
4686
4686
2569
879
1614
4425
47
4686
649
4686
4686
361
4686
4686
4686
4686
4686
4686
4686
4686
6
4686
4686
4267
4686
4686
4686
4686
4686
4686
4686
4686
3340
4686
4686
4686
4686
4686
4686
4686
4686
4686
4686
3060
4686
1297
4686
4686
4686
4686
4686
2282
4686
4686
4686
4686
4686
557
4686
4686
4686
4686
4686
1639
4686
3050
4686
4686
358
3950
4686
4686
4686
4686
4686
4686
4686
1958
4686
4686
4686
4686
4686
4686
4686
4686
4686
4686
4686
4686
4686
4686
4686
4686
1988
3988
4686
4686
4686
4686
135
1989
4686
4686
4686
4686
4686
4686
4686
4686
2382
4686
71
675
4686
331
2694
4686
4686
4686
4686
4686
4686
4686
4686
844
4686
4686
4686
4686
4686
4398
4686
4686
4686
1589
2777
4686
4686
4686
4686
4686
4686
4686
4686
4686
2358
4686
1804
4686
283
2097
3406
4686
4686
4686
4686
4686
4686
2989
3254
4686
4686
4686
4686
4686
4686
4686
4686
4686
4686
4686
4686
4686
4686
3497
4686
4686
2754
4686
4686
87
305
4686
4686
4686
3700
36
4686
4686
3305
4686
4686
4686
4686
4686
4686
4686
4686
4686
2692
4686
4686
715
4686
4686
4686
4686
1226
4686
4686
4686
597
4686
4686
4686
4686
4686
4686
4686
4686
2656
4686
2439
1305
4686
4686
4686
4686
4686
4686
4686
4686
4686
4686
4686
4686
4686
4686
4686
4686
2665
4686
1250
4336
4686
4686
4686
4686
2226
4686
972
4686
4686
4686
4686
4686
4686
4686
1702
4686
4686
4686
3801
2780
4686
4686
4686
4686
4686
4686
4686
4686
3084
4686
3883
4361
2134
4686
4686
4686
4686
4686
4686
4686
594
4686
4686
4686
4686
4686
4686
4354
4686
4686
4686
4686
4686
4686
4686
1812
4686
4686
4686
278
4686
4686
4686
4686
4686
4686
4686
4686
4686
3781
4686
4686
4686
4686
3178
4686
4686
907
3273
3588
4686
4686
4686
2174
4686
4686
4686
1302
4686
4686
4686
3457
4686
1539
4686
4686
269
4686
4686
4686
4686
4686
2145
636
4686
4686
4686
4686
582
4686
4686
4686
4686
4686
643
1912
4686
168
4686
4686
4686
4686
4686
3010
4686
4686
4686
4686
4686
4686
4686
4686
4686
4686
2804
4686
2439
4686
4686
4686
4686
4686
4686
542
4686
4686
4686
4686
4686
4686
4686
4686
4686
3574
4686
4686
4686
1478
4686
4686
4281
4686
4686
4686
4686
4686
4686
4686
4686
4686
4686
4686
4686
4686
858
4686
4686
4686
4686
4686
4686
4686
3962
4686
4686
4686
4686
4686
4686
4686
4686
4686
4686
4338
4686
4686
4686
4686
4686
4686
4686
431
1734
4686
4686
1129
4084
3860
4686
3302
4686
3978
4686
4686
4686
4686
4686
4490
1801
4551
301
4686
4686
4686
4686
4686
4686
331
4686
4012
850
4686
3938
4686
1340
1929
4686
4686
4686
4686
4686
4686
4686
4686
4686
4686
4686
4686
4686
4686
4686
4686
3746
4686
4686
4686
2058
2775
4686
491
4686
4686
4686
4686
4686
4213
4557
4686
4686
4686
2996
4686
4686
4686
1776
4686
4686
4686
1050
4686
4686
4686
4686
4686
4686
4686
4686
4686
4686
4686
4686
745
4222
4686
4686
3664
4686
1863
4686
4686
4686
2641
4686
4686
3011
4686
4686
764
4686
4686
4686
4686
4686
4686
4686
589
4686
4686
4686
4686
4686
4686
4686
4686
4686
4686
4686
4686
4686
4686
4686
4686
4686
4686
4332
4686
4246
4686
4686
3373
4686
4686
311
4686
340
4686
4686
4686
4686
4686
1575
4686
4686
4686
1713
4686
4686
616
4686
4686
4686
4686
1972
4686
4686
4686
4686
4686
4686
1052
3231
4686
4686
4686
4686
4686
3239
4686
4686
4686
604
4686
4686
4686
4686
4686
4686
4686
4686
4686
619
4686
4686
4686
4686
4686
4686
4686
4686
4686
4686
979
4686
2573
4686
4686
4686
4686
4686
4022
4686
4686
4686
4686
4686
4686
4606
4686
4686
4686
4686
4686
4686
4686
4686
4686
4686
4686
4686
4686
4686
4686
4686
4686
890
912
4686
4686
4686
3861
4686
3101
4686
4686
4686
4686
4686
4686
4686
1368
4686
4686
4686
4686
4686
4686
4686
4686
4686
4686
4530
4686
710
4686
4686
4686
4686
4686
4686
878
4686
4686
4686
4579
4686
3899
4686
4665
4686
4686
4686
4686
1440
4686
4686
4686
4686
889
4183
4686
4686
1402
4686
3956
4686
3796
1670
4686
4686
4686
11
4686
4686
4686
4686
2623
4686
4686
3658
4686
1632
4686
3189
4686
4686
2203
4686
4686
4686
1442
523
3748
4686
4686
4686
3220
3938
4686
4686
4686
4686
4686
3676
4686
2656
4686
4686
4686
1957
1666
4686
4686
4686
954
3652
4686
4686
4686
2836
4686
4686
1052
4686
4686
3664
4372
857
4686
2547
4686
4686
4686
4686
1195
4686
4686
4686
4686
2204
1098
1894
328
4686
4686
4686
4686
4686
1603
4686
4686
4686
2881
4686
4686
4686
4686
4686
4686
4686
4686
4686
4686
4686
4686
4686
4686
4686
4686
4686
4686
4686
4686
4686
2082
4686
4686
4686
4686
2061
4686
4686
240
4686
4686
4686
3183
4686
4686
4686
4686
4686
4686
4686
4686
4686
4686
4686
4686
1385
4686
4686
4686
4686
3301
4686
4686
4686
3428
4686
4686
4686
4686
4686
4686
4686
4686
4686
4686
70
4686
4686
628
647
4686
4201
4686
4448
4686
3233
4686
4686
4686
4686
4686
4686
4686
4686
4442
946
4686
4686
2737
4686
4686
4686
4686
4686
3328
4686
4686
4686
4686
4686
4686
4686
4686
4686
2339
4686
4686
4686
4686
838
2051
4686
4686
4686
4686
175
4686
4686
4686
4686
4686
4686
4686
4686
4686
4686
4686
666
4686
4686
685
4686
4686
4686
4686
3794
4686
4686
4686
4686
4686
4686
3755
4686
4686
4686
4686
4686
4686
4686
4686
4686
4686
3688
4686
2743
164
4686
4686
4686
4686
4686
2741
4686
4686
2181
4686
4686
4686
4686
4686
4686
1927
4686
4686
4686
4686
4686
4686
653
4686
4686
4686
4686
4686
4686
2775
4686
4686
4686
2281
4686
937
2222
4686
4686
4686
4686
1012
4686
2893
4686
4686
4686
4686
4040
4686
2573
4686
3614
3339
4686
4686
4686
4686
2431
4686
4686
146
4686
4686
4686
4686
3645
4686
4686
4686
2939
4686
4686
4686
4686
4686
4686
2472
869
4686
4686
4686
4686
4686
4686
4686
881
4686
4686
4686
2274
4686
4468
4686
4087
1417
4686
4686
4686
4686
4686
2957
1394
4686
4686
3902
4686
4686
4686
4686
4686
4686
1057
4686
4686
4686
4686
4686
3768
3649
4686
4686
4686
4686
1853
1404
4686
4686
1884
4686
4686
4171
4686
87
4686
4686
4686
4686
4686
4686
4686
4686
4686
4686
1898
4686
4612
1503
4686
4686
4686
3340
1017
4686
4686
4686
4686
4686
2251
4686
4686
4686
4686
4686
4686
4316
3378
4686
4686
952
4686
4686
1647
4686
4284
4686
4686
4686
4686
977
4686
141
4686
4686
4686
4686
4686
4686
604
1643
4686
1502
4686
4686
4686
4686
752
4686
4686
4686
2150
4686
4686
4686
4686
4686
4686
4686
4226
4686
4686
4686
4686
4686
4686
726
4686
4686
4686
4686
4686
3432
4686
4686
4686
4686
2544
4686
1116
2053
4686
4686
4686
4686
4686
4686
377
4686
4686
4686
4686
