4294
1742
4294
414
4294
4294
4294
4294
551
4294
4294
4294
4294
4294
4294
4294
4294
4294
4294
4294
4266
4294
4294
4294
4294
3643
4294
4294
4294
4294
4294
4294
4294
1782
4294
4294
4294
1400
4294
4294
4294
920
4294
4294
4294
4294
4294
4294
4294
4294
4294
4294
4294
4294
4294
3209
4294
4294
3301
4294
4294
4294
4294
4294
4294
4294
4294
4294
4294
4294
4294
4294
4294
4294
4294
4294
4294
4294
4294
4294
4294
1817
4294
3796
4294
4294
3270
1971
4294
3560
4294
4294
4294
3455
4294
4294
4294
4294
4294
4294
4294
4294
4294
4294
4294
3017
4294
2646
4294
4294
3136
4294
4294
1309
4294
4294
4294
4294
4294
4294
4294
4294
4294
4294
4294
4294
4294
3298
4294
4294
4294
4294
1135
4294
4294
4294
4294
4294
2560
4294
4294
4294
4294
4294
4294
4294
1242
4294
4294
4294
2295
4294
4294
4294
4294
3107
1658
4294
4294
4294
3189
3092
4294
4294
4294
4294
4294
4294
4294
4294
2675
2337
4294
2817
4294
4294
4294
4294
507
1671
4294
4294
4294
4294
4294
4294
4294
4294
4294
2520
4294
4294
4294
4294
4294
2916
4294
3000
4294
4294
2391
4294
3881
4294
4294
4294
3161
4294
4294
4294
2317
4294
4294
4294
4294
3175
4294
4294
4294
4294
4294
4294
4294
4294
4294
4294
4152
4196
4294
4294
4294
4294
4294
335
4294
2087
4294
4294
4294
4294
2263
2125
4294
3153
4294
4294
4294
4294
4294
4294
4294
4294
4294
333
4294
4294
4294
4294
4294
3529
4294
4294
4294
4294
4294
2925
4294
4294
4294
4294
4294
4294
4294
4294
4294
4294
4294
4294
4294
4294
4294
4294
4294
4294
1747
2604
4294
4294
3005
1291
4294
4294
4294
4294
4294
4294
4294
4294
4294
3915
421
4294
4294
4294
4294
2010
4294
4294
4294
4294
1918
4294
4294
4294
2043
4294
1448
4294
4294
4294
4294
4294
4294
4294
4294
4294
4294
4294
4294
4294
4294
468
4294
4294
4294
4294
4294
1058
4294
4294
4294
4294
4294
4294
4294
2826
4294
4294
4294
4294
4294
4294
4294
4294
4294
4294
4294
4294
2763
1915
4294
4294
4294
4294
4294
4294
4294
4294
2362
4229
4294
4294
4294
4294
4294
4294
4294
4294
4294
2938
4294
3181
4294
4294
4294
4294
4294
4294
4294
4294
4294
4294
3333
3078
3390
4294
3824
4294
4294
4096
4294
768
2274
4294
4294
1747
4294
4294
246
4294
4294
4294
4294
4294
4294
