2766
2766
2766
2766
2766
2766
2766
2766
2766
2766
1940
2766
2766
2766
399
2766
2766
2766
2766
2766
2766
2766
2766
2766
1852
2766
2766
2766
2766
2766
2766
2766
2766
2766
2766
2766
2766
2766
2766
2766
2766
2597
2766
2766
2766
2766
2766
2766
2766
2766
2766
85
2021
2766
2766
2766
217
2766
2766
2766
2766
2766
2766
2766
2766
2766
2766
2766
2766
2766
2766
2766
2766
2766
2766
2766
2766
2766
2766
113
2766
2766
2766
2766
2766
2766
2766
2766
2751
2766
2766
2766
2766
2766
2766
2766
2766
570
2766
2766
679
2766
2766
2766
2766
475
2766
1835
2766
2766
2766
2766
2766
2766
2766
1360
513
2766
2766
2766
2766
2766
2766
2296
2766
584
2766
2766
2766
2766
2766
2766
2766
2766
2766
2399
2766
2766
2766
2766
2766
2766
2766
2766
2766
2766
2766
2766
2766
2766
2766
2766
2766
2766
2766
2766
2766
2766
2766
2766
741
2766
2766
2766
2766
2766
2766
2766
2766
2766
2766
2766
2766
2766
2766
2766
2766
2766
2766
2766
2766
2766
1895
2766
2766
2766
2766
586
2766
2766
2766
2766
2766
2766
2766
2766
2766
2766
2766
2766
2766
95
2766
2766
2766
2766
2766
2766
2766
2766
2756
2766
2766
2766
2766
2766
2766
2766
2766
2766
1239
1771
2766
2766
2766
2766
2766
769
2766
2766
2766
2766
1757
2766
2766
2766
2766
2766
2766
2766
2766
2766
2766
2766
2766
2766
2766
2766
2766
2766
2766
2766
2766
2766
1448
2766
2766
956
2766
2766
2766
2766
2766
129
2766
2766
2766
2766
76
2766
1951
2766
2766
2766
2766
2766
2766
2766
2766
2766
2766
2766
2766
1226
2506
2766
2766
2766
2766
2766
2766
2766
2766
2766
2766
2766
2766
2766
1823
2766
2766
2766
2766
2766
2766
2766
2447
2766
2766
2766
1024
2766
2766
2393
2766
2766
2766
2766
2766
2766
2766
1688
2766
2766
2766
2766
1582
2766
2766
2766
611
2766
2766
2766
2766
2766
714
2766
2766
2766
2766
2766
2766
2766
505
2766
1271
2766
1650
239
2766
2766
2766
1448
2766
2766
2766
2525
2727
2766
2766
2766
2766
2766
2766
978
2766
2766
2766
2766
2766
2766
2766
2766
2766
2766
2766
2766
2766
2766
2766
2766
2766
2766
1227
2766
1379
2766
2766
2766
2766
2766
2766
2766
2766
2766
2766
2766
2766
2766
2766
2766
2766
2766
2766
2766
2766
2766
2766
2766
2766
2766
2766
2470
2766
2766
2766
2766
2766
2766
2766
571
2766
2766
2766
2766
2766
2766
2766
2766
2766
2766
2766
2766
2766
2766
2766
2766
2766
2766
2766
2766
2766
2766
2766
1778
2766
2766
2766
846
2766
2766
2766
2766
2766
2766
2390
2766
2766
2766
2766
2766
2766
2766
2766
2766
2766
2766
533
521
2766
1475
2766
2766
2766
2766
2766
2766
2766
2766
2766
2766
2766
2766
2766
2766
2766
2766
2766
2766
2766
2572
2766
2766
2766
2766
2766
2766
2766
323
2766
483
2766
2766
2766
2766
2766
2766
2766
2766
1319
2766
2766
2766
2766
2766
2766
2766
2766
1717
2766
2766
2766
2495
2766
2766
2766
110
2766
1797
2766
1594
2766
2766
2766
2766
2766
2766
2766
2766
2766
2766
2766
2766
2766
2766
2766
2766
2766
2766
1653
2766
2766
2766
2766
2766
2766
2766
2418
2766
2766
2766
2150
1564
2766
2766
2766
1301
2766
2766
2631
2766
2766
2766
1507
2766
2766
2766
2766
2766
2766
2766
2766
2766
2766
2766
2766
2766
2766
2766
2766
839
2766
2766
2766
2766
2766
755
2766
2766
2766
2766
2766
2766
2766
2766
2585
2766
2766
2766
2766
2766
2766
2766
2766
2766
2766
2766
2766
2766
2766
1706
2766
2766
2766
2766
2766
2766
2766
2766
2766
2766
2766
2766
2766
2766
2766
2766
2766
2766
2766
2766
2766
2766
2766
2766
2766
2766
2766
2766
2766
2766
2766
2766
2766
1372
2766
2766
480
2766
2766
189
2766
2766
1703
2766
2766
2766
2766
2766
2766
2766
2766
2766
2766
2726
2766
2766
2766
2766
2766
2766
2552
2766
2766
2766
2766
2766
982
430
258
2766
2766
2766
2766
2766
2766
2766
2766
2766
2766
2766
2766
2766
2766
440
2766
2766
2766
2766
2766
2766
2766
2766
2766
2766
2766
2766
2766
2766
1918
2161
2766
165
2766
2766
2766
1013
2766
2766
2766
2766
2766
2398
2766
1121
2766
2766
2766
2766
2766
2766
2766
1556
2766
1066
2766
2766
2766
2766
2766
2653
2766
2766
2766
2766
2766
2766
2766
2766
2766
1966
2766
2766
2766
2766
2766
2766
1214
2766
2766
2006
2766
2766
1371
2766
2766
2766
2766
2766
697
2766
2766
2766
276
569
2766
2766
2766
2766
2766
2766
2766
2766
2766
2766
2766
313
2766
2766
2766
2766
1082
2766
2766
2766
2766
2766
2766
2766
2766
2766
2766
2766
2766
2766
2766
2766
853
2766
2579
1098
2766
2766
2766
2766
446
2766
2766
2766
2766
2617
2766
2766
2766
1641
2766
1502
2766
2766
2766
2766
2766
2766
2766
2766
2766
2766
2766
2766
578
2413
1814
2766
2766
2766
1492
2766
2766
2766
2766
2766
2766
2766
2766
2766
2766
2766
2766
2766
2766
2766
252
2766
2766
2712
2766
2766
2766
2766
2117
2766
1001
2766
2766
2766
2766
2766
1235
1430
2766
2766
2766
2766
1906
2766
2766
2766
2766
2766
2766
2766
2766
2766
2766
2766
2766
2766
2766
2766
2766
2766
2766
2766
2766
2766
2766
2766
2766
2766
2766
2766
2766
2766
2766
2766
2766
2766
2766
2766
2766
2766
2766
2766
2766
2766
2766
2766
2766
2766
2766
2766
2766
2766
2766
2766
2766
956
2766
2766
2766
2766
2766
2766
2766
2766
2766
2766
1344
2766
2766
2766
2766
2766
2766
2766
2766
2766
2766
2766
2766
2766
2766
2766
2766
2766
2766
2766
2766
2766
2766
2766
2766
2766
2766
2766
2766
2766
2766
1955
2766
2738
2766
2766
1128
1713
2766
2766
2766
2766
2766
2766
2766
2766
2766
2766
2766
979
2766
2766
2766
2766
2766
790
2766
2766
2766
1951
2766
2766
2766
332
2766
1646
2766
2766
2766
2766
2766
2766
2572
2766
2766
2766
1778
2766
2766
2766
2766
2766
2545
1282
2766
2766
2766
2766
2252
2444
2136
2766
2766
2766
2766
2766
2766
2766
2766
2766
2766
2766
2766
2766
2766
2766
2766
2766
2766
2766
2766
2599
1620
2766
2766
2766
2766
2766
2766
2766
2766
2766
2766
2766
2766
2766
2766
2766
2766
2766
2766
2766
2766
2766
2766
2766
724
2766
2766
2766
2766
2766
2766
2766
2766
2766
2766
2766
2766
2766
2766
2766
2766
2766
2766
2766
2766
2766
2766
1245
2766
2766
2766
2766
2766
2766
2766
2766
2766
2766
2766
676
2766
2766
2766
2410
2766
2766
2766
2766
2766
662
2766
698
825
1120
2766
2766
2766
2766
2766
2766
36
2035
2766
2766
2766
2766
2766
2766
2766
2766
2766
2766
2766
2766
2766
2766
2766
2766
2766
2766
2766
2766
202
2766
2766
2766
2766
2766
2766
2766
2766
287
2766
2766
2766
2766
2766
2071
2766
2766
2766
2766
2766
2766
2766
2766
2766
2766
1026
2766
2766
2766
2766
2766
2766
2766
2766
2766
2766
976
2766
948
2766
644
2766
2766
2766
2766
2766
2766
2766
2766
2632
2766
2766
2051
2766
2766
2766
2766
2766
2766
2766
2766
2766
2766
2766
2766
2766
2766
2766
2766
2766
2766
2766
2766
2766
2766
2766
2766
2766
877
2766
2766
2766
2766
2766
2766
2766
2766
236
2766
325
2766
2766
2766
2766
2766
2766
2766
2766
2766
2376
2766
45
2766
2766
2766
2766
2766
2766
2766
2766
2766
2766
2766
2766
2766
2766
2766
2766
2766
1716
2766
2766
2766
745
2766
2766
2090
2668
2766
2766
2766
2766
2186
2766
2766
2766
1324
2766
2766
2766
2766
2766
2766
2766
2766
2766
2515
2766
2766
2766
2766
2766
2766
2766
2766
2766
2766
2186
1671
2766
2766
2766
2766
754
2766
2766
2766
684
2766
2766
1083
2766
2766
2766
2766
2766
2766
2766
2766
2766
2766
2766
2766
2766
2766
2766
2766
2766
2766
2766
2766
2766
2766
2766
931
2766
2766
2766
2766
2766
2766
2766
2766
2766
1482
2766
2766
2766
2766
2766
2766
2766
2766
2766
2766
2766
1547
2766
2766
2766
2766
2766
2766
2758
2766
2766
626
2766
2766
2766
2766
843
2766
2766
2766
2766
2766
2766
2086
2766
2766
2766
2331
2766
2766
2359
2766
2551
2766
2766
2766
2766
2766
2766
2595
2766
2766
2576
2766
2766
2766
2766
1095
2766
2766
2766
2757
2766
2766
2766
2766
2766
2766
2766
2766
2766
2766
2766
2766
2766
2766
2766
410
2766
2766
2766
2766
2766
2766
2766
2766
2766
2766
2766
2766
2766
1534
485
2766
1179
2766
2766
1815
2766
2766
2766
2766
2766
2766
2766
2766
2766
2766
2766
193
2766
2766
2766
2766
2766
2764
2766
2766
2766
2766
2727
2766
2766
2766
2766
2766
2766
2766
2766
2766
2766
2766
2766
281
2766
2766
2766
779
2766
2766
2766
2766
2766
2766
2766
2766
2766
2766
2766
2766
2766
2766
2766
2766
2766
1240
2766
2766
2766
2766
2766
2766
2766
2766
2766
2766
2766
2766
2766
2766
2766
2766
2766
562
2766
2766
2766
2766
1050
2766
2766
2766
2766
2766
2766
2564
794
2766
2766
2766
2766
2766
2766
1624
2766
2766
2766
2766
2766
2766
2766
2766
1865
2766
2176
2766
2766
2766
2766
2766
2766
1829
2766
2766
2766
2766
2766
2766
2766
2766
2217
2766
2766
2766
2766
2766
2766
702
2766
2766
258
2766
2766
2766
2766
2766
2766
2766
2766
2766
2766
2391
2766
2766
2766
2766
2766
2766
1797
2766
2766
355
2766
2766
2766
2766
2766
2766
2766
2177
2766
2766
2766
2766
2766
2766
2766
2766
2766
2766
2766
2766
2766
2766
2766
2766
2766
2766
2766
2766
2766
383
1862
2766
2766
2766
2766
2766
2766
2766
2766
2766
2766
2766
2766
2766
2766
2766
2766
2766
2766
2766
2766
2766
2766
2766
2766
2766
2519
2766
2766
1374
2766
2766
2725
2766
2766
2766
2766
2766
2766
2766
2766
2766
2766
2766
2766
2766
2766
2766
2766
2766
2766
2766
2766
24
2766
2252
2766
2766
2766
2766
2766
2766
2766
2766
2766
2766
584
2766
2766
2766
2766
2766
1172
2766
2766
2766
256
2766
2766
2766
2766
2766
2766
2766
2766
2766
2766
2766
2766
2766
2766
2766
2766
2766
2766
2766
2766
1420
2766
2766
2766
2766
2766
2766
2766
2766
2766
2766
2766
2766
2766
2766
2766
2766
2766
2766
2766
2766
2766
31
2766
1889
2766
2237
2766
2766
2766
2766
2766
1025
2766
2766
2766
2766
2766
2766
49
2766
2766
481
2766
2766
2766
583
2766
2766
2766
2766
2766
2766
2766
427
2766
2614
2766
2766
2766
2766
438
2766
2257
2766
2766
2766
2595
2766
2766
2766
2766
2766
2766
786
2766
1018
2766
2766
2766
2766
2766
2766
2766
2766
2766
2766
2766
2766
399
2766
2766
2766
2766
2766
2766
2766
2766
2766
2766
2766
2766
2766
2766
2766
2766
2766
2527
2766
2766
2766
2766
1231
1132
2766
2766
2766
2766
2766
2766
2766
1429
1640
2766
2766
2766
2766
2766
2766
2719
2766
2766
2766
2766
2766
2766
2766
2766
2766
1858
2766
2743
2766
2766
1483
2766
2766
413
2766
2001
1590
2766
2766
2766
2766
2766
2766
2766
2766
2766
339
2766
2766
2766
2766
2766
794
2766
2766
2766
2766
2766
2766
2766
2766
2766
2766
2766
504
2766
2766
2766
2766
2766
2766
141
2766
2766
24
2766
2766
2766
2766
2766
2766
100
2766
2766
2766
2766
2766
2766
2766
2766
2766
860
2766
2766
2766
2766
2766
2766
2766
2766
1296
2766
2766
2766
2766
2766
2766
2766
2766
2766
2766
2766
2766
2766
2766
386
2766
2766
2766
2766
2766
2766
2766
2766
2766
2766
2766
2766
2766
2766
2766
57
645
2766
2766
2766
2766
2766
2766
2766
2766
2766
2766
2766
2766
2766
2766
2766
2766
2766
2766
415
2766
2766
2766
2766
2766
2766
944
2766
2766
2766
2600
2766
2766
2766
2766
2766
2766
2766
2766
2766
2766
1629
2766
2766
2766
2766
2766
2766
2766
2604
2766
2766
2766
2766
2766
2766
2766
2766
2766
2766
2766
2389
2766
2766
2766
2766
2766
2766
2766
2766
2766
2766
2766
2766
2766
2766
2766
2766
2766
2766
2766
2766
2766
2766
2766
2766
2766
2766
2766
2766
2766
2766
2766
2766
780
1774
2766
2766
2766
2766
2766
453
2766
2766
2766
2766
2766
2766
2766
2246
2766
2766
2766
2766
2766
2766
2766
2766
2766
2766
2766
2766
610
2766
2766
104
1936
2766
2766
2766
2766
400
2766
2766
2766
2436
2766
2766
2766
2766
2766
2766
2766
2766
2766
2766
2766
2766
2766
1117
2766
2766
2766
2766
2766
1217
48
1697
2766
2766
2766
2766
1506
2766
2766
2766
2766
2766
2766
2766
2766
2053
2766
2766
2766
2766
2766
2766
2766
2766
2766
665
2766
2766
2766
2766
2766
2766
2766
2766
2766
2766
2766
2766
2766
2766
2766
2766
1037
2766
2766
2368
1604
2766
2766
2766
2766
2766
2766
2766
2766
2766
2766
2766
2766
2766
2226
2766
2766
2766
1684
413
2766
2766
2766
2766
2766
2766
2766
2766
2766
2766
2766
2766
2665
2766
2766
2766
2766
2766
2766
2766
2766
2766
2766
2766
2766
2766
2766
2766
2766
2766
2766
2766
1104
2766
2766
1142
2766
2766
2766
2766
2766
2766
2766
2766
2766
2766
2766
2766
2766
2766
2766
2766
2766
2766
515
2766
2766
2766
1710
703
2766
1875
2766
2766
2553
2766
2766
2766
2766
2766
2766
2763
2766
2766
2766
428
825
2766
2766
2766
2766
2766
2766
2766
2766
146
2766
2766
2766
2766
278
2766
2766
2766
2766
2766
2766
2766
1282
2766
2766
2766
2766
2766
2766
2142
1145
2766
2766
2766
2766
2766
1379
2766
2766
2766
2766
2766
390
2766
2766
2766
2766
2766
1615
2766
2766
2766
2766
2766
1231
2766
2766
2766
2766
2766
383
2766
2766
2766
2766
2766
2766
2766
2766
2766
2766
2766
2766
2766
2766
2766
2766
2766
2766
2766
2766
2766
2766
2766
2766
2766
2766
2766
2766
2766
2766
2766
2
2766
2766
2766
2766
1867
2766
2766
2766
2766
2766
1378
2766
2766
2766
2766
877
2766
2766
2766
2766
2766
2766
2766
1224
2766
2766
2766
2766
2766
2527
2766
2766
2766
2766
1165
2766
2766
2766
796
2766
2766
2766
2766
2766
2766
2766
2766
2253
2766
2766
2352
2766
86
2766
2766
2766
2766
2766
2766
2766
1817
2766
2171
1825
1562
2766
2766
2766
2766
2766
2766
2766
2766
2766
2766
2766
2766
2766
2766
2766
2766
2766
2766
2766
2766
2348
2766
2766
2766
2766
2766
2428
2766
2766
1695
2766
2766
2766
2766
2766
1365
2766
716
2766
2766
799
2766
2766
2766
2766
2766
2766
2766
2482
2766
2766
208
1377
2766
2766
2766
2766
2766
2766
2766
1399
2766
2766
1409
2766
2766
2766
2766
2766
2766
2766
2766
2766
2766
2766
2766
2766
2766
2766
298
2766
2766
2766
2766
2766
2766
2766
2766
2766
613
1895
2766
2766
2766
2766
2766
2086
2766
2766
2766
2766
2766
2766
2766
2766
2766
2766
584
639
2766
2766
669
2766
2766
2766
2766
2766
2766
2766
2766
2766
2766
2766
2766
2766
261
2766
2766
2766
2766
1802
2766
2766
2766
2766
2766
201
2766
2766
2766
2766
2766
2766
2766
2766
2766
2766
2766
1768
2766
2766
2766
2766
2766
2766
1543
2766
2766
1060
2766
2766
2766
2766
2766
2766
2766
2766
2766
2766
2766
2766
2766
2766
2766
2766
2766
2766
2766
2766
2766
2766
2766
2766
2766
2766
2766
86
2766
2766
1741
1952
2766
2766
2766
2766
2144
501
2766
2766
2766
2766
2766
2766
2766
2766
2766
2766
2766
2766
2766
1997
2766
2766
2766
2766
2766
2766
2766
2766
2766
2672
2766
2766
2766
2766
2766
2766
2766
2766
2766
2766
2712
2766
2766
1826
2766
2766
2766
2766
2766
2766
2766
2766
2766
2766
2766
1216
2766
2766
2766
2565
2766
2766
2766
2531
2766
2752
2766
2766
2766
2766
2766
2766
2766
2766
2766
2766
2766
2766
2766
2048
2236
2766
2021
2766
2766
250
2766
2726
2766
2766
2766
2766
2766
2766
2766
1645
2766
1712
2766
2766
2349
2766
2766
2766
2766
2766
2766
569
2766
2766
2766
2766
2766
2766
2766
2766
459
2766
2766
2766
2766
2766
2766
2766
2766
2766
2766
2766
2766
2766
2766
2766
1231
2766
2766
2562
2766
2766
2766
2766
2766
2766
2766
2766
2766
2766
2766
2766
2022
2766
2766
2766
2766
2766
2766
2766
2766
2766
2766
2766
2766
2766
2766
2766
2766
2766
2766
2766
2766
2766
2766
2766
2766
2766
2766
2766
2766
2766
2766
2766
2766
2766
2766
2766
2766
2766
2766
2766
2766
2766
2766
114
2766
2766
2259
2766
2766
2766
617
2766
1358
2766
2766
2766
1557
2766
2766
2766
2766
2766
2766
2766
2766
1007
2766
2766
2766
2766
2766
2766
2766
2766
2766
2766
2766
2766
2766
2766
2766
2766
2766
2766
2766
2766
2766
2766
2766
2766
2766
2766
2766
2766
2766
2766
2766
2766
2766
2766
2766
2766
2766
2766
2766
2766
1771
202
2766
2766
2766
2766
2766
2766
2766
2766
2766
2766
2766
2766
2766
2766
117
2766
2766
2766
2156
1741
2766
2766
2766
2766
2766
2766
2380
2766
2766
522
2766
2766
2766
2766
2766
1681
2766
1627
127
2766
2766
2766
2766
2766
2766
2766
2766
2766
2766
2766
2766
2766
2766
2766
2766
2766
2766
2766
2766
2766
2766
2766
2099
2766
2766
2766
2766
936
257
2766
2766
1519
2766
739
2766
2766
2766
2766
2766
2766
2766
2766
2766
2766
2766
2276
2766
2766
2595
2766
2766
2766
2766
2298
2766
2766
2766
2766
2766
2766
2766
2766
2766
2766
2766
2766
2766
2766
2766
2766
2766
2766
2051
2766
290
2766
2766
2766
2766
2766
2766
2766
2766
2766
334
2766
1010
2766
817
2766
2766
2766
2766
2766
2766
2766
2766
2766
2766
2766
2766
2766
2766
2766
2766
2766
2766
2766
2766
2766
2766
855
2766
2766
2766
2766
2766
2766
2766
2766
2766
2766
2106
2766
2766
2766
2766
2766
2766
2766
2766
2648
2766
2766
2766
2766
2766
2766
2766
2766
2766
1099
2766
2766
2126
2766
2766
2766
2766
2766
2766
2766
2766
142
2766
2766
2766
2766
2766
2766
2766
2766
983
2766
2766
2766
2766
2766
2766
2766
2766
2766
2766
2766
2766
2766
2766
2766
1127
2766
2766
2766
1514
2766
2766
2766
7
2766
2766
124
2766
2766
2766
2766
2766
994
2766
2766
2766
2766
2766
2766
2766
2766
2766
2766
2766
2766
2766
2766
2766
2766
2766
2766
2766
2766
2766
2766
2766
2766
2766
2766
2438
2766
1833
2766
2766
2766
2766
2766
2766
2766
2766
2766
2347
2766
2766
2766
2766
2766
2766
2766
2766
2766
2766
2766
2766
2766
2766
2766
2766
2766
2766
2766
2766
2766
2766
2766
2766
2766
2766
2500
2766
2766
2766
2766
2766
2766
2766
2766
2766
2766
2766
2766
2766
2766
1252
2766
2766
2766
2766
2766
2537
2766
2766
2766
2766
2766
2766
679
2766
2766
2766
2766
2766
2766
2045
2766
2766
248
2718
2766
2603
2766
2766
2766
2766
2766
2766
2766
2766
2766
2766
2766
2766
2766
2766
2766
2766
973
2766
2766
2766
2766
2766
2766
2766
2006
2766
2766
2766
2766
2766
1286
2766
2766
2766
2766
2766
2766
2766
2766
2766
2766
2766
2766
2189
2766
2766
2766
2766
2538
2766
2766
2766
2766
2766
2766
2766
2766
2766
1169
2766
2766
2766
2766
2766
2766
2766
2766
2766
2766
2766
2766
2766
2766
2766
2766
2766
2766
2766
2766
2766
2766
2766
2766
2766
2766
2766
2766
2766
1705
2766
2766
2766
2766
2766
2766
2766
2766
2766
2766
2766
2766
16
2766
2766
2766
2766
2766
2766
2766
2766
2766
2766
2766
2766
2766
2766
2766
2766
2766
2766
2766
2766
2766
2766
2766
2766
2766
2766
2178
2766
2766
2766
2766
2527
2766
2766
2766
2766
2766
2766
2766
2507
2766
2766
2766
82
2766
2153
2766
2766
2766
2766
2766
2766
2766
2766
2766
2766
2766
2766
2766
2766
2766
2766
2766
432
2766
2766
2766
2766
57
2766
2766
2766
2766
2766
2766
2766
2766
2766
2766
2766
2603
2766
2766
1411
2766
2766
2766
2766
2766
2766
2766
2766
2546
2766
2766
2766
2766
2766
2766
2766
595
2766
2766
2766
2766
2766
2766
2766
1611
2766
2766
2766
2766
2766
2766
2766
2766
2766
2766
2766
1328
2766
2766
2766
2766
2766
2766
2766
2766
2766
2766
2766
2766
2766
2766
2766
2766
2766
2766
282
2766
2766
2766
1728
1837
1124
2766
1249
899
2303
2766
2766
2766
2766
1437
2766
2766
2766
585
2766
2766
2766
2766
2766
2766
2766
2766
2766
2766
2766
2766
2766
2766
2766
2766
2766
2216
2766
2766
2766
2766
2766
2766
672
2766
2766
2766
2766
2397
2766
2766
152
2766
2766
2766
2766
2766
2766
2766
516
1862
2766
2766
2766
2766
2766
2766
2766
2766
2766
2766
2766
2766
2766
2766
1166
2766
2766
2766
2766
2766
744
2766
2766
2766
2766
2766
2766
2766
2766
2766
2766
2766
2766
2766
2766
2766
2766
2766
2766
2766
2600
2766
2766
2766
2766
2766
2766
2766
2766
2766
2766
2766
1030
2766
2766
2766
2766
229
2766
2766
2513
2766
2766
2766
2766
2766
2766
2766
2766
2766
2766
1121
2766
2766
2766
2766
2766
2766
2766
2766
2766
2766
2766
2766
2766
2766
2766
2766
2647
2766
2766
2766
2766
2766
2766
2766
2766
1088
1203
2124
2766
2766
2766
2766
2165
2766
2766
2212
2766
1383
2766
2766
2766
2766
2766
2766
2766
2766
2766
1949
2766
2766
2766
2766
2766
2766
2766
2766
2766
2766
2766
213
2766
2766
2766
2766
2766
2766
2766
899
2766
2766
2766
2766
2766
2766
796
2766
2766
2766
2766
2766
2766
2766
2766
2766
2766
2766
2766
2766
1393
2766
2505
2766
2766
2766
2766
1834
2766
2766
2603
2766
2766
2766
2766
2766
855
2766
2766
2766
2766
2766
952
2766
2766
2766
2766
2766
2766
2766
2766
2766
2766
2766
2034
2766
2766
2766
1475
2766
2766
2766
2766
2766
2766
2766
2766
2766
2766
2766
2766
2766
1549
2766
2766
2766
2766
2766
2766
2766
1320
2766
2766
2766
2766
2766
2766
2766
2766
2766
1894
2766
2766
2766
2766
2766
2766
2766
2766
2766
2766
2766
2766
2766
2766
541
2766
2766
2766
2766
2766
2766
2766
2766
1513
2176
2766
2766
2766
2503
2766
2766
2766
2629
2766
2766
2766
2766
554
2766
2766
2766
2505
2766
2766
2766
2766
2766
2766
2766
2766
533
2766
766
2766
2766
2766
2766
2766
2307
2766
2766
2766
2605
2766
1355
2766
2766
2766
2766
2766
2766
1049
2766
2766
2766
2766
2766
2766
2766
750
2766
2766
2766
2766
2766
2766
1481
1156
2766
2766
884
2766
2766
2766
2766
2766
2766
2766
2766
2766
2766
2766
2766
2766
2766
2766
2766
2766
2766
2766
2766
2766
152
2766
2766
2766
2766
2766
2766
2766
2766
2766
2766
2766
2766
2766
1243
2766
2766
2766
532
2766
2766
2766
2766
2766
1361
2766
2766
2766
2766
2531
2766
2385
2766
2766
2766
631
2766
2766
2766
1360
2766
2766
141
2766
2766
996
2766
2766
2766
2766
2766
2766
1451
2766
2282
2440
2766
2583
2766
2766
2766
2766
2766
2766
2766
2766
2766
2766
2766
1366
2766
2766
2766
2766
2766
2766
2414
127
2766
2766
2413
1702
2766
2766
2766
2766
2766
2766
2766
2766
2766
1627
2766
2766
2766
678
2766
2766
2766
2766
2766
2766
2766
2766
2766
2766
894
1580
2766
2766
2766
154
2766
2766
2766
2766
2766
2766
2396
2766
2766
2766
2766
2766
2766
2766
1228
2766
2766
2766
2766
2735
2766
2766
2766
2766
2766
2766
2766
2766
2766
2766
2766
2766
439
2766
2766
2766
2766
2766
2766
2766
2766
2766
2766
2766
2766
2766
2766
2766
2766
2766
2766
2766
2766
276
2766
2766
1389
1726
2766
2766
419
2766
2766
2766
2766
2766
2766
2766
2766
2766
2766
2766
2766
2766
2766
2766
1976
2766
2766
2766
2766
2766
2766
2766
2766
2766
2766
2766
382
2766
2766
2766
2766
2766
2766
2766
2766
2766
2766
2348
2766
2766
2766
2766
2766
2766
2766
2766
2766
2766
2766
2766
2766
2766
2766
2766
2766
2766
2766
2766
2766
2766
2766
2766
2766
2766
2766
2766
2212
2766
2766
2766
1476
2766
2766
2766
2766
2766
2766
2766
2766
2766
2766
2766
2766
2365
2766
2766
2766
2766
1230
2766
2766
2766
2766
2766
2766
2766
2766
2766
2766
2766
2766
2766
1683
2766
2766
2766
2766
2766
2766
2766
2377
2766
2766
389
2766
2766
2766
2766
2766
2269
2766
2766
2766
2766
2766
2766
2766
2766
2766
2766
2157
2766
2766
2766
2766
1411
2766
2766
2766
895
1591
2766
2766
2766
2766
2766
2766
2766
2766
2766
2766
2766
2766
2766
2766
2766
2766
2766
2766
2766
2766
2766
2766
2766
2766
2766
2766
2766
2766
2766
2766
2766
2766
2766
2766
2766
2766
2766
2766
923
2766
2766
2766
2766
2766
2766
2197
570
2766
2766
1192
2766
2766
78
2766
2766
2766
2766
2766
2766
2766
2766
2766
2766
2104
2766
2766
2766
2766
2766
2766
2766
2766
2766
2766
668
2766
2766
2766
2766
2766
2766
2766
2766
2629
2766
2766
2766
2766
2766
1435
2766
2766
2766
2766
2766
2766
2766
2766
2766
2766
2766
2766
2766
2766
2766
2766
2766
2317
2766
2766
2497
2766
2546
2766
2766
2766
2766
2766
2410
2766
2766
2766
2766
2766
2766
2766
2766
2766
2766
2766
2766
1314
2766
2766
2766
850
2766
2766
2766
2766
784
2766
2766
2766
2766
2766
2766
2766
2766
2766
2415
2766
2766
2766
2370
2766
2766
2766
2766
2766
2766
2766
2766
2766
2766
2766
2766
2766
2766
2766
2766
2766
2766
599
1131
2766
2766
2766
2766
2766
2766
2766
2766
2766
2766
2766
2766
271
2485
2766
616
2766
2766
2766
2766
2766
2766
2766
2766
2766
2766
2766
2766
2766
2766
2766
2766
206
2766
2766
2766
1428
2766
2766
2766
2766
931
2766
2766
2766
2766
2766
2766
2766
2766
2766
2766
2766
2766
2766
2766
2766
2766
2766
2766
2766
2766
2099
2277
2766
2766
2766
1580
2766
2766
351
2766
2766
2766
2766
2766
2766
2766
2766
2766
2766
1104
2766
2766
2766
1868
2766
2766
2766
2766
2766
2766
2766
2766
1640
2766
2766
2766
2766
2766
2766
2766
2766
2766
2766
2766
2766
2766
2766
2766
2766
163
2545
2766
2766
2766
2766
2766
1632
2766
2766
2766
2766
2766
2766
2766
2766
2766
2766
2766
2766
2766
2766
2766
2766
2203
2766
2766
2766
2766
2766
2102
2766
2766
2766
2766
1570
2766
2766
2766
2766
2766
2766
2766
1783
2766
2766
2766
2766
2766
2766
2766
2766
2766
2766
2766
331
2766
2766
2766
260
2766
2766
2679
2766
2766
2766
2248
2766
2766
2766
2766
2766
2766
2766
2766
2766
934
2766
2230
2006
2546
2766
2766
2766
2766
2766
2766
89
2766
2766
2766
2766
2766
2766
2766
2766
2766
2766
2766
2766
2766
2766
2766
2766
2766
2766
2766
1126
2766
2766
2766
2766
2766
2766
2766
2766
2766
2766
2766
2766
2766
2766
2766
2766
2766
2766
2766
2766
2766
2766
2766
1172
2766
2766
1666
2766
1637
2766
2766
2766
2766
2766
2766
2766
2766
2766
2766
2766
2766
2766
2766
1318
2766
411
2766
2766
2766
2766
2766
1136
2766
2766
2766
2766
2766
2766
2766
98
2766
2766
2766
2766
2766
2766
2766
368
1838
2766
2766
2766
1359
2766
2766
2766
2766
2766
2766
2766
2766
2766
2766
2766
2766
943
2766
2766
2766
2232
2766
104
2766
2766
2766
2766
2766
2766
1046
2766
2766
2766
2766
2766
2311
2766
2766
2766
2766
2766
2766
2766
2766
2766
2766
2766
2719
961
2766
2766
2766
2766
177
2766
2766
2766
2766
238
2766
2766
2766
2766
2523
2766
2766
2766
2766
2703
2766
1548
2766
2766
647
2766
2766
2766
2766
2766
2766
2766
2766
2766
2766
2766
2766
2766
2766
2766
2766
2766
2766
2766
2766
2766
2766
2766
2766
884
2766
2766
2766
2766
2766
2766
2766
2600
2766
2766
2766
352
1578
2766
2766
1203
2766
2766
2766
2766
2766
2766
2766
2766
2766
568
2766
2766
2766
2766
91
2766
2766
2766
2766
2766
2766
2068
2385
2766
2766
2766
2766
2189
2766
2766
2766
2766
2766
2766
2766
2766
2766
2766
2766
2469
2766
2766
2766
573
2766
2766
2766
2766
2766
2766
2766
2766
1030
2766
2766
2377
2766
2766
2766
2131
2766
2766
2257
2766
2766
2766
2090
2766
786
2766
2766
2472
2766
2292
238
2766
775
2766
2766
2766
2766
2766
2766
2766
2766
2650
2766
2766
2766
2766
2766
362
2766
2766
2525
2766
2766
2766
2766
2766
2766
2766
2766
2766
250
2047
2766
2766
2766
2766
2766
1237
2766
2766
1239
2766
2766
2766
2766
2766
2766
2766
2766
2766
2766
2341
2607
2766
873
2766
2000
2766
2766
2766
2766
2766
2766
2766
2766
2766
2766
2766
2766
2766
1187
302
2766
2766
2766
2766
2766
2766
2766
2766
2766
2766
2766
2766
2766
2766
2766
2766
802
2766
2766
2766
2766
2766
2766
2766
943
529
2766
2766
2766
2766
2766
2766
2766
2766
2766
2766
2766
2766
2766
2766
2455
1719
2766
2766
2766
261
2766
2766
2766
2766
2766
809
993
2766
2766
2766
2766
2766
2766
2766
2766
2766
2766
1933
2766
1453
2766
2766
2766
2766
2766
2766
880
2766
2766
2766
2766
1171
2766
2766
792
2462
2766
2357
2766
2766
2766
2766
1485
2766
2766
2766
2766
2766
2766
2766
2766
2766
2766
2766
2766
2766
2766
2766
2766
2766
2766
2766
1479
2766
2766
2766
2766
2766
2306
2766
2766
2766
2766
2766
2766
2766
2766
2766
2766
2766
2766
2766
2766
2766
2766
2766
2766
2766
2766
2766
344
2766
2766
2766
2766
2766
2766
50
2766
2766
2766
1269
1608
2766
2766
2766
2766
2766
2766
2766
2766
2766
2766
2766
2204
664
2766
2766
2766
2766
2766
2766
1615
2766
2766
2766
2766
2766
2766
2766
2766
2766
2766
2766
2766
2766
2766
2766
2766
623
2766
2766
2766
2766
2766
459
2766
1
2766
2766
2758
2766
2766
2766
2766
2766
2766
2766
2766
2766
2766
2766
1868
2766
2766
2115
2766
2766
2766
2766
2766
2766
2766
2766
2766
1047
2766
2766
2766
2766
2766
2766
2766
2194
58
2766
2766
2766
2766
2766
2766
2766
2766
2766
2766
2766
2248
2766
2766
2766
2766
2766
2766
2766
2766
2766
2766
1581
2766
2766
2766
2766
2766
2766
2766
1742
2766
2766
2766
2766
2766
1635
1396
1473
2766
2766
2766
2766
866
2766
2766
2766
2766
2761
2766
2766
2766
2766
2766
2766
2766
2766
2766
2766
2766
2766
2766
2766
2766
2766
2766
2766
804
2059
2766
2766
2766
2766
2766
2766
2766
2766
2766
2766
2766
2766
2766
2766
2766
30
655
2766
2528
2766
2766
2766
2766
2766
2766
1044
2261
2060
2766
2766
2766
2766
2766
2766
2766
2766
440
2766
2766
2766
2766
2766
2766
2766
2766
2766
2766
2766
2766
2766
1160
2766
2766
2766
2766
2766
2766
2766
2766
2766
2766
2766
2766
2766
2766
2766
2766
2766
2766
2766
2766
2766
2612
2766
2766
2766
2766
2766
1983
2766
2766
2766
2766
243
2766
2766
2766
2766
1372
412
2766
1237
2766
2766
2766
2766
2766
2766
2766
2766
2766
2766
2766
2766
2766
2766
2766
2766
2766
725
2766
2766
1315
2766
2766
2766
2766
2766
2766
2766
2766
2766
2415
2228
2766
2766
2766
1935
2766
2766
2766
2766
2766
2766
2766
2766
2766
2766
2766
2766
2766
2766
2766
2766
2766
2766
2766
2766
2766
2766
2766
2766
2766
2766
2766
2766
2766
2766
2766
2766
2766
2766
2766
2766
2766
2766
2766
2766
2766
2524
2766
2766
1678
2766
926
2766
2766
273
2766
2766
2766
2766
2355
2766
2766
2766
2766
2766
2766
2766
2766
2766
2766
2766
2766
2766
2766
2649
2766
2766
2766
1087
2766
2766
2766
2766
2766
2766
2766
2766
2766
2766
2766
2766
2766
2766
2766
2766
2766
2766
2766
2766
2766
2766
2766
2766
2766
2766
1680
2766
2766
2766
1107
2766
2766
2766
2766
2766
2766
1307
2130
2766
2766
2766
2766
2766
2766
2766
467
2766
2766
2766
2766
2766
2766
2766
2766
2766
2766
2766
2766
2766
2766
2766
2766
2766
2766
2766
1348
2758
1505
2766
90
2766
2766
2766
2766
2766
750
2766
2766
2766
2766
2766
2766
2766
2766
2766
2766
2766
2766
2766
2766
2766
2766
2766
2766
2766
2766
2766
2766
2766
2766
2766
1563
2766
1285
2766
2766
2766
2766
2766
2766
2766
2766
2766
2766
2766
2766
2766
2766
2766
2766
2766
2766
2766
2766
2766
2766
2766
245
2766
195
2766
2766
1415
2766
2766
2766
2766
2766
1763
2766
2766
2766
2766
2766
2766
2766
2766
2766
2766
2766
2474
2766
2766
2766
475
2766
2766
2766
2766
2766
2766
2766
2766
2766
2766
2766
2766
2766
2766
2766
2766
2766
2766
2766
2766
2766
2766
2766
2766
2766
2766
2766
2766
2766
2766
2766
2766
2766
2766
2766
2766
2766
2766
2766
2766
2766
2766
2766
2766
2766
2766
1152
2766
2189
2766
2766
2766
2766
2677
2766
2766
2766
2766
2766
2766
2766
2766
2766
413
2766
2766
2766
2766
2766
2210
2766
2766
2766
2238
2766
2766
2766
2766
2766
2766
2766
967
2766
2766
2766
2766
2766
2766
2766
2766
2766
2766
2766
2766
2766
2766
2766
2766
2766
2766
2766
2766
1119
2766
2766
2744
2766
2766
2766
2766
2766
2766
2766
2766
2766
2766
2766
2766
2766
2766
2766
2766
2766
2766
2766
2766
2766
2766
2766
2766
2766
2766
2766
2766
2766
2766
2468
2766
2766
2766
2766
2766
2766
2766
2766
2766
2766
2766
2766
2766
2766
2766
2766
2766
1066
2766
656
2766
1296
2766
2766
2766
2766
2766
2766
2766
2237
2766
1781
10
2766
2766
2766
1778
2766
2766
2766
2766
2766
2766
2766
2766
2766
1966
2766
2766
2766
2766
260
2766
2766
2766
2766
2766
2766
771
2766
2766
2766
2766
2766
2766
2766
2766
2044
2766
2766
2766
2766
2766
2766
2766
2766
2766
1813
2766
2766
2766
2766
2766
2766
2766
2766
2766
2766
2766
2766
336
2766
2766
2766
2766
2766
780
2766
910
2766
2766
2766
2766
2766
1270
252
2766
2766
2766
2766
2766
2766
2766
2766
2008
2766
2766
2766
1350
2766
2766
2650
2766
2766
532
2766
2766
2766
301
2766
2144
2766
2766
2766
2766
2766
2766
2766
2766
2766
1639
2766
2766
2766
2766
2766
2766
2766
2766
2766
2766
2766
2766
2766
2766
2238
2766
2766
1028
2766
2766
2766
2766
2766
2766
2766
2766
2766
2766
2766
2766
2766
2766
2766
2766
2766
2766
2766
2766
2766
2766
2766
2766
2766
2766
2766
2766
2411
2766
2766
2686
2766
2766
2766
2766
2766
2766
608
2766
1308
2766
2766
2766
2766
2766
2766
2766
2766
2766
2766
370
2766
2766
2766
1210
1072
2766
2766
2766
2766
2766
2766
2766
2766
2766
2766
2766
485
1551
2766
2766
2766
2766
2766
2766
2766
2766
2766
2766
2766
2766
1702
2766
2766
2766
2766
2766
2766
2766
2766
2766
2766
2766
2766
153
2766
2766
2766
2766
2766
1768
126
2766
2766
2766
2766
2766
1877
2766
2766
2766
2766
2766
2766
2766
2125
2766
1759
2766
2766
2766
2766
2766
2766
2766
2766
2766
613
2766
2766
2766
2766
2766
2766
2766
2565
2766
2766
2766
2766
2766
127
2766
734
2766
2766
1782
2766
2766
2766
2766
2766
2766
2766
2766
2766
2766
2766
2766
2766
2766
2766
2766
2048
1600
2766
2766
2766
2766
2766
2766
2766
2766
2766
2766
2766
2766
2766
2766
2766
2766
2766
2766
2766
232
2766
2766
2766
2766
1042
2766
2766
2766
2766
2766
2766
2766
2766
2766
2766
1876
2690
2766
2766
2766
2766
344
2766
2766
2766
2766
2766
2766
2766
2766
386
2766
2766
1138
2766
2766
2766
2727
2766
955
2766
2766
2766
2766
2766
2766
2766
1202
2766
2766
2766
2766
2766
2227
2766
2766
2766
2766
2766
2766
2766
201
2766
2766
2766
1943
2766
2766
2766
2766
2611
2766
2766
2766
2766
2766
2766
2766
1901
2766
2766
920
2766
2766
2766
2766
2766
2766
2766
2766
2766
2766
2766
2766
2766
2766
1270
2766
2766
2766
2766
1447
2766
2766
2766
2766
2766
2766
2766
2766
2766
2766
2766
2766
2766
2766
2766
2766
2766
2766
2766
2766
2766
2766
2766
2766
490
2766
2766
2766
2766
2766
2766
2766
2372
1031
2766
2766
2766
2766
2766
2766
2766
2766
2766
1680
2766
2766
1422
1983
2766
2766
2766
2766
2766
2766
2766
2766
2766
2766
969
2766
2766
2766
2766
2766
2766
2766
1750
2766
2766
2766
2766
2766
2766
1379
2766
2766
2766
2766
2766
2766
2766
287
2766
2766
2766
2766
2766
779
2766
2766
2766
2766
2766
853
2766
2766
2766
2766
2766
2766
1711
2766
2766
2766
2766
2766
2766
2766
2766
2766
2766
2766
2766
2766
2766
2766
2439
2766
2766
2651
2766
2301
2766
2766
2766
2766
2766
2766
2766
2766
2766
2766
276
2766
2766
2766
2766
2766
2766
2766
730
867
2766
2111
2766
2766
2766
2766
2766
2766
1605
2766
2766
2073
2766
2766
2766
2766
2766
2766
2766
2690
2766
1285
2766
2766
2766
2766
2766
2766
2766
2766
2766
1600
966
2766
210
2766
2766
2766
2766
2766
2766
2766
2766
380
2766
2766
2766
2766
2766
2766
2766
2766
2766
2766
401
2766
1111
2766
2766
2766
1066
2766
2766
2766
2766
2766
2206
2766
2766
2766
2083
2766
2766
2766
1927
2766
2766
2766
2766
2766
961
2766
2766
2766
2766
2766
2766
2766
2443
2766
2766
2766
2766
2766
2766
2766
2766
2766
2766
2766
2766
2766
2766
2285
2766
2766
2766
2766
2766
2766
2766
2766
2766
2766
2766
2766
2766
2766
1095
2766
2766
2766
2766
2766
2766
2766
2766
2766
2766
2766
2766
2766
2766
2766
2766
759
2766
2766
1827
2766
2766
2766
2766
2766
2766
2766
1608
396
2766
159
1282
2766
2766
2766
2766
2766
2766
2766
2766
2766
2766
545
2766
2766
2766
2766
2766
2766
2766
863
2766
1400
1480
2766
2766
2766
1400
1349
2766
2766
2766
2766
273
2766
2766
2766
2766
2766
2766
2766
2766
2766
2766
2766
2766
1377
2766
2766
2330
2766
2667
2766
2766
1688
241
2766
1172
2766
2766
2766
2766
182
2766
2766
2766
597
2766
2766
2766
2766
2766
2766
2766
2766
2766
83
2766
2766
1814
2766
2766
2766
2766
2766
2766
2766
2766
2766
2766
2766
2766
1015
2766
2766
2766
2766
2766
2766
2766
2766
2766
668
2766
2766
2766
2766
2766
2766
2766
2766
2766
2766
2766
2766
2766
1123
2766
2766
2766
2766
2766
2766
2766
2766
2766
2766
2766
2766
2766
2766
2766
2766
2766
2070
2766
2766
2766
447
531
2766
2766
2766
2766
2766
2766
2766
2766
2766
2766
2766
2766
1368
2766
2766
2766
2766
2766
2766
2766
1833
2766
2766
2766
126
2766
2766
2766
2766
2766
2766
2766
1159
2766
2766
331
2766
2766
2766
2766
2766
2766
2766
2766
2766
2766
2766
2766
2766
2766
2766
2766
2766
2766
652
2766
2766
2766
2766
2766
2766
2766
2766
2766
2766
2311
2766
2766
1761
2766
2766
2766
2766
2766
2766
2766
2766
2766
2766
1837
433
2766
2766
1940
2766
2766
2766
2766
26
2766
2766
2766
2758
2766
28
2766
2766
2766
2766
2766
2766
2766
2766
2766
2766
1865
2766
2766
2766
2766
2766
2766
1783
2766
2766
2766
2766
2766
2766
313
2503
2766
2766
783
2766
2766
2766
2766
2766
2766
2766
2766
2766
1905
2347
2766
2766
2766
2766
2766
1005
1729
2766
2766
765
2766
2766
2766
2766
2766
2766
2766
2766
2766
2766
203
2218
2766
2766
2766
2766
2766
2766
2766
2766
2766
2766
2766
2766
2766
2766
2766
2766
2766
2766
102
2766
2766
2766
2766
2766
2766
2766
1021
2766
2766
2766
2766
2766
2766
2766
2766
2766
2766
2766
2766
2766
2766
635
2766
2766
2766
2766
2766
2766
2766
2766
2766
2766
2766
2766
2766
2766
2766
2766
2766
2766
2766
2766
1911
2766
2766
2766
2766
2766
2766
2766
2766
2766
2766
2766
2766
2766
2766
2766
2766
2766
2766
2766
2766
2766
2766
2766
2766
2766
2766
2766
2346
2766
2766
2766
864
2766
2766
2766
2766
2766
2766
2766
2766
2766
2766
2766
2766
2766
2766
0
2766
2766
2766
2766
1884
2766
2766
2766
2766
2766
105
2766
2766
2766
1776
2766
2766
2766
2766
2766
2766
2766
2581
2766
2766
547
2766
2766
2766
2766
2766
2766
2766
2766
2766
2766
2766
2766
2766
2766
2766
2766
2766
2766
2766
2766
1083
1721
1167
2766
2766
1009
2766
2766
2766
1319
2766
2766
2766
2766
2766
2766
1547
520
2766
2766
2766
2766
2766
1663
2766
2766
2766
2766
2766
2766
2766
2766
1197
2766
733
1480
2766
2766
2766
2766
2766
2766
2766
1192
2766
2766
2766
2766
2766
2766
2381
2766
790
2766
1904
2766
2206
2766
2766
2766
471
2766
2766
2766
2385
2766
2766
2766
2766
2766
2766
2766
2766
867
2766
2766
2766
2766
2766
2766
2766
2766
2766
2393
2766
2766
2766
2766
2766
2766
2766
2766
2766
2766
2766
2766
86
2766
2766
2766
2766
2766
2766
959
2766
2766
2766
2766
2766
2766
2766
2766
2766
2766
2766
2766
2766
2766
571
2762
2766
2766
2766
2766
2766
2766
2766
2766
2766
2766
2766
2766
2766
2731
2766
2766
2766
2766
2766
2766
2766
2766
2766
2766
2766
2766
2766
2766
2766
2766
2766
2766
2766
2766
2766
2766
2766
2766
2766
2691
2766
2766
2766
2766
2010
2766
2459
2766
2766
2602
2766
2766
2766
2766
2445
2766
2766
2766
2766
2766
2283
2766
2766
2766
2766
2766
2766
2766
2766
2766
2766
1896
2766
2766
2766
2766
2766
2204
2766
2766
1565
2766
2766
2766
1181
2766
2766
2766
2766
2766
2766
2766
2766
2766
2766
2547
2766
2766
2766
2766
2766
2766
2766
2766
2766
2667
2766
2766
2766
2766
2766
2766
2766
2766
2766
2766
2766
2766
2766
2766
2766
2724
837
2766
2766
2766
2766
2766
1974
2766
2766
2766
2226
2766
2766
2766
2766
2360
2766
2766
2766
2766
2766
2766
2766
2766
2766
2766
2766
2766
2766
2766
2380
2766
586
2766
1659
2766
2766
2766
2766
2766
2766
1285
2766
2766
2766
2766
2766
2766
1376
2625
2766
1813
2766
2766
2766
31
2766
2766
2766
2766
2766
2766
2766
2766
2766
2766
2766
2766
2766
2766
2766
2766
2766
2766
2766
899
2766
2766
2766
2766
2766
2766
2766
2766
2766
2766
2766
2766
2766
2766
2766
2766
2766
2766
2766
2766
2766
2766
2766
2766
2766
1588
1530
2766
2766
2766
2766
2766
2766
2766
2766
2766
2766
323
1883
2766
2766
2766
2766
2766
2766
2766
2766
2766
2766
2766
2766
2766
2766
2766
2766
2766
2766
2766
2766
2766
2233
2766
2766
2766
2766
2766
2766
2766
2766
1429
2766
2766
2766
2766
2766
2766
2766
2766
2766
2443
2766
2766
2766
2766
2766
2766
2766
2766
2766
2766
2766
2766
2766
2766
2766
2766
2766
2766
2766
2766
2766
2766
2766
2766
2766
2766
2766
2766
2766
2766
2766
2766
2766
2766
2766
2766
2766
2766
2766
2766
2766
2766
2766
2766
2766
2766
2766
2766
2766
2766
2766
2481
2766
2766
351
2766
114
2766
2766
2766
2766
2766
2766
2732
2766
2766
2766
872
2766
290
2766
2766
2766
2766
2766
2766
2766
2766
2766
2766
2766
2766
2766
2766
2174
2766
2766
2766
2766
2766
2766
2225
2766
2766
2766
2766
2766
2766
2632
2766
2766
2766
2766
2383
2270
2766
2766
382
2766
2766
2766
2766
2361
2766
2766
2766
2766
1147
2766
2766
2766
2766
2766
2016
411
1586
2766
2766
2766
2766
2766
1603
2766
2766
2766
2766
2766
2766
635
2766
2766
161
2766
2766
1926
2766
1626
2766
2766
2766
2766
2766
2766
2766
2766
2766
0
2766
2766
2766
2766
2766
2766
2766
2766
2766
2766
2766
2766
2766
2766
593
2766
2766
2766
2766
2389
2766
1587
2766
2766
2766
2766
2766
2766
2766
2766
2766
2766
2766
2766
2766
2766
2766
1517
2766
1206
2766
1023
2766
789
2766
2766
2766
2766
2766
2766
2766
2766
2763
2766
2766
2766
2766
2766
2766
2766
2766
2766
2766
2336
2766
455
2766
2766
2766
2766
2766
2766
1177
2766
2766
505
2766
499
2766
1615
2766
2766
2766
2766
1693
2766
2766
2766
2766
2766
1767
2766
2711
2766
2766
2766
2766
2766
2766
2766
400
2766
2766
2766
2766
2766
842
2766
2766
2766
2766
2766
2766
2766
2766
591
2766
2766
2766
2625
2766
2766
2766
2766
2766
2160
2766
2766
2766
2766
2766
2766
2766
174
2766
2766
2766
2766
516
2766
139
2766
2766
2511
2766
2766
2766
2766
2766
2766
2766
2766
2766
2766
1405
2766
2766
2766
2766
2766
2766
2766
2766
2766
2766
2766
2766
2766
159
2766
2766
2766
2766
2766
2766
1123
2766
2766
1241
2743
2766
2766
2766
2448
2766
2766
2766
1005
2766
2766
2766
2766
2766
2766
2766
2766
2766
2766
127
2766
2766
2766
2766
2766
2766
2766
2766
2766
2766
2766
2766
2766
2766
2766
669
2766
2766
2766
2766
2766
2766
2766
557
1755
2766
2766
2766
2766
2766
2766
2766
2766
2766
2766
2766
2766
2766
2766
2766
666
2766
2766
2766
2632
74
2766
2766
754
205
2766
2766
2766
597
2766
2766
2766
2766
2766
2766
2766
2766
2766
2766
2766
2766
2766
2766
2591
2766
2766
2766
2766
2766
2766
2766
2766
2766
604
2766
2766
2766
2071
2766
2766
1394
2766
2766
2766
2766
2766
2766
2766
2766
2766
2766
1788
2766
2766
2082
2766
2766
2766
2766
2766
92
2766
2766
2766
2766
2766
882
2766
2766
2766
2766
2766
2766
2766
2766
2766
2766
2766
2766
2766
2766
2766
2766
2766
2766
2766
2766
2766
2766
2766
2766
2766
2766
2766
2766
2766
2766
2101
2766
2766
2766
494
2766
2041
2766
2766
2766
2766
2766
2766
2766
2766
2766
2766
2766
2766
2766
2766
2766
2766
2766
2766
633
2766
2766
2766
2766
2766
2766
2766
2766
2766
2334
2766
1424
2766
2766
2766
2766
2766
2766
2766
2766
2766
2766
2766
2766
2766
1969
2766
2766
2766
2766
1813
2766
94
2766
2766
2766
2766
2766
2766
2766
1255
2766
2766
2766
2766
2766
1355
2766
2766
2766
2766
2766
2766
2766
239
2766
2766
2766
2766
2766
2766
2766
2766
2766
2766
2766
2766
2766
2766
2766
2766
2766
2766
2766
2766
2766
2766
2766
2766
2766
2052
2766
2766
2766
2766
2766
2766
2766
1004
2766
2766
2766
2766
2766
2766
2766
2766
2766
2766
2766
136
2766
2766
2766
834
2766
2766
2766
198
2766
354
2766
2766
2766
2766
2766
2766
2766
2766
2766
2766
2766
2766
2766
2766
2766
2766
2485
2766
2766
2766
2766
2766
2766
2766
2766
2766
2766
1114
2362
1736
2766
2766
2766
2766
2766
2766
2766
2766
2766
2766
2766
2766
2766
2766
2766
1360
2766
2766
2766
2766
2766
2766
2766
1117
2766
2766
2766
1776
1557
2766
2766
2180
2766
2766
2766
2766
2766
2766
2766
2524
2766
2081
2766
2735
2766
2766
2766
2766
2766
2369
2766
2126
2752
2766
2766
2766
2766
2766
2766
1168
2766
2766
2583
2766
2766
2766
2766
2766
2766
2766
120
2766
2766
2766
2766
2766
2766
624
2766
2766
2766
2766
1613
2766
2766
2766
1364
2766
2766
2766
2022
2766
2766
2766
12
2766
2766
2766
2766
1013
2766
2766
1475
2766
2051
2766
2766
2766
2766
2766
2766
1321
2766
2766
2766
2766
2766
2766
2766
2766
2280
2766
2766
2766
2766
2766
2766
252
2766
2766
2766
2766
2766
605
2766
2766
1812
2766
2766
622
2766
2766
2422
2766
2766
2766
466
2766
2766
2766
2766
2766
1229
2517
2766
2766
2766
2766
2766
2766
2766
599
1032
2766
2766
2766
2766
2766
2766
2766
2766
2766
2766
2766
2766
2766
2044
2766
2766
2317
2766
306
2766
2766
2766
2766
2766
2766
2766
448
2766
2766
2766
2766
2766
2766
2766
2766
2766
2766
2766
2766
2766
2766
2766
2766
2766
2766
795
2766
2766
2766
2766
2766
2766
2766
2766
2766
2766
2766
2766
2766
2766
2766
2766
2766
2766
2766
490
2766
2121
2766
379
2766
1240
2766
2766
2766
248
2766
2766
497
260
2766
2766
2618
2766
2766
2766
2766
2766
2766
2766
2766
2766
2766
2766
2766
2766
2766
2766
2766
2304
2766
2766
2766
2766
445
2766
2766
2766
2766
2766
2766
2378
2766
2766
2766
2766
2766
2766
2766
2766
2766
2766
2766
2766
2766
2766
2766
2766
2766
2766
2766
2766
2291
2766
2766
1334
2766
2766
2766
2766
2766
2766
2766
2766
2766
2766
2766
2766
1550
2766
2766
2766
2766
1581
2766
2766
2766
2766
2766
2766
2766
2766
2766
2766
2766
2766
2450
366
2766
2766
2766
2766
2766
2766
2766
2766
2766
2766
2766
2614
1294
2766
124
2766
2766
2766
2766
2766
2766
2766
2766
2766
2766
2766
2766
2766
2766
2766
2766
1770
2766
2766
2766
2766
2766
2766
2766
2766
2766
2766
2766
2766
2766
2766
2766
2766
2766
2766
2766
2766
2766
467
2766
2766
2766
2766
597
2766
2766
2766
2766
2766
2766
2766
2766
438
2766
2766
2766
2766
1801
2766
2766
616
2766
2766
2766
2766
2766
2766
2766
2651
2766
2766
664
2766
2766
2766
2766
2766
811
2766
739
2766
2766
2766
2766
2766
2766
2766
608
2766
2766
2766
2766
2766
2766
2766
2766
2766
2766
299
2766
2766
2766
2766
2766
2766
2766
2766
2766
2766
2766
2766
2766
2766
2766
2766
2766
2766
2766
2183
1132
2766
2766
2419
2766
2766
2766
98
2766
2766
2766
485
2766
2766
2766
2766
2766
2766
2766
2766
2766
2766
2766
2766
2766
2766
2766
2766
2766
2766
557
2766
2766
2766
2766
395
2766
2280
2766
2766
2766
2766
2766
2766
2766
2766
1212
2766
2766
2766
2766
2766
2766
2766
2766
2766
2766
2766
2766
2766
922
2766
899
2766
2766
2766
2766
2766
2766
2404
2766
2080
2766
2766
2766
2766
2766
2766
2766
2766
2766
2766
2766
2277
1166
2766
2766
2766
2766
2766
2766
2766
2766
217
2766
2766
2766
1872
2766
2766
2766
2766
2766
2766
2766
2766
2561
2766
2766
2766
2205
1146
2766
2766
2766
2766
2766
2766
2766
2766
1730
1569
2766
2766
2766
2766
2766
2764
2766
2766
2766
2766
2766
2227
2766
2766
2766
2766
901
2766
2766
2766
2766
2766
2766
2766
2766
2766
2282
2766
2766
2766
2766
2766
2766
2766
2766
2766
2766
2766
2766
2766
2766
2766
2766
2766
2766
2766
2766
502
2766
2766
2766
2766
2766
2766
2766
2766
2766
2766
2583
2766
2766
2766
2766
2766
2766
2766
2766
2766
2766
2766
2766
2766
2766
2011
2766
2766
2766
2766
2766
2766
2766
2766
625
2766
2766
2766
2766
2766
2766
2766
2766
2766
2766
2766
2766
2766
2766
2766
2766
2766
2766
2766
1659
2766
2766
2766
2766
2766
2766
2766
2766
2766
2766
2766
2766
2766
2766
2766
658
2766
2766
2766
2766
2766
2766
2766
2766
2766
2766
1929
2766
2766
2766
2766
2766
2766
2766
2766
2766
2440
2766
2766
2766
2766
2766
2766
2766
2766
2766
2766
2766
2766
2766
1320
1344
2766
2766
2766
2766
2766
2415
2766
2766
1540
2766
443
2766
2766
762
2766
2766
2766
2766
2766
562
2766
2766
2766
2766
2766
2766
2766
2766
2766
2766
2766
2766
2766
2766
2766
2350
2766
1518
2766
2766
2766
2766
2766
2766
2766
2766
2766
2173
2766
367
2766
2766
2766
812
2766
2766
2766
2766
2766
2766
2766
2766
2766
2766
2766
2766
2766
2766
2766
2766
2766
380
2766
2766
2766
2766
2766
2766
2766
2766
2766
2766
2766
2766
1399
2749
2766
2766
2766
2766
2766
2766
2766
2766
1304
2766
2766
2766
2766
2766
2766
2766
2766
2766
2766
2766
2766
2766
2766
2766
2766
1238
1125
2766
4
1569
2766
1703
2766
2766
394
2766
1644
2766
2766
2766
2766
2766
2766
2766
2766
2766
2766
2766
2766
2766
2766
2766
2766
2766
2766
2766
2766
2766
2766
2766
2766
2766
2766
2766
2766
2766
2766
2670
2766
2766
2766
2766
2766
2766
2766
2766
2766
2766
1826
2766
2766
2766
2766
2766
2766
2766
2766
2766
2766
2766
2766
2766
2766
2766
924
2766
2766
2766
2766
2766
2766
2511
2766
2766
2766
2766
2766
2766
2766
397
2766
2766
2766
2766
2766
2766
2766
2766
2766
2766
2766
2766
2766
2766
2766
2766
2766
2162
1934
2366
2766
2766
2766
982
2766
969
2766
538
2766
2766
2766
2766
2766
2766
2458
2766
2766
2766
2766
2766
2766
2766
2766
2766
2766
2766
2766
2766
2766
2766
2766
2766
2766
2766
2766
2766
2766
2766
1966
2766
2766
2766
2766
2766
2165
1341
2766
2766
2766
2766
1026
2251
2766
1021
2766
2766
1488
2766
1897
2766
1220
2766
2766
2766
2766
2766
1832
2694
1562
2766
2766
2766
1332
2766
2766
2766
2766
2766
2766
2766
2766
2766
2766
2766
542
2766
2766
2766
2766
2766
2766
2766
2766
2766
2766
2766
2766
2766
2766
2766
2766
2766
2766
2766
2766
2766
2766
2766
2766
2766
991
2766
2766
2766
2766
2766
2766
2766
2766
2766
2766
2766
131
2766
2766
2766
2766
2766
2766
2766
2766
2766
2766
2766
2766
2766
2766
2766
2766
2766
2330
2766
2766
2766
2766
2766
2766
2766
2766
2766
2766
2766
2766
2766
2766
2766
2766
2766
2766
2766
2766
2766
1828
2766
2743
2766
2515
2766
2766
2766
2766
2766
2203
2766
2766
2766
2766
2766
265
2766
2252
2766
2766
2766
2766
2766
2766
2766
2545
2766
2766
2766
1378
2766
2766
2766
1493
2766
2766
1382
2766
2766
2766
2011
2766
1719
2766
2766
2766
2766
731
2766
2766
2766
2766
2766
2766
2766
2766
77
2766
2766
2766
2766
2766
2766
2766
2766
2766
2766
2766
2766
2766
2766
2766
2766
2766
2766
2766
2766
2766
2766
2766
2766
2766
2766
2766
698
2766
2766
2766
2766
2766
2766
2766
2766
2766
565
2766
2766
2766
2766
1132
2766
638
2766
135
2766
2766
2766
2766
2766
2766
2766
2766
2766
2766
2766
2766
2766
2766
2766
2766
2766
2766
2766
2766
2766
2766
2766
2766
2766
2766
2766
1743
2766
2766
2766
2766
2766
2766
2766
2766
607
2766
2766
2766
2766
2766
2766
2766
2766
2766
2766
2766
2766
2766
2766
2766
2766
2766
2766
2766
2766
2766
2766
2766
2766
2766
2766
2766
2766
2766
2766
2713
2766
2766
2766
2747
2766
2766
2766
2766
2766
2766
2766
2766
2766
2766
2766
1853
2766
2766
2766
2766
2766
2766
2766
2766
1889
2766
2766
2766
2766
1160
2766
2766
2766
2352
2766
2766
2238
2766
2766
2766
1547
2766
2766
2766
2766
2766
2766
2766
2766
2766
2766
2766
2766
2766
2766
2766
2766
2766
2766
1140
2766
2766
2766
2766
2766
2766
2766
2766
1318
2766
2766
2766
2766
2766
2006
601
2766
583
1159
2766
2766
2766
823
2766
2766
2003
2766
2766
2766
1302
2766
2766
2766
2766
2766
2766
2766
2766
2766
2766
2766
2766
2766
2766
2558
2766
2766
2766
2766
2766
328
2766
2766
2766
2766
2766
2766
2766
2766
2766
2766
2766
2766
2766
2766
2766
2766
2766
2766
2766
2766
2766
2766
2766
2766
2766
2766
2068
2766
2766
2766
2766
2766
2766
2766
2766
2766
2766
2766
2766
2538
27
2766
2766
2766
1063
2766
2766
2766
734
2766
2766
2766
2766
2766
2766
309
2766
2766
2766
2766
2766
2766
2766
2766
2766
2766
2299
2766
2766
2766
2766
2766
2766
2766
59
2766
2766
2766
2766
2766
2766
2766
2766
2766
2766
2766
2766
2766
2766
2766
2766
2766
2766
2766
2766
2766
2766
1060
927
2766
2766
2766
2766
2766
2766
2766
2766
993
2766
1294
2766
2766
2766
2766
2766
2766
2766
2766
2766
2518
2766
2766
2766
2766
2766
2766
2766
2766
2766
1899
2766
2766
2766
2766
275
2766
