7648
6157
7648
7648
7648
7648
7648
902
7648
7648
1507
1818
2036
7648
7648
6512
7648
7648
1174
7648
7648
7648
7648
213
7648
3293
7648
7648
7648
7648
3709
1336
7648
7526
7648
3161
7648
871
2306
7648
1724
7648
6012
567
7648
7196
5470
7648
7648
6002
7648
7648
7648
7648
6803
7648
7648
7648
7648
7648
7648
6391
7648
1182
7648
7648
7198
4338
319
7648
7648
7648
7648
7648
7648
591
4366
7648
7648
7648
7648
486
7648
7648
4177
7648
3773
7648
7648
7648
7648
7648
6599
7648
7648
7648
7648
7648
356
7190
7648
278
7648
7648
7648
7648
7648
7162
7648
7648
767
7648
7648
949
2434
6884
1247
7648
7648
7648
7648
6679
7648
7648
279
7648
657
7648
7648
5281
7648
7648
3572
4914
7648
4698
7648
2167
7648
7648
7648
7648
5748
6305
7648
6647
4705
1181
7648
7648
7648
7648
3612
7648
7648
7648
7648
1762
4470
7648
2950
7648
5200
7648
7648
7648
7648
7648
605
7421
7648
3280
1132
7648
695
2587
1704
7648
7648
7648
325
6669
7648
7648
7648
4855
7648
7648
7648
7648
7648
735
7648
1331
2624
7648
5382
7648
7648
6703
5662
7648
7648
7648
7648
7648
7648
7648
246
7648
7648
7648
4158
7648
5176
7648
2275
7058
7648
2306
2452
3495
426
7648
7648
7648
7648
6183
7648
5652
400
7648
7648
7648
7648
7648
7648
7648
7648
7648
7648
1120
7648
488
7648
7648
2626
278
7648
4212
7648
6543
3343
7648
7648
7648
7648
7648
649
424
7648
7648
7648
7648
7648
3972
7648
7648
1516
7648
7648
504
7648
7648
6932
4385
7648
7648
2834
7648
640
7648
1842
7648
7648
7648
5991
7648
6491
7648
5939
7648
7648
7648
2397
5234
2339
7648
7648
3065
7648
4046
7648
7648
7648
7648
7648
7648
1544
7374
7648
412
6748
7648
3393
289
1325
7648
7648
7648
7648
2075
4970
7648
7648
7648
7648
7648
7648
7648
5512
7648
7648
7648
3631
7648
7648
1336
7648
1148
1557
2140
7648
7648
7648
7648
7648
7648
2378
7648
7648
5888
7648
7648
7648
4666
7648
1704
7648
7648
7648
7648
7648
65
7648
1714
7648
7648
7648
2362
7648
7648
7648
7648
5371
1443
7226
7648
7648
7648
7648
7648
7648
1367
4675
7648
6678
7648
2422
3195
7648
3829
7648
7648
1699
7648
7648
7648
7648
7648
4636
3644
1422
7648
7648
7648
5053
7648
5542
7648
7648
7648
7648
7446
2215
7648
7648
7648
7648
7648
1254
653
5471
7648
7648
2135
2718
4457
6731
3159
7648
7648
7648
7648
7648
7648
7303
3592
4915
5078
1694
2749
7648
6673
7648
7648
5859
7648
7648
7648
7648
7648
7648
7648
7648
7648
7648
7648
183
7648
3985
7648
102
2110
7648
4903
7648
7648
7648
7648
7648
7648
7648
7648
2779
7648
3821
7648
7452
7648
7648
7648
322
7648
3275
2936
2531
7648
4620
7648
5601
2251
7417
7648
552
3010
7648
660
7648
2965
7648
7648
7648
7648
1777
7648
6403
1407
3167
7648
7648
557
489
7648
7648
1867
7648
7648
6615
5133
7648
6117
7648
7648
7648
7648
7054
7648
2230
435
7648
7648
7648
7648
3730
7648
2392
7648
7068
7648
7648
7648
7648
7648
7648
3499
7648
7648
7562
863
7648
3040
7648
7648
2335
5137
7648
7648
2144
104
6151
7648
7648
7648
4469
7648
7648
2371
7648
7648
5626
7648
1865
7648
7648
7648
7648
2309
7648
7648
6512
7112
7648
7648
801
7648
7648
7648
7648
7648
7648
7648
3035
7648
5706
7648
7648
7648
7648
7648
1121
7648
6111
2266
1964
6317
7648
6472
7648
4874
7648
7648
2323
1289
7648
2764
7648
7648
7648
7648
7648
7648
7267
7648
7648
5885
1801
7648
7648
4615
528
7648
7648
1645
6331
7648
2592
7648
7648
7648
7648
7648
3306
1007
7648
7648
7648
7648
7648
5122
7648
7648
7648
7648
7648
5680
7648
7648
7648
7648
3232
7648
7648
7648
2336
7648
7648
2839
7648
7648
2311
7648
7648
7648
379
7648
7648
1694
5017
7648
487
7648
7648
7648
