549
469
517
493
507
501
484
457
509
525
515
503
467
511
507
405
518
479
500
509
513
482
463
517
489
499
504
359
522
507
494
530
600
547
511
502
490
512
438
485
533
502
499
509
540
563
501
486
515
472
513
493
180
531
506
532
539
494
515
473
523
507
497
524
491
496
484
532
532
516
487
473
479
521
524
548
518
514
503
492
485
521
461
505
503
498
519
502
487
504
503
421
450
494
491
197
538
775
542
489
511
500
468
547
507
490
509
471
517
499
501
493
459
523
490
538
517
545
520
452
485
496
509
478
450
499
548
431
526
494
607
555
487
533
510
517
514
510
494
504
514
497
511
512
478
587
544
559
332
504
509
502
524
475
510
504
530
502
487
296
551
479
395
516
534
520
532
510
486
520
484
490
504
541
512
491
503
521
530
412
486
486
512
484
536
488
480
438
515
483
509
538
514
623
584
511
493
505
493
491
504
485
512
507
513
534
467
518
510
499
539
681
551
465
651
536
506
498
567
442
506
471
495
504
499
508
490
521
488
550
483
493
467
489
506
505
492
496
454
442
502
509
476
477
539
427
498
484
502
555
508
462
507
431
508
511
498
495
495
520
494
517
500
521
504
476
519
475
498
509
414
492
456
508
529
850
521
534
503
670
517
486
507
499
622
510
495
483
514
521
481
507
509
497
535
515
507
507
501
500
482
483
527
509
469
484
544
524
501
523
504
468
497
500
464
503
468
469
503
495
508
533
530
566
511
523
510
519
504
575
533
447
483
500
494
506
305
588
476
476
531
506
489
502
608
519
484
519
489
521
460
505
484
513
531
512
523
477
518
536
500
573
504
520
510
646
416
507
507
524
520
496
505
505
477
518
495
590
605
541
497
497
479
495
489
496
504
513
490
452
456
489
176
517
481
488
417
511
508
668
501
520
518
491
493
508
525
497
508
499
317
490
515
486
523
508
499
537
515
486
551
497
502
509
504
467
507
527
499
511
534
518
503
424
490
530
486
598
499
494
605
519
533
443
506
504
518
507
496
551
506
475
467
508
546
519
534
483
507
498
533
484
490
455
489
521
489
438
474
503
499
511
370
501
483
507
502
535
490
512
519
446
509
571
405
509
459
469
499
525
455
513
500
466
535
486
544
492
577
607
540
505
475
544
536
504
525
504
561
492
518
475
486
545
519
620
503
509
497
513
545
511
517
530
456
501
500
498
517
577
586
492
456
504
489
513
483
484
514
454
501
503
513
513
491
535
500
510
528
495
478
495
598
483
515
506
543
624
514
519
575
493
508
506
542
490
521
499
506
498
584
373
410
432
451
570
316
511
494
473
512
486
526
617
487
355
508
479
485
512
520
428
507
486
493
492
543
476
513
440
484
518
499
517
544
397
524
482
497
512
583
507
538
446
496
486
512
488
497
519
518
544
708
539
519
486
523
463
450
499
506
496
595
519
507
521
458
525
504
529
503
692
601
495
511
479
501
496
501
506
485
484
517
542
516
487
515
779
509
503
477
500
549
275
521
369
364
591
481
496
497
505
577
472
523
626
512
482
486
494
570
494
470
508
552
577
525
487
267
510
262
481
456
499
463
510
639
533
528
467
523
494
508
499
467
504
500
500
566
515
521
537
487
463
478
521
490
505
509
515
501
537
468
487
496
507
560
506
490
555
530
499
479
510
359
503
493
525
495
446
536
500
521
488
521
500
479
560
475
485
534
521
506
546
544
533
460
518
508
515
502
515
503
498
461
568
540
507
746
655
544
499
527
463
571
510
485
498
485
507
432
509
513
427
448
660
389
519
489
486
542
508
492
458
534
596
497
506
510
514
486
563
499
488
472
587
474
494
505
491
499
507
510
510
500
300
492
486
541
509
505
995
509
508
491
473
513
492
483
505
482
469
467
494
551
489
492
388
489
545
468
548
519
494
506
502
475
605
470
469
504
505
495
497
520
523
668
506
493
734
506
526
517
500
445
504
510
479
514
497
459
482
482
514
552
518
499
531
530
512
487
544
547
515
535
391
481
439
506
550
513
520
501
504
494
485
412
523
531
755
512
457
526
518
323
497
483
576
508
521
439
502
524
553
600
502
430
539
482
494
513
491
499
493
496
511
481
492
314
516
493
536
502
509
499
511
510
471
510
504
490
554
504
468
509
533
465
467
544
512
480
507
483
542
486
514
505
493
533
517
