506
496
509
501
507
501
500
501
498
502
503
504
501
499
498
640
501
491
503
513
504
502
505
496
502
514
503
504
503
506
532
515
494
498
500
503
502
495
501
553
492
501
494
498
499
503
493
493
502
501
499
504
498
499
502
496
497
501
518
506
465
500
500
499
501
499
499
519
499
499
502
494
506
500
519
504
498
504
499
498
498
502
494
512
497
510
502
500
504
496
499
497
502
499
501
486
501
493
500
500
507
497
501
501
529
492
499
502
484
483
500
503
514
496
498
453
518
496
483
500
498
497
498
497
505
473
502
474
503
491
499
503
495
499
499
500
500
487
498
497
476
502
499
517
498
486
495
500
504
492
499
499
503
464
488
507
502
507
503
502
511
489
507
501
491
498
501
514
497
496
504
501
498
502
496
498
499
499
505
499
503
496
482
504
507
509
500
505
503
500
502
520
503
502
499
494
504
501
466
501
499
499
501
494
504
516
561
500
501
497
498
499
501
494
500
496
486
509
499
498
493
500
496
509
505
505
499
499
498
499
485
514
525
501
503
502
490
504
498
497
493
473
507
497
502
501
501
512
499
497
506
529
507
501
506
500
518
500
494
485
500
505
504
501
504
497
503
498
532
500
496
487
501
503
498
498
501
502
508
494
508
507
495
500
497
497
507
512
485
497
498
488
504
494
487
486
499
494
493
503
499
489
477
502
500
521
499
496
498
500
563
498
497
489
497
491
511
502
512
501
499
503
520
507
533
518
493
503
497
541
527
496
498
548
499
477
499
511
484
498
496
503
499
500
508
495
499
500
498
492
505
502
501
515
498
497
496
517
501
504
499
502
492
502
499
501
468
504
497
532
497
501
495
502
509
504
499
500
498
499
492
507
504
485
496
496
506
501
503
495
498
493
499
503
510
498
504
509
431
506
505
498
503
504
503
500
485
502
500
491
503
493
502
517
490
497
491
496
513
505
512
505
381
498
499
490
500
501
500
494
503
507
491
485
493
501
501
502
509
499
491
508
505
508
493
497
412
500
508
503
503
501
499
499
502
503
500
476
499
500
497
498
495
506
505
502
509
525
502
497
499
510
500
501
501
503
506
497
506
497
498
507
501
501
499
510
502
500
498
505
478
493
522
503
499
502
504
535
499
491
511
513
495
493
501
496
502
503
499
503
506
511
504
498
497
498
496
477
499
479
502
488
500
506
495
502
501
501
500
501
502
503
499
504
511
485
505
496
503
501
503
509
545
501
503
502
500
498
507
498
512
496
499
497
495
497
500
502
502
502
506
502
504
497
508
484
503
501
503
502
503
503
498
497
503
497
506
496
494
497
504
505
522
509
501
505
499
499
495
502
480
479
509
515
500
499
522
503
505
494
501
499
500
470
496
497
504
515
502
498
499
502
500
488
502
497
498
499
496
502
501
509
501
501
506
500
496
499
500
500
495
496
498
498
499
520
512
499
502
499
505
496
497
498
514
502
520
503
497
509
506
498
512
502
506
506
497
535
498
500
499
496
500
499
501
501
542
498
500
501
493
500
506
501
497
495
487
492
504
495
489
499
493
502
503
500
498
504
506
501
506
504
502
504
494
499
502
482
501
502
503
515
497
502
507
503
499
498
500
502
497
457
499
502
508
499
507
504
502
501
500
498
500
501
504
495
497
527
496
505
501
499
495
481
499
510
502
511
502
499
487
501
507
502
500
520
500
502
510
498
503
500
498
501
487
501
509
468
501
565
499
503
493
500
499
500
502
497
506
500
502
494
500
503
512
505
500
440
505
501
505
495
512
467
486
502
491
500
497
503
504
498
499
505
521
497
500
496
498
504
510
502
499
513
499
490
502
499
500
514
488
501
484
491
480
509
508
493
498
499
501
499
501
500
501
503
512
511
497
506
494
501
490
515
490
561
497
505
499
499
503
501
503
501
504
502
501
494
490
503
501
495
499
502
497
510
502
49
500
505
504
513
501
479
500
497
497
499
503
521
499
499
502
503
472
499
502
507
504
501
494
499
500
501
501
499
475
501
499
500
499
494
505
542
499
499
504
492
507
500
541
489
498
463
501
504
498
500
501
500
496
497
501
504
500
500
504
500
474
498
505
499
507
504
500
493
496
500
499
501
540
507
478
495
511
504
520
500
502
517
499
499
500
509
499
497
501
501
499
547
503
495
495
498
506
503
530
514
499
527
503
514
497
498
502
499
497
507
488
501
492
500
486
503
534
490
499
503
496
494
511
501
502
502
566
501
491
500
498
503
504
497
502
498
497
497
501
497
491
507
500
501
481
505
503
513
505
509
502
469
500
498
470
499
503
502
500
502
499
500
534
511
500
492
498
500
499
504
498
502
506
493
494
508
499
499
516
499
501
509
501
517
495
520
501
499
513
500
496
504
504
495
464
503
495
499
496
494
502
500
508
501
502
502
504
502
503
503
501
500
499
543
485
503
502
534
491
499
430
529
508
500
508
494
507
503
513
500
500
511
514
501
488
485
492
501
495
504
503
498
485
502
507
502
495
543
501
500
502
501
506
501
504
503
505
522
497
500
500
502
503
506
486
497
509
492
500
511
499
500
508
501
501
511
501
502
503
501
495
530
530
506
497
499
499
498
524
500
502
503
499
496
499
501
484
501
497
498
498
427
489
492
498
452
511
518
506
501
507
503
500
506
507
499
508
505
504
503
500
494
499
504
499
506
496
499
503
502
501
504
488
499
504
496
496
502
499
499
499
499
501
504
502
497
499
501
501
500
503
498
504
493
504
564
456
506
494
503
550
499
502
494
527
498
498
497
502
502
496
507
498
500
502
498
506
506
502
508
503
503
504
501
498
492
516
503
488
501
498
507
503
504
502
492
500
508
498
489
495
507
503
498
502
498
502
501
501
502
502
503
502
504
508
494
502
501
512
496
480
504
502
501
500
507
497
507
500
503
493
500
524
502
506
495
550
498
496
503
500
500
497
499
499
495
498
509
499
509
500
498
499
503
502
485
499
500
499
497
473
514
497
500
334
502
500
501
502
499
487
502
577
484
501
511
501
505
477
498
503
504
501
482
504
482
502
496
502
524
499
490
501
498
504
505
507
502
505
455
494
505
519
501
461
491
507
504
501
500
504
497
486
498
503
531
504
502
497
506
483
516
502
434
490
507
505
499
503
500
499
496
484
502
505
498
493
500
506
497
500
499
460
504
510
498
502
497
496
502
501
509
569
499
502
497
491
499
508
492
498
495
497
497
500
505
498
501
503
500
576
499
500
503
503
541
494
506
503
501
512
506
499
508
500
494
497
504
517
498
488
503
498
463
497
503
504
501
502
506
514
502
504
21
490
500
499
523
499
514
512
504
488
506
505
501
527
502
502
501
501
490
500
497
505
491
503
497
492
499
504
502
510
497
471
500
512
505
500
476
501
496
509
497
495
523
502
510
498
494
502
499
501
495
508
472
504
506
496
507
500
507
501
497
527
492
506
504
500
548
496
496
495
505
498
517
499
499
493
398
498
488
501
498
497
501
499
478
503
492
517
500
500
511
480
500
506
497
504
498
499
504
504
498
499
496
502
502
486
502
504
498
536
508
500
499
501
503
499
509
499
504
506
502
499
509
526
500
490
492
505
494
538
500
523
501
501
503
504
533
496
502
505
503
503
486
496
499
497
504
497
505
503
494
497
576
495
500
499
496
498
506
508
522
494
523
507
541
501
497
499
500
490
503
509
498
529
502
498
494
504
500
500
503
505
491
499
500
492
501
497
507
502
454
496
498
505
502
500
490
499
551
501
500
501
506
504
494
508
500
502
503
514
498
500
501
503
502
503
505
504
504
508
506
494
505
460
499
500
503
501
513
479
491
499
503
513
498
501
500
476
504
496
504
504
498
503
499
499
495
517
513
498
493
503
506
508
486
505
498
500
506
500
497
502
500
502
490
498
498
498
496
511
497
503
503
500
504
502
502
498
490
520
494
485
502
495
490
509
508
501
498
498
503
499
503
488
505
498
502
494
499
494
500
475
490
507
506
505
508
481
503
500
500
497
500
498
500
502
505
483
498
502
496
527
502
486
488
506
515
500
510
499
501
503
501
502
496
500
500
494
502
503
500
495
500
507
503
494
