495
507
493
508
497
520
501
499
500
502
496
510
490
493
484
517
516
498
502
497
496
497
507
498
502
497
497
499
499
514
499
491
496
501
497
483
501
502
513
512
464
493
498
501
498
502
495
498
500
506
504
499
500
499
507
499
493
496
503
497
515
483
501
517
555
511
492
484
494
497
492
505
503
497
499
505
498
469
503
532
482
502
494
499
504
501
502
503
492
495
504
491
489
501
501
487
497
490
493
534
498
503
510
497
509
570
512
501
495
498
504
494
489
554
551
503
505
502
500
497
512
458
514
556
499
501
500
498
498
497
501
516
501
440
500
499
499
500
502
500
491
493
497
532
496
499
496
499
500
496
617
499
497
501
499
500
506
498
498
499
495
480
499
520
499
500
498
501
500
500
502
503
487
503
501
495
502
498
497
496
502
522
497
496
498
493
497
498
488
497
504
494
501
501
500
509
508
513
519
498
503
498
499
521
499
505
502
492
503
511
501
500
500
500
500
500
500
498
487
518
496
502
501
500
505
495
496
496
528
503
501
504
493
503
494
498
499
481
496
503
499
497
497
492
511
503
505
502
504
485
499
498
495
505
504
515
492
501
497
492
509
496
497
528
504
507
538
500
497
513
496
500
494
498
503
373
503
501
500
496
500
499
499
525
488
495
523
496
471
491
520
499
500
476
497
500
505
518
500
498
507
498
503
495
503
497
500
479
492
495
503
501
495
500
499
497
513
507
497
496
501
524
502
509
501
508
494
499
504
501
507
497
498
499
498
499
497
498
499
493
500
498
507
496
501
501
497
503
505
500
496
510
507
495
492
500
499
498
503
501
504
504
501
500
499
495
508
520
523
496
498
502
498
499
497
503
505
494
507
499
497
499
498
499
487
502
504
492
576
499
498
501
506
508
497
500
496
502
495
499
498
502
493
520
498
500
504
530
500
501
498
497
500
497
495
498
488
485
519
501
499
502
497
497
524
498
496
479
499
498
509
480
507
506
500
502
494
440
493
485
500
504
512
503
499
506
499
496
506
503
499
502
495
494
496
502
493
501
500
502
509
482
498
498
499
496
498
499
496
500
486
500
493
516
505
499
497
495
507
509
500
486
508
538
492
482
501
499
498
505
479
501
478
497
497
502
587
525
498
499
497
501
499
496
498
501
596
498
505
499
498
499
509
498
500
500
500
487
500
500
499
499
498
504
498
485
501
497
497
498
495
500
501
498
494
500
497
498
498
495
511
499
498
495
495
499
499
502
500
498
501
494
496
493
506
504
547
501
491
499
465
503
501
508
497
502
487
498
504
472
505
498
506
496
532
518
520
502
498
497
497
495
500
467
496
499
498
504
523
501
501
511
503
500
501
500
507
506
509
495
504
504
500
509
496
492
509
500
500
498
461
510
498
509
502
499
503
474
509
506
493
498
500
511
499
487
503
496
494
491
508
550
500
484
516
496
500
497
510
497
499
508
498
491
499
501
496
499
517
511
498
501
504
495
498
500
508
502
497
496
500
462
501
501
500
547
497
496
498
499
524
497
501
498
499
499
500
492
498
507
505
498
496
489
484
489
498
502
493
509
522
498
501
513
501
500
499
524
505
499
512
511
494
494
501
497
501
496
497
464
498
497
487
495
505
549
503
510
500
499
488
500
504
526
491
568
499
496
496
500
497
491
500
501
499
494
497
499
496
493
490
493
499
499
501
502
503
500
502
495
497
492
498
496
500
489
492
502
499
497
504
511
499
499
496
505
506
498
498
498
476
497
496
496
494
496
500
502
499
487
499
495
500
507
498
518
498
531
478
501
507
502
488
498
499
511
494
498
504
496
513
499
498
500
497
505
498
523
497
501
503
493
468
502
499
496
503
526
496
505
497
493
501
506
502
494
437
516
495
505
500
500
496
482
498
500
588
495
493
499
519
496
485
503
491
489
496
503
493
490
503
498
497
499
501
487
520
476
492
497
570
506
491
500
496
488
505
503
516
496
499
518
538
497
497
509
513
500
502
506
500
499
499
506
498
495
505
507
493
501
504
503
498
518
499
498
524
512
501
500
500
499
501
501
483
499
504
497
501
491
498
493
510
521
500
491
491
490
512
499
503
499
498
499
515
502
497
498
497
494
487
499
490
496
495
500
506
523
490
500
493
498
499
509
500
500
497
495
495
502
499
497
496
496
502
499
503
498
496
475
499
484
505
511
496
498
500
503
512
501
518
499
475
512
505
502
505
499
502
498
567
494
503
493
499
500
495
490
503
499
507
499
506
496
497
504
500
498
501
502
500
498
506
491
496
497
504
497
480
512
505
509
538
514
499
