489
501
496
473
498
510
502
527
499
449
504
502
500
508
499
494
502
500
498
500
482
502
501
506
495
493
515
494
512
529
491
477
493
502
550
480
502
507
508
493
490
503
553
522
501
532
454
500
480
483
505
496
507
499
496
503
515
496
502
510
510
501
502
497
503
517
503
501
507
510
503
491
501
529
501
510
506
502
503
502
490
547
519
498
501
503
498
499
503
508
504
546
506
510
337
490
501
486
495
507
525
522
499
502
504
488
500
522
506
502
500
499
506
526
502
502
501
450
479
500
479
500
501
499
504
502
494
469
494
517
500
506
463
503
523
497
503
504
490
500
532
492
508
513
512
504
506
503
506
505
484
504
498
501
504
508
497
494
500
522
503
507
501
512
494
507
500
500
504
514
497
517
553
513
507
503
504
514
500
532
500
550
514
514
469
504
495
511
487
484
498
498
501
501
506
485
501
498
497
506
500
506
503
506
484
515
504
511
488
503
502
497
502
503
500
500
476
497
504
503
499
490
507
496
495
494
501
501
499
501
571
502
520
484
497
507
500
501
486
501
529
502
522
508
502
516
509
500
501
497
499
516
504
499
510
512
499
504
478
502
501
502
506
495
493
501
499
528
496
502
500
509
504
501
505
490
501
501
499
500
501
499
501
494
498
488
500
503
501
494
502
484
501
504
507
513
536
505
500
502
544
503
505
505
513
520
502
500
506
461
462
503
497
515
508
495
506
503
507
500
485
500
484
499
502
493
517
502
499
507
499
481
494
489
510
501
543
515
469
498
500
512
498
494
510
493
514
534
577
470
492
476
497
500
504
500
502
489
484
499
497
503
505
504
476
516
502
518
488
395
495
395
490
504
493
510
498
481
507
503
506
501
491
496
507
449
502
494
503
516
501
500
500
506
500
477
503
513
496
503
510
502
503
490
502
502
508
526
504
478
498
501
510
496
496
503
499
503
505
506
542
500
494
498
597
500
506
511
502
499
509
502
492
504
500
501
514
495
505
497
502
347
499
506
566
505
510
503
495
496
504
491
498
502
498
488
498
506
498
500
501
502
505
498
506
492
498
494
642
503
539
506
489
514
500
478
497
511
515
497
505
500
448
501
501
497
496
525
501
499
503
497
499
510
501
465
537
493
496
501
515
496
504
494
504
510
503
500
500
482
503
487
500
502
502
469
501
507
523
491
511
512
502
506
483
498
512
473
497
512
514
488
517
492
501
503
491
516
511
500
501
497
512
413
502
501
503
502
503
497
503
504
499
503
512
469
519
501
529
500
503
496
495
504
496
477
500
499
500
505
504
501
501
508
500
500
496
485
503
483
503
491
496
496
513
502
495
503
508
514
503
508
503
488
497
475
503
504
518
502
499
498
499
517
502
501
506
501
490
517
499
479
498
501
510
502
501
525
514
501
513
471
505
499
469
509
500
503
480
519
516
489
480
503
498
499
509
499
500
499
503
521
501
501
500
496
508
499
499
498
499
508
500
508
498
510
506
495
474
498
486
497
503
498
522
497
487
496
500
504
533
510
505
502
503
509
509
513
503
502
502
516
475
513
514
501
503
507
493
524
509
502
500
508
502
504
489
494
508
495
497
492
497
494
484
460
503
501
504
516
503
505
501
494
474
505
501
503
498
507
513
508
500
481
503
510
501
500
493
512
492
536
504
511
504
517
501
504
495
509
498
494
454
493
517
460
483
525
493
509
503
499
500
507
505
505
506
533
485
501
502
502
496
525
473
504
534
501
503
499
501
516
504
513
518
497
502
480
506
503
486
505
505
495
496
479
506
502
501
485
504
484
500
502
450
499
502
512
503
501
379
495
479
531
511
501
506
513
454
502
502
512
501
484
500
499
501
503
503
494
499
499
509
507
501
503
500
509
499
501
492
503
502
488
523
505
497
488
500
498
501
492
500
498
503
470
501
468
498
503
498
490
498
503
501
514
499
502
588
498
500
488
495
485
499
497
499
494
499
506
501
509
488
503
487
509
501
494
502
489
553
506
507
506
501
507
510
485
501
502
499
503
495
519
499
494
513
497
503
486
591
510
503
493
514
501
502
504
505
501
513
510
503
503
502
495
499
499
546
526
504
490
480
503
500
504
503
502
495
472
482
525
508
503
489
504
506
529
483
501
505
497
499
483
500
505
499
485
370
501
499
501
455
509
505
499
498
498
501
508
499
510
522
509
501
491
504
504
472
491
505
509
501
547
506
501
502
493
501
504
505
489
497
503
531
501
452
500
501
504
495
497
497
503
493
500
505
504
497
504
501
502
414
504
503
512
499
503
500
497
515
503
498
501
490
511
501
503
500
505
502
574
504
501
496
513
509
518
510
527
508
505
505
524
504
487
494
501
500
504
508
510
502
506
508
503
502
500
524
502
491
501
507
502
502
502
498
498
488
494
499
502
466
484
502
500
488
489
501
503
501
507
517
501
485
494
500
498
503
500
502
506
520
454
485
498
501
501
496
486
703
496
505
495
506
500
502
501
508
507
496
486
509
480
499
503
480
498
508
471
486
505
502
502
500
476
478
507
460
513
498
492
506
493
504
494
503
505
492
501
502
502
500
497
514
506
503
502
502
518
504
486
506
503
470
501
514
502
545
513
509
499
515
501
505
473
482
500
504
499
495
524
409
511
446
493
504
495
495
496
480
504
492
505
501
497
492
502
525
502
481
502
499
500
500
507
505
501
514
503
469
500
509
500
504
503
509
493
495
528
501
495
508
510
495
497
505
501
509
498
503
510
512
502
501
500
515
503
503
480
499
489
505
546
551
502
506
496
511
505
502
508
503
506
502
494
517
439
502
503
493
516
503
516
479
499
498
501
496
505
500
478
503
502
511
503
498
507
500
515
502
500
501
499
504
503
500
504
507
500
502
479
505
509
470
500
534
505
505
513
516
480
507
502
501
516
501
542
501
508
514
503
501
504
442
494
503
463
461
504
497
503
489
509
439
517
500
502
515
502
515
520
505
496
500
502
516
505
508
497
491
502
501
498
497
502
497
498
500
504
413
516
504
498
503
501
512
501
512
502
494
498
503
500
505
492
502
500
505
494
502
497
502
495
517
497
494
489
502
504
501
515
497
492
507
507
502
492
495
506
541
500
510
506
502
497
503
506
505
502
510
496
523
503
497
506
503
518
502
399
499
497
500
507
499
516
501
454
515
508
488
501
484
501
492
511
484
503
506
496
496
509
493
504
499
500
504
500
500
505
503
508
510
492
518
501
501
508
527
504
500
499
512
501
500
505
500
520
598
500
500
509
480
499
499
498
501
502
498
508
507
499
504
501
504
500
501
504
502
499
501
500
501
495
501
510
495
503
496
532
504
493
488
579
496
498
503
501
549
504
501
503
499
472
493
498
519
527
499
501
351
499
504
500
498
523
507
474
498
502
506
511
521
502
505
508
503
501
503
493
494
549
501
503
486
508
498
490
510
502
500
487
496
577
500
497
496
506
496
506
505
509
503
480
553
499
503
517
500
500
502
500
508
512
497
504
492
499
501
504
483
500
507
490
507
484
522
498
501
484
505
492
501
501
489
509
500
493
504
514
504
501
491
516
501
502
490
502
472
467
500
500
511
500
500
505
506
497
502
499
524
490
503
503
503
511
501
493
500
502
495
491
498
514
503
498
495
486
508
481
515
507
516
500
503
495
493
501
497
474
506
499
501
497
507
502
502
497
497
500
508
494
489
512
501
499
503
505
502
505
512
501
502
495
505
568
501
519
495
509
507
503
498
500
512
499
531
503
501
497
502
501
500
478
509
500
551
500
499
500
500
514
500
484
500
513
496
476
498
491
511
499
502
484
515
514
507
523
519
522
504
556
421
495
503
508
524
498
479
503
514
517
489
500
501
502
506
504
502
504
506
489
501
499
499
504
501
479
489
514
501
508
498
504
492
493
503
509
499
513
534
498
488
489
502
500
499
504
493
502
509
452
500
502
499
505
490
501
509
503
503
508
502
516
491
499
500
509
501
498
479
499
997
500
474
498
499
502
500
503
504
489
505
473
511
499
500
466
518
507
497
485
498
493
500
495
501
498
489
474
505
491
498
499
507
530
503
487
518
499
522
518
494
495
501
506
502
506
502
507
511
403
505
536
494
495
500
493
503
485
504
505
485
502
497
493
503
497
498
503
493
510
489
499
506
494
502
504
641
496
504
518
501
498
497
506
496
493
507
511
497
500
491
504
499
502
499
490
492
494
497
508
490
500
433
531
433
526
496
511
493
503
441
500
533
502
494
497
497
521
494
500
502
504
501
533
498
492
493
507
505
501
506
496
534
499
500
499
502
509
506
503
528
552
504
487
486
501
486
505
502
492
499
514
500
500
503
508
502
499
487
461
504
502
502
498
501
510
449
503
491
502
488
507
502
579
496
496
501
501
496
500
502
498
499
503
510
498
502
499
501
502
494
509
503
473
503
508
545
503
500
483
518
509
530
502
496
524
501
498
504
502
503
499
503
495
490
497
501
504
503
500
505
511
503
489
500
503
502
505
498
479
501
483
504
500
503
501
496
508
490
509
512
501
513
503
498
499
508
500
501
499
503
505
497
504
500
506
474
484
497
502
502
508
502
511
503
510
507
500
501
502
511
499
499
493
480
501
502
514
474
506
545
516
505
502
514
501
504
500
484
488
499
504
498
500
498
498
505
502
518
476
498
501
497
502
502
497
504
509
499
493
532
495
496
514
510
499
504
499
478
508
498
499
506
497
498
506
502
501
503
502
492
500
472
500
500
455
498
582
507
483
495
493
471
501
499
499
527
523
476
500
499
504
397
511
510
471
493
504
502
501
467
491
509
497
474
510
512
500
499
507
446
492
494
486
407
500
502
497
506
496
504
502
461
503
503
500
505
489
502
509
501
506
499
502
493
500
501
503
500
487
483
513
508
476
496
503
462
503
511
528
500
504
494
502
497
507
506
500
519
493
499
503
530
513
493
527
501
501
516
508
507
444
503
505
500
502
500
504
500
507
485
499
512
511
502
501
503
524
506
501
508
472
500
498
345
482
529
501
503
498
522
505
526
504
498
504
498
519
498
504
503
467
513
499
498
504
521
501
505
502
497
507
498
505
514
507
546
508
505
506
507
503
477
461
496
504
500
501
543
501
498
507
502
500
497
522
491
491
497
493
461
515
513
501
494
503
498
499
502
502
507
504
491
501
495
502
501
502
487
505
501
486
504
501
508
478
506
494
501
501
499
500
519
507
501
504
482
500
515
495
495
502
500
498
509
503
498
488
502
513
503
502
500
501
503
501
502
510
502
511
502
508
510
501
502
499
517
497
498
503
513
502
499
496
481
499
502
502
504
512
496
505
485
503
499
489
478
502
501
539
501
484
496
495
490
482
497
518
500
502
500
488
502
500
504
502
501
503
505
499
493
501
499
505
501
502
492
513
500
506
662
467
480
495
508
504
515
497
479
502
504
504
494
500
502
504
499
492
498
501
508
512
499
497
501
501
500
500
502
484
501
515
515
499
508
493
505
501
508
491
507
500
477
505
484
504
495
504
506
501
503
503
501
502
518
494
503
482
507
495
492
503
497
489
505
492
499
500
498
502
504
500
499
500
500
505
488
486
564
501
503
513
498
519
598
501
506
491
499
498
502
477
504
500
500
501
489
502
481
499
501
500
506
510
489
501
509
525
490
494
501
385
497
497
502
509
497
498
498
489
525
507
504
469
502
484
504
500
504
528
504
500
507
491
501
490
499
446
502
503
510
501
494
508
503
498
495
499
503
519
495
504
481
237
496
492
497
499
492
501
511
503
501
498
505
503
463
507
501
515
510
512
518
508
532
509
501
467
497
500
498
505
502
509
496
506
499
496
505
499
502
492
483
504
501
720
512
488
503
507
482
501
442
494
501
500
505
486
508
499
504
502
543
429
502
505
496
567
502
501
513
502
498
501
525
512
500
501
493
500
498
499
506
501
418
521
472
503
504
507
499
506
500
495
502
507
508
502
512
501
497
500
500
502
516
503
484
497
501
502
498
497
489
505
507
535
506
505
494
503
494
503
500
501
500
507
521
498
500
505
495
513
507
498
501
515
500
507
499
499
504
500
500
505
464
501
501
515
533
496
573
501
499
508
525
481
506
514
467
505
497
497
501
503
520
502
500
503
504
502
503
512
468
507
503
500
506
469
499
503
508
457
477
485
505
499
498
505
492
481
490
545
504
501
499
501
511
499
505
526
494
508
500
496
496
504
504
506
467
508
490
492
496
499
484
505
500
499
500
506
526
494
501
526
503
547
499
477
496
496
500
500
509
504
500
505
499
503
537
498
505
487
476
501
499
504
504
502
499
541
505
515
504
486
460
481
516
502
505
504
509
517
498
510
512
500
503
499
499
483
510
487
517
502
554
491
496
508
500
486
492
515
500
496
505
523
507
481
497
486
502
501
483
505
504
491
501
503
509
502
501
478
502
511
506
499
488
489
483
496
508
505
503
507
510
526
512
501
520
506
296
537
468
496
505
506
446
501
500
502
493
502
499
501
513
511
494
500
517
506
500
521
503
495
506
491
496
497
504
530
505
499
502
501
533
502
502
500
503
510
502
500
523
501
500
499
508
497
487
502
494
492
510
509
502
504
498
508
490
497
501
519
501
507
518
96
497
510
502
495
499
500
564
504
520
499
491
502
527
470
508
507
505
503
499
495
516
508
515
501
509
503
519
489
501
499
498
480
500
499
499
494
509
502
500
495
500
500
480
478
516
519
501
499
505
460
488
511
488
502
786
501
501
497
504
503
502
499
510
500
480
501
502
497
495
496
498
505
500
502
508
460
502
497
497
499
500
501
504
504
503
505
500
501
497
539
492
503
503
504
501
503
503
502
485
500
489
502
477
462
502
505
558
503
502
503
508
524
491
547
498
473
504
502
508
514
499
499
497
496
503
502
506
505
503
498
504
507
486
508
515
499
545
527
513
503
500
506
495
510
496
502
504
509
491
503
502
501
490
505
504
491
510
501
504
503
501
499
500
483
510
500
606
498
504
500
498
495
488
503
511
514
483
514
506
507
497
502
531
483
502
500
480
462
499
475
487
502
506
470
91
476
504
498
501
502
500
489
499
498
504
510
502
498
519
496
501
500
507
505
504
492
499
498
500
501
523
489
509
498
499
499
509
509
510
455
502
512
498
500
499
522
504
499
490
482
490
515
506
507
506
501
500
499
498
496
500
524
505
504
494
470
504
501
504
502
511
501
493
492
580
512
497
501
511
499
505
500
498
504
493
500
508
499
504
500
506
498
494
478
497
501
500
515
501
497
500
513
498
509
504
494
502
492
494
483
501
502
510
493
490
502
507
587
486
499
503
502
475
502
506
483
491
490
484
488
497
519
499
557
612
550
500
503
499
479
502
503
504
506
499
511
512
506
504
403
512
502
525
506
504
501
498
535
458
528
501
515
504
498
502
489
497
502
501
501
499
503
459
507
502
503
520
517
499
504
499
512
518
449
502
471
498
510
502
507
502
506
511
474
502
500
495
507
470
496
503
501
500
519
501
488
501
505
505
531
504
482
502
463
522
490
503
505
520
501
504
495
484
503
521
496
491
493
487
504
503
503
621
436
502
504
499
503
503
505
506
465
504
517
502
502
492
502
496
486
511
505
513
501
506
516
