518
493
509
464
454
547
520
498
489
507
494
502
485
520
508
522
504
517
496
499
536
508
483
502
495
491
494
498
498
491
441
489
479
499
546
536
474
498
553
497
503
495
493
508
385
505
516
488
510
512
503
496
513
510
498
488
497
463
519
499
505
583
499
420
487
494
497
507
514
504
494
499
503
498
498
530
495
470
497
510
482
498
463
488
504
503
506
501
518
501
481
492
490
506
473
501
497
473
532
503
474
492
507
580
467
502
511
495
520
507
526
499
495
497
458
507
487
442
514
542
578
496
517
498
534
485
522
503
484
512
490
503
497
500
499
517
526
521
470
499
475
502
521
526
508
504
381
491
501
517
530
507
517
500
396
472
501
513
495
355
515
538
492
503
530
523
510
486
549
511
467
499
451
460
555
512
458
564
490
520
508
533
509
508
501
488
507
471
539
535
648
504
512
506
469
497
505
503
494
447
481
494
648
512
500
508
461
491
506
496
542
503
494
381
506
502
496
490
571
505
536
492
469
501
490
502
456
506
456
481
532
508
555
499
456
514
531
505
495
494
496
489
485
498
429
498
528
569
499
486
537
499
524
558
531
534
423
480
497
886
523
498
523
496
451
496
455
492
499
503
472
496
497
479
514
519
432
473
475
494
483
508
546
497
502
501
508
503
510
468
491
511
172
538
491
532
430
483
501
500
487
551
474
761
498
496
485
485
495
510
505
589
503
500
720
396
587
516
496
478
496
470
505
505
502
476
484
444
500
510
501
487
578
528
498
493
699
488
580
513
455
508
491
501
492
493
498
483
496
526
506
513
500
458
496
539
509
494
555
510
499
506
540
510
489
574
484
468
515
746
487
543
564
478
509
492
542
503
519
435
580
615
573
575
488
502
511
476
492
509
514
512
510
516
495
504
430
498
515
496
498
492
498
493
574
496
507
594
474
552
499
493
491
497
498
507
553
512
443
488
443
491
516
494
487
509
406
527
486
490
470
499
495
488
494
491
506
692
472
473
504
500
510
501
564
501
491
580
517
334
481
524
510
517
499
497
504
581
483
512
541
428
503
491
443
497
492
484
504
506
489
479
479
501
509
500
476
498
459
510
519
532
508
508
525
460
501
490
419
541
732
486
747
504
497
508
497
499
499
504
374
484
507
508
502
508
490
512
492
501
487
523
497
502
508
487
526
486
528
481
520
505
503
500
514
517
554
502
513
484
639
476
487
493
528
517
502
498
376
497
500
509
507
585
552
444
489
503
515
495
463
472
489
503
486
409
497
495
488
470
516
551
478
503
502
489
502
550
498
497
506
475
504
500
530
468
455
507
499
487
511
495
501
497
470
493
493
467
446
481
447
498
485
347
498
478
509
520
506
499
423
472
487
495
535
463
514
467
557
460
501
552
475
496
555
458
470
497
495
514
532
479
485
494
514
525
505
506
499
464
467
485
506
466
506
476
559
523
494
455
545
529
500
482
524
270
514
493
487
535
537
445
535
510
502
491
488
497
498
438
500
510
498
556
489
481
468
504
474
530
543
535
508
491
539
500
541
512
523
693
504
527
488
497
458
486
452
529
516
508
482
502
500
509
507
493
502
492
523
521
510
498
493
347
507
568
490
502
484
483
505
532
374
506
494
476
496
515
505
501
481
503
523
530
503
513
476
520
500
488
504
494
506
440
605
478
459
489
618
520
473
554
494
516
432
464
471
498
508
533
536
499
508
500
502
522
569
502
515
516
517
578
502
491
483
492
537
467
486
489
334
541
489
471
505
600
512
421
510
489
494
270
429
493
498
492
525
501
411
411
485
488
594
503
505
500
713
501
511
523
569
476
523
581
479
505
488
502
493
491
499
489
503
488
530
498
506
610
437
498
543
524
441
499
502
518
505
483
505
501
492
516
499
490
503
508
525
503
484
482
425
507
498
498
506
501
514
497
533
495
528
494
489
500
447
518
487
505
574
487
480
489
485
497
503
501
429
432
490
500
529
493
492
532
497
442
512
516
569
489
525
501
673
494
487
500
466
507
474
492
478
498
494
274
505
500
500
497
505
512
522
590
510
513
650
506
487
501
499
498
449
501
491
478
507
490
465
498
508
493
391
572
287
494
498
503
512
563
471
501
476
434
489
451
547
493
493
500
500
510
492
513
503
509
553
461
481
504
500
512
504
494
494
546
581
451
492
505
541
515
488
850
501
347
458
511
499
499
563
502
511
505
510
497
496
509
490
525
464
501
486
539
479
511
549
500
503
503
501
597
590
508
463
414
502
511
493
543
506
490
534
500
446
501
494
490
474
491
501
475
502
533
527
476
493
498
510
533
505
492
583
435
616
479
489
512
480
438
471
490
478
505
472
516
552
507
499
492
504
498
520
484
500
540
476
477
465
436
508
503
499
507
495
503
501
498
461
556
447
485
451
495
487
483
401
474
502
505
526
485
499
512
492
502
513
486
412
494
496
614
562
501
421
489
505
532
505
518
473
473
534
506
230
453
492
512
491
502
491
507
479
518
458
501
607
507
509
508
500
484
498
430
512
501
505
516
494
502
495
496
520
504
506
507
497
508
508
493
509
508
487
483
460
530
499
512
494
465
495
506
524
489
497
501
519
510
472
496
489
495
496
493
473
482
499
505
499
513
501
479
499
481
478
521
496
498
499
535
486
488
451
523
488
514
478
517
510
489
448
527
513
486
489
488
494
497
483
505
499
525
505
498
506
518
486
487
485
818
482
500
494
501
456
477
505
507
462
500
508
492
517
504
495
503
497
497
502
519
506
427
503
465
498
723
483
505
345
844
437
280
525
494
865
476
496
515
502
499
527
489
478
505
496
495
497
502
498
470
572
482
519
531
504
489
504
493
482
500
511
497
511
499
498
513
522
506
501
513
509
566
518
505
504
494
497
498
443
494
518
496
516
492
602
536
515
564
501
512
526
499
501
501
609
517
474
479
488
486
504
512
488
485
511
532
489
502
655
573
537
509
502
551
503
532
480
531
483
504
484
533
473
605
507
504
502
492
505
499
514
509
487
489
474
508
481
501
463
495
462
502
529
498
491
499
479
499
429
502
489
507
521
505
491
486
503
507
460
517
497
517
485
504
502
506
490
492
690
504
484
506
463
501
498
498
499
514
467
491
521
547
501
570
516
561
492
402
522
490
510
515
484
451
500
487
509
531
528
506
502
473
503
516
505
505
443
504
562
433
32
491
442
493
504
493
548
505
518
434
608
554
521
495
531
500
433
482
498
623
522
473
511
536
585
401
539
494
501
507
504
499
469
503
677
533
492
515
487
587
534
490
498
491
511
504
487
480
500
513
482
495
501
494
494
498
515
446
508
506
504
506
491
575
496
514
505
484
497
496
550
501
499
500
472
549
525
494
485
495
498
520
479
483
506
494
505
499
544
515
529
500
502
490
493
472
497
584
504
501
485
501
510
440
530
466
524
497
483
612
591
483
513
564
525
479
501
507
479
500
514
500
492
504
511
496
496
602
505
485
487
485
456
450
560
501
518
504
457
505
819
501
472
464
513
468
576
458
489
507
486
461
488
608
500
500
515
495
488
498
485
497
521
561
471
511
501
541
503
536
494
479
478
499
515
515
473
497
495
452
504
499
609
486
487
502
529
498
489
487
453
501
516
555
556
503
489
510
496
496
540
502
493
502
489
506
488
499
524
507
617
574
510
527
436
518
486
497
496
380
496
500
495
493
464
508
494
493
510
524
481
494
503
500
504
493
531
501
503
402
508
535
633
515
512
506
492
491
505
400
505
502
496
505
467
502
505
504
552
508
648
521
503
503
490
550
503
503
536
489
500
548
479
553
487
468
476
577
498
542
497
496
500
143
501
506
508
500
496
498
458
498
520
485
519
501
501
493
548
507
498
508
511
497
501
474
504
467
518
528
497
528
499
499
466
504
483
498
522
483
475
496
477
489
499
530
497
473
502
192
494
526
498
504
565
499
442
550
517
533
510
569
571
495
496
511
534
501
487
493
500
508
458
490
465
512
507
498
508
502
703
481
500
496
499
582
541
504
503
520
501
491
511
493
557
508
494
510
526
472
500
507
520
492
500
501
419
518
503
536
504
516
506
516
485
513
519
502
494
500
505
499
501
492
498
493
527
465
538
545
504
508
497
512
507
477
528
503
466
437
491
490
503
496
636
531
487
495
501
482
534
427
498
502
504
492
497
505
491
504
500
488
503
492
498
535
519
373
491
550
536
575
506
535
490
449
493
495
456
455
508
529
507
513
500
498
485
516
488
514
491
530
482
495
506
497
508
507
504
515
502
507
538
510
494
452
509
425
454
545
572
495
480
457
334
599
536
522
485
510
527
506
502
501
538
500
497
534
498
489
518
517
410
488
545
507
501
495
541
518
510
553
501
496
451
524
535
498
502
493
432
500
503
501
484
419
491
482
507
492
558
504
513
503
502
512
512
476
458
493
525
527
499
461
505
494
507
495
502
501
490
506
481
490
494
502
466
626
485
499
528
502
511
500
512
519
497
492
507
481
452
501
485
511
495
489
518
439
495
448
743
511
513
473
517
619
470
524
515
493
516
491
503
495
532
497
515
467
506
502
503
499
513
494
521
528
510
532
470
501
449
512
500
446
468
584
533
490
493
497
521
500
509
485
515
476
503
608
540
497
472
500
540
508
501
497
511
461
507
449
544
506
533
463
443
496
476
463
495
476
516
406
536
485
473
430
403
491
508
479
513
520
526
492
496
471
511
466
536
486
489
499
481
497
513
510
431
536
504
500
501
454
845
505
512
496
453
498
475
490
502
506
491
497
509
515
497
501
499
508
498
485
494
497
489
484
588
500
511
501
514
512
598
504
492
486
570
526
508
441
506
507
504
501
458
460
507
499
476
423
521
515
507
554
502
467
488
516
495
475
499
491
496
493
501
506
497
481
497
501
512
506
515
497
501
613
482
401
529
489
486
502
500
491
494
497
502
413
549
494
499
494
491
494
482
454
502
506
499
504
501
383
511
514
510
507
506
500
794
494
473
474
613
494
501
489
482
490
545
493
493
498
549
496
468
498
514
498
521
523
463
478
511
506
880
496
520
458
502
505
526
490
496
524
508
517
519
495
498
650
532
492
491
546
501
484
480
546
458
591
479
518
596
484
525
491
532
509
498
551
502
598
539
505
491
498
494
540
507
497
521
500
503
472
500
497
531
525
503
504
499
517
500
479
532
506
536
364
493
491
606
326
499
504
492
497
505
491
492
510
535
466
563
507
509
484
500
511
490
500
502
541
489
518
504
515
499
487
532
497
496
477
478
598
496
488
505
523
495
510
498
511
526
449
502
505
514
499
496
508
538
492
503
522
486
471
492
503
441
498
511
493
434
515
491
478
514
494
500
505
521
476
484
499
402
440
509
501
504
506
541
495
503
496
484
501
445
501
498
526
500
480
521
501
563
495
497
492
466
489
508
506
496
524
531
637
500
496
502
507
500
525
529
497
501
499
466
447
512
448
582
508
523
505
413
505
300
508
535
462
513
570
498
480
482
485
467
483
704
510
326
550
589
445
510
542
503
490
496
493
509
469
517
503
436
530
513
338
440
499
542
577
530
559
484
518
462
556
497
625
500
505
484
507
490
504
498
508
520
423
508
433
499
503
440
493
539
483
518
548
564
525
510
496
507
485
496
522
497
446
514
514
489
426
508
490
484
513
517
507
481
518
505
476
529
732
476
503
479
504
501
496
489
497
519
459
456
653
484
499
542
515
500
490
459
496
504
499
493
496
498
282
495
498
501
510
377
494
480
508
490
494
524
518
406
497
469
493
459
500
492
510
497
499
502
501
518
497
480
503
513
530
481
494
498
446
485
525
512
533
504
501
563
499
444
579
534
508
488
543
485
518
500
500
503
501
505
335
492
212
449
512
481
490
531
499
506
499
480
508
511
535
509
495
515
484
478
508
503
502
495
507
502
526
495
429
499
504
523
496
487
511
504
490
473
505
316
675
466
489
500
475
511
511
495
520
524
501
578
510
495
477
496
502
502
488
489
499
627
495
497
510
394
506
497
946
501
497
515
510
512
497
502
492
498
503
499
506
490
531
504
498
495
490
503
490
497
497
512
497
516
488
437
545
488
478
567
499
463
491
495
486
501
471
496
530
488
524
481
504
496
491
499
434
405
497
573
597
479
495
448
500
522
436
465
502
490
472
501
496
509
526
505
528
517
512
511
515
513
506
508
512
484
497
506
461
531
507
495
499
506
493
497
540
508
486
474
498
515
545
512
493
419
502
472
534
467
470
451
504
396
514
485
536
488
498
509
507
501
504
479
494
498
508
502
491
499
568
537
495
443
502
508
477
492
537
554
498
571
485
498
528
481
477
492
503
487
473
485
500
512
491
473
422
498
490
513
525
421
527
521
494
501
495
503
511
496
503
514
504
439
484
437
618
477
501
503
490
486
504
417
527
534
497
603
465
520
562
505
494
475
499
544
493
504
491
500
516
491
516
598
496
495
505
500
500
527
502
495
523
499
449
506
502
491
524
496
469
484
498
518
505
492
511
549
477
472
495
524
492
495
465
534
510
499
492
509
500
552
442
430
542
512
491
476
499
506
523
493
502
472
489
511
514
516
446
692
530
518
500
510
472
500
724
497
504
474
489
499
498
530
501
555
500
485
506
508
472
531
465
444
511
495
479
487
505
493
538
506
415
509
507
486
470
508
498
509
495
522
467
492
504
500
399
501
518
499
499
538
500
500
511
514
492
542
521
556
452
491
494
506
493
495
499
489
840
374
499
541
497
500
515
500
457
538
449
525
506
505
501
532
490
515
505
533
483
482
504
550
501
423
516
495
413
447
519
504
499
556
499
516
490
518
498
557
489
510
467
511
500
446
507
475
476
532
508
505
489
601
497
512
497
542
505
469
498
558
507
504
499
509
491
492
541
531
488
493
497
478
590
503
495
550
515
504
570
536
503
488
480
444
590
502
516
491
611
515
523
606
636
497
495
482
498
587
506
520
504
489
613
469
501
581
496
511
513
528
477
567
529
458
491
446
490
477
479
506
507
485
479
514
473
473
563
500
519
491
498
472
497
498
475
487
503
497
499
498
510
483
553
537
531
603
496
506
505
498
500
510
439
467
514
492
500
489
497
508
497
509
454
519
515
505
526
500
509
648
492
496
432
496
502
529
458
503
460
499
511
487
508
504
538
471
499
507
524
487
498
667
540
506
594
491
494
462
467
452
531
496
494
506
500
477
511
486
487
502
445
488
498
514
492
495
520
440
534
528
517
518
488
493
485
656
491
510
484
506
520
494
507
496
505
527
506
499
501
495
487
488
502
528
506
505
501
505
495
464
462
488
508
524
513
500
619
508
499
438
501
505
500
508
466
457
501
400
505
497
592
493
477
516
548
279
457
449
498
474
489
522
590
509
502
482
432
497
506
500
485
498
497
471
498
475
537
452
500
496
511
497
506
501
478
486
505
511
490
505
496
487
505
446
545
539
544
459
452
491
217
485
515
500
471
557
490
496
504
522
481
569
499
505
503
499
486
506
535
732
501
486
499
490
439
513
625
486
494
502
523
488
508
505
513
536
504
514
723
455
509
492
513
515
406
509
519
523
523
498
504
512
516
514
489
523
498
498
334
498
454
501
396
520
479
491
399
501
497
527
493
489
456
565
513
499
534
499
504
480
493
519
498
477
523
483
498
515
478
485
499
503
403
497
538
441
473
541
498
528
504
534
498
519
499
395
568
507
503
496
536
509
487
461
501
516
501
554
507
504
495
496
473
453
488
480
518
503
542
488
495
497
524
484
504
484
212
490
502
525
487
512
543
493
500
533
602
461
491
405
449
503
498
500
527
457
481
492
505
496
464
600
455
499
491
489
623
522
559
569
540
418
503
495
487
480
501
510
502
490
513
506
443
489
497
500
417
488
474
523
537
496
498
486
494
471
519
441
491
486
466
495
435
505
499
499
501
488
469
506
480
523
495
495
652
507
492
504
509
511
505
524
484
484
481
531
582
407
509
491
502
497
500
500
486
499
560
286
496
500
500
507
459
510
502
495
512
511
502
509
555
489
484
492
510
495
492
510
490
503
482
532
502
551
502
502
478
471
511
501
498
488
484
497
501
484
504
508
542
555
531
439
494
504
490
509
488
525
523
490
510
487
492
444
481
482
527
442
426
532
503
490
484
501
539
495
512
495
482
512
470
495
