480
528
501
501
496
493
489
498
497
500
505
494
500
430
497
501
549
496
498
493
496
500
602
499
496
504
503
497
506
513
501
498
501
498
499
501
494
508
539
518
529
492
496
503
499
499
454
495
502
501
501
501
468
499
496
486
500
503
494
494
489
495
503
498
501
460
493
492
499
549
494
508
522
497
502
499
503
491
517
466
501
496
501
497
497
497
494
495
516
496
503
518
507
500
504
497
800
478
494
411
500
499
506
495
500
499
494
512
497
527
495
492
512
511
495
501
491
501
496
494
522
502
492
513
503
480
480
496
502
500
518
597
495
509
489
504
494
499
512
491
492
506
498
493
497
503
499
487
499
483
474
493
488
509
547
501
497
504
507
497
529
499
491
498
543
505
505
497
486
496
498
497
516
483
506
498
496
494
483
497
496
525
497
499
496
492
502
479
489
497
491
495
487
497
499
496
492
513
503
508
493
518
490
501
500
496
454
492
505
473
474
499
521
474
510
501
497
499
538
486
505
493
495
498
490
506
495
506
493
486
497
515
498
498
498
501
507
504
500
492
497
507
501
476
490
494
503
500
501
531
487
496
505
493
501
501
495
494
501
498
499
486
501
496
498
486
504
498
495
509
509
497
491
498
485
501
554
510
497
508
502
527
497
492
497
497
508
483
519
498
497
490
483
486
500
499
491
491
491
496
513
496
496
502
494
457
496
499
496
504
508
501
497
497
498
499
495
488
496
492
505
504
497
427
504
484
505
506
434
476
495
496
493
495
498
493
499
484
495
497
500
501
489
509
500
501
492
498
500
503
499
488
499
502
496
499
490
502
611
501
498
498
497
469
497
487
496
498
499
440
494
507
498
504
489
499
489
502
699
459
498
499
497
508
503
503
496
497
539
501
485
505
567
500
492
491
479
479
491
514
492
496
475
498
503
498
494
680
498
494
489
497
498
496
525
496
493
497
515
523
485
495
495
497
466
471
496
488
497
491
503
497
498
495
495
503
501
498
498
503
496
498
489
516
488
503
504
498
497
489
518
495
499
499
513
504
495
493
502
501
477
499
507
497
484
497
499
502
500
500
499
464
498
497
491
501
486
497
503
488
509
494
483
493
524
500
485
496
500
500
494
490
490
501
497
488
486
502
492
500
499
477
498
498
500
490
498
500
504
510
537
502
497
507
503
511
496
501
556
502
499
465
488
507
494
486
498
502
498
501
501
502
485
493
492
491
521
498
502
507
452
507
501
494
501
500
496
501
504
532
498
502
510
506
496
497
483
494
492
498
497
463
498
496
499
499
496
493
505
491
496
507
499
501
502
495
497
494
502
495
496
502
500
496
510
478
495
491
503
510
511
497
493
494
496
488
488
502
495
501
508
500
500
493
494
498
485
504
509
493
494
496
503
504
485
504
497
511
526
491
499
489
508
501
481
493
453
501
487
507
498
497
498
505
493
502
503
503
496
504
510
495
486
497
495
505
499
483
500
500
498
494
500
496
494
489
486
502
495
495
500
498
496
483
512
490
505
498
495
510
510
502
497
478
495
498
501
493
482
503
518
498
509
489
500
511
502
520
497
505
502
496
469
500
505
500
495
498
498
501
497
496
471
501
500
502
500
496
497
493
500
503
495
459
506
478
492
492
485
506
499
511
494
497
485
498
497
506
505
485
497
504
473
498
487
490
494
509
498
499
497
497
494
508
497
491
502
498
498
499
498
499
508
496
529
489
491
494
497
498
497
498
499
495
474
495
497
507
436
497
499
497
496
498
510
499
496
504
500
461
481
496
511
507
523
505
507
488
500
504
496
493
499
498
498
497
527
497
497
472
501
501
496
505
497
492
495
497
498
506
526
501
480
501
491
483
501
540
507
501
499
499
491
490
498
464
480
498
496
499
503
498
478
475
504
498
493
460
497
506
520
499
501
482
498
507
497
502
497
495
501
492
495
481
504
496
501
497
501
504
514
496
493
492
500
474
496
501
478
549
504
492
501
504
502
500
505
498
491
496
527
496
499
500
495
497
764
446
499
501
494
506
497
549
500
497
496
499
511
494
498
516
500
497
506
500
501
490
471
507
504
501
501
499
503
489
499
500
490
495
502
543
494
494
506
506
507
486
495
487
466
506
443
491
492
506
499
524
514
504
497
496
497
493
499
483
499
504
472
505
513
497
480
504
489
498
573
503
512
505
508
521
489
497
549
503
499
500
505
521
493
504
504
492
506
503
484
494
501
499
499
496
508
504
498
498
498
500
456
493
496
585
490
502
503
498
485
500
495
508
495
517
500
499
490
500
499
499
502
500
497
449
495
492
500
492
493
508
423
497
500
499
485
484
494
502
488
496
494
498
490
481
510
475
500
497
499
496
500
500
497
495
503
501
485
521
489
513
470
492
515
493
511
500
496
501
492
488
494
501
504
496
492
506
484
497
496
495
498
501
501
500
403
541
501
458
500
497
491
469
499
496
497
482
500
494
498
487
489
498
486
518
511
505
566
501
503
489
497
504
513
495
502
486
509
495
499
484
485
496
470
500
498
492
513
495
510
499
495
493
497
499
497
494
485
490
501
499
504
486
500
506
499
495
497
501
496
496
488
503
493
497
503
507
498
495
491
500
488
498
498
496
496
496
503
499
495
516
503
475
500
480
490
493
498
496
493
509
519
499
493
504
513
489
478
489
490
501
502
495
494
501
463
500
497
496
497
544
471
495
497
497
491
499
501
502
501
495
500
495
504
498
501
506
496
490
501
499
501
424
502
495
498
498
506
500
493
505
506
502
508
504
500
498
498
493
493
498
515
498
496
499
482
508
497
499
499
486
498
495
491
500
496
494
498
495
515
500
496
518
505
491
511
487
503
483
498
517
492
496
492
496
504
499
484
498
509
489
501
499
510
449
508
500
500
495
498
484
517
507
504
492
485
504
498
503
501
515
510
501
504
509
488
514
495
498
495
493
485
498
503
481
489
483
499
502
502
501
497
503
490
494
501
564
487
496
505
529
497
497
471
497
493
502
454
515
497
497
503
493
501
504
496
483
502
493
505
506
497
502
520
502
497
500
498
502
515
489
495
497
493
495
502
509
496
499
501
495
533
495
501
498
482
481
443
500
504
495
500
547
516
499
497
532
489
490
497
498
499
496
500
506
503
483
496
502
506
499
500
499
499
513
499
505
508
493
524
499
499
502
488
495
492
500
500
370
489
501
498
507
493
499
501
496
491
493
519
498
485
497
512
496
495
498
496
497
500
499
366
504
493
498
500
502
497
491
500
500
509
500
521
496
503
511
497
501
507
490
494
496
506
498
505
500
501
488
496
500
493
499
489
499
507
506
494
500
499
493
499
494
501
502
497
488
515
499
502
499
500
465
488
503
496
494
529
497
501
489
503
500
501
504
495
484
502
494
503
498
498
494
495
485
502
498
505
491
503
498
506
498
496
496
504
498
496
501
478
501
488
489
493
500
516
497
514
498
494
504
504
503
498
491
499
488
497
490
504
504
492
495
491
496
501
496
500
501
511
497
496
509
496
499
497
513
498
499
492
501
493
498
510
500
491
502
506
494
495
501
495
502
502
501
501
494
491
487
502
489
492
497
495
496
494
508
506
494
481
489
497
491
501
499
494
497
496
502
518
500
506
497
495
495
509
527
526
490
496
492
499
496
501
493
497
490
497
496
482
491
506
512
501
505
495
494
440
507
498
500
496
501
573
498
501
496
485
530
497
498
471
496
495
507
544
495
486
489
510
486
499
490
496
503
508
502
505
500
506
495
600
445
493
497
502
499
500
499
513
497
507
497
502
492
495
505
517
504
686
515
530
481
490
499
490
500
500
504
496
494
501
512
491
500
493
501
494
505
499
453
494
498
496
503
495
486
506
500
523
486
495
531
499
463
504
500
496
504
516
469
494
498
508
515
502
488
497
504
505
508
502
491
496
498
492
497
504
496
497
501
548
500
491
502
499
501
506
493
496
499
500
515
509
492
492
497
499
500
484
504
510
495
498
481
482
494
515
503
511
502
493
492
498
479
499
495
499
501
484
543
510
509
501
514
497
493
495
504
501
472
498
492
486
496
500
302
490
510
496
501
497
481
501
496
498
492
502
506
503
497
624
497
497
492
456
503
497
495
504
476
499
502
498
434
471
500
496
488
492
485
501
510
493
498
504
498
502
501
497
482
497
502
495
497
508
509
510
480
501
496
499
495
505
497
506
500
524
484
499
498
498
479
507
502
510
386
497
497
537
493
642
486
521
497
498
497
459
495
495
489
493
493
466
498
520
499
500
587
495
485
508
498
499
500
451
497
502
498
501
505
498
485
502
499
496
493
677
512
521
499
488
584
512
501
491
500
497
496
500
517
491
494
498
500
505
497
501
499
524
507
495
496
510
510
498
498
493
499
510
497
484
499
499
500
495
499
496
480
507
499
507
481
496
551
512
482
488
497
485
499
490
504
474
481
493
495
500
499
499
500
497
500
500
514
491
484
497
499
495
500
497
508
507
503
496
497
470
491
498
498
497
480
497
499
505
473
501
514
379
492
533
500
506
455
491
510
496
505
500
497
508
496
506
503
499
492
498
529
505
493
500
503
446
497
499
499
497
501
481
503
473
499
505
500
495
500
607
498
499
499
501
495
488
496
488
498
499
525
502
495
490
499
508
511
499
498
504
495
499
549
495
514
501
526
496
497
510
485
503
498
501
498
494
507
497
502
504
496
494
506
494
496
495
503
465
495
499
504
499
493
494
499
500
495
506
491
501
497
435
489
470
501
496
483
503
499
497
500
466
500
498
499
501
498
494
505
490
481
482
498
471
455
509
498
371
502
510
495
488
520
486
512
505
493
497
500
494
491
499
477
499
496
510
489
500
505
500
475
496
494
502
504
509
489
500
498
501
496
505
502
498
497
497
442
493
501
501
500
559
496
496
595
470
496
495
496
510
499
497
497
506
489
507
496
497
491
500
494
518
486
499
486
551
497
498
501
489
500
499
488
500
503
494
499
510
486
498
492
504
437
505
490
499
494
486
493
496
497
442
501
497
499
495
499
496
503
460
497
494
501
492
500
563
501
503
506
497
490
545
484
505
500
496
483
500
498
506
501
497
499
497
494
525
501
503
484
500
470
505
508
613
481
498
492
487
502
512
488
496
502
501
494
503
495
503
500
497
497
500
500
501
490
494
500
493
500
513
394
498
510
499
503
501
514
497
500
497
470
463
492
493
497
499
497
490
502
504
517
497
498
497
498
498
491
497
504
476
501
499
501
496
499
496
494
498
493
500
499
503
499
520
512
496
499
339
501
517
489
484
517
499
500
493
513
496
497
487
492
490
515
498
481
489
503
493
496
493
500
506
494
517
496
499
494
501
496
511
490
480
506
538
506
514
496
500
495
495
493
497
497
501
507
500
507
498
504
504
446
498
501
451
491
525
497
500
397
497
474
498
500
500
499
499
498
499
496
490
507
495
501
620
533
505
493
510
513
459
491
498
494
500
503
514
548
504
504
505
501
500
487
493
499
500
500
459
498
515
505
495
497
490
501
506
507
501
492
499
496
495
469
488
498
496
498
494
490
552
495
497
495
445
494
498
494
498
501
537
499
501
501
493
502
497
501
498
492
504
492
532
497
498
497
488
500
507
493
494
501
489
497
501
496
501
500
496
495
497
501
487
523
506
490
493
490
492
534
488
496
497
498
520
499
496
498
492
494
445
476
500
495
511
498
486
496
492
482
501
516
476
490
488
499
499
496
500
503
442
493
510
498
517
497
499
500
497
497
500
498
509
499
496
500
501
498
496
501
494
495
501
494
491
499
487
494
500
500
511
499
507
499
499
504
511
496
496
471
488
500
492
494
493
493
482
496
497
611
497
500
498
499
492
499
498
502
499
503
503
497
509
508
496
496
512
500
503
497
500
542
492
504
502
492
500
498
494
491
470
487
494
500
486
499
490
511
489
496
507
497
482
496
492
500
492
503
499
495
512
592
487
500
504
507
496
496
494
500
499
502
502
537
576
495
507
502
494
507
499
496
503
499
474
504
495
482
492
499
389
498
478
506
493
493
496
509
445
498
489
497
499
502
491
505
501
511
482
496
499
502
496
497
489
487
498
501
506
513
500
498
501
501
499
499
483
510
501
503
502
499
488
498
497
482
494
507
496
517
490
496
485
514
505
489
499
496
501
510
492
499
458
501
544
508
496
492
506
500
502
506
497
486
498
498
525
489
499
496
505
473
492
500
472
518
502
502
505
502
487
503
491
496
491
507
501
499
490
496
496
493
498
492
493
501
486
504
509
493
499
498
459
489
496
498
498
478
505
494
491
506
507
499
505
496
496
496
498
492
500
462
499
496
485
509
499
485
497
502
502
494
500
505
463
492
491
512
454
414
495
501
513
501
507
592
505
470
503
489
499
496
488
496
496
503
495
492
500
485
494
496
493
496
496
506
499
498
489
510
504
502
498
497
500
500
495
498
458
506
499
503
487
498
505
491
496
489
499
494
493
500
495
504
504
491
494
501
498
502
518
495
694
487
498
469
495
501
498
500
489
506
502
512
505
474
496
500
498
501
496
497
497
500
503
499
497
500
498
498
497
493
497
501
493
491
499
500
487
498
519
506
504
493
469
510
510
535
502
502
497
483
506
497
511
495
464
503
466
502
484
508
494
498
498
497
492
508
529
494
502
497
499
492
499
504
502
497
504
506
502
507
496
498
493
494
412
507
495
516
498
500
502
500
497
498
497
491
496
495
499
505
486
411
498
630
499
499
515
500
490
505
499
518
495
469
493
500
497
480
496
494
499
496
502
485
503
491
508
498
489
450
505
504
494
472
493
498
489
503
502
505
497
499
504
474
486
482
497
452
491
499
511
501
497
474
496
494
497
499
502
497
500
508
494
494
497
495
500
501
492
514
535
494
496
496
494
494
493
498
504
504
498
500
499
493
504
501
500
476
501
499
497
589
498
497
515
500
496
490
501
439
481
505
486
492
546
499
405
496
503
499
492
513
500
514
496
492
513
505
502
480
481
504
483
507
490
499
501
504
492
499
497
491
498
500
505
498
498
498
493
511
509
498
500
523
476
492
501
511
504
492
502
486
503
489
495
486
498
502
508
502
492
496
512
500
503
508
494
492
499
501
492
495
490
514
504
504
499
522
501
515
499
496
507
502
511
590
497
486
502
497
497
487
507
496
497
495
511
497
496
497
498
500
490
499
501
497
494
513
497
499
494
494
516
497
498
495
495
499
488
496
505
497
497
495
498
496
493
501
528
495
497
509
502
484
497
496
499
502
499
492
475
494
490
487
504
521
498
506
495
473
491
491
498
520
510
492
501
498
501
488
494
491
505
497
510
497
495
498
501
522
442
496
489
485
486
465
426
499
494
417
497
476
497
503
493
508
510
502
491
511
523
498
517
494
498
494
493
498
491
514
501
495
499
509
498
497
496
501
502
496
500
498
486
498
501
491
506
496
496
497
495
502
482
497
501
495
501
501
469
501
495
495
496
498
498
494
524
500
498
501
499
514
498
505
503
469
502
497
496
489
493
499
501
494
502
494
524
504
522
502
492
502
503
498
486
492
518
499
502
499
484
492
457
506
497
502
493
499
428
501
506
487
495
499
502
525
492
499
514
492
494
497
492
492
512
488
493
495
502
501
497
488
487
531
495
499
494
492
492
498
500
505
510
531
518
486
479
493
499
496
498
433
419
489
500
489
498
499
512
499
495
493
498
498
502
498
504
519
528
494
494
498
497
504
505
507
490
498
487
494
501
510
502
523
503
501
493
490
484
494
492
482
625
507
497
497
492
498
440
496
501
496
501
502
497
503
494
491
517
499
472
497
500
487
508
493
500
503
507
489
459
508
494
498
502
488
501
456
479
492
497
496
523
496
487
506
503
494
507
501
492
501
482
497
499
497
533
503
507
579
500
498
494
497
499
494
504
480
503
499
494
498
520
498
487
498
601
494
496
501
510
535
493
499
500
513
506
498
499
498
478
489
488
495
484
496
499
498
515
479
489
513
496
462
498
497
493
510
482
518
500
491
488
490
489
493
496
501
493
501
500
498
494
486
505
498
499
497
489
498
511
497
493
480
500
509
484
499
497
499
496
503
498
494
494
502
497
499
499
493
501
498
499
429
528
508
500
498
487
492
501
489
490
500
499
466
498
498
534
498
501
503
501
539
492
491
510
494
488
499
653
499
501
531
497
528
497
485
494
499
498
498
502
497
474
512
499
499
502
500
504
496
500
504
499
494
500
500
499
487
497
726
499
503
449
494
507
493
499
495
505
499
489
506
495
499
499
496
436
503
586
695
513
501
502
496
515
499
506
497
490
500
487
501
490
498
530
449
507
625
498
498
502
507
505
498
503
500
499
494
499
487
497
498
501
490
599
498
492
516
499
507
497
475
503
501
509
498
491
502
496
501
499
485
512
509
485
498
494
502
497
503
506
500
511
500
495
498
498
499
503
495
491
490
497
512
492
487
500
503
512
494
504
498
500
491
495
491
496
496
524
502
498
504
512
498
502
498
535
499
493
499
485
490
500
433
513
498
494
507
492
499
504
496
496
503
507
503
500
503
496
489
497
494
91
497
505
502
493
497
498
500
499
496
497
490
498
488
395
496
480
486
498
500
511
516
500
499
500
456
496
502
455
494
501
500
490
497
502
500
495
519
498
490
503
477
442
496
500
483
494
506
506
501
504
498
489
490
504
508
492
504
493
496
384
499
500
496
501
503
497
496
502
497
498
486
513
496
499
540
497
499
486
500
499
533
497
501
498
500
503
499
498
503
493
505
499
502
481
494
509
498
500
506
488
484
492
494
507
478
484
498
502
500
509
443
506
502
513
497
500
507
496
491
501
498
496
497
496
743
506
501
497
498
497
499
497
483
498
499
500
503
467
493
505
509
511
473
493
489
495
505
496
496
497
502
499
494
498
548
500
496
499
525
499
496
494
495
493
489
487
500
499
497
500
495
497
500
503
496
499
500
498
507
500
519
500
500
494
502
493
476
500
499
521
474
500
503
501
506
509
505
471
495
497
507
481
506
489
530
498
517
504
496
509
497
500
499
500
546
482
496
501
494
508
414
533
477
519
502
493
512
496
497
489
499
497
519
493
493
498
520
536
498
494
500
492
544
504
495
504
473
502
502
494
481
498
504
501
528
497
505
501
520
500
501
500
504
499
515
506
497
501
507
498
495
498
495
226
499
520
501
500
494
504
493
488
493
500
499
498
497
497
490
495
496
482
495
501
507
495
499
484
542
492
502
500
496
498
