500
498
564
503
498
500
504
416
508
499
495
500
497
498
515
509
497
453
499
501
514
499
498
508
498
499
498
488
503
488
498
505
507
503
502
502
498
506
500
529
506
500
500
500
499
500
499
501
500
467
518
499
499
510
503
502
505
500
499
501
500
500
493
499
499
506
501
500
497
495
499
501
500
504
500
498
503
500
504
499
500
499
500
498
500
508
499
494
501
500
507
502
498
499
498
504
500
500
500
498
494
499
501
502
495
502
500
492
503
507
499
501
501
497
506
505
498
495
500
493
500
503
496
502
499
494
495
500
494
499
486
496
497
494
490
497
493
502
501
524
500
502
507
499
499
501
511
500
492
504
506
501
499
505
483
500
503
500
498
487
500
500
505
499
507
497
500
501
503
501
495
500
499
498
499
502
489
498
498
498
501
509
499
515
497
498
515
506
507
499
499
501
499
504
502
499
499
499
465
503
497
500
500
500
505
485
499
497
499
503
504
498
499
499
502
499
499
499
499
503
503
499
503
501
499
502
499
505
506
500
479
499
496
499
504
451
495
499
500
500
506
499
497
501
513
499
498
459
499
499
499
494
499
500
499
509
496
499
489
499
522
496
497
512
499
492
499
503
503
497
500
501
498
499
495
502
507
501
501
504
489
500
499
499
484
499
498
492
501
503
500
499
496
506
501
504
506
501
488
499
499
501
500
502
501
501
501
498
498
490
496
501
501
496
500
502
512
499
504
489
500
505
501
499
506
497
503
499
500
499
513
500
499
506
501
500
500
467
501
503
500
494
498
497
500
500
502
502
494
497
503
500
498
499
501
462
490
500
502
497
498
500
505
500
483
505
498
499
501
499
500
499
497
477
514
500
512
499
516
496
500
509
496
504
507
498
476
503
499
500
510
526
505
502
501
501
499
500
499
498
496
509
539
499
506
499
502
499
499
500
553
487
500
497
501
500
503
498
496
495
499
499
498
499
491
502
492
499
501
438
499
469
501
464
527
507
495
499
498
502
509
500
498
503
479
500
518
500
496
492
501
561
499
498
501
498
503
500
505
508
502
499
500
501
499
499
525
499
486
503
497
586
502
486
506
499
496
501
499
470
511
501
497
501
500
498
500
501
502
502
499
509
500
485
501
500
498
499
500
501
486
500
492
502
506
492
505
500
499
500
498
515
497
499
450
502
506
506
502
523
498
500
506
502
499
498
497
501
498
502
491
498
500
500
500
498
499
506
499
495
499
500
500
501
500
506
498
502
488
499
503
491
496
514
501
500
501
500
505
509
500
603
481
503
497
500
493
487
498
496
498
499
500
493
481
504
506
504
501
499
499
499
499
509
499
501
491
502
499
504
500
489
502
502
495
499
500
509
560
502
499
477
499
499
499
489
508
500
500
499
505
501
498
499
503
500
502
499
498
500
500
500
504
502
500
500
501
498
501
501
499
499
505
500
501
500
498
503
498
494
571
500
495
494
487
495
498
481
499
500
501
499
500
495
500
493
501
501
496
499
497
483
500
507
499
497
500
500
503
494
504
497
500
501
460
500
504
501
497
500
500
496
499
506
499
501
499
507
502
499
499
499
513
503
495
496
501
503
502
501
496
508
502
511
500
501
498
488
499
498
503
501
500
553
506
499
503
501
499
496
498
497
498
499
513
501
500
499
500
501
502
499
499
502
495
492
498
496
499
498
500
488
500
500
493
502
499
503
491
500
499
451
490
499
511
499
499
502
497
486
501
494
499
499
494
500
495
496
504
507
511
615
493
388
499
501
505
500
500
517
499
450
529
494
484
519
500
497
502
489
490
496
497
501
499
496
502
504
489
499
496
507
504
500
467
506
516
428
499
500
495
502
500
500
497
496
503
512
508
502
514
499
497
499
458
498
497
501
498
498
495
505
500
498
497
503
501
501
488
464
481
462
503
503
499
500
505
500
499
499
503
496
502
502
501
499
499
499
503
500
470
498
500
503
491
497
494
490
507
492
500
501
499
494
505
499
498
499
500
489
510
537
500
515
508
500
496
524
501
510
498
498
501
499
501
500
508
499
499
501
499
518
500
496
506
498
460
494
504
503
501
508
498
501
510
500
496
502
500
486
499
498
506
500
498
490
497
502
499
499
503
501
497
504
502
500
503
503
502
491
500
500
498
496
489
498
500
498
498
501
504
499
501
522
498
499
501
500
499
500
487
503
470
497
495
501
495
499
500
490
513
499
498
498
493
502
498
498
499
498
511
498
501
499
499
504
497
496
497
511
494
501
498
500
500
500
498
499
501
507
504
503
500
497
497
511
500
500
506
501
501
504
499
498
473
499
494
504
501
510
511
469
501
498
502
495
497
502
499
498
502
498
528
499
500
499
500
499
498
502
498
451
498
500
497
503
507
455
498
508
498
500
500
500
493
499
509
500
502
499
508
516
506
500
501
489
498
492
501
490
501
502
501
501
494
499
500
499
486
501
501
498
519
503
514
500
496
505
499
498
493
499
497
503
498
500
499
495
500
507
493
501
499
497
501
496
499
499
499
498
500
499
508
497
511
498
499
446
504
498
491
501
484
500
500
504
499
500
497
499
501
511
525
495
498
498
497
490
502
488
515
498
491
499
508
502
499
510
504
499
501
499
499
499
500
504
457
503
500
469
507
499
499
500
497
483
502
501
500
501
506
492
511
476
499
500
504
499
500
479
549
500
499
505
510
499
499
507
501
489
501
500
498
500
501
499
500
496
500
500
505
492
503
499
499
505
507
501
499
496
496
506
494
501
500
502
506
499
511
510
502
500
500
496
510
501
500
499
502
500
512
499
497
500
503
509
498
499
500
493
504
503
497
500
499
498
510
502
500
497
512
511
495
500
499
495
500
499
501
508
498
502
503
499
500
500
506
499
500
501
509
492
504
502
508
498
504
498
506
501
499
516
506
496
486
500
498
525
494
501
492
493
501
506
499
494
500
490
500
501
499
493
509
493
496
496
500
502
497
499
500
484
503
501
499
489
499
517
514
499
498
500
500
499
455
492
501
500
498
500
500
499
504
499
499
500
505
508
500
504
501
500
490
504
500
500
500
503
500
498
499
516
499
499
499
499
498
500
500
500
492
493
499
503
493
501
499
488
502
451
501
500
502
502
498
504
501
500
501
529
503
500
499
498
499
506
504
504
500
500
501
500
500
493
501
498
507
500
498
499
500
498
494
497
495
501
501
501
502
526
501
498
499
503
502
503
478
508
503
501
500
499
505
501
495
501
501
500
499
499
499
476
506
450
506
501
501
505
502
508
501
504
499
519
500
501
497
499
502
513
480
503
499
500
502
503
500
503
500
500
523
499
500
500
509
500
501
499
501
505
497
494
489
500
503
500
500
488
500
502
507
514
503
500
499
501
502
497
500
503
500
465
526
505
487
493
500
499
497
500
501
496
497
500
491
506
501
500
500
499
511
478
502
503
502
507
501
489
501
498
503
499
500
518
506
499
499
497
503
502
499
498
499
502
502
497
495
503
494
495
498
500
501
499
500
499
500
500
499
500
497
497
498
499
497
542
494
495
498
503
492
502
507
509
498
501
499
500
502
509
499
500
501
507
501
501
476
509
496
499
498
499
532
466
500
501
498
499
503
500
500
500
502
508
503
489
491
498
503
501
511
499
516
498
512
495
495
498
495
499
499
500
498
498
487
502
508
497
498
495
498
500
499
496
551
501
506
494
489
501
499
500
500
502
494
495
500
500
501
502
495
495
495
502
489
493
499
500
499
500
483
499
499
500
500
500
500
512
504
498
497
500
492
504
499
497
499
498
496
497
489
501
499
494
511
501
500
499
497
501
498
496
508
499
495
497
501
499
501
498
498
500
499
512
498
500
498
504
498
473
500
497
495
500
496
500
433
505
493
500
502
500
500
495
491
500
501
501
503
509
513
502
502
486
503
499
501
499
502
500
500
499
500
502
499
494
499
499
498
499
486
510
470
495
497
493
495
501
503
477
499
497
488
506
500
503
499
517
504
505
496
497
504
499
499
513
499
498
503
500
589
496
489
502
483
500
498
497
500
499
504
497
494
499
506
501
500
501
494
498
500
513
502
490
512
499
496
499
502
499
499
499
499
500
502
499
114
499
492
505
498
501
501
501
503
500
501
497
505
496
500
499
504
499
499
501
493
496
502
501
478
499
499
500
501
494
500
500
497
497
496
478
516
499
506
498
501
503
500
499
511
495
498
506
495
503
502
505
500
499
468
498
499
502
499
500
513
498
498
499
499
502
505
502
500
500
499
507
499
493
506
502
478
496
505
504
503
504
498
501
510
496
502
502
501
499
501
501
502
500
496
501
498
500
497
499
509
500
500
500
480
487
500
491
498
494
502
447
507
500
504
499
489
497
492
500
502
493
482
486
507
499
488
502
511
503
495
499
494
498
499
499
500
500
501
505
508
486
502
500
491
500
499
502
498
502
500
504
499
498
468
507
499
500
492
499
496
499
498
501
490
498
500
497
500
503
498
442
490
500
495
505
497
478
508
507
499
504
495
501
493
503
517
499
500
497
499
494
499
502
500
500
500
499
493
501
487
500
512
500
499
497
496
500
500
497
504
492
501
500
538
509
522
416
499
490
507
503
502
500
498
500
498
496
499
501
499
491
501
502
501
500
501
500
495
497
496
500
500
499
499
496
499
500
519
503
513
511
500
549
526
499
496
509
498
512
499
498
497
517
501
484
500
496
500
491
499
506
499
503
499
502
503
499
499
499
503
498
500
506
499
500
503
499
498
501
498
502
496
499
498
498
501
500
499
499
498
496
500
502
499
506
489
502
498
497
498
472
496
606
499
500
500
503
501
500
504
500
501
488
499
501
499
492
496
499
500
494
502
487
502
500
500
502
500
501
500
501
500
500
498
499
501
510
503
499
500
499
504
484
507
498
503
496
494
511
499
500
499
499
499
498
510
500
492
514
500
499
502
515
513
499
503
499
499
501
503
500
502
498
507
484
476
498
506
500
500
499
500
499
501
500
496
477
509
503
500
501
499
500
497
505
498
500
506
499
500
499
502
503
513
501
505
499
499
500
497
500
499
501
501
498
484
499
553
499
499
499
500
507
516
498
501
500
502
502
494
505
498
500
504
496
500
502
499
504
502
502
500
500
479
504
500
507
503
498
499
556
499
500
500
502
501
498
491
505
499
499
501
497
498
517
499
497
500
499
502
500
499
499
499
509
512
496
504
505
498
502
487
500
499
499
502
500
500
499
500
501
499
506
500
520
500
501
502
499
516
501
499
495
499
500
503
499
444
500
484
500
500
504
492
498
511
498
499
501
494
497
503
499
489
497
499
502
499
500
501
510
496
495
498
509
498
500
500
502
498
519
496
500
500
499
502
497
500
499
498
509
497
506
499
486
505
505
501
501
496
497
501
497
493
501
499
496
500
502
503
490
504
499
498
500
501
500
498
498
505
497
500
500
495
507
499
498
500
502
504
499
501
499
498
501
504
511
490
537
503
499
500
500
501
511
502
501
499
499
495
500
498
520
501
500
500
497
502
507
486
500
498
500
508
500
496
527
488
500
492
507
503
498
502
498
500
501
499
498
501
494
500
500
498
502
499
498
500
500
500
507
501
500
500
498
512
501
496
501
501
501
501
500
500
502
497
509
486
499
493
503
485
506
490
498
499
508
503
494
500
520
499
496
501
480
492
489
501
499
502
501
504
502
511
499
499
492
503
501
500
516
499
498
500
482
502
498
512
500
493
501
505
500
501
500
500
503
499
505
499
502
506
498
498
505
499
498
500
499
508
504
510
503
498
505
496
498
500
500
480
495
504
499
495
500
500
493
501
498
505
498
500
494
499
501
505
498
500
499
500
501
504
499
499
528
505
499
504
505
480
505
499
510
496
498
497
502
501
500
495
501
487
499
501
506
498
499
511
503
501
502
538
503
504
499
509
493
499
499
501
503
502
501
505
498
500
487
496
498
498
499
500
499
517
499
494
500
498
498
499
499
498
485
498
500
503
495
504
499
500
517
504
499
497
496
482
499
499
504
503
499
503
502
487
500
500
505
496
506
510
488
499
509
504
507
499
498
501
499
490
504
503
498
500
438
495
500
499
500
498
514
500
499
499
501
500
506
499
498
502
500
502
497
499
501
503
499
501
500
495
494
500
501
498
500
501
496
505
499
499
497
479
500
500
501
499
496
508
503
502
509
498
497
501
500
502
499
500
490
493
501
498
499
501
500
503
494
499
497
502
498
499
508
501
501
485
506
518
503
495
501
500
497
499
499
509
500
498
500
498
514
500
504
503
500
495
501
503
500
499
496
504
479
499
507
500
494
499
504
545
500
500
517
510
492
504
510
500
494
508
502
506
513
499
535
495
501
498
502
496
556
493
501
491
507
507
503
508
529
503
500
502
498
502
492
500
528
494
498
503
495
503
497
499
496
496
507
497
496
500
505
499
499
501
501
501
505
500
501
507
504
527
502
504
497
491
503
493
498
499
507
499
504
502
505
502
498
488
501
495
504
486
488
524
498
499
491
499
507
497
486
500
504
497
499
499
500
500
488
499
500
499
499
499
500
498
509
508
507
502
498
509
498
500
505
500
503
520
497
496
498
499
501
499
488
499
533
494
493
491
505
499
500
500
501
495
500
503
498
499
502
498
499
514
475
502
499
499
500
501
500
500
501
500
503
497
489
514
495
512
503
494
500
501
509
496
504
498
508
499
502
508
503
499
511
496
502
500
506
501
502
499
500
500
500
496
499
502
497
501
499
499
529
500
497
499
498
500
502
483
503
502
499
499
502
499
500
499
495
499
502
503
500
498
499
499
503
498
503
499
499
500
498
498
505
499
498
501
500
498
492
497
498
506
504
502
505
502
498
502
496
500
497
505
500
499
485
499
500
479
524
500
495
504
500
499
500
498
501
502
468
501
499
499
486
499
492
501
500
499
500
507
501
502
507
520
500
498
512
501
493
497
500
495
495
499
500
509
498
500
499
503
511
499
499
499
506
498
500
501
498
491
497
503
497
508
498
493
503
499
507
506
501
499
497
498
498
511
498
500
491
516
499
500
503
500
506
501
499
511
495
499
492
500
502
500
497
499
456
499
500
499
516
500
499
499
499
496
504
498
503
503
499
497
496
497
499
497
509
500
521
503
489
491
499
519
499
500
501
500
503
498
506
495
502
495
506
500
500
502
499
500
503
495
502
505
499
493
499
502
500
501
498
499
498
508
498
499
506
506
510
500
500
499
500
491
489
500
499
475
499
500
505
504
501
499
502
506
500
494
503
502
499
497
498
501
508
502
494
499
498
505
496
504
488
500
499
502
497
500
499
500
501
507
499
504
489
501
503
501
499
503
507
501
500
510
499
498
501
502
499
500
503
505
500
512
502
501
499
505
491
494
493
498
499
500
483
501
501
499
505
499
495
512
504
519
499
500
516
499
500
500
504
500
500
498
499
499
500
499
486
500
506
498
505
504
501
501
500
499
496
500
498
500
525
497
498
483
499
505
499
499
504
504
500
499
501
510
501
500
501
502
492
503
498
504
502
498
499
499
500
499
501
499
502
500
500
501
503
501
501
493
501
499
503
499
499
501
499
493
500
510
505
493
498
500
503
499
512
505
500
499
503
502
498
499
499
500
500
501
504
503
503
540
498
507
496
500
500
500
498
497
501
502
499
500
502
503
501
498
507
501
499
500
501
489
500
499
505
480
500
496
500
498
499
499
499
499
496
500
503
498
493
497
499
502
499
497
494
500
495
496
510
500
505
505
501
500
496
496
499
498
501
501
498
490
499
504
492
500
501
456
501
499
499
502
502
498
501
499
503
502
498
503
511
495
500
526
492
502
495
497
499
498
496
471
495
505
499
495
499
502
501
499
499
500
503
500
499
498
495
499
505
501
499
506
499
514
499
499
500
499
492
503
500
499
503
500
498
495
501
511
492
499
499
494
515
502
497
494
508
476
500
518
499
498
496
502
504
496
497
498
543
506
502
499
497
500
500
500
502
495
503
506
517
499
500
498
502
499
500
501
463
498
495
505
549
499
502
498
500
501
500
489
499
503
501
493
520
500
504
501
498
500
509
505
500
499
508
504
500
503
494
509
505
499
499
499
498
501
470
504
512
498
505
504
498
499
502
510
505
617
500
500
497
499
501
504
502
504
498
497
500
499
500
499
494
499
500
500
501
527
494
498
501
504
498
498
495
501
495
491
500
501
499
501
515
498
500
495
500
500
503
500
499
525
488
501
468
516
489
521
499
500
496
501
499
499
500
562
500
500
515
497
502
489
498
498
500
502
494
498
498
501
495
552
499
498
499
500
488
499
506
500
498
500
493
499
497
500
500
509
499
484
502
499
501
500
499
501
498
495
502
509
508
506
496
500
500
504
501
475
498
500
498
498
499
500
499
502
492
500
500
497
503
504
492
499
502
511
498
500
495
502
499
500
488
502
510
499
494
499
497
500
494
502
499
501
505
504
499
530
496
499
498
496
500
501
499
499
501
502
500
514
515
498
496
500
501
502
499
500
499
500
499
499
499
499
483
499
503
500
492
499
495
499
499
503
501
502
502
499
493
501
503
497
512
494
495
499
500
499
500
488
499
500
501
502
499
500
492
499
499
502
500
501
500
499
492
501
510
503
499
498
500
503
498
500
497
500
488
501
499
499
500
499
499
503
503
497
504
500
497
500
496
506
498
499
497
493
499
497
498
493
496
493
499
499
499
495
506
507
499
500
505
499
504
499
499
499
492
499
500
504
512
500
496
497
502
503
504
503
503
499
495
500
432
502
493
493
502
500
499
501
508
498
503
496
505
500
499
516
499
504
500
508
513
498
497
500
498
496
500
500
499
501
500
500
500
507
497
500
502
504
501
497
511
500
499
500
500
485
501
504
502
499
490
522
500
451
499
499
499
498
499
499
500
500
497
496
501
501
500
499
500
504
492
501
502
499
496
500
502
499
500
500
493
439
499
491
499
501
502
499
500
489
504
497
499
498
498
497
500
500
499
498
502
500
507
495
500
506
486
500
494
498
502
504
496
500
499
495
484
482
502
501
497
497
500
495
504
503
506
499
498
501
502
499
496
502
499
495
506
497
505
505
502
506
509
498
498
494
499
493
500
497
499
497
499
500
499
499
502
504
499
489
486
499
502
498
499
474
501
499
501
499
498
495
502
496
500
501
501
500
501
500
500
501
498
