504
503
506
502
505
501
494
503
496
514
511
498
503
496
498
507
504
486
496
504
502
521
505
492
515
500
508
501
451
498
505
434
489
503
500
442
498
504
498
497
503
502
508
467
506
473
492
485
497
512
501
502
506
498
501
502
499
502
504
483
500
502
493
500
483
494
533
502
498
497
495
503
501
504
485
497
483
501
508
494
504
509
506
493
318
503
501
521
506
498
508
503
463
504
491
504
487
506
504
498
494
502
495
506
508
551
509
501
555
506
506
504
505
504
515
530
502
502
502
483
526
511
505
503
490
504
506
498
502
499
514
505
489
501
502
523
505
496
501
519
499
505
505
504
485
489
427
502
493
486
491
500
474
485
500
502
502
505
498
502
506
497
499
500
501
529
498
504
499
505
495
502
505
503
504
523
509
503
503
423
496
501
502
485
510
506
495
512
496
496
493
504
512
506
513
496
499
525
506
496
508
466
502
505
490
515
509
508
501
418
505
502
501
494
488
505
277
502
512
504
504
501
513
500
503
504
507
476
505
505
495
511
509
503
495
474
504
503
503
500
505
495
504
491
475
506
501
502
498
504
492
509
500
503
494
464
502
509
503
511
500
503
501
495
503
483
507
530
501
502
497
500
467
512
456
499
510
504
442
503
508
500
500
499
504
496
502
553
260
503
504
513
500
503
499
502
501
546
512
535
502
484
503
505
504
499
505
503
489
503
516
501
509
468
501
506
505
493
488
501
502
525
503
505
505
486
514
499
487
501
508
352
524
500
506
508
511
497
512
511
501
524
479
495
499
497
508
502
442
512
501
489
502
499
519
710
499
518
505
503
482
504
506
512
504
498
502
499
476
504
491
505
497
502
509
492
485
506
514
501
519
500
555
528
515
505
495
499
507
513
504
499
481
523
502
498
682
504
497
497
505
500
517
533
501
481
501
520
481
500
504
504
498
462
499
500
502
494
504
500
504
496
504
506
496
509
508
499
468
502
504
497
496
504
537
505
498
499
498
498
513
503
505
477
501
502
507
622
506
514
505
508
502
510
496
472
504
501
504
496
506
492
509
495
501
502
463
507
517
500
501
497
512
497
502
498
459
543
503
500
524
504
488
505
497
506
493
501
530
501
503
508
490
521
492
535
484
508
511
508
504
507
508
508
506
501
504
502
506
507
508
449
515
502
503
501
497
509
603
505
499
492
503
507
508
507
508
502
467
494
503
504
502
508
505
499
498
499
507
504
517
496
511
501
515
503
517
443
505
507
461
501
499
504
493
516
502
501
499
500
500
486
498
503
522
472
493
502
504
505
504
512
468
502
497
504
502
521
505
480
480
461
508
516
511
503
500
505
502
500
497
500
503
507
509
518
496
500
498
505
499
492
513
491
509
497
523
499
505
511
496
498
515
502
516
502
497
497
505
499
489
506
502
489
514
503
500
503
503
491
520
526
508
498
483
504
507
506
503
480
519
522
533
472
502
496
516
501
504
508
536
503
481
502
506
509
508
499
491
506
509
504
502
504
501
510
505
498
507
497
504
507
504
497
511
506
492
488
499
511
506
506
507
510
503
497
497
489
501
502
509
513
503
506
505
506
506
520
479
503
506
501
505
495
512
472
496
502
525
545
572
517
491
505
499
503
521
510
497
493
496
501
500
467
499
502
502
498
507
520
504
504
514
506
502
498
516
503
511
501
504
508
538
505
502
496
503
500
507
508
514
508
489
495
499
501
504
502
514
505
478
515
504
479
488
510
499
505
509
506
526
508
504
505
509
503
540
508
492
504
532
541
497
502
503
514
513
509
509
499
515
508
507
503
504
496
504
503
502
501
504
501
506
521
508
528
507
504
504
500
510
499
516
524
495
509
521
504
502
496
497
495
503
493
501
505
504
502
503
502
508
488
505
499
506
501
505
484
496
502
504
519
502
506
508
502
501
510
501
496
512
559
501
432
502
501
501
503
504
517
517
498
517
494
505
523
505
521
507
502
498
495
498
500
501
501
505
506
495
505
496
499
487
503
510
506
540
479
503
524
495
504
504
512
505
502
500
495
481
482
515
485
517
503
511
491
503
502
504
506
491
500
506
500
507
502
521
497
495
504
506
502
507
499
513
499
502
479
503
448
514
514
503
500
504
518
486
502
509
508
520
505
492
489
497
492
510
503
499
505
503
516
505
557
500
599
512
507
491
497
502
509
485
506
499
505
503
503
509
510
512
505
501
506
502
501
515
495
502
508
501
504
504
500
489
502
502
511
500
499
505
499
504
506
513
495
500
520
506
504
505
547
504
506
503
505
500
501
503
501
498
502
504
504
508
498
506
501
503
499
505
501
509
497
492
501
500
827
505
504
514
506
499
496
503
493
505
492
478
498
507
573
508
553
462
493
506
493
500
487
502
504
510
517
482
484
503
512
502
477
496
494
504
506
509
502
499
526
539
504
448
565
321
501
508
504
504
497
510
503
479
516
502
493
494
506
526
507
497
504
494
497
501
500
526
502
505
501
495
554
505
504
499
509
469
506
491
501
531
521
501
502
506
497
493
494
499
445
504
503
503
498
502
506
517
509
632
509
513
497
543
504
501
529
499
394
503
506
494
501
501
479
493
499
506
493
480
505
505
466
515
501
489
497
505
504
508
510
503
479
490
506
494
499
501
499
509
513
496
500
501
502
493
492
517
508
499
506
505
504
502
539
501
503
504
488
486
500
490
515
505
491
509
522
506
508
501
488
499
515
502
507
494
513
502
504
503
499
505
501
497
515
479
509
477
518
500
504
503
497
490
502
504
503
504
501
501
538
503
505
510
507
511
503
497
492
502
506
508
511
505
503
504
511
505
498
503
504
507
506
505
501
526
504
503
501
503
505
503
503
503
495
507
480
514
504
484
507
507
562
505
505
505
514
504
504
506
480
510
499
504
502
508
481
497
506
499
504
509
609
505
502
333
502
498
501
512
462
525
507
538
498
503
504
504
504
501
521
359
496
500
523
504
479
513
540
495
538
517
511
542
501
514
515
501
460
508
500
503
507
660
495
503
501
505
497
500
462
661
485
499
489
504
505
508
504
508
504
508
501
502
506
492
539
456
541
502
500
505
500
486
501
490
521
505
504
509
517
502
494
502
492
500
506
513
505
535
490
501
506
506
500
500
508
491
520
500
499
508
612
491
504
517
498
505
481
498
501
501
494
510
494
511
517
477
493
499
479
584
474
503
505
501
508
516
505
499
499
504
498
500
516
503
502
483
523
498
497
573
517
511
483
498
491
486
508
570
511
508
499
504
494
495
498
500
494
493
503
510
471
498
511
489
504
503
502
485
491
506
537
504
502
502
494
500
515
501
502
496
483
503
515
515
507
510
502
511
490
505
503
551
505
491
499
498
497
512
503
407
557
505
511
502
497
497
505
502
503
512
488
505
496
494
506
487
495
501
483
501
503
504
500
504
499
486
487
480
496
499
548
508
526
500
506
496
510
494
488
508
496
506
501
498
487
503
484
494
533
515
504
500
498
516
513
496
502
499
505
504
503
506
500
505
505
484
500
502
506
510
504
503
492
484
500
545
504
492
500
463
502
500
501
512
557
504
493
513
510
497
504
495
505
503
497
506
521
501
506
490
508
499
504
505
504
392
429
503
502
511
500
514
500
565
500
495
484
499
503
493
502
516
502
511
483
502
505
494
493
500
477
501
501
506
505
496
505
485
490
495
507
506
503
482
519
530
511
512
502
502
474
525
485
512
505
496
501
499
500
516
466
501
504
527
500
475
509
508
504
502
502
511
508
480
486
477
499
505
498
951
519
510
451
501
504
498
500
500
499
494
516
506
501
486
505
476
506
505
512
503
498
515
508
490
503
499
501
503
500
505
495
487
500
506
500
479
500
490
509
506
510
510
528
519
504
508
505
511
503
505
503
503
488
505
509
614
504
504
501
509
497
505
507
503
502
433
518
509
499
502
504
500
514
505
503
503
514
501
504
497
503
502
498
488
510
499
508
507
498
515
509
493
502
508
500
501
505
503
501
522
497
443
521
497
495
496
504
511
488
496
488
482
505
540
504
522
492
503
503
490
482
503
493
514
474
510
496
504
496
504
510
504
509
497
518
497
504
501
491
521
511
502
491
527
505
502
499
524
505
503
503
501
499
503
500
501
512
496
512
503
504
506
592
500
512
498
495
501
499
504
502
513
484
497
504
512
485
500
496
495
504
512
483
504
522
494
501
502
505
510
565
505
503
501
481
511
501
501
502
502
520
399
501
510
490
496
481
501
501
506
519
470
504
499
501
500
497
497
504
502
523
513
503
495
505
525
504
510
515
505
507
503
506
502
506
504
501
499
497
496
488
504
502
506
502
463
510
500
501
509
499
500
496
503
505
502
505
495
526
500
512
504
509
504
504
506
503
503
496
507
505
503
508
504
514
501
507
489
510
499
504
538
503
500
506
501
507
505
505
514
509
509
499
507
467
504
496
504
472
483
518
497
511
481
503
512
502
480
502
503
499
510
502
501
506
502
502
502
505
505
528
542
503
498
496
503
510
483
487
498
496
500
509
514
501
504
570
505
497
503
514
507
532
480
503
505
503
503
501
512
503
502
499
502
501
503
502
498
498
438
575
500
444
502
487
502
500
495
532
502
504
503
499
530
521
509
503
481
473
507
466
497
499
534
489
509
503
497
511
502
465
505
502
492
496
504
513
491
517
503
502
502
504
494
500
499
508
490
504
518
502
498
502
505
536
486
584
505
495
526
470
502
501
478
472
510
525
507
498
487
504
504
435
504
504
495
505
500
505
491
502
501
506
500
570
500
509
497
504
504
506
298
502
481
502
517
509
495
606
501
500
502
505
507
508
504
495
510
498
483
510
512
506
514
498
519
500
502
478
500
500
507
513
498
502
481
510
413
504
507
499
501
488
502
503
503
499
520
501
492
509
506
490
473
500
496
508
502
501
497
505
463
490
499
504
503
504
489
508
507
506
492
501
504
501
504
513
521
494
504
463
508
500
594
502
467
509
501
508
491
502
503
505
491
522
502
528
503
494
496
503
504
502
483
505
539
503
533
534
503
353
503
506
460
500
487
438
484
487
500
495
502
504
502
503
493
501
497
490
503
493
502
502
486
502
508
506
484
503
506
568
503
501
497
516
480
519
501
506
514
502
514
494
490
498
479
502
489
454
502
504
483
506
504
504
511
486
508
501
503
489
501
484
504
494
519
514
508
511
501
513
506
527
500
499
522
504
507
501
521
507
499
502
497
503
504
505
496
499
521
503
503
510
503
509
505
503
500
505
534
507
504
503
502
505
496
513
500
504
507
496
547
476
496
503
499
501
505
499
506
513
526
503
483
483
528
491
507
508
499
508
495
509
500
500
489
513
516
495
504
496
474
570
502
500
500
501
507
504
503
484
489
524
481
509
505
501
497
506
487
502
509
503
503
510
423
506
506
503
536
503
499
495
507
512
508
498
506
503
504
503
505
499
464
502
502
504
497
504
507
503
512
513
481
431
494
507
502
495
451
503
502
502
492
499
503
499
505
492
492
501
528
455
517
505
520
499
507
507
496
429
501
504
518
522
512
502
462
533
511
506
504
503
503
511
492
509
500
504
508
499
499
501
507
499
454
519
492
534
505
507
496
507
502
500
506
480
503
507
515
498
495
528
502
536
518
501
557
492
500
504
495
504
508
503
504
502
502
505
497
502
495
506
462
494
503
502
501
493
504
504
503
491
491
444
504
509
508
504
504
503
498
502
508
481
498
498
489
506
503
505
513
507
494
498
503
409
497
496
499
511
501
509
501
510
499
491
502
507
503
509
505
506
489
509
494
477
505
581
510
508
514
501
508
500
500
523
473
503
506
503
504
511
504
501
505
500
483
504
499
481
502
496
500
511
501
495
500
493
500
503
498
510
505
504
508
510
508
491
498
502
499
517
503
500
501
503
514
499
507
496
496
439
505
501
503
501
503
503
495
503
503
498
639
506
502
856
501
507
504
505
504
503
503
500
508
511
541
500
502
469
554
547
505
506
487
510
504
507
526
510
503
505
417
512
514
504
482
502
470
509
505
486
491
515
502
499
500
501
520
505
501
461
511
504
510
499
505
536
533
505
501
501
515
501
502
502
505
497
505
492
504
504
505
505
594
505
515
504
505
494
285
501
497
503
492
505
504
505
504
502
497
506
614
492
487
504
502
495
506
503
506
497
552
505
507
498
500
503
499
495
506
534
497
502
493
504
505
504
501
504
506
498
504
502
507
541
497
503
474
508
476
505
580
525
501
499
489
492
504
508
499
503
522
521
483
502
503
506
494
495
499
504
504
508
498
511
507
501
496
510
506
503
509
502
502
512
511
513
520
474
489
502
503
490
502
505
503
500
497
504
498
501
511
507
505
563
506
492
498
449
475
498
501
476
502
503
479
506
502
507
513
503
507
503
511
502
505
493
501
568
513
491
503
507
511
513
511
488
502
509
493
510
498
488
506
503
505
497
502
503
498
515
503
508
493
500
500
463
489
503
502
475
504
484
513
514
506
508
504
505
502
506
468
498
500
503
507
506
504
506
508
495
498
499
507
508
497
502
517
503
493
513
486
502
488
499
501
504
500
494
507
487
593
516
518
508
493
479
502
500
507
480
500
521
506
500
512
503
500
506
505
524
507
499
504
504
500
495
502
497
447
504
511
521
500
477
374
527
505
519
501
502
504
492
500
514
486
504
496
506
507
490
529
504
497
503
497
503
467
499
506
488
485
503
502
494
507
507
525
504
513
501
524
497
495
482
496
504
494
509
507
533
490
499
504
517
521
503
498
493
504
520
504
503
504
495
501
503
501
501
499
504
491
498
499
519
515
492
495
512
492
499
503
505
503
490
512
501
502
472
502
503
504
501
502
505
503
504
504
478
506
501
498
500
486
502
526
500
498
498
508
502
499
493
533
497
504
515
496
503
501
501
472
475
501
500
507
502
501
503
515
494
507
500
496
501
498
475
485
504
501
538
503
509
510
502
502
510
500
524
509
509
511
502
473
502
500
496
507
515
496
499
486
503
541
491
501
502
501
500
505
476
509
504
501
500
501
514
511
507
527
369
500
502
484
484
507
499
492
484
504
499
513
497
494
497
504
509
505
519
502
512
480
501
502
472
488
503
510
533
514
512
502
497
495
512
507
518
509
487
507
485
501
497
507
493
501
489
500
521
505
495
502
496
513
502
484
511
494
510
501
504
502
500
505
511
499
504
504
504
494
488
493
481
410
512
503
507
505
507
498
501
507
506
514
503
504
493
488
503
503
522
498
507
591
507
505
503
514
508
445
494
500
517
502
501
501
502
504
505
503
505
502
492
502
573
502
436
485
503
511
501
494
514
465
502
504
503
506
503
514
497
533
464
549
502
501
505
501
506
499
505
505
498
504
514
514
508
503
499
472
503
504
493
499
498
519
508
494
502
500
512
506
635
567
487
503
508
504
461
510
505
509
500
501
510
489
493
491
497
497
571
567
502
501
278
505
495
486
498
507
500
500
483
503
595
501
495
470
511
496
491
506
505
502
493
504
507
502
504
499
507
507
504
495
502
511
503
494
500
505
506
524
509
528
492
503
508
476
500
505
504
508
503
510
510
496
510
509
505
510
503
519
503
534
499
502
505
498
504
500
509
493
503
504
505
501
523
503
492
526
504
498
503
500
500
498
509
523
522
505
501
504
500
501
507
437
499
517
505
511
506
499
502
507
503
502
506
498
516
506
586
505
734
504
502
489
508
491
460
504
488
480
500
513
524
522
495
505
498
502
502
508
507
500
511
488
510
505
502
501
509
501
484
501
497
501
498
505
533
504
514
510
487
499
503
521
508
498
501
506
496
599
503
530
500
484
502
502
502
517
499
503
510
770
503
507
486
496
506
502
500
494
496
515
493
506
330
503
514
488
496
503
532
504
588
494
498
499
497
503
492
521
527
507
508
505
503
502
505
499
503
502
506
420
501
504
493
501
515
502
493
506
504
502
496
499
509
506
504
510
502
517
501
505
502
431
502
508
504
503
482
520
504
496
504
476
503
515
502
503
500
515
501
500
506
503
502
500
508
485
507
499
501
500
533
503
503
457
481
533
494
498
512
501
500
503
499
502
495
505
500
506
506
488
505
507
536
502
529
497
499
499
505
498
501
500
509
504
505
500
510
502
522
415
551
503
504
511
506
489
506
505
542
506
480
504
498
519
498
501
511
508
503
499
501
503
489
486
530
515
503
512
518
501
506
501
506
497
504
504
497
499
508
532
505
492
504
507
515
504
492
500
502
503
514
496
505
501
504
506
490
500
507
509
636
532
515
503
493
501
485
493
497
457
493
500
505
509
508
509
504
503
500
494
515
519
513
501
498
505
500
514
505
509
506
532
510
508
499
502
505
472
504
501
506
500
533
505
516
510
503
503
510
503
515
466
502
484
492
503
497
510
514
502
505
495
519
506
507
509
501
503
504
497
487
494
503
506
500
508
495
599
497
511
500
513
476
484
547
519
525
498
500
510
504
526
502
501
493
505
502
502
509
503
503
481
483
505
504
506
497
505
510
504
504
504
506
499
499
501
519
495
510
502
505
505
534
458
492
521
503
507
507
516
509
503
478
501
515
519
501
508
469
528
502
496
498
489
500
544
502
497
493
504
494
503
503
468
501
530
501
499
499
515
501
497
505
494
487
502
507
503
504
538
505
508
509
493
505
535
494
502
495
501
524
518
501
493
499
492
499
502
501
497
480
502
485
504
501
502
483
499
503
497
505
496
510
492
539
503
508
506
513
494
502
504
497
499
476
505
542
506
502
504
502
499
502
495
503
505
473
507
501
499
523
503
505
504
493
510
503
476
499
551
504
492
502
497
504
506
498
538
504
513
478
501
504
692
515
510
506
507
501
528
497
530
505
494
503
502
513
500
501
505
502
505
513
512
495
502
517
501
508
511
496
555
499
514
504
490
500
479
498
502
501
502
496
495
492
455
496
503
501
506
484
496
574
504
497
331
478
493
497
500
494
506
504
507
503
498
507
491
483
502
503
502
503
492
617
503
494
504
531
504
539
500
507
501
456
504
487
504
508
505
479
519
499
504
505
505
504
511
504
504
490
504
494
498
508
497
499
505
511
522
507
512
630
513
507
489
490
496
445
504
506
424
502
510
492
504
495
491
499
513
533
505
501
506
500
521
477
517
498
504
507
502
497
505
496
500
536
518
489
501
501
494
501
493
495
506
502
500
506
505
504
505
502
500
454
493
505
503
501
483
464
505
475
497
497
492
504
504
517
499
510
495
530
519
524
478
503
503
490
526
518
499
503
504
477
503
508
528
502
504
493
490
486
496
502
492
493
506
502
501
467
476
505
491
503
501
499
493
500
493
505
501
501
500
505
496
496
509
494
495
500
487
496
505
491
511
506
499
502
495
511
504
498
484
506
506
507
510
498
502
508
510
510
499
502
504
503
503
482
504
502
539
501
492
468
500
484
470
504
501
502
480
500
500
501
494
500
490
503
492
507
506
505
503
506
501
506
504
506
503
508
484
497
503
502
483
503
498
498
506
502
498
494
503
497
515
501
501
500
491
498
502
502
500
503
475
518
510
504
497
489
535
506
525
584
510
502
511
499
486
507
504
499
498
492
504
485
502
502
501
513
498
494
510
493
508
485
524
504
508
506
530
483
504
515
487
504
508
511
435
472
504
504
500
563
504
503
507
508
490
511
499
506
499
478
518
502
504
476
493
504
498
508
500
505
494
614
519
489
521
503
498
517
505
497
499
503
510
506
486
506
488
498
315
503
502
495
503
500
505
505
495
501
493
502
503
497
507
495
501
496
496
502
493
514
506
504
501
512
484
498
503
506
498
497
507
510
561
499
510
499
511
502
504
506
504
495
485
504
504
508
498
502
491
485
503
489
497
495
502
502
482
501
497
501
502
499
504
508
508
510
501
519
502
504
478
495
503
498
533
505
490
455
498
504
504
506
502
501
505
503
513
504
511
500
455
481
497
502
495
509
505
496
500
506
504
505
498
506
498
503
503
527
497
496
463
502
505
507
559
498
497
495
499
487
494
502
498
499
511
518
493
502
514
524
510
494
497
496
496
503
521
498
512
508
490
497
507
507
547
509
499
494
532
509
507
482
487
502
492
496
503
504
504
506
501
500
459
508
500
504
503
509
508
505
496
512
505
503
497
504
500
508
500
504
519
506
493
494
511
501
510
496
519
513
504
513
507
507
501
507
493
501
505
505
499
500
507
505
502
500
500
502
503
509
504
507
501
502
510
518
494
502
502
501
484
491
503
506
505
494
506
485
520
499
493
560
507
561
503
503
502
495
504
504
504
469
501
507
508
529
508
491
496
507
503
503
506
466
495
500
502
513
510
522
499
526
501
506
506
494
494
502
501
504
494
491
513
505
543
506
509
502
504
518
444
486
504
496
506
518
472
501
496
498
496
533
508
501
474
494
501
512
500
512
506
518
496
552
508
499
501
509
502
506
505
496
495
505
504
496
503
500
505
507
499
493
506
505
496
494
508
503
514
491
505
507
502
495
506
492
531
512
499
435
484
506
509
489
499
498
502
502
507
491
512
508
504
524
502
521
495
494
506
498
486
483
502
505
504
501
511
504
503
504
505
499
505
503
495
502
503
505
490
505
505
488
524
496
509
504
495
497
500
494
487
607
503
500
524
489
499
503
502
503
505
502
501
503
505
499
497
506
509
493
515
508
490
514
503
504
490
541
503
507
507
485
505
496
503
508
507
502
496
516
506
505
473
531
501
489
489
505
506
493
499
499
515
499
503
499
501
452
501
509
515
505
497
503
458
504
504
652
549
501
707
499
503
531
479
494
505
511
497
504
501
477
501
503
502
500
505
488
518
508
480
514
488
496
504
500
502
503
493
500
498
486
507
502
502
467
504
510
501
503
497
496
496
523
471
505
506
492
505
481
505
505
494
541
493
498
503
521
