502
504
502
500
496
500
501
500
499
499
499
501
500
500
501
497
502
502
497
499
532
500
503
499
499
501
499
500
501
498
498
503
504
501
501
500
490
496
499
500
501
501
494
500
500
500
500
482
500
551
500
505
501
500
499
494
502
501
500
500
499
500
499
515
500
495
500
496
500
500
497
500
509
503
499
501
498
499
512
498
498
510
501
497
499
499
499
500
500
500
502
500
482
502
500
495
509
513
501
513
500
504
499
509
509
502
500
498
503
495
502
502
501
504
500
501
500
498
502
500
499
501
500
504
500
521
503
470
523
502
499
501
500
501
500
499
499
500
503
500
498
501
500
500
500
493
499
505
499
500
500
500
499
497
493
496
499
501
497
500
503
500
500
505
554
503
491
500
501
499
501
502
500
525
512
503
494
501
499
499
503
506
499
500
499
500
500
501
500
494
500
499
500
498
496
501
470
509
501
500
500
500
499
500
499
499
507
500
500
505
501
498
500
497
500
494
501
500
500
500
496
500
500
499
513
499
500
481
500
502
500
501
498
498
498
500
497
500
501
500
499
499
497
491
503
499
501
501
507
500
499
501
500
501
499
500
498
500
475
500
500
501
500
501
501
500
473
503
501
506
500
502
500
513
500
501
499
500
502
498
482
500
500
501
498
502
503
501
499
500
533
500
501
500
498
502
500
500
498
500
500
501
499
499
501
499
501
500
498
499
499
501
500
501
499
500
500
500
518
499
500
499
500
501
498
498
501
500
497
503
499
498
494
505
500
502
500
503
500
498
501
500
499
499
504
500
498
498
494
500
499
501
499
491
496
499
500
500
501
501
501
500
490
499
508
500
496
522
505
499
491
501
500
499
500
497
498
503
479
502
496
499
501
500
492
497
494
503
508
499
531
500
498
499
505
497
499
507
500
500
499
498
499
493
467
497
498
500
497
504
500
498
500
501
501
500
505
502
500
500
501
505
501
502
496
497
499
499
502
500
500
501
500
500
499
499
500
499
503
507
