492
559
500
480
496
498
493
503
503
546
491
496
492
495
504
501
503
498
497
482
503
453
513
534
494
500
505
497
503
483
485
499
492
486
498
503
495
511
492
500
499
495
509
496
337
524
496
501
497
493
509
498
476
492
495
490
498
496
495
506
497
498
495
501
491
475
496
486
521
491
505
429
502
497
497
496
513
486
490
498
495
493
520
501
495
499
489
501
503
499
503
496
509
492
496
495
494
499
500
494
523
500
501
497
495
499
489
500
504
504
490
280
487
496
496
499
533
494
495
498
505
483
499
490
491
494
496
503
484
486
505
505
505
499
496
497
546
502
500
488
500
502
513
501
494
495
492
491
499
502
498
507
498
498
507
478
496
500
509
509
493
481
492
499
503
492
536
490
497
483
511
510
501
497
542
479
493
512
512
513
474
510
499
499
506
500
481
533
496
504
493
504
506
530
500
505
371
494
500
496
484
502
490
513
488
504
494
497
495
501
497
496
488
496
502
498
476
498
498
490
501
501
471
496
494
469
536
499
514
535
498
505
495
519
501
504
494
499
510
506
501
501
503
508
505
491
494
512
494
496
510
504
555
494
496
506
512
492
469
493
408
521
475
499
468
494
496
497
493
498
485
497
495
491
480
478
479
426
393
502
498
494
498
587
500
497
498
487
505
505
493
525
485
501
497
505
503
495
592
494
496
523
490
495
519
515
488
506
496
498
507
495
490
493
493
492
491
522
520
502
496
494
503
489
494
498
484
493
505
516
507
494
498
502
489
496
499
499
503
499
499
496
490
513
487
508
515
497
493
510
497
485
494
498
522
498
498
568
511
494
496
495
490
485
492
521
490
496
508
496
502
488
498
498
498
499
488
496
501
501
496
481
492
497
496
495
499
490
490
527
498
649
411
493
498
490
490
512
507
492
498
494
487
496
495
496
495
524
495
505
503
503
500
499
466
533
487
499
489
414
487
488
484
500
500
478
504
493
498
499
494
493
490
495
500
479
494
495
499
497
498
516
478
497
500
474
503
497
502
495
530
492
500
497
493
481
496
496
496
491
509
502
496
518
487
492
470
509
500
488
497
497
513
479
494
491
498
504
477
495
491
538
471
498
499
486
484
501
515
500
504
490
490
499
494
505
496
499
528
498
505
497
495
493
510
488
494
502
485
500
496
550
503
497
490
493
498
484
530
498
493
506
481
501
508
490
497
491
496
495
505
490
487
511
506
492
512
500
495
497
493
515
493
499
487
501
495
489
513
495
497
491
493
495
456
466
511
508
492
485
496
489
504
494
508
508
532
471
502
476
478
487
506
496
496
490
494
495
498
499
466
492
507
492
450
485
502
495
497
501
500
493
497
501
501
495
501
499
494
536
512
485
491
500
505
454
493
470
495
494
500
494
505
499
496
496
497
493
490
493
517
493
507
501
528
510
489
492
503
495
499
478
494
494
525
499
489
498
492
495
487
494
500
488
502
492
491
312
503
521
493
485
482
478
484
558
502
508
498
516
507
491
502
492
493
515
495
501
495
488
505
493
500
518
539
504
494
495
463
484
494
500
494
498
488
501
493
507
435
465
497
485
495
493
492
531
498
460
489
482
491
505
493
541
507
484
495
477
496
503
478
488
500
499
479
500
487
493
493
649
496
498
499
504
500
504
487
493
490
474
495
497
499
469
502
489
452
493
495
497
496
489
509
494
498
498
506
361
503
496
493
501
503
494
504
501
497
500
490
503
501
481
502
499
495
500
502
490
490
488
490
482
493
492
509
501
428
501
494
475
493
499
497
504
495
496
487
513
504
498
486
494
489
488
499
498
493
499
484
500
497
498
489
494
496
501
510
494
491
380
510
501
490
509
494
507
506
503
495
496
501
498
501
497
498
488
504
494
493
539
497
495
498
497
496
502
499
496
521
488
490
507
502
494
493
496
495
490
500
467
496
492
497
499
531
484
495
476
494
501
497
498
497
497
495
498
488
497
521
505
486
504
498
497
497
492
503
501
497
494
489
495
517
499
492
495
494
530
497
508
499
488
471
500
483
493
494
500
527
465
550
495
496
492
517
499
494
508
496
533
503
490
496
493
502
500
494
493
493
509
495
498
494
502
495
494
491
513
517
502
498
498
497
514
493
496
495
505
508
508
492
479
489
499
494
496
494
499
496
518
500
473
502
522
490
499
499
499
523
505
513
502
497
494
496
489
495
492
485
464
493
491
484
506
503
495
485
492
540
496
506
496
507
496
440
503
489
512
497
500
496
487
494
495
471
425
490
522
494
507
496
507
508
497
493
499
459
503
515
505
498
491
487
508
496
497
496
477
504
502
510
492
479
531
505
506
507
487
504
498
494
489
494
518
529
499
497
497
497
512
648
489
489
480
500
485
507
593
513
495
491
487
510
495
502
495
501
499
534
473
493
490
497
496
508
472
505
504
497
504
497
492
509
493
490
497
500
499
491
523
497
497
502
503
490
493
489
510
496
506
504
499
550
500
504
501
493
501
497
501
492
501
492
498
505
495
500
285
491
502
504
506
490
494
491
498
495
491
507
494
525
496
494
498
491
481
505
502
501
510
500
507
496
504
502
505
502
495
493
485
495
479
491
505
494
503
496
496
493
498
514
496
496
485
497
496
478
479
499
504
495
481
494
497
496
494
495
496
495
481
505
431
517
