684
487
428
233
851
537
560
725
521
548
544
617
361
422
448
368
529
234
568
319
846
996
446
605
598
438
515
525
548
685
699
376
594
298
525
667
493
510
469
629
533
691
577
594
521
548
319
652
487
674
475
316
548
548
319
412
360
316
486
533
426
617
548
846
537
548
630
205
548
677
583
582
921
768
705
426
484
10
538
559
608
429
658
523
541
540
318
538
425
574
568
412
454
583
446
666
469
496
599
658
483
601
705
489
608
486
244
574
560
662
177
386
233
468
348
548
244
438
559
529
147
576
602
548
529
62
294
162
440
652
233
548
362
529
356
705
426
451
608
236
483
328
510
566
376
390
725
684
378
510
380
658
605
392
529
327
699
233
478
957
307
361
456
666
660
362
544
510
567
177
511
368
432
548
548
567
559
486
996
529
510
493
419
205
599
315
487
368
496
705
368
602
660
537
353
471
768
666
318
529
537
298
319
652
791
523
685
570
377
360
434
234
390
616
510
851
791
559
298
677
667
517
731
420
538
426
677
608
442
540
456
177
548
460
472
810
662
533
667
567
390
283
731
575
318
361
426
454
574
538
420
674
397
996
438
443
478
92
529
366
725
851
233
464
921
645
486
559
566
538
460
645
567
539
487
529
623
493
548
791
216
353
316
523
548
319
548
362
663
658
463
566
652
144
392
725
656
626
559
62
416
599
326
525
483
428
347
584
454
846
454
529
368
85
234
512
472
537
318
574
594
362
361
62
658
147
594
457
522
684
660
544
518
525
605
353
565
438
674
391
283
810
576
791
216
468
424
577
319
529
490
594
368
487
589
349
601
525
626
768
599
674
560
594
466
589
677
567
656
356
548
602
538
617
652
443
479
725
577
548
584
516
671
594
477
484
233
576
541
677
205
510
518
699
996
601
85
709
608
666
465
443
523
419
377
577
348
85
461
670
601
707
523
529
260
684
464
451
559
658
731
529
663
177
456
446
376
584
996
511
548
472
456
205
677
548
645
573
147
529
540
599
434
533
810
92
567
530
144
471
577
529
851
216
453
529
626
362
593
660
347
428
347
512
460
414
310
548
846
523
487
434
656
957
685
392
526
471
236
484
205
670
584
419
424
921
667
453
470
529
328
529
434
671
521
677
523
567
566
483
396
288
465
577
577
660
548
846
436
667
486
548
544
457
344
538
660
660
416
626
996
362
432
487
523
602
298
316
996
283
362
418
233
538
540
426
529
487
576
428
446
684
599
529
177
460
567
233
548
529
538
261
422
731
996
261
10
725
791
366
705
456
376
347
479
478
471
10
441
470
529
548
705
598
298
177
80
377
454
205
356
508
851
471
353
477
316
177
472
144
216
529
469
418
419
147
583
373
670
261
478
560
455
731
537
594
511
601
490
577
373
538
477
477
205
443
10
538
347
434
660
444
533
441
521
684
92
851
440
426
652
645
652
566
574
544
662
593
233
666
523
601
76
361
810
469
996
316
996
886
316
529
566
471
709
347
537
684
420
559
576
508
456
548
705
568
490
521
413
233
567
233
602
903
522
605
449
484
903
846
559
529
512
645
307
660
426
441
453
205
361
449
356
233
768
601
483
319
414
548
850
996
548
327
486
380
177
548
515
658
529
198
996
705
537
444
541
362
315
548
362
233
903
456
478
594
559
319
380
512
438
283
548
294
605
493
443
846
515
471
567
529
353
605
487
315
205
440
684
552
319
616
594
368
319
319
386
578
233
504
490
484
548
548
660
315
616
548
412
161
378
310
479
538
537
705
593
147
529
539
416
626
593
233
599
541
512
456
529
362
446
568
667
658
605
577
512
471
537
469
376
233
517
617
477
705
548
344
144
776
511
362
584
662
490
483
548
505
541
512
529
851
584
523
177
851
499
589
162
522
456
362
453
705
667
656
791
216
92
529
85
538
645
470
605
684
584
584
390
376
446
662
62
348
705
522
487
637
705
177
516
288
548
684
522
791
205
504
525
511
486
996
709
538
616
559
483
436
326
529
177
921
361
567
886
660
394
617
460
370
552
567
244
626
996
538
177
205
362
492
419
548
233
448
577
629
478
725
705
541
846
545
392
663
598
177
360
511
470
684
623
454
602
548
426
386
617
487
526
776
460
51
368
205
584
471
548
441
477
327
393
470
548
529
426
539
574
529
904
636
423
660
548
577
538
460
537
512
147
471
469
599
645
617
525
438
465
438
576
537
315
465
315
510
602
391
366
904
851
177
529
731
660
471
425
593
776
582
410
568
493
463
996
584
538
318
529
601
511
465
454
574
709
177
416
560
539
645
482
386
216
662
529
602
506
705
484
538
529
162
428
594
617
602
583
512
599
429
495
559
426
699
541
356
429
456
386
442
674
510
566
417
617
567
501
432
288
996
472
233
548
559
577
548
541
394
236
684
776
356
529
670
544
416
438
658
537
539
511
533
470
368
525
533
996
594
568
426
544
51
584
526
453
394
560
238
376
605
479
601
426
420
455
327
457
460
429
568
599
233
560
76
426
457
551
461
319
353
490
617
62
504
660
432
353
465
436
485
319
316
568
393
438
216
326
552
574
442
469
599
347
492
466
605
630
472
177
51
478
602
426
530
177
423
456
705
791
658
670
319
658
656
436
577
617
147
492
524
538
599
548
362
62
699
538
457
426
510
463
584
660
776
283
538
417
294
147
294
645
177
666
205
454
583
529
551
548
261
810
504
584
533
319
705
85
666
567
370
347
791
541
362
466
472
510
602
594
205
380
429
368
420
347
484
652
617
583
496
319
347
511
617
506
538
570
705
629
626
548
577
511
533
544
617
472
510
234
637
707
629
508
438
626
533
234
362
236
456
472
529
886
510
327
594
537
725
376
548
709
353
566
674
7
565
464
470
430
417
472
456
482
548
315
361
594
471
594
567
495
316
92
318
347
560
540
529
327
725
671
599
486
506
477
601
234
605
85
434
616
347
731
617
567
448
617
51
422
663
538
504
510
470
51
496
568
461
177
483
244
791
429
616
521
552
438
326
617
205
233
699
599
522
537
283
468
440
699
548
617
373
455
709
456
537
667
552
523
414
658
422
645
670
559
525
568
570
529
510
426
685
294
602
522
548
373
666
548
479
397
810
386
51
577
450
264
626
996
234
617
540
594
548
594
645
544
666
477
725
362
426
470
233
448
294
538
198
658
522
396
392
283
413
652
541
674
319
316
617
479
886
361
544
637
886
324
490
516
731
617
362
677
368
328
508
705
660
234
392
637
472
523
80
328
616
430
319
656
444
361
441
602
478
396
662
177
347
310
347
677
456
85
177
440
709
548
705
487
776
392
483
504
886
362
511
368
353
526
460
598
583
996
486
617
846
529
10
51
482
548
378
666
510
851
361
674
548
378
667
353
414
537
504
446
776
567
529
529
360
328
545
512
479
472
548
658
705
483
560
548
529
361
236
504
390
319
391
442
260
617
548
529
674
448
667
505
539
479
677
468
390
233
469
645
319
548
656
444
663
490
377
529
577
344
539
453
594
652
594
362
574
478
663
92
328
510
594
294
441
466
529
233
533
705
177
324
544
537
529
652
390
996
616
516
539
705
616
7
776
656
533
526
525
468
428
483
318
645
599
602
362
478
525
608
637
377
645
380
548
594
617
510
512
705
453
568
602
362
570
484
567
602
444
705
442
674
386
147
392
645
617
456
390
470
92
366
177
486
525
426
479
545
51
434
80
529
419
315
177
454
460
539
386
328
490
850
575
656
161
319
660
541
685
568
533
551
420
370
205
264
626
518
449
484
444
630
645
921
626
539
541
198
426
658
605
438
310
538
444
791
594
161
540
236
283
725
472
602
430
685
438
515
667
540
449
393
370
584
705
575
490
594
426
662
559
362
344
529
533
390
533
426
567
444
537
62
517
670
298
559
602
544
791
699
487
144
319
362
426
521
412
472
705
319
326
360
560
392
539
413
177
455
177
525
662
599
316
410
565
667
466
660
456
62
670
484
361
601
583
517
666
484
725
353
428
617
548
529
617
356
576
85
791
453
444
264
617
366
487
637
470
504
667
662
420
391
426
684
677
529
577
471
846
469
298
996
583
626
652
486
177
378
577
594
233
451
598
426
362
315
62
450
501
602
347
420
801
465
598
470
376
705
731
319
567
454
626
418
450
510
419
362
426
495
529
376
529
418
484
362
205
465
510
315
776
537
416
552
691
316
553
465
487
469
577
523
244
489
479
602
544
996
465
529
582
608
426
484
393
576
652
566
471
233
356
485
598
376
386
420
559
477
504
617
486
499
566
233
566
548
420
426
426
548
499
405
454
319
810
319
584
315
616
663
529
523
537
450
565
529
677
426
177
541
791
731
434
484
656
483
260
584
570
440
233
626
478
544
602
510
565
373
523
574
577
599
434
368
489
576
529
10
76
390
810
496
511
568
533
464
522
489
233
233
725
177
523
428
62
489
490
464
602
456
478
397
438
386
616
423
685
538
464
608
177
490
361
505
529
327
670
362
465
578
470
264
440
652
705
478
996
548
147
583
495
677
540
699
617
392
362
538
92
523
577
524
425
570
529
417
511
725
390
43
316
559
495
347
471
461
574
548
553
533
512
538
378
538
205
216
418
396
584
396
538
463
205
216
62
602
43
362
380
538
684
471
161
670
177
533
294
567
436
412
674
451
566
426
472
496
791
419
725
43
205
353
583
608
233
446
666
691
533
460
177
957
487
442
617
522
470
518
626
551
484
391
544
544
412
601
307
450
574
570
660
205
529
602
465
517
356
652
482
288
801
768
361
261
576
469
518
446
416
453
617
548
511
419
484
483
511
436
310
599
548
177
541
397
479
177
709
205
472
567
656
574
652
552
361
347
652
454
453
660
548
478
652
420
316
466
525
684
529
261
565
233
463
602
460
434
460
684
685
461
394
483
493
362
472
362
537
205
594
494
373
594
370
599
666
430
574
705
578
426
441
630
493
602
537
233
645
198
424
605
356
386
921
568
464
361
464
460
348
567
420
593
584
685
413
424
544
451
522
508
658
529
454
283
177
177
486
594
62
234
525
667
529
685
540
362
670
523
466
548
233
504
617
238
538
511
674
450
470
637
477
540
448
260
548
386
327
539
456
594
538
362
362
353
501
471
390
362
438
487
353
567
484
548
80
705
584
428
478
319
510
429
319
283
470
464
426
495
541
438
353
677
605
525
533
652
566
684
605
420
470
846
362
921
464
605
548
344
504
560
574
699
594
511
390
552
560
529
533
567
465
705
538
674
327
319
486
602
373
441
725
602
709
652
472
393
147
617
326
391
684
566
315
366
419
177
315
574
674
617
725
446
460
479
645
577
62
548
327
660
428
428
851
405
560
522
707
660
80
233
378
472
233
505
390
699
396
518
599
522
511
525
344
366
541
548
599
456
512
434
347
524
670
470
434
356
598
663
455
468
699
656
177
616
709
851
460
594
446
438
705
85
483
559
374
578
560
589
412
539
347
566
511
460
233
810
548
538
177
470
353
684
466
419
568
470
508
684
574
316
617
529
504
699
494
709
198
594
440
264
466
414
529
428
315
442
353
347
510
457
460
725
43
438
904
662
511
537
677
405
455
392
810
652
426
484
529
541
584
420
484
177
605
432
539
544
667
660
529
684
319
776
529
511
656
776
454
465
725
456
539
705
699
575
490
362
605
147
446
487
530
236
921
548
483
419
417
327
478
294
316
538
529
177
511
598
589
599
484
851
575
511
645
51
707
577
529
487
725
791
92
548
602
533
260
405
529
361
391
529
674
529
425
538
666
608
538
353
921
656
637
544
62
666
319
601
510
525
482
478
553
674
484
468
76
670
475
80
483
524
483
996
566
594
523
244
487
512
472
608
362
469
605
393
234
996
576
326
570
461
957
699
362
216
392
524
233
328
523
776
487
418
396
570
416
540
677
492
440
548
515
540
344
460
548
626
483
486
386
233
699
504
177
419
353
559
584
584
636
529
553
319
525
428
484
434
461
511
548
525
645
177
662
540
567
205
51
511
426
566
566
475
566
244
348
544
479
177
529
776
666
386
617
617
386
397
394
660
540
487
484
162
464
324
348
617
390
512
479
460
602
368
921
629
448
438
428
283
310
471
731
425
177
368
438
472
412
903
326
512
373
617
577
419
416
490
540
538
791
444
626
487
344
477
253
233
501
523
261
566
468
658
465
418
177
420
559
521
426
566
560
394
921
347
594
234
486
162
529
776
233
521
552
567
432
553
810
390
92
472
652
637
601
533
645
511
479
565
463
996
662
373
233
434
846
602
548
205
598
412
526
414
460
608
501
529
144
529
470
530
147
791
373
368
551
705
599
177
484
450
645
705
177
479
378
362
386
51
147
362
177
432
512
525
434
658
470
236
599
548
851
298
397
446
666
660
548
457
538
658
658
540
366
478
362
353
957
426
552
315
456
594
426
574
530
508
471
548
539
472
608
605
511
666
801
921
705
442
362
662
699
505
441
233
660
529
652
529
996
525
525
483
442
699
87
548
441
552
370
566
319
616
601
376
674
205
605
87
544
420
353
361
684
76
236
538
362
731
699
161
599
537
436
461
233
484
684
617
601
662
518
538
529
602
705
504
529
504
495
533
768
205
886
362
685
662
418
810
470
662
315
637
368
464
510
594
62
559
495
391
548
594
244
533
454
92
707
216
548
598
479
616
443
486
522
495
177
307
426
594
470
544
368
479
386
484
422
319
438
51
264
548
443
801
541
576
538
362
380
454
560
353
630
589
353
380
362
441
617
684
522
426
512
921
486
574
362
548
662
453
374
582
691
453
548
658
602
552
601
801
436
846
707
538
446
233
658
548
362
567
92
386
810
347
477
791
347
397
374
662
567
533
602
475
525
568
598
283
478
442
601
298
426
670
599
418
523
441
544
460
205
886
362
526
428
903
567
422
80
517
538
516
996
62
472
177
626
456
617
560
617
438
568
529
566
477
489
662
538
440
425
685
515
483
623
660
394
432
652
446
602
594
674
658
422
684
244
446
544
660
567
851
548
617
394
725
671
544
479
448
529
540
464
486
626
731
205
147
548
147
144
566
731
348
589
376
538
205
511
548
370
567
886
522
776
709
264
548
658
529
541
568
512
670
576
483
470
483
368
328
512
362
851
396
319
551
652
516
373
552
652
660
374
685
419
470
432
598
541
548
602
548
578
486
316
548
791
205
801
92
43
616
177
525
362
529
670
469
996
205
559
617
602
506
446
479
529
477
538
319
419
454
315
660
177
674
499
466
553
368
776
449
319
539
479
428
510
570
791
416
377
499
236
327
470
776
147
490
233
667
441
523
253
521
177
515
594
356
791
492
725
576
538
559
92
327
540
319
548
426
663
605
656
574
394
526
87
709
457
602
428
434
162
434
626
617
594
492
656
846
645
362
486
177
368
512
501
374
791
319
548
438
10
344
412
529
161
529
428
508
921
776
283
477
393
529
538
529
418
567
147
368
470
361
438
177
423
198
451
511
574
545
438
412
477
523
548
205
584
511
442
442
347
559
484
593
454
529
707
368
658
362
851
776
529
494
525
349
601
533
499
464
559
347
478
544
548
652
510
553
62
418
589
511
605
652
666
87
512
80
656
426
356
518
685
315
512
288
801
310
10
328
548
374
426
791
418
608
464
548
464
791
419
957
538
347
362
666
544
574
177
645
568
238
674
315
470
667
416
264
440
416
414
921
288
144
493
548
538
492
594
599
471
776
419
685
510
487
234
492
328
483
386
315
353
422
705
705
416
144
684
177
731
310
851
147
484
177
705
442
374
568
705
366
685
380
483
10
362
658
394
517
731
602
617
392
177
791
594
544
598
540
537
177
539
10
456
656
233
583
410
548
416
426
238
725
362
629
477
582
699
380
548
731
392
685
205
705
423
685
161
599
390
327
392
456
233
533
177
307
529
428
626
617
575
602
660
662
238
361
485
776
444
493
318
548
768
512
731
448
617
731
422
541
10
483
483
397
319
791
594
234
791
438
471
548
489
791
504
608
62
705
574
463
684
602
420
636
468
344
538
62
522
510
487
233
438
599
470
368
319
428
486
418
205
423
529
205
80
436
584
487
347
177
236
570
310
504
434
776
594
589
594
699
541
390
471
670
584
810
470
529
691
537
162
791
454
505
616
602
577
570
316
426
380
637
394
776
446
577
548
662
645
490
362
525
455
705
486
776
529
450
419
144
594
465
477
533
370
466
518
529
548
422
548
525
637
537
626
441
575
529
577
87
483
465
957
684
147
261
996
504
471
709
602
524
391
298
62
177
652
319
319
583
570
347
443
566
776
471
691
380
537
660
677
344
511
62
667
484
671
705
448
660
234
390
791
264
645
298
996
660
539
264
548
537
472
253
791
616
319
487
418
487
461
548
851
667
577
362
529
599
559
484
629
465
370
417
493
466
548
810
147
516
593
396
466
144
533
566
656
397
512
489
645
177
921
92
319
344
446
233
487
608
482
436
236
525
658
921
512
662
598
577
548
616
465
144
510
478
699
538
479
533
529
446
161
418
768
396
492
484
548
487
553
656
422
396
810
147
492
444
446
361
846
538
594
996
645
457
523
386
636
670
472
353
559
392
205
548
356
637
442
629
709
216
705
396
436
705
417
453
377
260
177
670
446
602
436
529
442
705
602
463
810
356
92
566
461
177
768
548
390
660
315
594
656
475
589
565
390
851
594
568
368
318
559
315
996
147
568
652
446
529
405
526
177
565
707
608
298
430
537
448
608
294
493
177
386
487
253
538
584
349
731
904
996
548
567
465
478
559
442
957
568
472
511
548
477
548
426
652
626
565
540
533
471
420
576
583
594
529
577
529
559
599
660
567
663
584
529
494
62
559
904
637
324
393
601
598
418
645
391
177
426
616
426
674
699
850
540
565
260
660
552
691
422
457
617
602
493
567
652
637
645
478
454
548
538
393
529
461
548
529
533
602
283
544
426
455
390
626
553
577
436
567
374
489
529
370
515
601
776
356
177
360
288
479
544
539
419
544
432
416
347
601
559
441
667
495
660
684
380
205
348
548
725
677
725
548
645
529
161
493
464
548
601
526
652
428
490
470
709
324
486
470
691
482
10
674
177
584
378
725
236
548
660
485
450
996
598
422
472
537
327
392
548
362
725
626
319
253
921
470
443
434
658
552
768
684
353
529
454
470
529
725
662
660
205
685
479
362
577
378
318
426
511
147
566
368
705
589
574
566
177
505
539
602
548
386
602
598
319
327
479
594
216
525
577
656
517
394
319
548
602
660
438
548
599
283
441
472
362
573
319
570
472
705
161
446
478
684
470
483
440
392
482
244
233
599
423
161
205
315
776
422
510
460
177
451
319
617
522
705
436
438
548
318
731
362
510
529
530
526
344
602
629
294
436
426
504
567
548
548
464
548
463
147
548
559
460
349
370
261
685
602
424
177
477
483
426
605
430
468
515
416
670
791
362
506
484
886
691
573
418
444
432
472
529
921
177
362
495
484
234
177
238
436
424
705
548
442
205
362
684
548
658
699
577
529
538
205
725
559
463
605
548
362
566
426
791
450
626
471
658
461
472
617
205
471
605
353
645
319
617
506
996
594
548
522
662
544
468
602
496
617
540
616
319
446
658
521
233
658
440
791
253
205
419
484
645
62
705
551
353
177
444
548
584
533
380
460
539
660
674
432
552
426
87
471
392
599
544
850
80
205
705
471
666
461
198
428
353
548
608
667
144
594
460
677
484
396
598
461
529
548
904
523
660
483
705
414
416
663
244
533
441
510
601
236
538
446
510
380
479
483
417
205
608
538
426
524
477
216
846
598
413
548
353
486
51
510
538
685
416
260
344
298
529
529
537
510
801
921
370
484
584
446
438
685
493
198
471
699
658
626
548
377
484
496
361
791
533
319
548
529
529
525
904
205
512
373
512
432
652
537
645
677
530
567
378
377
319
617
548
666
567
310
538
538
478
471
397
537
574
533
559
660
548
392
493
568
479
705
617
484
417
539
177
699
424
347
386
504
147
594
538
374
608
903
539
468
667
454
548
434
626
577
438
429
424
366
456
538
177
594
594
489
540
453
529
548
177
560
529
582
568
205
504
80
533
470
426
594
319
538
512
424
436
768
390
576
487
660
602
512
594
626
810
161
177
598
471
529
177
577
92
666
791
645
656
456
362
552
477
533
493
315
529
608
368
791
455
419
850
537
996
370
552
234
594
205
548
419
428
568
568
470
468
419
529
594
529
205
356
594
386
515
419
348
161
80
362
776
511
658
353
537
512
470
347
426
530
362
432
599
529
177
348
996
602
677
776
161
261
162
349
577
791
353
582
660
516
577
324
617
461
414
319
538
602
424
307
846
457
356
495
608
626
315
512
662
177
362
660
846
538
636
582
791
538
360
216
601
559
412
261
62
599
660
92
484
568
578
434
548
470
684
529
529
662
418
316
177
512
288
457
456
368
426
456
327
684
511
709
552
492
511
92
92
529
578
602
465
684
574
699
538
705
674
471
707
511
426
539
288
567
460
483
495
328
486
658
393
886
529
559
791
450
574
368
656
443
453
315
584
608
846
484
236
570
529
577
446
548
380
470
666
548
470
666
617
594
529
453
552
426
471
347
392
626
475
810
846
594
378
233
529
426
455
570
636
378
541
396
560
356
471
92
768
660
510
660
51
684
529
236
776
539
684
288
677
601
594
568
523
412
465
707
504
537
510
996
362
577
469
670
552
529
544
608
486
705
377
233
530
426
666
565
652
392
539
483
996
538
677
583
349
525
426
602
599
517
487
538
685
470
43
705
393
594
529
283
495
538
416
461
677
548
577
660
62
515
162
548
608
541
559
529
540
584
370
521
378
904
522
602
667
446
560
602
539
298
523
444
685
810
147
472
645
177
525
529
674
324
552
484
460
594
233
434
593
260
490
541
430
510
460
471
699
538
511
522
216
594
522
412
418
370
397
565
598
608
560
479
205
537
449
577
62
460
548
177
662
386
495
288
368
574
432
294
294
637
413
87
316
599
539
566
518
344
652
511
318
548
791
538
594
319
236
62
423
428
559
495
10
493
629
598
438
684
504
368
420
522
496
453
626
326
602
428
490
548
461
559
307
436
582
599
510
85
660
537
552
538
652
62
511
494
505
548
617
599
484
548
508
362
567
484
361
529
405
442
324
483
461
583
548
233
626
584
705
529
414
791
319
479
283
548
511
486
438
529
147
234
477
472
537
539
238
529
626
486
460
617
768
460
565
602
434
670
529
637
483
552
484
725
440
529
594
483
617
699
442
233
425
725
349
658
319
565
538
62
684
846
529
608
205
605
511
362
582
552
512
469
521
533
419
529
548
538
446
548
177
362
538
386
361
582
478
446
645
512
260
464
472
626
390
548
177
560
567
707
548
92
599
177
51
484
602
594
577
493
617
432
548
538
315
429
412
538
436
353
477
380
177
454
725
636
483
660
645
315
466
709
593
7
283
368
298
177
599
362
526
652
147
484
496
552
85
538
62
538
645
453
344
436
584
594
636
430
565
660
92
776
626
537
577
469
486
512
709
368
538
471
626
548
584
510
660
468
233
584
87
390
652
92
436
582
465
483
466
512
362
216
637
283
548
484
506
405
392
464
660
426
709
658
80
426
419
548
584
397
356
147
560
567
87
512
441
630
486
483
436
529
544
76
577
584
529
234
233
386
573
438
283
660
460
453
477
566
428
684
428
616
707
446
850
420
362
605
368
420
846
440
216
577
438
438
315
538
483
548
484
529
504
471
454
484
636
347
539
177
319
601
685
434
674
731
637
373
565
489
776
205
216
353
471
479
705
846
205
319
533
705
565
420
234
529
529
566
553
552
450
674
454
418
464
529
451
92
85
454
307
666
602
397
599
599
791
617
548
768
495
608
559
559
466
483
177
470
446
662
392
599
599
436
529
353
583
768
472
233
483
574
62
523
161
307
601
471
465
456
522
417
391
570
685
216
493
559
605
422
177
602
510
412
605
198
791
593
475
394
465
362
418
486
707
396
353
348
565
768
846
626
472
512
386
602
394
177
426
548
567
442
577
356
670
921
573
529
436
366
413
472
377
567
602
538
494
486
522
662
666
205
525
413
559
529
412
504
483
283
368
80
508
468
699
567
442
238
460
362
418
465
662
468
505
470
438
377
205
662
544
494
368
529
380
548
511
996
545
511
548
529
660
677
512
472
629
198
529
725
522
492
577
511
391
177
637
326
559
662
574
486
470
419
416
996
636
529
538
544
495
658
464
515
511
677
705
512
791
446
512
466
315
416
347
319
362
177
548
667
584
378
233
677
177
479
315
529
7
390
617
684
477
466
472
465
490
438
529
376
921
419
460
446
518
475
511
310
344
493
699
347
298
529
533
456
589
593
568
443
529
205
319
594
438
670
472
548
477
521
495
426
548
348
529
570
570
319
487
420
483
177
996
677
530
362
410
446
524
662
538
426
324
709
298
511
470
559
552
238
461
495
464
599
353
996
253
566
392
283
660
525
846
537
465
205
594
538
324
522
921
362
511
537
601
432
850
645
261
461
390
461
162
645
487
570
705
506
493
446
522
486
548
662
921
530
575
177
318
566
393
541
921
538
548
921
495
418
731
626
565
645
216
538
598
368
487
660
776
316
483
523
442
425
578
645
636
457
177
667
529
319
443
583
776
319
177
205
529
577
666
394
577
298
594
368
361
617
298
414
504
147
436
626
177
512
315
560
608
419
529
594
506
602
288
456
567
684
487
470
454
512
529
921
810
567
529
470
233
362
667
656
658
705
548
645
469
205
731
529
253
548
504
416
511
298
422
637
438
886
529
484
652
233
522
705
465
707
144
177
370
605
594
353
674
598
684
390
529
470
471
392
453
362
244
645
529
390
432
362
846
567
791
685
996
560
529
538
684
578
652
652
567
602
510
368
725
705
494
177
652
361
617
548
510
446
776
471
147
559
529
674
161
510
456
483
574
472
486
479
537
583
177
294
386
238
709
353
457
234
233
548
444
583
236
412
438
434
353
538
484
353
548
483
525
511
373
996
524
731
420
810
663
373
318
593
725
461
216
529
617
656
725
470
460
511
903
205
368
594
362
584
583
392
362
583
539
660
601
537
529
537
442
438
177
545
671
670
512
386
725
347
327
560
705
386
484
85
353
652
537
233
177
904
440
684
616
378
216
10
521
529
599
177
238
538
451
540
666
484
428
529
461
80
446
529
598
551
578
420
548
87
362
444
584
353
483
512
316
705
391
430
630
470
667
479
658
353
440
177
660
566
662
472
328
366
529
438
368
319
539
707
645
298
521
674
495
362
205
617
501
472
529
521
637
658
378
484
324
486
529
846
548
310
629
479
440
630
324
670
548
529
521
548
434
315
608
510
685
617
705
605
599
471
670
517
996
423
565
699
574
490
428
674
457
347
768
594
177
623
674
523
560
316
567
477
438
10
440
378
362
362
233
177
310
518
791
559
454
471
996
455
699
637
470
529
540
768
236
566
548
533
801
470
394
495
319
430
725
386
544
801
92
457
548
589
457
707
315
446
559
464
548
645
574
548
425
386
658
424
442
996
390
660
645
523
87
660
472
537
567
660
663
233
677
347
518
490
529
548
423
394
508
493
589
468
233
725
903
307
652
731
416
144
598
559
525
791
205
482
566
495
316
529
486
656
463
548
626
539
470
294
548
602
548
486
594
511
441
283
495
368
560
529
479
594
353
198
548
538
548
810
921
283
362
484
623
461
469
512
548
548
538
645
390
617
456
699
552
464
957
674
446
705
518
545
685
565
846
426
490
373
582
523
540
470
548
360
234
492
216
465
177
419
541
368
510
674
422
442
538
420
548
656
660
316
599
605
685
617
537
594
464
705
677
205
233
446
652
484
177
315
253
598
538
477
85
674
442
483
393
233
205
319
362
315
373
368
177
570
392
198
776
426
392
541
233
487
601
537
424
776
629
529
645
594
298
470
568
484
396
578
548
584
362
529
456
486
319
645
319
699
594
602
626
533
486
529
903
699
441
545
594
660
601
666
486
674
436
147
529
567
608
594
368
62
996
658
601
353
617
776
521
92
426
617
548
470
521
791
846
568
443
426
434
540
670
525
645
177
465
602
660
594
144
553
658
471
599
674
577
484
315
521
846
413
455
319
511
533
426
601
483
667
426
662
319
454
662
594
529
422
921
548
512
316
510
356
471
477
538
645
85
475
417
548
598
233
396
598
512
553
584
599
426
608
529
652
529
851
530
526
233
551
319
567
537
539
584
589
233
487
368
315
362
288
791
441
504
539
707
483
705
10
426
584
617
471
707
705
851
438
559
319
709
705
567
552
605
677
529
568
577
801
511
523
674
578
177
396
810
594
957
508
479
599
537
529
660
921
147
425
617
608
594
446
617
177
518
434
380
670
565
567
362
548
469
87
529
512
362
637
177
417
574
594
538
548
538
440
426
645
548
577
544
904
538
656
521
512
599
356
319
667
495
319
161
416
529
529
463
438
525
504
617
525
575
253
605
205
85
605
538
524
560
575
486
601
538
477
76
508
538
414
539
538
529
451
666
10
362
548
441
529
548
658
477
177
378
533
483
466
483
205
471
233
523
605
432
454
205
662
529
464
414
656
464
348
315
578
51
540
599
478
441
529
674
538
466
567
457
601
233
362
652
442
538
602
233
533
548
319
482
552
390
725
511
526
43
442
810
457
645
475
529
559
378
436
512
921
539
529
537
423
361
205
523
410
353
233
602
593
469
244
386
319
630
608
512
486
298
420
366
548
594
652
508
238
233
523
319
471
548
438
426
529
538
43
205
390
418
205
656
512
390
666
324
529
353
413
353
410
629
436
529
457
598
608
699
205
705
315
645
316
362
529
776
470
362
448
521
446
529
470
705
315
512
362
677
548
584
602
617
515
298
328
699
512
392
548
608
477
652
319
504
362
198
516
594
362
576
353
666
419
390
464
347
466
616
560
601
525
366
434
544
791
483
705
548
177
348
233
10
626
353
725
370
512
574
636
568
577
310
353
645
353
469
538
420
397
87
360
602
685
370
177
391
537
674
658
540
552
645
390
233
512
328
626
236
177
348
608
705
315
652
261
567
177
478
616
10
548
660
540
667
523
511
559
499
438
441
205
602
420
362
10
529
567
448
315
705
391
677
684
205
529
423
921
463
601
418
731
318
570
87
594
540
548
512
616
599
483
548
177
511
539
544
538
574
605
428
567
667
658
487
368
475
652
544
791
477
483
602
617
483
422
348
177
660
548
656
85
791
512
851
529
662
515
423
725
996
510
144
674
436
353
62
508
652
559
658
205
316
376
583
477
418
608
529
617
636
725
791
584
583
450
448
656
418
487
602
307
347
216
76
709
540
319
492
598
996
559
731
577
177
921
791
62
233
161
484
432
583
594
602
538
161
662
453
670
670
608
10
573
316
426
423
177
522
464
319
705
658
478
326
361
529
453
540
552
432
568
422
599
450
602
487
685
484
328
791
392
486
412
468
705
205
177
570
486
548
602
511
567
353
177
705
366
594
568
652
472
428
594
362
344
957
62
434
475
617
567
353
216
316
442
645
326
684
529
469
233
652
529
205
177
446
430
670
494
584
390
461
347
434
472
470
394
511
593
548
577
479
699
666
652
426
529
393
349
570
584
570
533
538
426
525
373
776
660
347
533
538
486
525
846
583
443
540
454
233
418
810
605
416
684
593
233
524
538
486
438
602
461
791
397
584
523
416
623
310
463
396
608
548
422
465
567
177
529
529
423
144
538
470
518
319
574
559
699
424
617
440
319
205
386
617
478
444
529
921
699
434
484
594
288
810
472
605
548
161
538
393
552
533
699
521
525
594
725
548
645
540
567
390
559
378
477
577
426
658
177
684
484
319
418
567
589
584
594
483
283
456
529
529
521
583
310
428
479
511
356
602
393
577
511
353
544
523
506
577
552
617
674
652
390
51
608
660
483
662
492
80
667
495
776
483
244
356
616
360
552
567
147
62
394
511
479
576
725
508
510
599
510
548
594
484
656
529
87
851
147
617
315
548
548
477
466
233
370
422
471
92
233
670
236
428
598
161
454
349
791
538
443
425
548
652
510
538
487
957
505
233
477
495
594
584
529
529
422
529
425
538
540
454
233
768
725
446
436
205
521
347
525
465
373
523
370
594
684
412
147
454
518
707
450
233
205
565
517
602
360
660
505
494
670
464
566
361
584
436
548
440
85
537
559
92
426
469
705
660
510
144
465
566
529
469
801
470
460
577
412
453
484
487
667
426
493
464
677
441
565
559
810
776
234
601
731
62
601
92
470
529
454
428
362
362
386
540
851
412
846
397
677
80
699
442
484
705
548
490
374
92
731
524
574
548
177
584
413
529
573
373
548
326
660
652
234
419
390
705
353
637
76
420
475
496
577
636
725
548
608
570
233
529
537
705
362
524
921
442
626
707
921
645
666
629
525
846
420
62
705
637
559
725
525
559
677
475
525
85
147
598
731
658
589
570
637
577
660
457
548
315
559
471
436
177
486
666
709
577
504
791
316
791
390
552
626
362
373
347
684
548
667
466
347
667
684
412
461
453
298
515
705
594
846
538
356
567
566
577
422
361
324
253
244
846
548
366
846
525
436
626
319
482
512
418
670
559
567
440
177
85
602
464
423
430
233
598
599
469
791
438
521
577
424
594
162
660
374
486
391
477
370
428
548
529
548
264
380
776
522
316
699
529
529
360
484
483
161
540
233
559
486
538
529
464
368
505
575
538
709
434
677
602
483
327
791
548
434
705
486
699
599
487
426
582
454
460
487
666
453
851
319
658
504
446
319
529
593
565
483
559
801
396
652
630
677
594
544
674
380
397
517
362
468
465
417
810
548
565
443
652
396
205
414
671
496
685
559
449
533
326
583
599
684
465
377
495
440
366
464
512
501
584
412
594
602
471
667
457
426
725
538
446
234
376
540
529
526
705
471
506
548
705
544
85
594
432
397
533
377
460
362
548
578
617
560
598
566
374
637
438
791
310
177
205
319
310
348
441
636
310
471
216
652
617
666
529
529
658
674
464
316
538
570
492
319
684
511
457
705
451
705
523
441
283
85
522
699
147
617
548
525
177
283
515
80
903
324
377
529
483
594
494
548
709
548
529
471
645
144
471
177
553
483
482
616
177
533
298
904
10
432
630
475
236
598
637
548
412
662
652
533
362
465
553
76
7
436
233
560
397
677
177
370
605
328
147
570
601
602
996
548
523
376
347
598
495
422
574
161
483
327
394
495
492
177
147
490
440
380
426
419
776
533
469
617
362
319
353
685
397
521
377
685
605
85
483
413
539
446
177
617
489
466
370
851
548
512
601
394
705
492
656
605
725
233
548
846
529
456
605
198
347
356
477
512
552
470
348
521
486
548
602
451
705
996
434
356
705
177
198
426
705
392
392
529
438
617
147
177
327
233
391
244
310
512
598
565
416
548
525
903
438
353
483
605
533
525
660
177
526
422
548
515
470
161
570
85
441
548
709
608
315
378
637
233
487
548
548
725
316
466
776
529
51
529
233
307
479
506
450
594
707
353
601
567
489
238
529
233
496
386
658
482
315
677
434
582
605
570
310
524
567
62
362
996
370
483
511
319
674
92
656
636
260
521
617
526
544
161
548
386
552
177
484
51
660
344
652
386
584
486
