609
635
802
866
597
737
483
421
531
84
521
624
491
566
649
866
746
484
605
549
637
482
621
535
525
569
741
693
593
542
463
614
641
576
733
549
632
534
482
477
649
503
673
693
424
578
737
544
635
762
370
484
553
872
600
450
479
490
681
598
554
737
380
646
528
552
473
866
537
945
966
563
8
263
503
609
592
418
643
535
512
519
492
785
500
605
466
545
477
621
862
792
609
624
564
333
558
503
581
455
608
725
563
562
445
583
643
524
198
529
683
503
552
654
584
916
500
578
394
518
548
770
659
902
8
647
8
582
466
218
666
775
376
637
590
637
484
333
419
475
605
742
803
564
531
370
872
610
294
733
576
581
466
607
446
556
419
554
558
475
595
564
500
550
704
513
456
587
511
802
615
484
426
637
218
866
646
785
604
556
349
775
742
590
576
872
598
423
708
266
535
702
583
600
480
504
646
365
572
549
860
449
549
515
733
546
702
531
546
527
681
644
707
498
563
544
389
569
438
602
594
539
8
366
455
482
624
362
508
43
561
652
592
389
862
612
552
266
445
648
643
813
729
555
872
361
562
636
578
273
555
421
455
441
535
482
803
441
707
694
608
703
916
549
925
540
620
766
777
504
697
8
648
725
455
536
438
821
860
524
458
644
624
409
370
383
518
539
622
484
560
795
418
792
529
563
539
635
416
361
515
527
698
945
511
462
563
733
541
513
693
624
524
512
4
605
862
472
529
702
652
428
725
482
766
529
594
423
872
404
276
685
455
589
644
575
659
582
600
821
813
421
666
945
397
469
556
451
733
482
961
624
361
615
544
544
370
561
447
637
465
641
524
276
503
627
600
802
854
624
860
607
535
945
8
680
608
576
361
746
635
518
872
750
516
645
389
854
599
273
552
802
733
535
802
579
966
451
682
624
333
641
595
529
554
645
546
466
643
601
643
608
627
457
591
638
701
221
854
866
462
466
673
499
860
866
872
733
729
649
540
515
624
370
426
582
854
505
725
649
966
647
742
525
802
643
756
456
370
509
607
610
766
500
742
525
703
746
544
854
872
482
608
382
762
704
266
333
528
525
659
466
575
575
766
925
419
599
556
604
549
607
413
666
266
554
592
600
594
539
613
476
562
600
529
782
565
733
512
362
553
643
862
517
733
631
725
707
795
636
606
509
612
549
647
346
681
681
607
599
595
552
925
535
554
450
362
598
702
635
685
802
604
566
445
585
649
370
726
637
730
650
537
545
704
8
493
649
645
466
668
370
527
484
370
916
415
549
8
704
650
553
608
455
364
697
370
872
441
704
266
762
552
605
589
742
492
600
455
618
782
507
733
361
795
587
552
413
666
631
605
496
478
473
549
576
925
540
416
597
519
618
608
484
451
362
575
726
659
409
916
872
782
550
762
803
541
649
650
500
531
606
549
446
503
664
659
536
729
440
576
536
471
362
821
381
966
456
535
567
608
627
624
421
693
713
782
451
639
770
627
83
648
333
303
777
533
673
662
376
549
785
564
370
514
499
666
785
554
598
568
356
266
535
570
446
529
478
648
961
528
681
737
549
866
480
729
617
638
545
685
612
627
364
453
606
564
644
771
792
733
458
549
501
512
792
450
659
409
556
466
458
733
645
703
564
610
703
782
543
683
860
609
860
680
595
381
714
766
383
468
725
598
466
570
439
650
608
645
766
24
458
597
775
574
539
624
866
370
741
413
535
493
198
582
821
666
500
525
503
555
370
542
589
564
641
370
645
513
566
925
545
750
575
519
370
503
495
464
668
961
489
441
600
643
843
578
514
372
646
441
398
534
438
860
741
610
8
445
597
608
455
450
702
866
582
813
709
741
613
576
473
661
440
530
741
709
563
664
575
185
391
554
762
478
916
8
733
641
618
409
925
561
427
792
294
366
866
453
513
466
466
257
292
574
902
585
556
8
466
624
872
8
372
737
584
792
563
601
234
500
668
503
362
659
707
707
821
646
455
484
534
486
521
495
613
613
585
370
802
575
482
489
554
701
707
541
337
262
554
404
421
649
553
552
421
624
609
554
615
725
449
515
479
83
631
234
489
862
506
513
397
387
553
450
590
762
361
792
669
609
564
722
544
562
529
589
685
609
843
329
563
860
681
463
646
473
607
668
862
961
821
447
441
782
524
644
802
555
361
502
8
520
564
530
567
482
624
643
643
742
612
540
733
418
624
361
534
902
370
669
463
329
539
966
413
645
843
8
524
714
583
654
418
594
445
821
652
455
522
484
516
370
540
639
615
522
451
599
704
643
432
782
555
643
702
617
370
508
337
609
775
742
643
664
535
862
526
576
802
632
733
482
659
370
8
503
692
708
733
370
364
945
545
322
508
578
862
569
583
708
459
632
777
685
872
636
566
792
507
303
733
802
843
529
680
563
693
234
609
481
802
647
722
510
608
649
733
641
600
821
650
733
866
925
539
536
556
535
627
513
498
549
556
423
585
435
578
733
602
455
338
604
862
468
484
617
707
431
552
466
556
482
484
545
524
872
733
872
438
860
821
685
733
549
733
540
426
576
551
590
649
782
698
500
599
775
615
624
423
541
565
862
602
595
405
198
198
668
599
471
489
698
599
627
539
608
707
507
802
775
683
669
563
637
541
725
389
819
712
434
534
555
518
523
440
770
266
561
602
683
540
432
600
218
550
520
916
567
482
607
450
622
961
473
703
555
523
432
500
563
439
666
637
572
813
702
574
604
462
668
446
599
530
683
643
640
423
624
578
552
8
658
803
539
637
489
813
821
530
627
516
586
945
337
482
525
545
819
624
524
513
648
600
669
482
455
431
600
562
586
750
872
546
524
902
496
495
535
507
198
333
652
646
531
621
568
218
729
916
618
83
644
549
637
821
528
621
514
531
528
546
966
451
601
561
23
771
860
648
587
598
394
572
535
513
490
459
582
707
553
750
545
370
872
421
682
522
582
333
613
902
370
802
600
640
333
673
588
742
427
961
561
692
544
546
741
451
632
466
529
600
645
615
742
473
702
574
598
463
750
627
294
531
570
583
515
575
457
482
462
525
666
925
466
803
582
565
498
681
402
564
821
333
575
746
356
575
524
458
565
544
746
528
528
462
652
404
766
872
431
643
766
489
872
621
562
446
756
854
945
545
638
534
381
524
668
523
771
524
564
493
652
568
409
860
945
610
610
821
821
860
702
404
312
477
750
649
534
493
588
866
83
737
792
598
600
364
599
650
602
644
966
458
650
473
516
542
456
627
455
733
726
541
649
645
708
729
802
449
637
541
489
432
518
854
512
582
421
528
598
631
746
604
391
423
635
669
608
483
515
733
536
376
872
376
785
513
562
708
513
582
572
563
551
854
646
365
562
576
668
503
516
549
638
666
742
569
961
966
444
529
795
704
872
631
594
84
802
733
525
389
576
539
471
415
610
664
581
542
563
902
681
585
463
821
866
540
553
514
544
792
662
432
872
637
600
333
514
484
604
860
365
477
303
338
712
418
742
600
234
535
733
782
524
523
588
543
702
389
673
431
860
419
646
647
421
563
624
362
576
466
713
586
512
576
708
925
518
662
455
916
571
513
862
746
565
8
500
484
756
473
431
742
23
644
659
574
459
637
802
733
542
500
704
860
862
552
925
333
564
713
550
419
862
563
560
529
539
427
602
610
966
821
508
581
503
84
495
576
524
565
8
643
733
821
666
667
945
638
866
599
423
621
693
726
556
916
564
574
471
545
707
496
524
455
733
843
370
566
477
742
565
449
503
319
637
756
608
599
552
866
483
802
708
431
646
529
600
545
512
515
482
521
632
608
513
499
612
708
576
525
737
553
594
292
503
535
562
569
467
645
650
574
916
697
556
591
512
770
737
618
737
872
572
668
560
649
455
702
645
568
471
652
510
703
687
574
376
733
685
649
490
552
362
599
503
476
612
643
266
668
589
813
554
512
595
742
607
683
520
498
600
4
598
372
482
669
397
648
681
683
556
669
777
780
644
482
455
455
466
508
645
669
600
579
466
524
866
376
489
569
535
520
627
609
712
549
364
704
618
563
503
582
534
714
198
860
750
595
419
647
702
821
803
552
666
860
570
643
649
702
455
535
391
421
733
586
737
566
423
546
508
391
544
782
683
543
556
429
545
586
608
708
583
540
556
276
601
703
523
627
544
643
564
552
636
668
902
673
714
514
409
423
644
449
649
536
627
733
746
491
624
872
659
535
860
8
560
872
925
513
643
614
572
739
525
423
480
579
618
549
709
860
600
682
599
583
266
737
600
608
518
322
364
624
556
916
413
866
733
733
561
575
866
361
564
916
569
364
445
439
504
529
650
537
658
608
333
599
777
266
733
234
471
685
598
843
476
514
543
549
525
742
673
447
618
649
726
446
614
487
512
704
602
525
583
860
266
701
590
666
455
484
872
506
673
512
560
390
713
376
477
596
420
524
649
916
866
421
539
707
608
510
729
664
704
644
639
549
569
733
266
426
668
250
672
604
533
484
637
685
966
530
569
618
503
441
862
683
620
333
587
234
544
707
556
729
613
541
866
540
482
591
966
514
602
8
726
697
607
712
529
292
484
560
541
843
681
649
766
496
730
600
581
466
381
8
729
561
600
404
600
464
583
703
746
916
349
362
694
795
610
455
566
775
945
649
733
600
582
417
546
581
683
576
564
387
739
222
523
624
423
659
370
602
618
683
562
515
472
604
621
657
704
644
495
449
434
524
592
478
501
733
598
535
659
539
610
737
770
584
417
435
556
555
522
854
564
648
741
370
916
418
666
484
549
513
465
555
750
565
471
482
421
389
523
604
513
599
741
522
872
802
866
555
541
961
756
418
795
666
854
608
441
492
462
961
422
544
733
742
528
733
604
484
624
792
813
643
961
503
432
391
304
692
624
561
681
564
762
575
617
479
481
413
733
562
733
539
637
507
534
468
666
438
370
643
527
722
792
181
733
531
606
771
578
813
548
43
693
602
595
662
802
418
524
480
649
610
361
429
496
266
421
578
413
471
600
661
614
608
421
504
535
725
872
608
518
802
636
707
555
961
560
370
370
608
742
608
609
581
605
608
683
945
540
598
733
596
600
595
631
234
802
685
458
782
545
482
614
544
273
666
549
257
524
365
576
540
693
792
643
545
609
531
707
489
583
471
966
534
554
746
532
570
733
500
387
466
643
516
514
742
591
333
591
294
503
775
681
733
650
792
673
473
266
325
541
273
528
777
681
604
304
257
382
565
510
564
8
534
527
8
682
733
486
370
576
257
466
621
624
361
333
531
381
546
556
435
961
466
639
666
362
860
552
466
370
381
524
520
491
733
489
493
473
518
468
556
257
421
578
564
681
524
444
860
564
636
590
561
729
198
925
672
637
611
564
333
860
726
617
643
586
590
428
614
520
722
441
703
693
756
961
552
650
493
8
543
349
493
528
503
599
860
599
445
509
659
455
558
24
370
545
449
549
802
645
485
802
556
733
362
659
600
480
733
766
645
561
582
598
621
872
821
520
704
520
595
540
692
591
609
548
441
234
471
702
916
792
525
594
637
643
552
600
770
370
544
647
533
777
599
575
658
436
513
539
610
742
649
503
8
473
599
771
756
792
455
713
487
612
652
585
521
526
872
564
370
648
780
421
777
43
637
581
544
683
553
266
581
649
766
423
528
531
263
733
494
631
475
276
762
777
966
552
634
500
609
600
466
802
702
649
586
860
725
535
733
595
478
647
733
544
600
505
432
813
362
802
446
498
466
872
681
733
622
598
733
645
507
535
561
507
540
704
527
576
641
530
621
746
185
733
792
843
409
413
506
499
782
750
438
704
519
518
600
421
475
770
535
476
578
730
466
600
466
658
872
438
536
729
451
792
872
821
802
771
516
553
598
482
681
802
766
198
502
624
649
782
493
549
534
478
548
466
584
421
733
618
945
262
446
648
733
585
508
262
618
471
503
802
524
417
569
693
966
266
803
550
872
8
522
687
704
483
742
493
366
503
484
609
466
614
492
444
510
432
372
468
680
667
458
536
536
902
733
666
540
556
340
508
515
370
534
668
556
362
266
543
550
466
83
802
780
524
925
624
520
413
654
579
266
304
643
250
569
466
542
236
466
441
819
520
618
792
649
562
512
431
422
945
477
737
531
648
418
624
701
782
576
517
489
426
637
637
707
552
639
473
549
527
465
447
802
534
701
733
539
426
635
802
493
659
589
627
802
459
266
453
370
600
659
645
439
667
532
535
564
500
185
513
234
659
600
464
737
458
650
592
683
391
545
422
561
552
707
703
8
540
916
733
733
512
513
649
650
449
585
595
552
770
600
802
563
534
498
693
331
606
575
479
451
635
525
561
468
608
730
637
762
234
333
496
618
613
583
534
694
446
539
659
649
641
324
510
586
598
534
854
644
590
234
683
525
785
708
746
639
419
556
777
540
449
673
541
566
477
536
518
813
669
563
333
860
556
666
540
618
649
687
649
567
604
582
404
523
649
234
489
473
499
266
733
659
860
733
545
608
556
708
333
802
570
542
608
777
413
451
649
362
624
802
535
854
466
564
563
489
389
493
482
634
643
966
534
