629
618
456
412
631
519
774
551
570
434
509
524
508
742
527
483
326
483
891
452
400
530
477
344
652
491
667
537
975
422
790
442
568
522
483
496
720
497
231
371
507
451
767
330
422
458
601
884
523
455
867
534
460
449
559
366
517
592
722
484
223
427
524
324
511
467
707
483
620
271
530
312
393
232
315
924
425
742
508
444
256
619
867
439
400
232
378
609
607
530
429
467
566
557
404
326
630
618
474
451
531
542
575
506
555
27
970
489
601
149
483
532
787
511
707
355
373
541
632
490
528
612
658
416
359
719
530
498
540
632
531
516
467
409
349
469
516
203
891
524
463
606
621
548
584
804
12
557
528
729
168
535
420
571
385
569
620
666
458
672
787
515
653
339
574
511
604
345
539
618
524
262
619
233
619
491
718
554
591
409
867
489
203
767
580
674
444
451
472
550
476
787
559
374
884
667
467
548
533
905
763
532
415
511
332
349
297
970
372
167
305
546
787
652
550
517
867
664
568
555
548
447
433
450
233
489
528
512
616
523
467
564
488
667
628
385
487
517
620
235
418
583
404
539
444
553
27
625
572
595
526
787
575
599
511
604
497
509
326
598
587
451
587
539
670
612
562
444
511
372
429
652
434
427
589
462
502
365
429
537
233
534
451
551
501
495
393
648
425
667
484
348
483
433
514
629
651
651
373
605
492
463
411
543
373
955
497
618
340
519
704
565
510
547
429
450
651
798
658
576
436
295
638
406
625
893
540
867
27
397
393
547
479
431
486
548
406
372
483
516
670
498
768
383
568
450
572
565
538
311
496
501
501
616
469
433
507
516
514
633
774
372
618
396
283
526
541
488
511
503
294
682
532
509
444
613
526
564
43
481
343
450
629
465
541
467
583
575
517
511
533
517
489
586
418
867
573
592
461
378
576
568
515
499
329
620
637
474
527
910
94
168
326
526
546
546
623
686
456
451
372
513
522
734
453
655
650
619
369
339
509
658
526
501
444
453
557
308
458
544
496
500
213
485
570
893
499
541
564
373
565
383
493
465
581
532
492
538
312
558
473
489
627
517
41
759
867
674
642
429
558
509
419
540
585
985
497
565
492
553
518
710
648
650
338
648
616
804
507
500
672
308
556
672
524
560
457
508
583
622
411
611
774
650
798
513
449
587
533
489
528
526
527
385
775
467
448
458
620
591
605
684
381
497
307
504
568
480
467
491
543
564
552
233
463
549
547
464
499
494
463
574
489
556
547
444
439
522
488
533
591
531
512
541
751
503
643
651
606
493
449
544
526
612
534
449
165
187
487
413
693
383
504
567
43
470
562
105
236
517
331
311
530
336
470
469
158
589
545
282
528
987
479
27
453
492
450
529
491
321
568
508
518
358
488
344
480
557
489
522
541
568
550
428
631
547
620
651
402
739
759
233
523
165
470
630
707
591
603
614
319
910
312
575
525
539
472
419
906
429
458
473
493
387
315
472
305
692
867
540
43
674
867
463
393
498
94
971
283
515
444
565
378
453
499
590
451
535
634
431
539
494
271
548
373
550
520
226
628
535
667
490
360
695
433
470
871
519
310
572
434
444
855
467
420
491
467
486
235
293
512
646
627
595
567
561
643
558
420
553
336
316
442
491
523
558
538
788
637
603
548
620
579
497
498
419
605
483
541
467
538
484
587
487
451
482
373
43
567
798
661
601
520
568
519
651
332
232
450
491
489
602
508
987
531
547
444
444
636
613
498
534
329
653
615
485
372
398
709
955
433
667
444
441
431
364
411
543
616
273
586
570
627
567
488
453
547
635
612
560
535
619
606
453
667
588
517
595
443
606
511
235
310
390
563
497
584
773
420
526
426
527
125
753
271
606
463
378
376
753
465
599
451
763
603
581
507
387
594
798
472
606
203
707
985
521
731
638
504
667
619
582
232
399
444
475
521
94
545
372
501
359
458
568
444
418
546
486
359
559
295
550
605
867
520
758
431
472
591
306
507
326
381
451
670
582
618
549
470
596
431
488
472
498
390
496
349
476
595
429
561
484
168
492
465
511
387
213
566
547
235
652
399
463
569
534
467
489
544
620
488
373
400
502
627
575
441
579
473
336
629
373
256
443
393
311
396
651
673
933
656
508
449
583
558
558
803
531
524
312
643
985
707
533
599
586
339
619
656
27
480
766
611
433
672
436
568
767
444
233
340
105
572
425
488
567
521
530
393
526
438
515
617
616
521
479
529
751
565
267
444
629
529
548
523
728
167
630
470
461
520
565
625
312
503
891
342
349
515
529
605
464
213
557
561
667
829
94
591
549
580
596
560
150
417
445
423
94
43
543
521
311
571
496
304
458
474
607
378
529
692
650
285
531
416
312
420
619
548
514
580
632
630
552
627
445
510
354
588
409
236
381
383
602
867
500
533
286
432
470
452
387
226
304
451
975
627
529
291
390
683
508
492
43
529
621
719
611
508
374
626
480
788
706
618
509
492
550
295
499
162
775
562
521
987
623
525
473
619
667
312
259
628
236
506
94
461
514
557
513
616
667
358
586
584
629
502
541
402
312
517
421
525
591
494
440
599
519
529
635
526
491
581
698
855
616
319
429
488
504
655
532
618
441
554
617
311
611
451
507
489
463
358
524
544
658
470
976
520
710
719
520
608
651
544
503
625
467
562
581
338
505
643
595
534
955
477
510
538
483
623
602
416
599
354
565
520
473
690
522
429
589
544
333
492
336
488
295
678
707
520
513
643
867
280
418
586
596
105
533
867
524
521
693
533
359
390
634
788
553
696
558
490
158
630
564
542
203
444
447
616
672
584
640
446
439
627
598
448
527
985
611
517
552
539
520
336
531
470
472
504
667
618
428
783
651
603
690
492
511
658
402
725
478
887
286
383
566
619
519
203
707
725
683
457
525
271
420
429
609
910
236
429
485
452
474
259
451
310
12
497
534
554
427
620
482
543
569
367
467
236
674
463
567
549
709
689
543
478
548
971
630
558
620
486
463
532
632
441
411
437
628
304
636
689
566
513
484
565
588
598
508
609
463
464
489
467
487
509
550
650
529
504
483
449
560
517
748
430
629
576
293
443
512
587
498
387
655
326
545
149
707
521
158
883
94
667
651
528
603
712
435
461
461
531
434
618
608
543
559
472
774
507
479
405
393
485
619
286
462
429
548
512
486
648
439
608
393
616
567
494
94
491
412
438
415
393
393
438
568
583
463
232
541
502
587
497
531
485
443
514
378
742
537
985
589
804
538
451
677
319
742
483
467
506
602
567
415
488
308
775
496
451
502
606
591
635
751
167
447
390
506
587
105
891
491
329
43
449
788
483
436
544
528
449
558
448
606
633
582
173
529
867
887
454
719
556
567
319
484
528
586
366
756
596
483
512
484
419
622
444
490
556
683
173
622
484
213
547
444
438
724
370
826
492
486
463
567
751
231
512
326
481
491
474
404
574
340
457
522
933
373
550
751
411
617
522
513
707
787
898
359
433
523
305
353
501
528
562
539
566
498
501
602
533
319
236
538
496
751
619
565
165
567
559
620
549
552
511
461
629
508
578
586
494
590
518
469
616
355
94
531
468
612
678
343
733
458
508
373
578
27
531
443
554
483
435
565
462
627
373
557
105
393
487
463
226
449
306
479
373
723
488
905
286
652
519
590
383
426
616
552
599
409
480
338
496
385
609
519
390
507
405
43
488
415
513
971
233
558
620
444
486
508
728
640
724
677
514
506
581
548
528
413
466
677
804
411
524
530
614
667
670
541
440
676
226
582
343
729
619
384
591
339
705
867
416
326
340
719
550
431
541
602
719
268
345
712
985
416
470
537
271
492
525
390
512
548
554
450
598
528
480
787
350
420
867
506
504
27
532
665
486
469
381
367
548
719
631
203
439
450
453
976
319
468
444
536
564
482
748
537
433
631
411
532
517
619
326
353
710
532
591
431
646
509
523
551
304
259
282
271
499
564
620
466
440
554
540
248
554
522
479
605
492
667
855
855
373
542
429
443
489
554
712
400
552
543
647
472
439
332
451
347
575
561
508
578
526
739
581
378
656
514
640
491
450
906
547
591
444
731
505
508
489
570
355
692
617
428
650
451
353
605
530
695
312
604
620
498
445
450
618
541
367
618
462
560
511
451
521
349
374
420
353
538
251
561
670
514
609
551
604
599
537
528
555
710
455
496
413
667
349
867
517
343
884
521
491
523
602
593
488
867
620
464
564
597
538
517
203
481
393
529
682
373
637
665
515
437
618
354
370
498
566
531
498
566
444
528
748
262
529
518
640
561
358
638
311
570
43
648
583
270
464
524
569
390
515
640
521
535
418
466
283
326
620
458
883
525
441
551
446
456
550
707
575
453
550
742
402
465
604
526
526
312
443
444
393
541
105
709
405
517
487
529
495
815
567
515
511
572
470
774
518
627
570
592
259
488
433
355
528
476
438
232
576
576
340
507
233
519
574
444
470
655
656
105
531
628
330
486
534
429
570
568
590
463
231
515
465
583
547
496
280
545
568
372
445
572
599
436
458
568
564
723
592
496
564
390
542
167
424
484
620
550
514
527
378
529
867
523
558
604
517
470
767
763
532
570
442
537
459
529
467
544
623
633
403
564
530
467
535
390
525
435
499
620
421
360
439
458
506
586
381
545
330
312
409
514
537
620
775
606
573
521
669
445
787
618
522
628
469
985
549
640
537
515
867
542
566
515
326
485
485
615
492
603
643
581
369
632
604
581
393
365
893
379
655
494
446
187
580
457
549
213
527
541
537
459
329
495
643
517
609
707
411
692
537
483
751
609
326
656
438
650
592
674
532
541
648
646
535
687
451
707
673
803
441
484
557
564
491
486
534
643
568
563
548
372
566
541
451
521
439
787
629
707
567
606
667
510
383
479
226
271
165
393
384
43
518
550
444
441
231
453
267
606
787
489
707
776
336
696
369
798
599
643
550
593
326
488
692
565
493
515
591
603
484
696
312
468
496
540
618
591
553
725
629
463
424
466
484
620
489
603
632
619
526
568
312
567
339
606
473
629
547
286
458
590
339
637
517
511
484
399
511
233
867
463
295
158
444
594
542
519
404
555
534
433
627
365
577
383
622
233
562
578
547
451
544
692
664
537
233
591
427
434
461
631
591
498
446
646
517
581
415
561
667
330
472
463
349
538
602
493
529
581
891
538
527
519
484
524
596
481
480
514
638
656
684
158
554
451
535
674
643
138
883
345
577
735
403
724
444
720
628
664
425
496
305
579
560
522
696
452
517
538
326
955
501
470
532
248
511
506
511
319
985
534
444
563
503
672
493
339
672
370
474
523
467
501
554
526
725
606
522
459
652
499
521
531
602
724
630
444
420
556
267
658
554
609
517
512
483
27
547
511
629
598
527
553
326
359
548
529
634
564
444
617
520
597
512
150
616
653
286
546
337
444
425
531
602
347
671
462
707
605
504
598
672
548
558
613
643
429
547
541
259
522
416
619
411
323
610
579
483
416
375
693
479
529
689
735
374
683
478
415
308
689
502
433
333
444
619
519
562
296
704
643
497
578
511
530
518
985
544
672
283
543
497
526
457
547
497
690
671
441
774
539
516
544
483
517
566
552
418
349
488
884
525
451
783
534
451
311
283
650
893
815
478
485
404
311
619
390
468
425
350
248
623
474
620
612
525
720
500
485
330
759
373
854
646
651
774
586
628
496
538
624
444
330
681
295
416
482
507
464
787
635
451
469
531
618
489
451
510
517
614
431
536
491
625
503
94
587
458
231
549
693
648
690
491
317
554
542
489
359
605
503
655
599
415
444
509
867
402
478
15
331
554
605
696
646
326
492
652
489
623
532
594
626
489
519
416
286
542
867
526
226
492
976
539
524
606
605
467
463
458
573
489
271
635
603
390
386
613
667
798
481
453
448
707
759
554
763
611
326
544
508
605
525
631
539
507
514
187
502
534
470
369
489
550
517
599
480
235
336
168
629
413
419
456
554
603
293
573
158
483
483
723
707
411
451
337
167
530
326
681
541
491
463
501
629
516
304
613
373
547
606
787
447
527
464
503
502
496
421
561
105
605
528
557
27
910
619
634
906
150
271
494
449
514
336
518
492
534
495
235
336
251
651
428
451
505
473
416
373
547
564
577
567
458
485
310
479
615
463
483
515
627
617
450
213
509
523
448
627
513
498
547
620
562
891
605
488
486
642
487
489
442
233
15
985
614
273
615
425
602
373
409
267
591
742
485
491
573
604
933
547
619
564
703
376
418
638
168
508
525
480
659
464
565
605
344
653
484
520
707
350
373
583
625
524
905
557
552
508
489
492
369
502
400
284
496
541
168
232
532
582
105
444
530
583
539
539
635
742
165
766
515
383
563
564
633
488
441
532
428
486
444
629
516
620
739
516
336
867
615
400
537
707
305
648
138
742
465
502
564
427
280
567
718
483
478
590
592
518
798
510
630
637
644
470
427
465
464
451
508
538
544
588
667
511
671
511
534
541
409
998
634
441
345
725
858
742
295
867
686
415
355
558
492
504
627
511
465
231
518
620
627
628
479
382
373
332
393
474
640
474
604
457
655
562
441
518
709
560
725
725
526
495
545
438
537
584
591
583
527
425
516
494
521
452
618
329
591
528
496
567
533
578
522
620
533
312
638
349
683
167
524
459
652
378
564
619
521
451
725
349
393
749
538
514
448
526
558
524
259
43
271
535
443
286
486
748
561
444
619
373
556
629
619
473
466
304
541
41
672
576
765
623
517
543
638
411
495
508
466
534
562
434
529
348
602
326
475
543
473
543
449
496
522
284
682
364
349
516
618
481
105
634
499
284
510
501
483
416
167
538
271
603
601
488
523
452
548
804
594
535
523
587
580
588
359
658
496
549
213
495
439
544
473
618
640
332
910
867
724
494
602
646
742
549
482
321
656
533
483
557
486
591
535
458
431
636
500
608
867
105
723
326
606
521
646
556
521
748
470
434
538
511
544
470
158
514
603
182
666
763
607
616
521
592
259
556
544
674
503
509
458
540
549
105
429
369
538
167
587
577
449
655
516
463
423
531
787
905
426
312
672
955
678
355
105
413
636
573
580
308
756
483
402
855
723
411
867
467
444
543
369
514
568
542
609
643
383
344
682
550
494
651
416
450
167
496
742
435
612
444
826
580
582
620
540
558
486
468
168
475
496
723
661
532
286
443
626
696
867
444
532
488
508
508
365
525
467
43
667
349
549
512
226
439
591
305
591
643
627
734
667
441
616
463
910
589
483
689
473
434
378
561
798
815
550
429
609
554
373
603
539
534
587
557
477
457
359
556
411
417
479
512
521
421
311
463
492
447
525
616
502
548
643
344
480
676
353
477
660
748
511
574
585
506
385
579
336
223
705
168
311
434
453
720
502
578
446
586
565
653
451
674
475
429
521
324
611
867
233
483
479
473
829
533
658
271
345
568
326
458
867
369
233
483
457
310
561
480
15
673
566
389
311
609
619
467
444
226
667
618
555
426
404
570
312
649
521
429
259
491
203
453
533
233
438
489
543
829
491
671
12
462
516
441
540
803
562
643
105
867
43
429
94
464
495
620
326
547
709
511
520
706
710
532
496
409
226
559
623
627
393
867
673
673
391
444
391
259
373
393
484
867
372
540
520
524
94
411
599
531
722
498
326
518
643
674
603
285
774
537
594
417
592
666
605
378
158
618
614
373
568
452
384
560
576
473
474
529
905
517
612
511
428
637
43
658
168
511
397
598
707
677
955
704
629
867
534
540
528
602
444
611
513
750
486
768
532
725
554
707
554
567
562
416
499
615
505
511
516
422
533
165
614
826
566
527
867
712
576
248
353
618
619
638
451
226
491
733
496
751
707
498
527
568
707
358
464
358
518
463
972
528
692
611
293
444
402
500
484
469
609
508
535
640
213
496
891
511
342
584
512
213
955
620
226
511
387
340
526
532
373
620
511
411
675
333
456
415
387
553
693
400
553
429
385
504
94
883
591
670
583
619
448
867
233
557
423
695
213
867
891
509
389
167
648
425
549
443
523
619
483
409
326
537
537
544
893
551
666
404
522
643
473
475
520
729
305
609
451
472
905
556
553
326
488
213
511
359
564
530
620
511
644
336
311
522
509
236
445
775
473
473
493
618
573
373
413
413
535
987
606
620
625
705
591
340
483
634
635
538
326
658
508
412
492
458
638
618
787
566
527
594
232
387
418
519
315
472
405
469
452
522
975
546
494
521
867
612
696
527
312
598
616
591
655
383
498
283
502
651
312
355
291
508
436
570
452
431
532
696
420
568
867
566
529
138
609
506
460
787
393
631
504
15
576
589
854
548
262
684
441
459
605
429
595
707
497
433
630
867
283
528
492
527
534
556
429
829
326
507
364
539
522
804
672
621
326
724
652
283
766
425
454
271
709
538
513
725
453
410
226
655
386
635
339
508
867
294
535
552
563
484
470
530
855
501
328
295
486
337
464
667
564
557
565
985
416
444
344
731
609
484
504
731
513
558
514
283
723
462
728
569
442
633
445
501
282
499
530
543
505
590
520
488
653
472
723
373
611
565
611
463
479
422
514
475
41
753
924
508
651
558
656
354
353
590
564
524
425
457
271
443
790
293
787
496
643
867
528
628
616
580
576
425
105
518
543
499
452
385
231
233
604
690
259
448
521
393
462
452
373
707
480
508
629
539
609
563
509
305
441
496
150
627
550
538
538
649
418
438
233
568
933
472
550
547
508
656
834
955
514
656
105
187
568
470
464
326
402
567
617
489
518
502
444
670
496
623
674
311
538
386
627
728
444
286
448
483
573
548
622
712
547
451
488
511
512
535
339
867
386
373
450
498
513
516
501
486
565
641
436
509
506
460
581
576
445
483
658
232
226
489
450
647
616
526
709
499
368
499
389
491
523
672
557
767
591
640
497
611
625
532
488
529
385
720
565
592
508
514
554
233
496
561
485
330
381
312
547
425
491
826
565
524
625
883
383
428
498
440
483
867
587
578
677
565
233
566
561
529
476
429
523
719
441
955
560
748
516
567
467
344
397
436
891
429
517
576
666
565
372
331
854
919
519
384
558
550
617
727
653
232
446
514
586
605
524
788
591
472
541
381
494
593
667
418
373
510
434
485
554
226
405
544
559
804
429
703
512
523
358
373
451
168
569
564
372
358
604
567
507
568
489
564
415
591
774
232
390
910
633
955
435
425
602
745
707
165
568
530
644
167
326
690
635
580
248
498
509
607
556
564
338
787
637
514
569
617
556
544
458
690
638
530
444
94
511
444
262
167
474
618
533
454
462
638
515
607
898
678
503
479
555
532
463
312
27
560
390
368
629
466
707
574
521
483
652
580
468
603
535
415
599
482
441
751
539
604
454
556
369
500
551
522
460
308
498
656
213
478
496
672
573
509
625
443
593
519
855
513
336
344
534
533
604
588
532
690
616
489
632
203
683
543
623
933
512
485
467
891
319
480
637
514
105
409
867
533
233
685
867
570
641
517
511
525
634
511
577
526
483
675
233
867
537
381
884
667
259
710
776
354
632
665
499
553
441
507
693
549
742
369
517
642
540
565
658
867
474
787
611
620
658
496
359
612
515
739
497
425
538
286
539
359
365
675
550
593
326
596
693
436
464
634
335
326
509
507
516
526
619
466
566
436
683
427
705
465
555
522
187
521
571
976
451
444
544
441
478
293
442
467
232
463
213
444
393
867
187
502
693
233
342
434
652
381
541
469
508
400
285
342
213
457
493
602
627
554
468
94
724
282
491
570
359
530
905
522
435
684
473
444
625
444
546
455
248
620
491
330
259
226
544
553
502
689
891
427
643
629
500
326
672
467
690
511
724
534
483
519
537
580
798
398
586
436
531
531
619
526
720
445
632
542
574
359
453
463
591
558
482
231
516
531
557
611
498
514
527
27
525
616
517
382
562
590
512
373
535
567
425
467
349
502
767
479
568
486
532
542
682
514
461
286
467
94
451
635
492
330
475
373
535
564
271
468
444
508
524
524
231
753
621
271
675
477
165
442
418
448
474
456
647
433
590
614
369
611
558
489
606
451
616
489
620
469
492
467
593
658
618
539
512
451
586
656
483
373
514
523
483
985
709
526
344
521
709
742
604
625
488
858
581
478
373
512
494
723
482
607
541
443
373
563
558
798
635
399
315
43
667
705
568
620
552
584
541
607
348
486
489
411
858
378
490
443
259
552
608
562
442
451
613
608
692
645
425
470
508
642
441
629
524
520
553
203
551
312
955
971
607
500
667
12
516
867
508
435
446
359
463
490
442
520
369
165
670
492
527
271
400
326
447
213
460
535
316
416
593
508
550
425
490
530
558
584
483
693
535
444
489
475
635
630
547
294
541
549
550
658
568
105
425
898
527
692
867
627
955
867
529
578
537
503
387
667
339
236
490
586
402
464
223
620
971
620
259
651
213
527
286
570
651
689
529
565
444
349
343
342
867
415
459
390
591
498
867
556
511
473
496
165
373
525
312
349
586
326
612
311
293
689
358
712
529
373
444
867
382
692
705
463
567
463
602
591
503
720
570
602
94
499
583
489
692
627
434
259
281
609
236
602
522
884
344
550
572
488
506
291
562
516
27
439
393
602
429
528
295
696
463
595
693
438
381
787
378
411
567
165
456
451
453
608
27
560
987
514
725
105
474
520
329
311
365
467
620
233
517
534
343
94
867
511
495
304
550
393
555
723
524
530
643
682
542
547
568
776
490
586
599
611
570
525
501
461
492
259
442
529
613
503
458
94
479
400
635
867
562
312
560
867
591
525
638
518
445
594
508
584
527
429
556
643
933
464
486
105
213
373
553
482
558
415
491
620
798
511
570
893
519
476
331
400
517
531
474
537
537
365
542
611
491
94
349
519
709
568
638
231
599
452
537
513
829
709
534
502
397
580
675
476
394
27
511
609
27
707
496
369
548
707
505
443
233
384
634
411
523
407
627
411
563
653
467
466
491
725
519
552
748
518
678
600
776
535
656
611
624
547
829
486
577
470
658
337
707
544
516
513
397
418
593
547
591
457
509
565
774
826
623
271
608
893
233
453
514
479
259
787
233
524
573
499
620
606
554
518
648
418
489
307
547
525
517
550
416
492
651
473
343
429
829
619
354
867
483
616
586
563
753
627
787
442
524
618
496
444
464
393
568
655
630
343
511
551
556
479
609
259
519
616
511
625
670
492
504
447
550
492
611
438
670
326
614
471
428
467
695
530
496
648
507
559
488
451
690
742
409
578
606
518
620
94
549
473
562
528
355
405
445
787
342
425
670
499
611
535
616
581
442
591
517
330
467
383
469
484
670
619
562
529
429
469
349
707
105
438
549
467
476
609
530
409
595
442
495
620
373
541
534
467
588
515
429
465
492
585
619
543
223
883
315
514
518
749
461
526
483
517
526
488
508
315
476
550
510
667
701
478
467
475
411
684
650
567
763
512
597
550
683
630
562
607
503
347
503
511
494
854
651
489
533
291
405
567
602
486
94
526
359
696
492
523
373
567
463
399
552
451
483
549
463
501
871
556
535
400
526
515
592
452
514
345
519
284
893
506
43
311
498
611
516
611
513
574
498
569
632
451
467
350
442
733
618
308
724
553
616
528
693
453
508
675
469
529
570
213
436
514
446
482
545
440
373
376
450
575
564
683
444
647
441
449
526
790
372
767
611
359
511
378
441
518
458
350
670
259
787
391
451
606
503
590
479
521
463
547
484
546
587
498
443
616
559
456
537
393
503
462
542
286
439
723
591
632
893
719
525
513
611
481
448
541
528
387
629
605
603
501
655
464
296
259
611
541
568
349
625
643
541
524
620
567
330
550
378
619
526
547
319
463
525
471
976
630
383
472
525
803
829
507
629
584
667
629
568
497
609
359
484
491
568
308
426
310
532
529
381
505
532
616
559
411
537
511
552
529
447
511
411
564
344
373
497
627
402
226
444
511
555
335
563
374
693
564
867
514
985
545
587
387
461
578
354
481
501
501
514
167
684
628
529
557
744
441
607
513
787
231
591
511
494
511
524
429
492
524
617
616
349
617
629
483
502
533
618
619
339
456
535
698
471
975
416
441
539
535
709
532
591
463
494
295
620
437
519
526
507
550
457
373
444
483
798
373
339
488
640
483
582
659
451
556
525
521
696
672
532
450
422
450
541
616
412
678
451
148
619
326
411
489
867
494
517
535
429
607
315
233
394
425
330
548
524
480
488
462
516
449
561
505
419
677
756
685
486
554
448
592
440
332
673
598
492
597
552
489
226
419
483
233
511
436
540
524
722
167
712
419
579
674
585
532
488
517
558
609
336
223
608
590
560
569
537
43
627
441
596
339
976
489
621
458
502
433
534
623
407
893
448
739
458
787
489
491
577
485
398
483
379
541
573
640
751
515
461
232
547
496
499
556
581
525
507
612
748
568
607
506
336
621
511
433
584
479
652
496
359
972
751
462
570
648
650
311
582
552
590
534
442
412
867
468
629
490
550
538
312
568
486
389
491
342
306
463
467
349
542
955
507
567
340
515
985
627
570
533
434
629
452
539
464
538
526
594
528
353
517
235
774
94
919
476
525
591
498
614
985
586
542
310
491
867
535
549
677
547
491
630
547
678
513
517
435
489
529
658
574
449
425
436
463
373
608
742
509
606
493
383
270
442
719
528
412
475
471
867
41
248
604
633
776
620
571
566
709
326
787
774
444
599
457
530
971
592
492
280
519
411
619
233
521
339
580
399
516
548
570
561
627
696
622
326
367
489
548
620
233
450
653
529
596
329
667
804
573
563
551
501
618
43
498
457
480
620
558
532
556
507
867
517
517
425
542
987
467
617
614
497
855
867
446
493
643
340
259
539
444
586
491
690
667
271
527
673
444
867
430
788
596
291
618
508
524
467
295
425
355
549
393
787
452
774
554
629
687
553
666
689
411
517
450
627
628
562
546
725
518
442
749
416
519
568
165
667
336
517
457
538
271
354
498
404
565
500
441
12
553
524
696
707
998
597
538
614
493
976
492
516
308
463
887
431
678
527
735
532
449
531
529
476
326
233
523
620
369
634
606
587
976
558
803
418
520
213
463
515
451
465
689
689
505
620
359
610
444
592
393
407
605
798
606
522
271
444
976
619
710
393
618
580
511
538
625
452
620
664
576
661
510
987
394
259
658
467
513
574
463
374
618
607
975
551
373
451
748
524
476
504
424
463
336
470
413
43
167
545
15
519
513
514
564
233
444
742
688
310
429
535
497
490
594
667
597
524
707
539
628
671
490
514
358
723
226
304
536
603
690
444
564
567
411
476
672
854
537
512
648
658
464
617
517
529
648
524
474
591
530
568
372
605
480
411
539
706
591
620
626
393
905
565
547
628
350
606
525
434
286
611
620
223
94
596
533
503
339
479
544
500
524
891
627
458
673
533
605
652
444
534
588
436
409
906
491
503
576
605
490
575
326
537
203
295
998
511
613
511
448
466
686
444
336
503
554
533
867
566
867
483
417
347
463
602
608
643
597
884
311
643
233
971
602
491
610
499
648
386
647
486
742
581
226
505
524
527
502
500
231
558
498
924
444
458
611
539
739
520
306
674
512
513
474
393
701
651
259
470
578
378
985
467
561
488
618
483
527
383
339
718
231
448
858
461
349
465
742
488
342
579
537
753
439
665
491
759
508
648
491
517
729
532
649
148
597
381
450
295
567
525
595
681
425
429
530
545
467
354
568
458
463
525
436
373
444
458
457
458
442
627
539
740
684
442
681
537
543
602
458
705
643
441
526
580
623
597
239
776
562
500
517
524
511
451
496
354
383
478
467
339
372
27
315
558
488
340
105
596
640
295
467
609
492
749
614
867
525
867
554
503
527
223
539
355
556
617
867
671
592
756
493
578
236
428
620
554
620
616
499
457
94
366
27
734
751
751
15
321
94
326
486
411
522
588
608
596
444
494
707
871
498
774
556
373
450
573
609
648
372
692
353
658
438
500
453
519
670
442
688
632
470
383
502
429
452
924
381
608
734
534
562
618
158
542
648
580
648
547
547
549
461
549
518
294
773
479
429
545
526
787
418
591
444
532
554
384
525
867
459
449
803
537
674
368
596
468
504
479
340
753
393
528
592
525
562
496
581
776
523
411
565
599
486
566
459
268
855
483
470
339
223
213
541
568
672
319
526
493
516
330
419
597
541
518
465
498
707
588
517
443
971
513
235
566
607
749
236
970
441
537
483
867
646
731
616
790
538
373
459
985
293
498
486
483
457
520
667
566
533
420
623
416
568
359
458
678
508
855
27
515
503
731
203
658
413
496
332
458
523
564
547
463
347
538
504
27
437
458
787
439
599
684
518
622
330
565
646
567
413
213
416
428
562
547
544
441
330
434
411
445
507
349
742
43
521
520
516
619
619
503
491
444
742
432
451
374
750
655
445
626
985
713
286
416
259
549
620
400
564
783
461
547
661
632
505
528
568
591
537
867
489
533
501
547
486
444
677
542
581
315
616
627
416
535
315
413
787
326
756
531
444
555
767
655
365
526
524
424
611
756
373
513
489
488
672
588
458
751
259
798
450
460
509
566
480
459
310
528
640
544
323
94
650
528
479
