495
436
492
500
498
501
500
490
507
451
497
501
470
515
495
497
461
497
502
501
492
503
470
499
548
501
504
522
501
499
503
489
494
502
492
498
483
510
538
505
486
497
497
497
505
498
506
501
486
499
490
495
479
569
495
495
500
498
500
505
507
500
502
499
502
499
499
498
502
501
493
504
510
504
505
465
511
501
501
500
516
468
490
500
497
476
500
502
505
499
509
501
485
505
489
650
500
516
508
507
505
495
492
513
554
504
498
494
502
489
503
504
503
528
441
528
501
612
499
501
503
504
495
504
500
507
487
496
619
514
492
493
506
499
495
500
511
490
500
504
503
500
496
494
490
505
495
497
584
506
499
508
474
498
509
497
445
500
492
503
502
501
502
501
497
503
520
498
508
501
470
499
501
469
497
500
499
511
479
502
504
502
491
501
493
498
503
502
501
436
503
500
496
511
503
511
495
501
508
503
497
502
503
501
506
502
498
500
494
499
458
500
451
500
494
502
506
499
499
568
496
479
516
504
500
498
407
366
501
471
508
506
500
510
504
492
511
552
494
496
493
503
503
499
497
492
483
499
498
500
498
508
502
499
501
490
508
478
501
500
528
472
501
499
505
478
499
515
512
502
496
505
508
485
501
500
501
482
490
490
505
479
503
499
503
497
499
480
493
488
497
500
485
520
506
499
505
415
331
496
482
500
498
498
502
498
506
514
502
496
505
493
504
490
504
495
509
503
505
503
482
483
504
501
500
505
526
501
566
499
497
533
527
499
491
481
494
504
501
477
499
507
490
456
492
497
494
231
500
462
498
496
506
492
506
497
502
509
498
501
502
502
504
425
495
470
498
533
506
501
493
500
503
492
520
531
497
498
561
505
518
493
498
497
468
498
506
496
523
479
511
502
502
489
502
483
498
382
479
502
498
494
486
500
589
481
505
503
525
496
486
542
489
520
503
503
496
498
503
500
500
501
456
498
502
497
527
508
490
485
532
503
498
496
502
501
508
501
501
497
501
513
497
499
500
511
500
503
498
499
501
504
498
502
507
497
494
199
495
500
499
502
514
503
528
493
500
501
500
528
501
486
502
502
507
496
498
502
516
504
497
498
511
504
512
507
485
500
506
498
131
492
499
501
494
497
498
503
511
502
502
502
496
482
505
495
495
496
482
506
502
502
500
497
501
501
499
503
496
504
501
501
510
505
501
507
504
500
502
524
488
498
528
506
486
478
608
468
504
497
502
504
511
504
500
508
491
502
536
496
490
502
506
504
497
499
499
509
510
515
503
501
496
503
487
496
481
501
493
500
503
498
493
502
495
505
505
470
486
499
501
503
512
501
515
477
506
487
494
506
497
507
497
516
499
519
503
506
500
480
503
501
498
528
494
503
502
486
498
501
496
513
499
483
477
473
499
500
560
474
506
482
499
500
493
493
503
460
502
493
495
502
505
494
509
504
493
511
502
503
496
523
500
502
497
501
478
531
499
473
505
503
495
500
501
496
502
512
515
502
