483
566
495
512
526
468
594
523
489
493
481
505
514
503
495
518
439
483
464
478
483
494
526
507
505
557
509
489
487
494
483
526
480
473
538
444
460
467
512
520
483
507
472
470
424
512
641
496
493
461
504
574
370
516
482
517
429
539
493
477
478
519
502
501
511
486
473
493
447
482
525
489
498
519
506
505
496
489
487
489
510
503
485
451
513
509
482
535
505
498
469
443
331
480
496
500
472
460
384
489
512
467
583
467
490
495
482
494
526
493
505
505
497
504
498
509
498
638
508
503
498
491
511
521
483
522
477
446
510
497
479
174
508
505
477
497
453
499
485
506
482
507
489
516
510
481
532
509
506
507
494
508
499
503
492
473
498
502
463
508
497
515
507
307
484
473
471
506
501
451
493
484
481
504
492
443
491
504
552
495
486
503
496
499
497
486
468
449
421
680
506
526
517
499
522
472
517
498
513
513
483
497
471
489
489
487
486
505
512
514
500
519
514
482
446
469
516
506
419
505
526
463
518
504
512
521
454
611
486
464
496
509
480
482
507
495
484
503
500
492
489
484
498
569
514
492
486
496
486
550
494
505
386
570
500
503
495
487
509
508
505
501
504
504
514
502
480
512
498
499
483
436
511
506
503
487
489
493
507
462
502
517
431
556
663
509
484
498
500
505
551
515
490
496
509
487
434
420
502
474
488
590
496
521
547
488
531
490
558
458
493
490
420
504
526
156
535
393
480
491
496
498
494
497
456
512
502
488
519
474
493
541
517
488
503
498
506
512
492
520
504
475
495
505
510
517
505
501
488
491
434
518
477
503
488
492
489
513
464
511
463
501
456
513
494
503
526
502
489
510
338
513
499
499
535
485
484
500
567
508
481
495
495
563
503
503
476
471
495
500
566
511
504
486
510
509
509
483
478
475
502
407
506
497
524
495
472
494
493
492
514
490
485
501
509
501
508
552
460
473
535
504
462
484
484
486
472
477
480
452
499
493
510
639
493
473
487
501
485
499
469
520
597
507
520
501
518
515
500
499
452
494
495
487
495
607
494
448
479
487
502
499
507
506
513
501
522
512
495
491
488
318
498
491
430
480
529
496
505
522
377
530
344
492
493
508
434
533
479
490
487
507
617
501
490
493
503
474
523
520
506
541
504
510
502
482
531
520
489
495
477
507
504
580
500
502
523
496
486
508
495
544
427
457
501
501
495
488
434
503
515
491
496
586
477
483
503
527
496
617
483
542
629
502
513
519
497
496
531
510
493
472
479
483
475
496
512
499
493
474
508
509
532
498
268
469
486
759
493
537
483
492
487
519
484
496
476
546
458
458
491
511
506
358
526
528
503
510
501
503
477
506
439
490
515
448
494
505
521
464
502
472
439
474
547
504
503
469
475
504
334
445
503
534
553
461
502
643
485
476
502
448
502
466
508
478
492
515
513
496
478
494
488
380
495
491
543
468
479
504
562
495
523
520
603
573
532
511
508
496
494
443
448
430
455
478
514
456
457
502
501
512
473
510
494
603
505
502
511
523
815
497
467
542
589
492
513
457
492
656
499
497
501
522
478
550
505
512
458
514
509
466
452
494
438
484
488
522
500
508
522
509
491
485
479
467
477
524
465
492
507
630
499
489
411
501
498
514
466
462
375
513
499
459
495
496
494
541
479
495
492
469
513
504
471
466
524
569
507
533
496
485
494
473
338
492
526
499
501
