505
510
500
557
490
516
494
498
542
432
526
500
499
408
516
474
407
484
542
606
590
494
494
448
443
501
553
196
442
456
524
488
476
433
490
507
463
491
517
504
518
499
552
489
368
535
142
493
445
469
501
526
499
489
467
644
551
502
497
517
572
494
492
493
492
523
517
553
485
506
526
532
485
507
460
494
526
469
490
464
503
480
460
570
747
460
454
497
497
516
545
474
491
676
490
471
494
506
632
448
551
459
516
496
485
564
504
485
486
478
381
516
511
538
461
507
509
536
497
488
511
497
497
450
368
485
492
501
502
527
503
509
483
504
490
497
862
278
550
450
513
406
500
504
435
500
515
500
519
469
526
567
513
503
589
511
516
408
220
285
488
481
491
520
470
505
483
510
459
391
515
454
497
466
508
473
544
461
474
480
490
486
483
513
498
501
489
520
700
483
455
491
444
572
489
495
501
538
504
485
496
462
495
506
495
550
499
479
502
161
474
505
462
481
503
495
489
495
464
472
486
449
481
464
507
436
552
503
493
512
494
510
511
476
480
521
500
546
450
471
535
481
547
464
552
486
485
490
502
491
485
506
516
453
488
451
502
463
388
495
504
475
478
503
489
488
495
300
497
460
495
467
504
497
508
476
496
505
498
505
530
509
516
528
513
482
487
513
527
487
448
549
549
489
482
546
581
538
538
496
571
526
487
438
381
466
481
480
482
460
421
496
481
500
339
610
342
491
525
519
459
410
507
468
370
573
490
487
466
522
458
487
506
497
469
493
566
487
466
499
495
498
516
462
488
505
472
487
482
515
503
503
471
423
492
451
481
510
486
461
484
656
568
504
527
496
492
547
449
506
411
398
662
639
500
513
485
484
491
496
477
490
517
418
516
478
472
513
489
531
519
499
533
499
485
485
500
514
480
453
484
493
486
494
500
471
476
492
497
511
471
510
468
488
565
510
494
487
485
517
580
320
537
520
334
505
