513
495
508
502
211
481
555
518
498
513
488
551
494
522
430
511
519
499
425
406
501
497
510
529
512
504
509
480
514
367
518
491
494
478
507
493
496
492
505
478
518
521
521
506
470
445
377
507
505
508
486
494
499
497
502
492
508
504
506
468
507
499
473
524
502
504
462
500
486
503
471
504
521
427
487
513
512
536
501
517
510
524
502
499
502
468
445
519
495
491
496
497
504
498
506
523
504
488
426
506
504
507
501
499
495
509
530
498
744
422
492
494
502
508
522
572
500
512
403
531
495
507
404
497
512
501
499
472
317
468
491
276
485
487
487
498
497
497
474
512
511
501
510
503
496
505
554
531
521
561
515
496
569
496
512
506
498
544
412
487
624
513
411
528
510
521
527
479
503
475
511
549
493
565
485
503
506
503
513
568
498
528
511
502
315
470
505
511
510
523
312
516
498
471
514
497
460
492
505
524
419
497
500
505
518
242
452
507
492
486
489
506
500
515
806
493
486
505
599
493
388
465
495
520
550
500
495
600
477
512
513
483
467
498
483
364
498
517
534
496
495
538
463
507
513
459
494
507
500
452
546
513
502
518
510
492
515
483
448
478
492
573
483
516
497
479
547
501
519
394
415
502
497
517
503
553
512
501
516
498
385
508
404
511
503
493
207
561
502
546
506
502
514
501
483
567
418
527
498
502
431
453
472
492
363
625
484
509
430
427
406
481
481
505
472
485
417
519
515
475
501
466
504
505
490
541
497
501
429
491
503
514
494
522
525
506
502
511
489
495
503
527
497
495
521
535
478
606
505
474
503
507
494
526
492
509
493
474
498
491
380
373
592
498
507
521
543
523
499
500
501
509
343
475
508
413
495
500
539
472
499
501
508
493
503
492
502
520
505
480
546
504
511
500
507
454
508
491
505
459
395
490
501
502
526
503
496
526
497
501
476
538
467
499
471
508
490
525
410
494
449
500
487
498
510
522
518
506
492
513
501
487
496
513
494
530
450
496
497
532
549
540
394
395
543
516
458
492
437
512
494
519
499
501
499
514
507
523
495
508
509
475
444
495
482
499
514
495
516
483
483
517
514
539
474
455
431
531
488
502
491
506
520
482
519
502
496
496
434
501
508
452
503
564
513
515
499
502
511
666
501
498
498
517
575
487
515
508
502
497
464
450
492
504
409
433
501
480
461
498
500
505
532
423
471
522
494
506
480
496
498
506
502
502
503
506
453
505
511
510
500
500
493
517
496
515
605
527
564
477
479
537
507
505
445
497
497
480
494
480
440
499
521
504
485
451
526
437
521
503
504
527
806
531
507
421
496
496
511
536
525
498
579
551
469
481
500
500
492
475
448
498
478
508
517
498
496
494
494
506
508
488
516
491
515
483
502
515
472
514
500
507
533
521
520
503
506
498
456
533
474
568
527
503
478
365
505
510
505
496
402
515
510
526
512
538
482
507
534
547
451
515
496
482
541
489
402
500
508
490
481
548
498
510
478
518
493
489
493
444
501
524
502
465
503
472
500
471
504
488
484
480
508
479
479
495
506
519
417
473
499
373
496
535
467
450
439
508
483
486
481
515
548
487
506
599
567
472
502
505
504
528
500
511
489
672
519
495
506
433
493
542
512
517
532
447
476
508
504
374
504
502
483
502
463
484
532
503
563
514
486
500
337
452
513
479
556
465
509
498
499
522
498
490
507
481
435
533
494
524
475
494
487
516
490
519
503
509
495
479
484
524
501
447
505
465
474
582
514
503
522
499
491
509
333
472
483
407
402
522
505
487
498
477
500
513
498
477
499
498
482
504
503
502
526
484
486
337
513
502
508
502
494
495
566
498
504
509
521
515
540
530
609
488
454
496
514
513
501
504
533
501
497
498
514
515
478
328
403
499
497
506
695
500
493
497
449
524
462
460
489
508
493
501
514
508
485
485
499
497
554
535
485
508
492
496
512
493
491
515
505
482
520
505
486
335
638
509
509
465
493
509
480
518
470
504
510
501
516
492
501
483
494
433
502
467
498
522
496
540
456
495
506
481
465
424
535
512
508
502
500
581
473
506
499
512
513
525
499
516
498
492
488
501
477
511
521
515
496
496
500
514
509
523
492
515
508
498
527
485
488
484
464
511
518
510
499
507
510
506
488
553
509
191
496
471
513
509
501
518
490
474
463
510
506
487
495
504
506
501
508
528
497
499
507
380
477
504
472
518
489
462
494
493
579
487
518
498
509
522
520
501
504
537
484
472
459
571
506
512
502
482
467
521
455
505
522
541
511
492
502
505
494
563
502
491
501
504
435
491
588
485
502
447
521
511
481
501
389
491
480
423
498
510
508
489
489
721
456
467
485
515
509
503
491
490
490
506
505
500
511
460
481
552
515
455
500
492
494
515
517
515
497
477
506
506
470
466
513
517
518
509
508
512
501
515
530
508
494
497
299
505
509
442
478
543
513
504
498
530
411
418
494
466
462
572
487
524
509
442
504
511
474
507
503
493
502
491
430
471
508
451
504
540
553
475
500
418
511
544
514
510
499
454
500
488
459
439
473
545
489
533
460
518
584
484
434
510
513
527
506
503
510
493
563
489
505
475
505
486
525
531
501
577
506
491
429
497
503
465
438
495
477
497
502
632
519
433
448
509
487
548
563
569
510
506
504
492
517
533
496
502
573
494
499
471
499
504
475
528
500
470
495
444
503
535
504
500
536
473
400
385
515
800
507
516
422
471
486
495
460
511
508
524
494
506
500
501
501
466
500
491
398
448
499
497
585
471
504
492
428
451
480
527
448
621
508
498
501
513
485
503
402
481
369
527
500
503
534
391
483
548
504
480
506
524
526
494
498
351
505
485
596
498
492
502
550
492
496
505
512
465
416
472
513
478
537
497
522
615
495
507
511
509
537
500
467
500
485
495
495
521
486
503
494
498
476
497
506
501
492
489
488
527
473
369
513
497
524
505
501
503
507
482
555
442
516
490
512
506
499
396
478
502
489
423
483
487
519
511
458
511
453
499
532
527
489
542
637
498
342
495
494
502
503
472
557
530
503
502
496
485
518
499
367
426
485
519
497
515
491
506
586
458
498
507
519
543
508
489
512
525
503
431
540
514
490
495
535
507
490
513
486
447
500
496
482
509
504
476
492
499
405
516
517
718
498
508
521
447
521
500
499
550
457
551
522
483
510
460
507
545
552
513
506
422
435
343
496
488
492
498
495
455
466
500
462
477
506
479
516
470
488
507
502
497
480
464
499
517
482
502
503
464
499
501
446
500
505
495
506
518
512
517
508
502
479
492
497
388
519
500
515
508
500
557
519
493
498
509
562
497
553
482
478
493
612
511
565
457
491
499
568
555
457
509
519
488
504
492
495
502
482
455
502
496
524
475
501
457
524
541
473
423
487
496
472
548
509
548
505
505
499
493
433
501
599
497
496
394
497
513
705
498
511
486
581
503
463
500
417
529
468
473
510
506
494
490
489
495
505
504
498
506
490
409
419
488
515
489
464
511
500
492
486
535
430
502
492
499
505
439
491
460
519
502
485
503
514
507
510
496
494
485
422
518
504
499
469
511
502
521
501
471
508
499
523
507
545
564
495
517
379
508
501
461
453
506
537
503
499
516
499
504
507
478
505
535
501
556
417
522
528
499
479
493
466
500
504
478
503
525
517
536
512
515
485
376
462
491
518
506
456
490
446
496
455
490
496
511
460
502
481
525
517
498
581
423
497
502
489
489
499
518
500
397
531
564
506
504
410
549
504
523
507
494
509
507
507
358
496
492
482
488
511
448
506
495
518
499
471
488
516
500
529
493
486
574
500
532
497
496
518
480
499
564
483
507
426
510
486
491
499
502
496
510
487
492
499
480
501
537
493
520
507
