558
503
449
506
510
499
504
500
491
497
492
499
506
517
505
506
590
500
498
494
501
493
512
490
509
529
500
494
499
505
506
505
489
498
495
497
489
507
505
508
496
448
516
486
498
329
539
499
653
558
507
500
496
474
431
505
544
500
513
491
495
501
498
493
501
507
504
511
500
499
499
554
515
505
501
507
502
508
507
334
506
423
524
508
493
520
496
508
494
503
501
496
508
508
499
496
495
527
455
497
514
497
557
493
514
501
509
511
498
510
505
514
500
499
493
502
513
480
522
548
504
516
523
508
451
495
499
453
477
509
498
496
526
497
501
524
502
513
507
506
488
511
507
500
492
503
489
510
527
488
518
487
502
449
502
498
505
506
513
527
476
505
497
510
500
507
511
517
485
517
495
496
463
492
507
503
513
483
498
506
503
492
530
498
503
510
499
500
497
497
493
555
501
517
462
519
572
494
518
549
482
518
513
497
505
511
510
516
483
500
493
543
508
505
532
496
507
572
500
493
493
521
491
496
503
489
520
504
535
505
506
501
502
532
503
518
501
460
500
493
517
512
502
506
492
492
486
496
524
506
518
502
500
494
499
509
516
506
526
511
499
498
497
517
518
493
469
501
501
495
492
551
496
515
509
516
498
482
499
487
459
506
499
516
493
506
515
507
509
504
488
503
492
498
490
516
507
497
504
518
508
493
504
505
502
466
497
569
498
475
439
528
489
505
498
506
522
509
498
506
495
502
480
509
499
502
509
500
509
495
501
510
508
502
352
499
501
599
500
548
499
502
488
505
492
505
494
479
497
496
486
529
525
496
496
515
496
504
492
497
513
474
481
506
513
484
493
520
287
512
529
500
499
507
498
482
511
571
493
500
511
498
512
493
494
497
502
509
498
500
496
501
499
548
487
453
493
523
500
512
529
496
498
613
513
578
499
541
498
510
513
442
500
497
543
504
480
487
507
500
510
500
501
504
506
506
494
572
496
502
527
501
497
499
492
518
517
485
501
497
537
486
513
522
499
507
493
490
496
507
514
515
501
501
498
507
498
508
508
487
485
505
492
509
498
497
505
497
480
510
505
498
500
503
507
507
506
501
504
496
474
512
466
479
496
496
496
487
508
506
497
493
524
520
495
780
507
512
492
512
529
494
378
498
518
479
506
494
499
491
494
433
494
509
483
500
489
496
496
504
510
507
500
480
463
503
493
501
500
477
505
497
459
497
501
524
492
513
466
509
495
501
484
489
508
498
497
506
508
503
517
483
465
499
505
510
480
509
517
532
500
493
502
523
494
500
497
494
485
500
522
495
504
464
484
503
507
496
392
501
507
512
615
551
481
502
524
504
499
497
500
496
516
526
504
503
498
495
489
618
503
505
500
504
503
492
482
498
494
517
504
485
420
482
496
492
546
492
484
492
497
475
485
507
497
496
495
505
504
497
499
543
499
504
506
507
503
508
485
522
507
527
499
484
503
498
527
467
503
497
493
498
503
500
498
512
495
497
379
499
506
511
498
514
499
493
505
502
616
508
563
501
495
498
510
508
498
500
436
515
500
444
501
506
494
495
495
532
446
506
501
507
496
499
497
511
507
501
497
502
515
513
506
502
509
494
455
501
520
502
485
514
484
512
512
500
582
501
488
505
525
503
502
524
570
450
502
484
501
512
497
474
443
504
503
521
508
502
466
505
503
515
518
513
497
507
495
510
497
515
504
501
486
515
517
483
508
480
505
495
499
542
496
531
497
513
520
505
517
505
516
497
500
501
498
532
515
526
501
505
509
511
496
514
516
487
511
515
497
519
489
505
484
494
515
498
509
476
485
491
499
496
484
425
505
512
499
499
479
508
525
467
495
502
473
500
508
504
557
494
520
460
493
496
501
548
497
492
524
494
481
510
497
506
533
493
488
488
496
391
499
499
497
520
499
588
498
500
499
519
554
507
494
500
515
498
492
493
495
490
553
503
500
500
503
519
495
542
483
499
499
499
497
504
502
447
488
499
487
424
508
582
474
494
496
495
496
505
504
498
651
520
515
500
506
503
508
503
522
498
502
506
489
505
508
495
511
502
522
496
529
541
511
457
498
509
497
459
494
500
506
499
506
509
462
517
494
458
505
480
495
461
485
508
491
503
504
504
501
515
495
503
505
576
493
497
490
511
496
491
491
482
531
557
503
494
480
498
513
474
493
472
494
489
506
498
495
517
525
511
511
496
501
500
496
501
498
491
499
477
499
498
509
505
534
506
504
510
497
506
510
501
514
501
506
502
502
505
501
501
479
503
511
483
478
506
504
499
524
496
497
498
503
497
498
525
497
496
514
510
503
501
492
559
520
524
502
488
475
525
493
513
501
494
571
502
520
492
495
497
496
478
501
500
500
504
523
543
486
513
511
483
504
498
507
489
499
512
494
476
505
498
482
527
503
511
507
502
509
498
503
534
501
505
492
494
508
515
497
498
506
487
498
497
507
515
501
508
495
442
484
475
497
526
506
504
498
506
502
509
512
524
473
500
504
485
493
471
515
493
508
505
495
484
500
495
505
500
499
487
516
502
507
498
507
527
500
508
515
565
495
491
498
537
501
505
474
502
487
482
493
503
496
499
509
511
482
514
500
513
444
474
518
500
505
495
515
506
513
537
512
498
493
484
488
495
501
341
503
502
509
478
512
492
507
500
511
518
503
683
506
520
486
501
501
507
497
537
500
502
491
486
499
503
509
538
495
552
500
485
498
507
514
531
509
289
477
494
511
487
509
505
506
499
587
506
513
509
504
501
487
494
503
512
495
497
511
500
498
504
497
510
476
493
473
506
499
478
510
508
494
500
541
500
502
508
500
496
494
557
499
499
474
473
508
504
492
504
503
510
508
513
507
501
500
500
505
510
520
503
511
598
497
527
500
518
515
507
515
489
494
505
507
492
504
462
504
496
505
488
549
465
531
509
473
481
503
499
494
505
498
503
503
497
499
514
506
500
492
580
506
502
517
499
493
507
501
510
507
512
498
501
524
496
496
519
501
497
503
509
480
491
534
487
497
487
494
508
498
490
553
495
395
497
510
498
499
496
501
484
530
507
506
481
510
533
516
506
499
531
622
477
497
518
496
495
501
507
499
495
507
490
529
503
510
503
499
492
501
564
500
523
507
508
525
501
470
495
497
500
482
517
562
508
507
500
491
515
462
517
516
485
504
526
492
504
511
478
505
487
518
509
495
495
510
483
497
502
495
519
503
499
490
521
519
494
506
509
497
500
490
494
533
467
500
500
553
491
507
491
513
508
501
519
507
498
511
509
467
478
500
502
525
526
486
505
502
477
511
474
572
487
510
496
520
493
500
513
504
490
467
501
522
500
487
529
515
497
504
523
493
499
495
552
521
485
591
536
469
501
610
495
438
505
499
353
533
544
499
468
512
500
510
491
497
511
509
509
514
499
505
491
506
522
506
497
511
482
502
504
498
499
499
523
475
491
524
523
504
501
519
500
503
497
508
476
501
361
498
491
498
504
512
499
505
507
504
493
503
520
499
498
517
493
491
500
507
496
505
501
494
508
506
497
501
493
500
498
495
522
502
511
506
500
504
490
503
437
493
489
504
494
488
500
541
511
549
459
524
498
507
491
504
511
492
504
532
507
503
521
516
501
514
510
507
499
526
501
499
512
512
494
529
489
500
504
562
511
506
487
497
493
510
520
469
502
505
498
494
511
493
503
514
495
523
611
501
505
501
492
501
503
508
501
511
487
514
499
484
460
495
496
509
531
502
496
489
492
525
506
507
466
497
548
519
503
489
481
499
496
499
504
508
488
451
495
498
494
505
503
504
479
500
500
533
503
569
503
506
511
473
499
497
503
499
521
509
548
494
507
494
525
534
517
613
494
509
498
513
539
485
513
523
511
502
504
491
505
494
510
506
496
510
498
497
497
519
494
492
504
497
474
488
481
509
493
529
496
508
530
502
517
467
483
516
506
502
516
488
499
480
506
501
506
505
486
502
500
506
485
514
501
509
501
498
495
530
500
499
548
471
526
494
499
503
518
499
512
505
556
508
501
284
502
487
468
504
513
505
466
498
493
496
511
511
497
507
495
558
500
507
511
505
495
503
494
500
478
498
497
517
486
508
782
513
479
523
484
515
474
561
495
535
502
505
500
525
511
501
506
516
500
583
515
504
511
507
506
507
486
497
478
507
503
523
506
495
506
498
498
511
505
512
446
509
513
504
524
504
524
479
517
495
504
500
507
494
497
510
524
512
532
520
511
508
495
510
475
542
519
495
497
473
511
503
500
467
502
523
495
509
498
495
482
497
511
512
489
639
500
516
462
510
501
505
500
490
500
498
505
502
495
459
535
499
501
480
519
509
511
501
520
498
486
503
542
499
500
496
496
494
500
502
500
545
481
501
528
498
491
491
499
500
508
495
513
501
513
499
495
508
502
500
531
509
496
516
531
502
518
501
495
499
515
503
512
512
506
512
503
503
498
506
497
510
509
510
496
492
493
453
453
506
500
506
496
507
532
504
519
507
480
497
516
537
503
498
504
500
500
514
500
490
515
506
502
486
506
512
505
513
490
545
499
516
503
506
511
504
500
497
503
508
511
489
495
512
475
516
481
513
489
504
501
500
506
502
517
506
577
508
513
551
484
459
549
528
513
492
506
501
463
489
488
497
502
521
502
493
498
464
502
508
440
506
507
505
374
513
497
501
496
495
503
494
495
500
506
496
510
510
510
510
551
550
506
469
502
509
492
506
486
580
503
494
495
506
497
518
499
506
491
463
507
500
514
516
540
501
490
503
528
514
519
510
545
510
496
496
515
505
493
503
506
497
498
502
502
509
570
500
566
498
517
496
516
488
499
502
557
504
532
516
492
527
479
510
501
497
483
519
497
582
498
495
498
499
499
560
513
507
499
477
499
497
527
495
497
515
461
503
502
506
508
478
511
492
526
503
498
493
513
514
493
508
496
499
499
503
499
507
486
503
515
512
531
481
497
485
492
512
499
517
512
501
451
495
465
506
532
502
511
499
487
514
492
502
500
549
523
471
514
499
503
501
516
499
534
499
506
531
506
495
507
488
500
518
508
498
509
499
512
535
508
490
498
480
522
500
493
499
496
498
498
491
475
499
505
499
502
502
463
538
485
497
491
523
520
525
509
491
500
504
523
500
517
491
509
385
507
509
517
506
526
502
501
496
503
501
498
504
506
506
490
494
504
493
510
500
517
496
502
499
492
498
508
513
502
507
497
516
490
523
528
507
500
503
503
497
518
525
501
528
506
505
493
494
513
512
504
512
508
487
500
503
496
502
495
509
534
506
494
499
487
508
488
736
509
521
494
503
496
530
505
493
509
493
505
496
501
511
496
540
505
504
506
521
496
522
495
499
518
501
500
480
490
544
487
538
496
498
500
519
505
498
571
502
498
512
499
522
511
516
503
513
506
501
500
460
501
510
493
484
492
503
505
447
530
512
459
506
536
497
554
509
507
497
503
498
508
544
498
497
494
499
505
498
505
475
495
502
534
498
497
499
498
497
495
499
518
496
489
492
505
529
498
499
506
503
497
513
500
514
494
503
509
679
501
519
496
505
511
488
501
496
507
494
500
502
472
510
509
514
488
509
573
493
491
508
503
505
503
498
503
503
511
496
502
529
495
507
498
502
501
523
502
497
522
505
475
478
528
478
501
494
589
504
515
482
502
478
504
507
481
510
