486
497
510
400
487
462
472
500
500
489
470
461
507
499
507
467
487
473
467
488
479
492
486
482
496
525
446
507
516
517
465
476
503
481
495
480
505
521
453
506
484
501
486
505
504
484
469
484
514
540
507
478
442
517
473
459
466
507
426
483
488
460
496
421
505
523
475
481
474
490
519
503
507
500
498
508
559
460
495
482
487
525
488
499
496
493
476
461
504
478
489
580
477
539
559
481
458
365
479
469
465
496
511
500
484
474
484
485
498
491
536
490
526
485
493
491
419
496
485
512
463
464
493
488
485
489
471
454
492
487
472
470
482
542
491
516
484
494
485
686
499
506
447
515
496
463
514
477
486
487
485
389
494
508
499
498
485
461
500
463
477
531
501
404
491
480
502
480
373
489
473
454
481
474
490
488
496
487
496
502
440
549
501
526
476
458
593
484
501
485
582
478
524
495
480
490
477
507
490
510
497
501
485
496
531
482
528
472
464
481
490
502
550
493
488
475
499
470
487
468
385
497
478
491
497
383
491
489
455
504
482
455
457
474
440
469
494
500
307
485
451
469
506
479
844
485
506
495
484
502
507
457
470
526
485
481
446
488
492
513
475
505
499
477
698
501
457
453
490
495
503
495
495
446
484
478
566
492
469
535
478
504
485
488
563
492
496
500
492
502
480
491
449
508
496
491
622
431
496
565
497
490
508
488
502
489
496
484
519
455
494
465
470
392
502
486
493
489
492
469
483
485
477
485
424
465
471
485
492
476
520
488
496
520
468
497
519
521
519
484
492
493
556
483
497
491
485
474
500
485
499
493
490
480
492
620
490
512
503
481
510
490
332
547
522
459
480
458
478
499
524
481
485
486
459
