539
501
500
495
497
479
499
508
499
499
499
499
500
500
504
493
501
503
494
502
506
499
447
534
491
505
525
499
502
507
498
499
501
492
500
500
502
499
501
457
499
497
518
500
486
504
500
495
491
500
500
519
500
499
505
499
498
442
499
501
499
499
510
479
501
501
497
482
485
515
480
496
499
507
508
500
500
495
498
495
501
510
499
496
499
501
580
506
488
501
491
497
500
493
501
501
495
554
505
491
503
499
505
501
495
502
500
507
503
506
500
500
498
496
501
498
498
499
501
503
495
498
500
498
500
502
501
500
499
501
498
501
499
493
498
501
499
506
501
470
510
498
500
499
498
499
500
496
505
496
481
500
500
500
500
496
502
500
504
496
497
498
488
500
497
496
498
523
506
501
500
498
498
499
530
491
505
493
500
503
490
501
498
496
500
499
502
499
500
500
499
498
502
503
502
500
525
501
501
498
499
503
500
502
500
500
500
504
514
499
498
503
504
495
493
515
502
500
501
500
526
497
501
497
499
494
493
498
500
497
499
501
502
500
499
499
499
494
500
501
513
496
500
496
505
502
500
503
499
499
491
506
490
487
500
495
499
499
489
504
496
499
500
497
500
527
504
500
500
499
500
498
516
500
503
548
500
511
499
499
497
499
500
494
500
511
498
506
500
500
495
499
502
497
495
499
513
505
500
503
502
499
500
544
507
502
495
495
501
487
500
492
487
489
504
502
496
499
503
493
500
499
500
500
501
502
499
499
503
497
503
499
495
500
505
500
500
504
499
500
500
489
498
499
498
498
505
487
497
498
532
502
499
499
499
497
488
519
503
502
499
501
499
488
498
500
499
503
501
501
503
506
499
499
500
502
498
500
501
502
498
498
499
498
498
496
503
502
508
508
546
501
498
503
499
512
549
500
499
500
502
500
501
498
498
500
543
545
500
496
499
503
500
500
499
490
500
499
510
497
503
504
498
493
501
503
499
507
500
491
484
494
501
505
501
500
500
500
500
484
497
488
498
497
500
482
500
495
501
501
501
498
501
505
504
499
492
502
499
505
515
497
500
500
509
503
494
503
500
508
512
497
512
499
500
502
516
499
460
499
499
502
501
497
501
494
493
500
499
502
500
500
497
498
500
508
496
497
510
500
501
500
502
498
501
497
498
490
510
494
489
498
496
501
501
482
489
501
507
490
494
476
501
500
501
499
498
496
499
493
504
498
500
501
498
522
499
502
512
499
526
518
495
500
485
531
484
511
499
499
505
521
495
489
501
505
506
500
499
498
495
504
501
504
500
487
500
478
502
499
498
494
501
499
498
506
500
500
498
500
500
502
495
499
502
421
498
501
477
500
497
499
502
505
498
500
503
522
494
500
499
496
496
497
499
496
498
519
493
493
493
483
500
502
499
498
496
500
501
493
499
507
606
509
502
497
500
500
481
499
498
500
463
499
470
517
502
501
496
499
500
498
501
506
498
499
509
501
502
501
525
500
500
486
498
507
505
500
494
501
498
498
494
497
504
499
501
508
501
434
499
500
506
501
494
499
504
502
498
500
491
500
493
501
498
502
499
503
500
493
499
441
498
497
498
500
482
503
490
517
501
503
500
496
494
502
519
492
500
500
499
503
525
488
550
499
500
502
498
499
500
501
540
520
506
506
497
461
500
495
493
502
500
504
502
476
498
500
498
532
498
496
507
499
486
499
497
509
499
495
495
498
493
499
499
498
500
502
500
507
503
497
483
498
508
501
499
516
499
507
443
493
500
498
490
505
498
508
502
502
500
503
500
502
491
501
499
495
500
501
500
492
499
499
495
499
504
506
499
500
501
499
501
501
502
503
500
499
506
504
503
485
505
499
500
498
481
514
501
500
485
496
498
498
482
491
500
500
505
499
500
501
498
500
500
504
496
494
500
502
493
501
500
495
497
499
505
500
496
493
499
501
501
496
511
501
551
482
494
474
499
500
518
512
500
524
510
500
511
501
499
499
494
501
534
500
499
501
505
499
501
505
499
513
501
499
488
502
492
502
499
481
443
509
500
500
498
499
511
498
500
514
503
500
501
503
500
559
499
502
544
493
500
500
499
503
501
500
499
499
489
506
500
499
473
500
500
499
525
499
501
491
501
503
499
501
500
501
499
489
494
501
447
512
498
504
455
498
518
498
500
503
487
498
498
496
500
498
507
504
501
498
497
498
500
513
500
496
507
497
499
501
493
491
496
499
494
515
488
499
500
500
500
502
498
518
498
493
501
498
506
500
500
499
522
513
502
501
505
496
499
499
578
495
498
498
499
498
508
499
499
506
497
501
499
523
500
500
508
480
495
519
492
500
500
499
494
494
422
503
478
493
484
504
499
505
503
494
499
500
566
500
499
511
501
495
498
500
499
497
502
500
527
490
503
502
498
487
509
492
499
501
495
500
495
499
495
499
494
510
493
500
500
498
492
497
497
499
499
448
501
501
527
499
496
500
500
502
506
499
498
500
503
498
489
500
503
496
501
500
506
490
487
497
491
498
500
500
499
500
494
503
501
500
508
486
500
504
499
500
499
486
504
504
499
506
498
506
485
505
519
495
507
502
499
505
500
489
500
489
499
502
499
499
501
500
514
501
498
495
499
509
500
496
500
485
498
492
501
510
509
498
495
505
497
497
500
505
500
496
502
500
504
500
501
500
486
502
501
499
