504
499
501
500
497
495
501
498
500
501
499
486
500
508
501
498
490
494
510
498
500
499
498
506
505
497
497
503
500
502
507
499
498
514
501
497
496
499
497
499
498
499
496
501
513
496
496
451
499
512
464
496
527
515
495
516
496
505
497
497
518
486
500
506
497
539
499
501
496
490
497
509
500
499
554
499
499
499
498
468
500
469
494
523
512
498
497
501
497
504
499
501
491
442
497
495
500
498
499
488
500
482
498
499
483
489
496
508
500
505
499
499
497
498
498
499
497
513
498
492
498
533
498
495
473
499
501
498
504
502
581
504
506
496
499
499
498
492
503
496
470
492
508
490
478
500
504
477
499
500
507
503
496
499
500
520
513
501
500
499
504
501
496
498
466
487
500
502
498
501
498
498
503
503
496
493
493
499
497
482
506
498
500
497
498
487
486
500
481
499
512
498
498
497
500
497
501
497
496
496
503
498
497
499
494
493
477
498
491
498
485
500
496
492
498
499
503
516
505
508
500
498
501
497
503
522
500
490
468
505
501
500
500
498
500
485
499
499
511
496
508
499
500
499
500
503
509
500
498
496
504
497
523
499
493
494
506
484
499
501
492
501
504
498
493
498
498
496
484
496
501
512
498
508
498
498
492
500
500
498
498
507
498
499
498
497
497
500
502
455
517
504
498
497
499
499
499
493
515
501
499
491
495
503
488
498
494
500
500
489
506
499
486
500
510
504
500
499
498
535
499
498
504
492
497
499
496
522
500
495
522
501
456
500
484
499
590
467
498
485
394
501
493
497
499
489
499
500
500
471
500
498
499
501
499
498
496
489
499
496
538
510
498
517
500
498
497
479
493
500
484
517
478
498
497
500
482
497
495
499
500
488
500
507
502
505
499
499
498
503
492
499
497
499
503
507
500
506
529
471
503
499
495
499
491
501
502
499
496
500
493
504
498
498
498
500
506
496
496
498
546
607
500
479
523
496
492
501
499
499
500
494
502
497
515
498
498
496
492
499
499
494
502
496
505
504
494
500
469
498
477
499
501
551
497
475
509
500
496
503
521
523
501
498
498
497
489
498
471
501
498
524
502
492
499
568
498
475
396
461
498
498
545
499
501
500
496
519
500
511
499
500
490
465
491
501
498
501
492
560
501
502
498
499
510
509
501
498
502
500
502
516
499
495
501
369
499
532
679
497
500
498
499
509
498
493
499
497
500
503
499
462
498
500
498
502
499
512
498
519
497
501
508
493
484
481
495
498
498
499
499
503
494
497
497
499
502
498
499
516
500
499
499
492
532
498
496
500
496
481
498
498
484
498
499
492
494
503
499
488
511
500
502
520
499
501
499
496
500
497
492
488
500
487
509
498
498
498
499
499
500
507
501
501
501
499
497
461
497
490
529
505
479
507
494
498
489
503
499
501
502
502
499
499
500
499
499
497
499
497
521
500
502
498
498
493
499
503
506
498
500
498
499
499
530
499
497
491
500
491
498
504
502
497
501
495
499
499
497
503
498
519
498
498
498
503
499
496
503
517
496
499
500
499
513
498
493
496
491
494
498
498
508
498
500
486
539
495
500
498
504
513
492
495
493
510
497
500
498
501
503
498
499
499
493
470
506
502
495
503
500
493
493
499
495
498
502
484
493
486
500
490
473
499
501
497
504
498
470
497
498
499
499
497
503
500
498
498
495
493
498
492
497
503
487
500
498
500
496
390
493
496
453
496
500
490
496
493
474
511
507
575
498
495
550
493
499
498
499
498
504
498
498
498
500
513
500
501
493
500
521
499
499
509
492
514
519
501
499
499
477
499
498
500
499
499
501
492
500
500
497
497
523
497
510
467
499
454
499
501
495
499
499
500
510
498
486
498
506
499
498
499
498
501
499
503
510
494
494
497
498
505
500
499
499
487
495
495
497
498
498
498
495
499
501
495
498
500
497
501
500
492
482
495
505
498
501
514
497
501
492
497
488
506
497
505
502
496
499
490
499
500
492
511
498
488
471
499
472
492
499
490
495
499
501
499
497
500
495
491
496
481
505
504
490
497
501
496
500
499
504
523
488
492
500
505
487
499
508
498
500
502
500
499
495
503
499
502
500
498
498
502
511
498
497
498
694
494
462
498
512
499
502
501
483
496
500
501
486
494
499
499
499
501
497
497
499
469
498
499
505
505
498
484
492
501
497
499
495
484
496
498
499
499
502
501
505
517
504
501
509
497
498
506
498
501
497
471
502
487
498
498
499
499
512
495
498
497
483
499
506
511
498
498
499
486
505
499
502
496
498
498
497
514
498
500
487
497
499
504
500
499
504
501
499
502
499
495
495
497
499
497
498
498
499
505
494
498
502
447
498
499
510
501
500
499
497
500
506
534
506
501
519
487
511
453
508
504
499
498
508
774
492
292
488
493
498
498
499
497
500
499
506
499
520
500
499
501
499
498
466
479
502
498
499
502
500
510
513
489
498
477
490
472
513
497
493
498
494
498
506
486
492
497
497
541
500
504
497
496
491
500
504
493
502
500
502
499
498
490
504
476
500
502
497
488
503
500
460
500
499
497
499
501
498
500
502
495
500
501
506
496
498
512
497
497
499
502
499
503
500
493
498
500
499
500
491
503
496
496
506
500
501
499
479
502
498
489
500
498
502
497
513
500
482
495
492
498
463
500
499
496
498
499
499
514
499
602
497
528
500
508
497
484
505
496
525
497
501
416
500
499
486
504
500
502
486
498
505
508
500
515
486
498
497
507
498
498
493
504
501
495
508
501
495
498
506
498
498
502
504
498
500
502
499
507
501
495
537
507
497
502
504
497
504
495
497
510
497
499
499
499
497
497
491
500
489
517
489
496
492
494
500
496
497
499
498
504
507
507
500
500
490
499
500
528
498
500
501
498
496
498
503
501
486
502
498
496
488
501
501
516
508
484
510
498
505
503
495
494
494
508
491
507
499
485
487
499
500
506
503
530
502
507
499
527
500
516
483
500
500
498
485
500
490
498
502
499
496
499
505
494
489
498
502
499
498
498
486
500
498
499
565
490
498
498
496
496
476
501
503
502
415
500
501
529
496
497
499
495
499
493
500
492
503
500
499
486
498
498
497
490
500
511
498
498
495
500
497
507
499
499
503
518
506
501
489
498
499
500
495
510
496
501
501
498
491
505
501
494
503
499
477
523
498
511
498
527
415
489
490
500
500
504
534
496
486
494
484
499
500
506
497
476
503
500
505
505
502
511
497
524
513
498
499
500
501
497
496
503
505
499
500
483
454
500
500
495
503
501
478
496
498
502
498
495
499
503
499
505
499
501
500
542
498
481
487
494
502
498
500
498
498
502
499
509
500
499
489
496
501
500
499
524
506
487
500
500
506
500
502
499
493
494
498
497
501
498
498
508
496
471
507
503
503
497
497
491
497
495
490
497
518
500
501
501
499
500
499
500
489
499
500
493
501
494
497
498
497
517
501
501
486
497
497
490
499
490
499
504
500
494
498
499
504
500
500
492
501
498
505
497
491
498
498
492
494
495
500
498
497
502
466
515
498
499
497
504
499
501
494
497
501
485
499
499
499
496
498
499
502
500
495
498
505
497
501
461
499
501
440
511
510
498
501
492
499
530
493
500
498
493
556
489
499
499
532
496
496
497
492
500
499
457
499
499
500
495
486
496
468
497
504
485
494
496
498
507
495
497
500
497
495
498
497
523
487
501
506
499
504
497
491
647
502
505
492
503
499
510
500
499
500
497
533
454
501
497
497
499
499
498
499
511
497
501
499
517
504
496
508
495
500
496
491
498
499
480
504
497
492
507
499
496
486
499
489
496
496
500
498
498
504
494
472
505
504
490
504
497
497
502
497
507
497
497
502
499
475
497
501
501
499
484
497
502
494
498
466
513
488
501
481
592
496
502
501
499
496
497
502
497
498
490
560
499
491
499
489
499
497
511
498
501
499
501
496
509
491
498
533
502
499
491
495
493
504
497
493
499
499
496
501
495
500
498
489
510
500
500
493
498
499
497
499
501
498
486
494
500
497
501
487
494
498
498
493
462
496
494
500
501
499
499
463
496
500
497
502
500
497
492
496
504
496
526
499
500
496
499
497
514
497
492
501
499
501
424
508
500
494
533
574
505
528
468
510
499
499
500
484
494
497
499
494
497
505
499
501
488
491
517
479
493
494
500
501
526
499
503
500
503
501
499
501
500
455
508
501
496
506
499
487
808
394
510
500
502
496
439
494
498
511
501
501
491
470
498
506
495
499
497
510
497
503
500
475
501
498
499
497
475
420
501
504
500
499
499
507
485
490
498
495
495
505
496
501
505
495
498
492
498
499
489
493
498
499
489
502
498
499
502
504
500
494
498
506
497
499
498
492
538
500
421
498
499
496
473
495
606
493
498
498
495
499
527
511
521
495
482
495
494
499
493
498
490
489
497
490
499
499
421
495
484
496
498
500
498
498
498
510
507
499
503
497
551
505
496
499
490
510
500
497
475
534
499
496
494
498
498
497
494
510
500
495
505
476
499
501
494
505
477
496
497
484
502
500
491
498
497
501
497
546
499
504
505
493
497
505
461
500
499
495
510
498
500
503
502
500
513
520
478
498
498
492
495
499
502
485
499
496
491
507
500
499
499
501
499
499
509
492
505
500
489
491
498
498
503
502
498
487
524
507
507
499
511
501
496
521
497
501
505
489
484
498
503
499
505
497
497
497
492
491
499
500
502
467
500
498
491
499
467
514
492
499
500
496
498
499
500
499
529
499
499
508
500
498
499
502
501
499
498
506
500
504
498
500
502
522
499
512
520
497
499
494
498
474
489
403
500
500
483
507
498
503
499
525
565
503
503
501
500
505
498
506
502
489
486
499
500
498
499
489
499
487
499
500
557
505
476
501
506
501
506
492
508
499
501
501
522
490
498
493
504
510
497
528
498
501
499
499
501
481
473
498
496
500
499
498
499
498
491
501
492
517
496
498
488
499
499
500
500
499
494
525
514
497
499
493
492
500
500
502
500
493
496
501
502
498
511
495
498
535
458
498
500
491
508
500
507
498
496
499
501
515
498
499
511
519
498
497
485
497
499
499
498
502
499
505
489
494
501
498
464
498
498
496
479
498
511
505
493
499
502
498
510
498
499
503
496
498
498
523
487
449
452
502
489
499
494
502
499
496
498
499
497
496
501
498
499
496
499
503
500
503
499
499
497
495
497
505
480
499
487
496
494
499
496
507
500
513
514
504
570
500
427
504
497
500
510
520
493
555
504
501
519
504
493
497
499
501
501
500
509
502
506
499
508
498
485
494
498
502
497
568
493
493
499
499
497
501
481
590
499
502
497
491
496
498
503
488
499
501
505
499
498
500
497
500
499
499
500
502
499
500
498
501
500
500
505
498
495
504
499
487
511
515
498
494
497
491
497
495
499
498
498
506
497
498
508
499
477
498
500
499
500
494
501
512
500
497
515
499
507
530
494
502
497
497
495
497
471
500
503
495
500
497
502
483
494
510
499
484
511
498
479
497
487
499
493
502
496
498
498
492
507
497
521
528
502
480
500
497
493
500
513
496
502
500
498
503
505
496
498
499
499
500
498
497
513
498
500
499
504
503
498
498
488
488
501
498
498
499
499
500
496
500
501
503
501
497
498
499
504
517
498
502
497
463
497
503
490
499
508
506
499
501
520
494
492
499
500
498
499
493
508
524
501
502
497
499
495
468
499
494
498
498
502
499
500
504
497
513
506
499
498
501
504
499
317
505
501
498
500
497
499
498
495
498
508
492
497
476
489
438
489
499
498
494
483
497
498
499
496
491
455
496
498
505
525
499
507
501
500
501
499
492
492
510
493
497
467
469
495
495
513
494
505
497
502
507
503
499
498
504
497
501
499
495
486
500
498
501
499
501
498
498
503
502
497
517
497
499
505
489
450
499
500
470
529
500
498
501
498
497
501
495
499
499
507
499
499
500
504
496
492
504
498
500
516
494
491
496
496
498
497
497
496
498
500
494
495
502
497
505
502
500
498
497
502
497
530
499
499
504
500
509
479
493
502
497
500
500
497
501
500
500
476
487
485
492
452
499
495
473
489
496
504
508
499
499
498
494
498
489
551
504
497
521
501
500
498
539
499
482
498
495
492
498
500
499
499
496
497
497
482
501
500
498
499
501
543
