558
477
487
493
494
524
488
497
560
514
507
467
497
482
449
484
492
499
499
508
496
503
501
497
498
512
513
500
506
500
485
507
644
498
501
495
494
496
521
504
495
506
550
526
504
500
505
510
484
516
503
497
508
515
507
488
488
505
510
535
506
500
506
460
503
509
497
746
476
498
507
497
535
511
497
493
504
498
536
486
514
497
450
483
508
463
469
503
510
506
494
496
507
536
515
504
470
493
530
506
495
495
525
485
553
495
507
499
449
498
563
493
492
492
527
483
493
520
500
507
503
484
510
485
503
499
500
467
490
503
487
510
509
500
474
509
484
503
486
496
498
506
517
480
497
481
499
518
502
503
501
501
516
492
492
504
476
517
495
510
521
509
507
511
446
508
484
498
509
501
520
461
506
528
499
509
814
490
507
495
452
507
496
493
503
509
503
491
457
507
499
502
490
506
425
504
497
523
508
506
494
497
503
494
529
498
430
505
508
527
481
505
500
485
499
476
503
503
522
521
504
491
492
464
506
536
504
514
498
489
510
533
504
498
593
506
486
488
501
518
504
502
547
504
503
553
498
505
500
520
529
480
509
517
520
496
370
496
523
512
498
499
497
486
510
498
499
502
484
517
496
498
499
571
496
504
478
485
487
444
501
514
499
517
462
485
495
491
494
508
507
501
504
483
506
521
509
503
502
499
498
505
503
453
494
493
410
501
512
504
544
502
492
502
504
510
501
508
496
508
504
490
479
500
530
511
498
495
489
502
501
504
502
504
482
456
475
476
529
485
496
481
519
513
456
547
497
508
451
518
502
494
498
496
501
515
472
542
502
519
509
505
476
503
508
499
484
515
506
498
504
514
502
499
501
480
443
503
505
511
529
516
503
482
498
501
502
500
503
495
497
505
491
520
499
500
492
501
508
506
490
502
501
504
503
510
481
484
465
464
234
502
500
499
476
503
506
503
535
523
513
502
501
530
507
513
539
494
494
534
427
508
494
464
504
494
528
498
495
498
489
522
517
537
501
510
471
459
500
501
498
505
507
500
503
536
503
508
496
510
444
483
501
495
496
445
523
518
494
532
471
497
505
484
510
506
496
492
503
500
498
488
499
509
497
501
508
499
521
504
496
500
499
508
504
501
511
504
506
468
484
496
490
478
505
500
496
502
490
499
497
529
518
508
471
496
504
477
486
507
521
517
504
493
510
502
478
505
503
497
504
520
461
495
488
512
536
483
509
478
499
501
508
501
506
510
495
507
445
483
503
495
556
495
496
497
496
510
514
506
509
509
569
500
498
496
505
507
496
554
493
493
507
530
495
498
514
518
497
503
506
499
488
504
498
503
503
481
506
461
509
484
561
504
504
506
501
501
506
489
498
501
484
498
506
501
500
513
467
500
513
499
501
510
504
503
500
519
456
518
472
468
511
492
498
501
504
467
508
510
527
506
497
498
515
525
489
508
504
459
494
491
471
509
501
470
513
491
503
493
521
526
502
503
476
508
495
469
518
492
528
493
498
505
490
500
513
496
483
462
516
508
504
507
505
497
501
478
478
508
505
506
490
503
495
501
496
500
493
498
501
483
475
495
501
493
501
517
492
467
497
508
502
458
499
519
497
501
504
501
543
484
471
515
515
505
521
498
397
503
489
546
506
509
533
499
543
515
467
490
501
483
541
498
505
471
444
450
502
546
516
504
506
496
507
491
502
488
503
503
510
469
487
498
519
517
496
489
503
474
450
490
500
506
496
495
496
485
497
502
452
463
503
568
513
499
391
498
556
497
486
511
498
508
508
477
498
494
512
518
493
475
499
480
504
494
482
507
493
500
495
505
494
518
498
499
503
502
506
518
469
505
504
