1010001001101010
0000101001100010
0100000101101110
1011001000011000
0001000010100110
1010100101011111
0011000011010110
0101001000001010
0010100010001001
0011100010010000
1001000111111000
1010100011001111
0110101100101011
0100001101010100
0111100100111010
0100001011010100
0010001000001010
1011000111000100
1010000100100110
0001101111011010
1011000101011000
1001001000010010
0011000100011000
0011001101010110
0011101011110100
1001001110111000
1011001010111110
1011101110101100
0111101111010101
0011001011101000
