1011001001011110
1010001111010010
0111101110000100
0111100100001100
0001100010001100
0000001010101000
0000101100001101
0000101010001100
0000100100000100
0101001001101110
1011000111000010
1001101000000011
0100001001011000
0000101100000101
1010001100111100
0101001011100110
0111101000000100
0000101110000100
1011101010000111
0000100110001101
0110001000011000
1010101000000001
1011101000000010
1000001101011010
0000000110010100
0001000101011010
0111101010001111
0111101010000010
0000000100100100
1011101000000001
1011001000011010
1000100010001100
0011001100101110
1000000011111000
1010100110000111
0111100100001100
0001001011101100
0010001001100010
0001100010001101
0111101010000001
1011100010000001
1001001100100100
1011000010110100
1001100110000110
0010100110001001
1010001101010010
1001101000000000
0111101110000010
0000101110000110
1001101010000111
0101000110100010
0100001111011000
1001100100001001
0110101100001111
1001100110000000
0100001010111110
1000001111001110
1011101010001111
0110000101100100
0010000101100010
0010001010111010
0110100110001011
0111100100000001
0010101110000011
0101001110100100
0111101010001101
1011000010100100
1011001011111110
1011000101011000
1001001101011010
0101000110111110
1011001001000110
0110001110111110
0100001010101010
0100101000001000
1010001001010100
0011001111010110
1000001001010100
0011001011011000
