0110101100001110
0111000111111000
1000001001110110
0000100010000111
0111000111111010
0110001010101010
0001101010000111
0100001011000110
0010100010001100
0010100100001011
0110101110001111
0001101110001100
0001001001010110
1000000111101000
0100100100001000
0110100010001001
1010000111110100
0111101010001011
0110001001111100
1001100010001111
1010100110000110
0110001001100110
0010000101101100
1010100010001001
0011101110000100
0001100110001010
0110101110001001
0110101000000000
1010001001111000
1001100100000010
0000001001011100
1000100100001010
1011001010111000
0000000101110010
0110100010000111
0111101110001110
0110101110000111
0100001011111010
0110101110001010
0001101100001111
0110100010001000
0100101110000100
0011001111101000
0000001011011000
0001001000011100
1010001111100100
0010001111011010
0000101100000000
0110000011001100
1010001011000100
0100101000001000
0110100110001100
0100000011111000
0011101110001100
1010100110000001
0000001000100110
1000101000001110
0001100110000000
0100101100001110
0011000110101100
0111001000111110
1010001111011000
1011101100001010
0110001111001010
0011000101101000
0111101100001111
0000001011100010
