0101001101001100
0010101010000001
1001101110000111
1010000101101100
1011101110001000
0101001101001010
0100101100001101
1011001011011010
0100000111100100
0101001010010100
0100101010001001
1000001001010100
0101000111110100
0000001101011100
1001100100000101
0111000100101100
0000001011101010
0001100010001010
0001100100001001
0100100100000010
0100100010000000
1000101010000000
0100000101100110
1000001011101110
0001101010000000
0100101100001011
0110000111100010
1000100010000001
0001100010000111
0010000011000100
0010001010100010
0100000111110100
0101001011011000
0011001111010100
0011101100001100
0110101000000101
1010001010110100
1011100100001010
0000100110001001
0010000110011000
0001101010001101
0010100100001100
0011001101101110
0100001110101010
0000000010010100
1000100110001011
0110101100001111
0101000010111110
0101001100100110
1001000010110100
0111100010001110
0110000100100100
1000000101000010
0000101000000101
1010101110000110
0111100100000100
0101001110110010
0101000111001000
0100001101011110
0011001110010010
0100101100000010
0001001010101010
1000101010000111
0101000100111110
0010101100000100
0000001100100110
0101000010011010
1011000101110100
0001000111100100
0001100100001011
1001001101001110
0100001101011010
1001000011101010
1000000101100110
0001100010001110
1010100110000011
1000100110001000
0101001110010110
0001100100000100
0011101100001110
0110100110001101
0101000100111100
0010100010000111
1011001001101110
0000101100001001
0011001011001110
1001101000001111
1000000110011100
1001100110000110
0110100100001111
1001101100000010
0001001101010010
