0111101100000010
0010001101010100
0111001000110100
0001000100110110
1000001100011100
0110001011101000
0111101010001100
0110101000000111
1000101110001000
0111000010011110
0110000010111110
1001000101001100
1001101110000110
1011101100000010
0110000101001100
0011100110001011
1010001110011100
1001101110000110
0111101010001011
0010101100001001
0111101000001110
0000100010000000
0111000110110100
0010001001001100
0111000111110110
1010101100000100
1001001011100100
1001001001001110
0000001101101000
0101001111111100
0110101110000000
0100000011110100
0111101010000100
0011001001011000
0000000101100100
1011100010000110
1011100100001110
0010100110000100
1000001011011100
0011001110111110
0111101100000010
1000000101111000
0000100100000110
1000100100000101
1001100100001100
1000101110000001
1011001001001100
0101000010110100
1011000100110010
0010101000001111
