0111000101001100
1010000011001110
1011001011000100
0001001001110010
0001001011000010
0000101100100011
0011101101011101
1001101011001001
1010001000110010
1011001011101110
0110100011110100
0001000011010010
1011101111100010
0110000101001000
0001101110011110
1000000011001100
1011100011001010
0110001011011100
1011001000111100
0010001110001110
0100001101111110
1001100100011001
1001100101001011
1000101011100110
0011100010011100
1011001001101000
0111001110100110
1000001110100110
1001100101001011
1011101100111000
0011101111110101
0010100110000111
0111001100100010
1010101110100000
0011101111011000
0100101111100110
1011001100110010
0110001110101110
1000000101110110
0011000111110010
1010101101100001
1000000101000110
0111001111101010
1011001010110100
0001100100011111
0111000010110010
0101000010000110
0011000100110110
0111000101111100
0100000010100110
0001101010010110
1010101100101000
1001100111101011
0010101100001010
0100101001000101
0111000101110110
0011101111101000
0000101011000100
0011000110101000
0001101010101011
0001100011110111
0110001101011100
1010001011111010
0110101011110010
0111101111011111
1011000101000010
0100100110111011
0011001010110010
1001100010111110
1001100011001100
0000100101000100
0100000101100010
1000001111010110
0110101000111010
0111001111011100
0011101001110111
1000100111001011
0110000100101110
0110001111101110
0100101100101100
1000100010010001
0111101011100110
1010001011101100
1001101101100010
0011100111111011
0001000110100010
1011100010010010
1011000011010100
0100000110011100
0101001010000010
1000100011011001
0111100111100111
0111001010111100
1001101011001100
0011101001000111
0100101000101110
0101000100001000
0000101011111101
0000001011000100
0111101111111010
1000100011111110
0110000100101100
0011000111111000
0110101001111101
0100100101101011
1000101100101011
0010101100001100
0001001010100110
0111101010100110
0100100011010010
0110000111110010
1010000010011010
1010101000011110
1000100110110111
0110001000101000
0000001101001110
0011100101101010
0110001100110110
1001100110010101
1001100011111111
0111001100011000
0101000100001110
0101001000001000
0110000101010100
1010101011111111
0101001100000100
0101001100000100
0110100011010001
0000101111010101
0111101111100010
0100001010010110
1011100111100101
0100001101011010
0011001000111110
1011001010101010
0001101001101000
0101000010001000
0000001010111010
0100101101110010
