1000101100000111
0101001011010110
0110000110011000
0100101110000010
0001000111111110
0110100100000100
0100101110001010
1011000011001000
0010001101011110
0001001001101100
0100101110001000
0011001000110010
0100001101100010
1010000100011100
1010001101010110
0000100100001111
0000101000001110
0111100010000011
1000101010000101
0011001111110100
0101000010101100
0011101110001100
0001000100011010
1011101010001111
0010100100000000
0010100010001000
0110101110001000
1000000111111000
0100101100000110
1011100110000110
0011101010001100
0000100010000000
0111001010110100
0101000010010010
1010100110001101
0011100010001001
0100000111101000
0010100110000011
0110100010000001
1001101100000110
0001001011101010
1010101000001110
1001001101110110
1010001110101000
0001000101000010
0110001001101110
1011101000000110
0110101110000101
0011000011010110
0001101010001101
1000000111011110
0001101010001000
0000100100000111
0000001101011010
0000000110111100
0100100110001000
0011001111001000
1000000011011110
0100001100011100
0110101100000101
0110100100000110
0110101110001100
0110001001000010
0010000111010010
1011101000000001
