1011000011001010
0000000111100110
1011101000011001
1010101000100101
0011001001111110
1011000111011110
0001101000011110
1000101000011011
0101001000001110
0011001101111000
1000001010010110
0001001011110100
0010000100000100
0110101101011111
0011100100110100
0111101011101111
1011100100010111
0000100011100011
1000101100111000
0010101000000001
0000100100111010
0001001100110110
1001000011100110
0000100101101101
1010101100010101
0111001111010100
0010001000000010
0100100111111010
0001101111001000
1000101110011111
0011101000111000
1001000010110110
0010100110000100
1011001111101000
0010100110001100
0001101011100011
0100001100100010
0101000100001010
0000001010101010
1001101000110100
1011001100100110
0010101110001010
1001000111101000
1011101010101011
0011101011101000
0001000101011110
0100101111111100
0000001100101010
1010000011001000
0011000010100010
0110001111100010
1011001001100110
0100100100011001
0110101101110011
0111101011101000
1001100011000111
1000100101100001
0010101000001001
0011000111000010
0011001011110100
1000101100010011
0111000110011010
0110100111000000
0010000100001010
1010101101110110
0010001100000100
1011101010101100
0000001011001100
0001101010100011
1010000111011110
0110001100100100
0111001100011110
1011101011101110
0010101010001001
1000001001111010
0100000011110110
0011101010011110
0100100010100100
1000100011011111
1000001001000100
0010001110001010
1011101001100111
1011100110110000
0010001000000010
0110100101101000
0000000010011010
1000000111110110
0110001110011010
0010001100001000
0001100101000011
0010000010001110
0010001000000110
0011101011100010
0010001100001110
0100001100011010
0010001110001000
0000101110111001
0010001010000010
1011000111000010
0010100110001010
0010000100000010
0110100110101000
1011100011100110
1000001110010110
1000101010101001
0011001001000100
0001000110011100
0010101010001001
0011100111110011
