1001000111111100
0111100010110000
0001101011110101
1011101010110111
1000101010110001
0001101011000011
0001101001100111
0100001111100100
0110101001011000
0000100011011110
1000000101111000
1011001001101110
1000101001011010
1011101010110000
0100001100010100
0101001110001100
0011001000010010
0100001110110010
0000001011000100
0000101110110011
1000001010010010
1000000111100010
0111001111111100
0010100010001110
0111100010010000
0001000101110100
0001001111000100
0101001000000010
1011001011111010
0001101010111010
0000001011111010
0000100110011000
0011101111110101
0100000111001010
1001101100100000
1011001011101100
0111001001110110
0101000100000100
0110100111100101
1001000111001110
0100101011111100
0100001000101100
0111100011100011
0010101010001101
1010101101001101
0000101100110101
0010000110001010
0000100011000010
0011001110110010
0001001111001000
0011000100110110
0001000010110010
0000100010010111
0001100101100000
0011101101101001
0101001110001000
0110101111111110
0111100101110110
1001101010010000
1010001011010100
1010101111111011
1000100010100110
0111000111101100
1000100101010011
0001001010011010
0100100010111001
1010001000100110
0110100111111001
1010101101001110
