1001000010111110
0110101110001010
1000100110001010
0100001111001010
0000101000001011
0010101110000101
0110101010001001
0010100010000010
1000101000001000
0011100110001011
0100101100001111
0011101000000001
1000001110011000
0101000110011010
0011000100101100
0110001011101110
0110000100011000
1011101000000101
1011000101011100
0010100010001111
1000100100001001
1010001011101100
0011000101101010
0001101010000011
1011001001001110
0011000011110110
0110101010001111
0101000111011100
1000100010001010
0111001001101000
1001100110000110
0110101110000011
1010000010011010
0110000011011010
0100001101111000
0010001000110100
0011100110000101
0100100100001001
0110100100001010
0011101000000101
1000000010111110
1011000011101110
0100000111000100
0000101110001101
0011100010001000
0110101000000101
0010101110001000
0011001010111000
0100100100001000
0101001010011110
0001001011001000
1011001011100010
0110100110000111
0100100110001101
0000000010110010
1001001010101000
0111001111011100
0001100100000111
0111001100010100
1000001011110010
0100100010001100
0011101100000110
1010000011010100
0011000101111010
0001101110001100
1000101000001100
1000001101111110
0001101010000101
0000000011100110
1001000111010110
0100001011111010
1001000100110100
0011000111000100
1010101110000000
0100101100001111
0111000101011100
0000001001001000
1011000011110110
1000101110001001
1001001111100010
1000001100111100
0110000010110100
1010001111101110
0101001011110100
0100000101101110
0011101000001011
0000000111001010
0010100100000010
1001000010011110
0000001000110010
0010101000001010
0001000101001100
1010100010000100
0001001111100010
0110000011111000
1001100110001111
0110001110101100
