0001000011100110
1000100110001100
0111000101011110
1000001011110010
0000101100000000
0100101100001101
0100100100001001
1011000101111000
1001100100000011
0011100100001110
0011101000001010
0101000101111110
0110000010111010
1000101000000011
1001000011011110
1000101110000101
1010101000001110
0000100110000110
1001101100001011
0100101000001111
1011000011000010
0110001110011100
0011101100000111
0101000110101010
0100101110001001
1010000110111010
0010101110000100
0000001000011100
0010001010110010
1011001111111000
1000000100011110
1001000011101110
0100101110000110
1011000111001000
0011000101001010
1000000011111000
0100101000001001
1010000100011100
0010000110010100
0000000110111110
0101001110111110
0001000111001010
0101000110100110
1001101000001001
0001000110110110
0011001101101110
0011000101000010
0001101010001000
0111001110010100
1010001010100110
0110100100001011
0011001001101110
0101001000111010
0001001101010100
0111101110001011
1011101110000111
1011100010000001
1011001001000010
0010000011111000
1011101000000110
1011101010000100
0101001010011110
0111101100000001
0001000110111010
0000001111010110
1010000110010100
0100101010000000
0001101000000101
0011100100000010
0101001100101010
0110100010001110
0101001001001000
0110101000001011
1000100110000110
0101001001011110
0110000100101000
0001100010000110
0000101010000001
1010101000000110
1011100100001111
1010000011110110
1011000010011110
