0111001010110110
0010001101111000
0010101010001010
1010101010000111
1000100010000011
1010001110100010
0000001101010110
0100001111011010
0010100100001101
0111000111000100
1011101100000111
0110101100001001
0001000110100110
0010001100111100
1011001101000100
0011001101010100
0111000111001110
1010100100001111
0111000100101000
1001000111000100
1001100100000111
0101000101110100
0011001101110010
0010000110011100
1011100110001001
0010001101011100
0101001100101100
0011000011101010
0000101000000011
1010101100000010
0000101010000011
1001101110000100
0011100110001100
1000000101010010
0000101000001011
0111001101001010
0110001110110010
1000101100001000
0000100100000010
0001101000000110
0101001100111110
1010100100001111
0001000011100110
0011101100000101
0000101000000101
0011100100001110
0010000110100010
0001001011000110
1001101000000010
0110001110110010
0011001110110010
0011100010001110
0001100100000101
0001101110000110
0000100100000011
1010100100000000
0011101110000010
0010101110000011
0010000011011000
1010101010001100
0011101100000011
0110001111001110
0111000111001110
0001001100010110
0011100110001110
0101000100101010
0110001110011110
0110101010000011
1010001110111010
0100101100000100
1001001101111000
1011001011100010
1010100110001111
0010101110000110
0010100110000110
0011101110000111
0000000100010110
0111100100001111
0000101000000100
0010001001101100
0000101010000001
1010000101101010
0111001011010110
0101000110100100
0101001011111110
0010001100011010
0011001101111000
1000100100001000
1011101100001010
0001001100100110
1010001110101010
0110101100000000
0101000110010010
0010101010000100
1011100100001011
0101000110100110
1011101110001110
1010001110011110
0111001011001010
0010001011011100
1001001010110110
1010101010001101
0011001010011000
1000001000101000
1001100100001000
1010101100000100
0001100010000001
1011001001100110
1001100100000001
1000001111111100
0110000100110100
0001100100000101
1000001011110110
0110101000000011
0010101010001111
0011000010101100
0011000111110110
0000101010001101
0101001110100100
1010000100111010
1000101010001111
0000001110010100
1001000010101110
0101001100100110
0111101010001111
1001101100001110
1010000111111000
0001100010001100
0111001001011100
0111100100001010
1001101010000010
0010101000000110
0010001100101110
1010000101010100
1001000100111000
0111101000001101
1010001110101100
1000100110001100
0000001010100100
1011001100101000
0111100100000000
0100101010001011
0101001001011000
0011001000010110
1000001110111110
