0011000111011110
1010001110010100
0000001000110110
1010001111101110
0111001111011110
0110100111110001
1010001011010010
1010001010011110
0100101010100010
0101000100001100
1010101010101100
0001100100100110
1001101111011010
1000101100110111
0111100111011010
0000001000011110
1001001010101100
0000001111001110
0000100010110000
0110001110111010
0000101111000000
0001000011100100
1010000010100100
0110000111110110
1001001010010010
0111001100110010
1001001011111010
0111100011110011
0100001011000010
1000100011111100
0100000100101000
0011001010010110
0001001100011010
1010100111100101
0010101010001001
1011000101010100
0110101011101001
0010100010001111
0100100010110110
0011000101000100
1010001001000110
1001100010010000
1001101101101010
0001001010111100
1010101001011010
0011100011110110
0100000010110100
0110001110010110
1000100100011100
0011101110110110
1000101111000101
1010001110111000
0000101011100101
0110101110110110
0110001000010010
0111101111101010
1001101100101010
0101001100000010
0000100011100100
1001101000101010
0000001111001110
0011101111111111
0100100101010100
0001101000100001
0111000111110010
0100000110010100
0101001010000010
0110101010011110
0111001011111100
0000000101111000
0110100100111110
0100001101100100
1001100011100001
0000001001011110
1000001110100100
0110001010100100
0000101000101100
0001100111101110
0011000110010100
1000001100111100
0110001111101110
0100101100111010
0101000100001100
0100100010011010
0111001100111110
1010001001111000
0100100110010001
1011101001000010
0001000110110010
0111001101110010
0111000101111000
0110000110111110
0100101011010000
1001101010010101
0110101010011000
0110101111000001
1011000110011100
0010100010001100
0000100111001001
0100001100110010
1000000010110110
0111001010111110
1011001010110110
0011100011110101
1000100101101101
1010001110010100
1001101110011010
1010001110101000
0100001010100100
1001001000111010
1001100101111001
0001101011001000
0100001100100110
1011101101001010
1010101010100000
1010001011111010
0011100011111101
0110001100101000
0001100111110111
0011000111110010
1010101100110100
0101001110001110
1001001111001000
0010100010000000
1011101110100010
0111100100101011
1010100101011011
0111001011000100
0101000100001000
0000100111000011
0100101111001110
0010101110000000
0010000110001000
0000001111111010
0110000010011010
1000001100111000
0100100010011011
0101000010001110
0110001111110010
1010001111001110
0010101110000010
0000000110011000
0101000100000110
0000101111101001
0110001100111000
1010101111000111
1011000100111100
0001001010111110
0110101011101100
0011101010101011
1001001010101000
0110000011011000
0111001100010100
1001001001000010
0110000101111000
0100001001110100
1010001101000110
1000001100101110
0110001011101110
1011001001011010
0000101101011110
0100001101100110
0011001001101110
1010100101010101
1000001011011010
0011101010101001
0110101111001010
0010001100001110
0010000100000110
0111001100101100
1000001110111110
0011000101010110
0010001010001100
0001101011110000
1001001011101110
0001000101101010
0100001101001110
1001000110100010
1011100101111100
0000001110110010
0110001001011100
0010000010001000
0110100011100010
0100000011010100
1010001101101000
1000000011000010
1000001111110010
0001101000010011
0011001101000100
0000100110100000
0110001111000010
0001001100100010
1011001101111010
1000001101011010
0111000011100100
0110101100010000
0110000101111110
0101001000001110
0111100101100010
1011101100010101
1011100100101110
0100101000011110
1001001100101010
0111001011001110
1001101101001001
0011001100110010
1010101100011010
0010001100000010
0100001110010100
0010000110001110
0011001001011110
1010001110011110
0110000110111100
0110100101011011
0111100100010100
0010101100000001
1010101110101010
0111100010110000
0010000110000110
1010100100010100
1001101001010011
0001100100111011
0100100100110000
0000100111010000
0011001101101010
1001101011101101
0010000010000010
0101001100000110
0110101101010101
1011101001101000
0100001110011110
0011100010010011
0011100011010000
0010101100000110
0010101010001110
0101000110001110
0110100110011100
0010101100001000
1001100100011100
0100001111011010
0110101111100100
1010000101011010
0110101000101001
1001101101001111
0101001100000010
0011001011000010
