1010101110001100
0111100100001100
0010101000001011
0101000010110100
1011101110000111
0011101110001101
0000101100000111
0011101000000010
0101001011101010
1011101100000010
0001000100010100
1010001111110010
0010000010011110
0000100110001000
0110001110111100
0011000010111010
1001000010101000
1011001101011010
0110101010000100
0100000011111110
0000101110000010
1000101000001000
1010001110111100
1011001101000110
1011000100110110
0101000110011010
0100101100001000
0101001001111010
1001000100101010
0010000101001000
0000000011000100
1001001011000010
0010100110001000
0110000011111010
0111101110000101
0010101100001111
0111000010011110
0001000101111110
0000001001011000
0110101100000011
0011000011101010
0001100110000101
0100000101100100
1011000011000100
0101000111110110
0110101110000011
0011100100000101
1011001111101010
0010100110000011
1001000011000010
0011001101110010
0011001010111100
0010000101011010
1000101000001001
1011101110001010
0110101010001100
0010001001000100
0001001111111000
0010001001101110
0000100100001011
0010001111010110
0111100010000000
0100101010001111
1010101100001110
0010000011111000
0011101010001111
1010001100101000
0111101110000000
1000001111101100
0111101000001111
0011100010000000
0010101100001111
0000101100000010
1011101010000101
0001000101111000
0011101000000100
0010000010111000
0001001000111010
0110100110000001
1010101110000111
0101000110100110
0100000010100100
0111100100001101
0000100110000000
0111100010001100
0001100110000111
1011101010000101
0011101000001111
0100101010000100
0111001010101100
0110001101011010
0010000010010110
0010100100000000
0100000100011000
1000000100110010
1001100110000011
0100100110001111
0110001110101110
1010101110001110
1001001000110010
0001001001000010
1000101100001001
0100000010100110
0010000100110110
0001001000010100
0111101110001111
0010101000001111
1001000111111100
0000101110001000
1000100110000011
0011001011010100
0011001100010010
1010101110001000
0101000111001010
0001100100001011
1000000011111100
0100101000001000
1001001110111010
1001101100001111
0100000100111000
0010100110001111
1001101100001100
1011000111101000
0111101000000001
0110100100000011
0000000101110100
0110001101001110
0011000011101100
1011101000001001
1010100010001001
0111001011110110
0111001000010100
0110101010001111
0100000111010110
1011001010100010
0111001101100010
0110101000001111
0000101010001000
0011001111011000
0010101110001001
1001100110001011
0111001010111110
1000101110001111
0001101100000101
0001100010000100
1000000010011110
0000001111101100
1000000111001010
0001100100001100
0111000101111100
1011101110001011
0010100100001110
1001101000001100
0011101010001000
0111101000001100
0100001001011110
0010001111111110
0001000101101010
0000001001111000
0010101110001110
0000100010001011
1011001110011100
1011101000000110
0110000100101010
0101001001010100
1011100110000011
1011100110000001
1000000110010110
1001101110001100
0011001111111110
1000101010000111
0010100100001000
0100100110000001
0011001011101110
0010100100001001
1011001011001000
1011001100100010
0110000110010010
0100001110011100
0000001111001110
1000001101011000
0110101000000001
1011000111000110
1001000010011000
0001001101000100
1000000011101100
0110000101011100
0010001100111100
1011101100001110
1000101000001110
0000101110000000
0010000011010110
0110000011011110
0011001110011010
1011001101101100
0100100100000110
0010001011111000
1001101000001101
1011101000000111
1001000100100010
1000001100010110
0011100100000111
1001000011001000
0010001010111100
1010101100000010
0110101110000110
1000100010000011
0001000010110110
0110100100001011
0010000011010100
0010001101000100
0001001101011110
0010101010001000
1010100100000001
1000100010001011
1000101100000010
1000100100001010
0110001100010010
1001001011011100
1011000111010010
1010001100101010
0110101000000011
0110101100000110
1011000110111000
1001001010101000
0101000110100100
0101001011101100
1011101010001101
