0110101010000111
0001000110111100
1011101100001001
0100001000011110
0010001010010010
0011001111010010
0100000101000110
0100101110000001
1001001000110010
0011001011111000
1000100010000100
1001101010001111
0100000011001100
0110100110000100
0001100110001100
1001000111010100
0011101010001000
1001100010001000
0001000101100010
0110101110000110
0000101010000111
0011101100001111
0000000100111110
1010101110001010
0100101010001101
0101000111100100
0110000010111110
1000100110001010
1001001100111010
0000000011110100
0010000111010110
0100001011110010
0001000010011000
0101000011110100
0000001110100010
0001101100001010
0100001100010110
1001001100011010
0001101000000000
0110001000111010
1010000101110010
0000100110000111
0000000111110110
1000101100001011
1011001000011100
0111100110000100
1001001000111010
0110001100110010
0111001101001100
1010001010111010
0101000111111010
0111001101101000
1000100100000101
0011101000001110
1001000110101000
0110001010100010
0010100100000111
1011101110001111
0101000010101100
0110101010000110
1000001101011110
0110001001010100
0100100110001110
0100000111000100
1000100010000100
0010000101100100
0110001100110110
0110100100000110
1010000110111110
0001101010000101
0111101110001011
0011101010001010
1001000110111010
1010100010000010
0011000011010110
0011101000000101
0000101110001110
0001000101011000
1011000100111010
1011101010001110
0110000110011110
0011001100100100
0000000100010010
1001101010001010
0100101000000010
0100100110001010
1011000110011000
0110100110000001
0011001100111100
0110101110000001
0111000101000010
0010000101101010
1001001011010010
0110000010111000
1000100110000110
0111101000000100
0111101100001001
0100100010001100
0010101100001000
0001000011011100
0110101100001110
1001100010001101
0100100010001101
0111101100001011
1010101100000101
1010001111011110
1001001000110110
0100001111111110
0001101010001000
0000001111101100
0111001000011110
0111100110001111
0001001011010010
0010100100001011
0011000110110100
1011100100001111
1010101010000110
0010101110000000
1000001101111010
0110000101000100
0010001101111000
1001001011001110
0111000111101110
0010101110000111
0000101110001101
0010101010001011
0000100100000111
0001100010001101
0011000011001110
1010001000100010
0110001011110010
0100000100100100
0001000111000100
0110000110100110
0010100010000001
0011001111100110
1011000010011010
0000100100001110
0011101010001001
0000100010001110
0001001011010110
1011001001000100
0100100100001110
0011001010111010
1001001100110100
0110001100101010
1001101000000110
0011001000111000
0100101010000010
0101000010011000
0101001010110100
1010100110001111
0100101000000110
0100001001001100
0110100100000111
1001000100101000
1000100100000100
1010101010001111
0010101110000101
1010100010001110
0000101010001010
1010000100010010
1011101100001000
0001101010001100
0010000111101110
0100001101001100
0100000011100010
0000100010001101
1000001000010010
1001000100101100
1001001111001000
1000000100101010
0110101010001000
1001101010000000
0010000101100010
1001101100001001
0010000011110110
1011100110001010
1000100010001101
0111000011101010
