1011001111000110
0011101000111100
0100000101101100
0111101111000110
0011101101000001
0011101100010011
1010000101010110
0101000110000010
1011001111111110
0100101010111010
1000101001001001
0001101110110010
0000000010111010
0000001000100100
1010001111110110
1000000010101000
1001000010100100
1001001101111100
0000000111111110
1011000100100100
0001000100101000
1000001001001100
0100101001011100
1010000111111010
0001001010111010
1001000011010110
0111000110111010
1011101011001000
1011101101111001
1000000101101010
0100000011010110
0000001011011110
0011101101000000
0100000110101110
0000100101010101
0110000010111000
1000001001100010
0000100011011011
0001100110010110
1001101010010010
0110100101111110
0111001011111110
1010101111010000
0101000010000100
0001001001101000
0111000100101100
0110000101110110
0100100110110101
1000000011000100
1001000110111000
1001100111010011
0100001111011010
1001100111001001
0011101100011110
0001100101110010
0100000101101000
0000100011100001
1010001000010110
0001001111111000
1001001100010110
0100100111001110
1011101001001000
0000001011001110
0110001000111110
1011000101000100
0110101000100011
1011001111111100
0001001000100110
0111000011010010
0011000101110110
0110100111111100
1011001000011100
1010000100100110
0010000110001010
0110000011000110
0010001100000110
1000100010011101
1011101100100011
0011100010101010
0100001101101010
1011100011001011
0001001011000010
0010101110000001
0000000101101100
1000101000101111
1001000100111110
0011101111100011
0111101000011100
1011100011001111
0010001100001000
1011000110111000
0110101101110110
0111001110011000
1000100011101111
1011100011110001
0110001001001010
0110000100011000
0100101111000101
0001100010011000
0010000100001110
0011000111110010
0101001010000010
0111001100110100
1000100010010011
1010001011000110
1010000100010010
0011101010010000
0011101001001010
0100000100011010
1011100010111000
1000100011110011
0100101011011111
0110000100101000
1001101110101000
0010001100000100
0011101011101110
0001101001000010
1011101101000101
1000101111001100
0100101001001000
1001000101011100
0110101000111001
1000000010011100
1001001001111000
1010001110100110
1011101100100101
1010001010101000
0010101000001000
0101000110000100
1000001011110100
1001100010101101
1001001000100100
1010101011001101
0010101110000110
0100001110100110
0010000010000100
0110101100110000
1011000011101000
1001100011001001
1000101001110111
1010100011001010
0101000100001000
0100101110010011
0111001110010010
0100000111001000
0111001101001000
1011001111111110
0010001110000100
1010101001010100
0100000101100010
1001001100110110
0111001101111000
1001100111111110
1011100111111101
0111101001010000
0000101001111110
