0100101011000011
1010001000011000
1011101101001101
0111001011001110
1000101101001000
0010100110000000
0111101110011001
0111000011011100
0100101001111101
1010101010110000
1011000011111010
1001101011100001
0111100100011100
0100001000011100
0010100110001110
0110001011111010
0011100111011010
0011000101101010
0000000110100110
1001001111111100
0101001110001000
1000101111010010
0110100101100000
1001101011111100
0100101100011101
0101000110001010
0111001111110010
0011001000110010
0011001101010100
0000000010110100
1000000111000110
1011101101011100
0011100110010011
1001100011100101
0000100100111100
1010100110011110
0001101101111000
1010101101011010
0001101101010001
0011000101101000
0010001010001010
0110100100010110
1010100011101101
0001000101111100
0011001101111110
1001000010100100
1001101101111101
0000001000101010
0100000101011110
0001101011101101
0100100101000000
1010100110110001
0101001100001110
0011101000101110
0110100010011001
0011000110011110
1001101000110010
1011000010111110
1001001010101010
0000101011100010
0000101100010001
0100000110101010
0100000010101010
1011100100110001
0101000110000100
1001101010010001
0001001100011000
0110000011010010
0000001101100010
0111001001011000
1011000100011000
1011101101100011
0100001101101010
0111000111100110
0110101000010111
1011000101100010
0110101010011000
0100000101101110
1001100010110011
0100001010110110
0001101011111010
0100001111101110
0010101110001110
1001000011001000
0011100111100111
0011001100110110
1001000111100100
0111101111111101
0000001101010010
0100000110011000
0010100100001100
1011101011011001
0110101111111100
1000100110101110
1010000011110110
0100001001110100
1001000110110100
0010001010001110
0111101011000001
