0110001010100100
1000001000110010
0110101111110011
0000100101110001
0110001010011000
1011001111110100
0111000111101110
1010101100011001
0101000100001000
0100100110110010
0110000101110100
0011101111001001
0010101110000111
0111101100010011
0100101101110010
0000101010101000
1011101111000110
0010100010000011
0001100011010111
1000001100111010
0110001011001100
0010101010000010
1010001101100110
0110100100011100
0111000100111000
0011100101110010
1000000110100100
1000001011110010
0010000010000010
0011001101010010
0011000010101000
0110101111111010
0010101010000001
0100101000111000
0001101011100011
1011000011011010
1001000101001110
1001100011001011
0000000011011010
1001001111101010
0001101111110111
0101000110001100
0111101111111000
0100101100111111
1010001011100010
1010101000101011
0100101101010010
0110001001101000
0010101010000111
0010000010000110
1010000011000110
0000101111111010
1011100111011101
0011000100011000
1011000110100110
1011001001010110
0010000010001000
0000101111000001
0110101001100000
0010101000001101
0100001101101000
0110001100101100
0001000110010100
0100001011101010
1001101111010001
0010000010001000
1001100111100000
0000100011100110
1010000111110010
0001101000110101
0001101101110001
0100001111000100
0010100010001010
1000001110111110
1000000111110010
0111101011001001
1001100110111110
1010100011111111
1001000111000010
0101001000000100
0010100010000111
0111101010111001
0011101000101010
1010101001011000
0000001101001100
1000101110111100
0100101011001010
0010100010001010
1011001111011010
1001100110110010
1011001010111110
0000100111001100
1000001000110010
0111001000011010
0100101100111100
1011100111100000
1011000110011110
1000100111001110
0011101010111010
1001000110010010
0100100010100111
1001001000111100
0000100100110110
0001001110011110
1010001001001000
0111001010100110
0100101111011010
1010000011100010
0110100111100100
0001001010110110
1001101001001000
1001000111001010
0111100100100000
0000001110101000
0000001011100100
0011001010100010
0000001110011110
1000101111110010
1011000111110100
1011000011111110
0110001001111010
0100001001101000
1000100101011111
0000000100110100
1001001011100100
0011101101010111
0010101000000101
1010101110011101
0101001100000010
0100000100111100
1011001111111000
1010101100111110
0010100100001100
0011100110111000
1010101101001011
1011000111101010
1000100010111001
0111001110011000
1011000101010100
0011001001010100
1001101001011001
0001001100011010
1011101001000111
0101000110000100
1001001110111010
0111001100101000
0100101111101100
1001000110110110
0010001010001100
0111001001011110
0100100101101010
0110001101101100
1011101111001000
0010100110000110
0110001101000100
1000101010101100
0011100011101100
0110101111110100
0110000100111010
0000001001111000
