0000101011111011
0010000010000100
0010101010000000
0001101000111011
1001100011000100
0010000110001010
0010100100001010
0000000110101010
0111100010101000
0011000111110010
0000001100101000
0000001111101010
0111000011111010
1001001011010010
0010101100001000
1010100011110111
0010000010000010
0010001100001110
0011001100011010
0111001111011000
1000100011111100
1000001110110010
0001001100111010
0010000010001100
1001100101111000
0110101011100100
0110100011110010
1001000011010100
0000101001101001
0110001000011110
0100001000011110
0000001011011100
0000001101011010
1011101110111111
0001100110011101
1010000111111010
0000001010111100
1000001111000110
1011000111111100
1000100100010100
0100101000100010
0010000010001110
0001001011110100
1001001010101010
1011001110110100
0001001111101100
0001001001010100
0011101110011010
0011101101001101
1010000101010010
0010001010001010
0110000101111110
0110100101100111
0110100110111010
1011100100110010
0101001110001000
0010100110000100
0110000110010110
0011101110110100
1001000110011100
0000100011100001
1000001101100010
0110101101001111
0001100101111111
1010000111010110
1001001011110010
0011001110101110
0110101010111000
1000001100111000
0010000110001010
0011000010111100
1000101011011000
1010000111100100
0011101000011100
0001101001011001
1000000111111100
1010001111011100
0100001000101000
0100101011000111
1010100101111011
1001101111110111
0000100011111100
0011001011111100
1010000101101000
0000101111011100
0011001011001110
