1011001100101110
1010101000000010
0111101110000110
0010100100000010
0011101000001100
1010001111101000
0001001001011100
1010101010001100
0000001100100100
0000001101101010
0001100100000110
0111100110000010
0001101000000010
1000101100000010
1011101100000110
1001001011011110
1010001110110010
1001001010101100
0000100100001010
0011001111000100
1001001111001110
1011100010001100
0100000100100010
0111100100000100
0001001011101000
0011101010001000
1010100010001110
0001000011000110
1010000101111100
1011001000101000
0110101010000000
1000001011000110
0101000111010110
0001000101001110
0111001110011100
0011001010011110
1011001000011100
0111100110000011
0111100110000100
1010001100011100
0110100100000010
1001100100001011
0000101000000101
0000000110010010
0100000110011000
0111001110111100
1011100100000111
1010001110110010
1011101100001001
1001000010010010
0100101000000000
1010000011101110
0110001010011010
1000000111011110
1001000110010110
0111101000000110
1011100010001010
0011001111010110
0000000100110110
0110101110000010
1010100100001010
1011000100100100
0101001110110100
1001000100101000
1000001000101100
1010101110000111
0111000111001010
1010001000100100
0111100110001000
0100001010010110
0000000011000010
1010101110000101
0110100010000011
0111101110001111
0011000101110100
1010101100000001
1001101000001101
1000000110100010
1010000110011100
1010000100111000
0100101000000101
1011100110001100
0100001100101100
1010100010000100
0110001100101010
1001001101011110
0011101100000001
0111000101010110
0010101010000110
0010000011100110
0001100100000010
1010101000000001
1010101100001111
0000000110010110
1000001100101000
0001101100001100
0111001000011100
0110101100001110
0011101110001001
0001100110001110
0001101110000011
0100101110001011
0000000011000100
0111000100011100
0101000010111110
0010000100110100
1010001101000010
0100101100000101
1001101010000011
0010100100001111
0000001011000110
0110100010000000
1010000101011110
0001001100101000
0110101110001100
1000000101010110
0010000010100110
0001101010000000
1001100010000011
0010101010001111
0001000111101010
0000001101001110
0101000100100100
0111101110001001
0001101100000000
1000100100001101
1001100100001110
0001000010011100
1000101100001001
1001001011111100
1001101000000010
0110101110000011
0010101110000010
1011001010111110
1011000100011110
1011101100001011
0111101010000111
0110001111101010
0101000110111100
1000101010001110
0100001011101000
0111101000000010
0111001101110100
1011101000000111
1000001101011110
0111101000000011
0101000010011000
0010101010000011
1001100110001111
0011001001011100
1001100010001101
0110000011101100
0100101000000100
0101000011010010
0101001011011100
0010101110000000
1010001100110010
0111000111101010
0110100010000000
1000100110000101
0010000011011010
0011001000011010
0010000011000100
0110101010001011
0100101000001010
0010100010000000
0010101010000010
0110001001010100
0001001011010110
1011000111110010
1010001011010100
0100001111101110
0011001111001110
1000001110100100
0110101010001110
0111000110111100
1001101110001000
1000101100000000
0000101010001011
0011101110001111
1011000111011010
0110100010001000
0011000101000110
0101000111100100
1011101100000110
0000101000001101
1010000111101110
