1001001111010110
0011101011101101
1001001110111100
1011100110110100
1010001011011110
0100000101011000
0010101010001011
1000000010111100
1001100010100111
0111101000110110
1000000101010110
0001101010110010
0000001010011010
0011100100111110
0010000110001100
0011101101101111
1001001111111000
0101000010001000
0100100010011101
0111000111001010
0010001000001110
1011000110100110
0111001000101010
1011000111110100
1001101000101010
1001101000011111
0100000011010110
0111101111001011
0000000010100100
0111001000111110
0001100111101110
1010101101111010
1000001010101100
0011001001101110
0111001000110100
1000101111011111
0111001001001110
1001100010111001
0000100110010000
0110001111100100
0101001010000010
1010000110011000
0010101110000110
0011100111000111
0100100101001000
1000100010100110
1011001101111010
0001100010011001
0001000110010100
0111101101100110
0100101100010110
0001000100111100
1011101101001011
1011101100101101
0001100111010010
1011001100110100
0100100111100110
0110000011011010
0000001110110010
0110000100010010
0001001111100100
1011101100110101
1000001010011110
0011000011010100
1000100101010001
1010000010011110
1001001111111100
1001000100110010
0001000100011000
0001101111011100
1010001001111110
0111000111111100
1000101000010001
1000000101100010
0100000010011010
0000101100011001
1001000111101010
0111001101111100
0101001110001010
1010001100110100
0010100010001001
0100000111110100
1000000111001010
0011101111101100
0000101111010000
0101000010000010
0001101000100101
0010100110001101
0010001010001000
0001101000111001
0000001010101110
1001101110100110
0110101110110100
1010000110111100
0111101001011011
0011001010010010
1010000100100100
1011001100100010
0100000101101110
0000100011011100
0011001110100100
0001101101011001
0000100011101011
1010001110110010
0100001010100110
1010000110010010
0110000101110010
0101000110000010
1010001001111100
0011101001010101
1000101100011100
0101001110001110
0011000101011010
0111001011110100
1010101001000010
0101000010000100
0001100011110100
1010000011000010
0000101101111001
1001001000011000
0101001000001000
1001001000101000
0100001101001000
1000101011101111
0110000011101000
0000101101000011
0101001010001100
1010001010100110
0011000111111100
0111001001101000
1001100011001001
0000101000101101
0100101000101101
1010100010100000
0011001101011110
0001101100111111
0011101011000100
1001001110011100
0001101010110011
0110000100101000
0000101100011111
0100000110011000
0010100100001100
0100001111110110
0011001110101010
0011000101000110
0010101000000010
1011000011101100
0011001110010110
1011100011110010
0010100110001110
1011001011000100
1000001010101100
0111001111110010
0011001001101000
0000001000011100
1011001000010110
1001001010011000
1011101001111000
1001101110110111
1001000010011100
0110101001001000
1001101000101010
1001101101100001
1010001001110110
0000000101111100
0110001111100100
0111100111010010
1001101101010000
1011101000100111
0110000111001000
1010101001011110
1010000111001100
0111000010010100
0111001111001010
1000101101000101
0001101111111110
1010101101101011
1011000111110100
1011100010111010
0000101000100100
0010100010001101
0111100101100010
0000101000010111
1001000101100010
0010001010001010
1010000110101000
1001101001010010
1001001001110110
0110000011010010
1010000011110010
0110001111000100
0010100100000011
1001001001101000
0110101101100100
1010100101110000
0011101000111010
1000100100111111
0110001000101110
0110101010101000
0001000111110110
1000000011000110
0001100011111110
0100000111111000
1001001110011000
0111100101011100
0010101000000110
0101001110001110
0010000110001100
1000000100100110
0010000010001110
0010100100001110
1001001111001010
0110001010100110
0101001000001110
