0100000111000100
0111101000110101
0111000010111100
0010001110001000
1001100011010000
1000100010101011
0101001100001110
0001000011100010
0001100110011100
0011100110011100
0001101000101001
1001000010011110
0010101110001110
0110101001010100
1010100110110101
0101000110000010
1001100101001110
0110001101111110
1001001000111010
0011101111110011
0010000100000010
0011101100101101
0101001110001010
0010101100001001
0101001100001010
0111000101011010
0111101001011110
0110001100101000
0011100111011000
0000001010101000
1000001100110100
0110101100011000
1011100100011101
1000001001111100
1001101101000011
0110100100110111
1001001001111010
1000001100010100
0100100110111110
0010100100000000
0001000111110010
0001000101101100
1001000011101100
0001001010100110
1000001010110110
1001001001111100
1001000101001110
0010000100000100
0000100111011100
1000100111100111
0110101001101110
0001100010011110
1011101011001100
1000001101100100
0100100010010101
0110000101110110
1001001001101000
1001100101000010
1011001111110010
1000000010111110
0001001110111110
0101001010001010
1000101011001110
1000001010111010
1010101111010011
0010000100001000
0101001110000110
0001101110100110
1000001110111010
0000000110100110
0000001011010010
0110101000110000
0000000111100100
1010100011111100
0000101110111101
0100100011111100
1000100101011100
1001001101111000
0101001100001110
0011001010010010
1001101110101001
1010100011100010
1001100010100101
0100100011011011
0010100110001011
0110101010010101
1001101011110110
0000001110101100
0100100111011001
0111001110100110
0011000111100100
0011001000011010
1010100011111111
0100101100100001
0000101000101000
1000101000111111
1001001001001000
0110001001111000
1000000011011110
1000000111100010
0001101001011000
0111100110111111
0001001010111010
0111100011001000
0000000101100110
0110101011000000
0101000110001010
0000101110100010
0100001000111000
1001100111001111
1010001011001110
0011100010111011
0011000101100110
1011101000011011
0011000100111010
1011000101010100
0000000101100010
1011001001001010
0000100111101111
0000100010011100
1000100110011011
1010001110101110
0111100100101010
1000001111100110
1001001000101100
1011101011111001
0000001000100110
0010101110000101
0010001100001000
0110001010111010
1000101100100110
0111100010011110
1000100110110011
1001001110111000
0001101011010001
0001101010101001
1010100101110000
0011001011101010
0001000011111010
0011001101000100
0010101110000010
0011001011101010
0010000100001000
0000001101011110
0000001111011100
1011101110101011
0001101111011000
0101000010001110
0011101001000011
0010100110000101
0001001100100110
1000100110101001
0011101110010011
0010101000000000
0000100010101000
0111100100111010
0001001111101100
1000101011111100
1011001100100110
1011100101010011
0100001101001110
0011001111111110
0110101000110001
0000000011101100
0001000010111000
0000101111010011
0010000100000110
0110001111001110
0111000010011000
1001001001011010
0011001011010100
1001000100110010
1001001101011100
0100001011111110
0010101010000001
0000101100111000
0101001010001100
1010001111100010
0000001101011110
0100001100010100
1001001010010110
0110001010111110
0010101000000001
1001001011001110
0100101000101000
0001001100100100
1001001101011010
0011001100010010
1001101111101000
1010000011100110
0000001100110100
1000001011101000
0111101100100110
0001101011100111
0111001100110010
0111001110101010
1001001011111010
0101001010000110
1010000011110100
0100101001010110
0010001110001110
1011001000101000
0000101010110001
0010001110000110
1000101000100000
1000100111100101
0110100101000000
0011001010011100
0010101110000010
0100001100011100
0100001000111100
1000000110110100
0011101110011010
1001101001101010
1011001101011100
0111001111111100
0000000111101010
1000101110010001
0011001110101000
0110001011101110
0111101110011010
0010000110001100
0001101101110110
0100101001111111
1000101101010101
1010001100010010
0111101010010011
0110100110010001
0101001000001100
1011101111001011
0001000110011000
1010100010101100
0110000110100010
0110001001100100
0001101111011111
0110000010100010
1001101000111110
0110100101100010
0010101110001100
1000001010110010
0110101001111100
0110101110100101
0010101100001110
0110001011100100
1001101111001100
1010101110100001
1011101101000100
0100101100011011
0011000100011100
0001101010010101
1011001010110100
1000101001011100
1001000011101110
1000000011110110
1000001011010110
0000001001111110
0000001011110110
1000101111001000
1000101110101010
1010100011100101
0111001011100110
0100100111101111
1001000010101110
0100000011011000
1011001110011010
0111001101110010
1001000011100100
0111101110100100
1000101101111100
1000001010101010
1001100110100000
0001000011001100
0001001100111100
1001100011101101
1000001111000100
1010000111001000
0000001011101100
0010001010001110
0010100100001000
0110001101011000
0001100011011011
0111001000110100
0111001010111010
0001100110011011
0100101110111101
0000000101101000
0101001100001000
0011101011100110
0000001000011000
1011101100011010
1010000111110110
0010100110000111
0101000100000110
1000101001010011
1010101000101111
0101000010000010
