0011100011111001
0111100111110111
1001100011101010
0001101000011111
0100100110111011
0100101110101101
0101000100001000
0011100101001101
0110001100101100
0000100101101111
0010100010000010
0111101000100101
0111001000011110
1000101010111111
0001100010010101
0110100010111110
0110101011000001
0011101011000010
0111101110100010
0011001010110100
1000101101000001
1001100111001000
1000101000010111
0011000110100010
1011101100011000
0001100011011101
0011100011000011
1001001101111010
0110001001110010
0010101100000101
0110100101101011
1011100011110111
0001000101011000
1000101011001000
0111001110010100
0101000100001100
0111001100100110
0011101000011100
0100101100010001
0011100101111110
0101001100001000
0010100100001001
0111000011011010
0011000100100010
0110001101101010
1010000101001110
1000100111001001
0110100111100010
0100100110011010
0111100010111000
0001101100110010
0100001100110110
0110000011101110
1011101101001001
0011101100010000
0011101100101011
1000101000010111
0011101111011000
0111000100100100
0111101111111000
0010100100000100
0111000010100010
1010001011110110
0011000010111000
0100101111001011
0111001101011100
0111101011000011
0101001000001110
0010001100001100
0001001111001000
0011101010011100
0000100110010001
1010100110101000
0100100101100011
0011100111000111
0011101011011101
0110000101011010
1011101010100101
0110100100010101
1000101100011011
0000000111110110
1001001100011000
1001100100101001
0110101101111000
0010101110001111
0111001111100010
0011001011111000
0000101100110011
0001000011101100
1001000110011010
0100000011110110
1010001001001110
0100100100010011
0000001001011110
0100001011010110
0010000010001100
1010000111001110
0110000101000010
0001000110101000
0010100010000100
0011000011001100
0010000100001000
0010001110001010
1000000111000100
0110001101111110
1011100011001111
1010000011011100
0100001110011100
1000000100101000
1000101101100110
1011000011010110
0000001110101000
0111001011001100
0000001101001110
1001000110011100
1000000100110010
1010100011101010
1011000010110110
0010001100001110
1000000011100110
1000000011111010
1001101000011101
1000101111011011
0000000111100100
1001000110100010
0001101000110001
0100101110101100
0110100100111111
0001100100010001
0001101111010010
1010101000111000
1000001010100100
1011100110010110
0111100110110100
1000001101011010
0111001100100110
0001000111111110
1010001110011100
1011101000100011
0110100011000100
0010101100000100
1011101011111101
0101001000001000
0010101100001001
0010001010000010
1010100110011111
0100101011100111
1010000101010010
0100001111011010
0011101011000011
0010001100000100
0100101111100010
0010000110000010
0001001010110110
1011100111111100
0000101100110000
0000001000110110
1000001000010010
0011100011001000
0111000011100010
0110101100011001
0111001011001000
0001101011110101
0100100111011100
0010001010001110
0011000100110010
0111101111010001
1011000101111010
0110101010101100
0000101111101101
1010101110101111
0100101100111111
1011100010110010
0001101111001111
1011000110011100
0111101000100110
0110001111101110
0110101100011111
0100001101001100
0000100111001110
1000100111011011
0111001011011000
0100101111010111
0011000011001100
1011100110101100
1011000111111010
0100001001101000
1011001111011000
1001100011001100
0010100100001110
0100000111101100
0111100111100010
1000101010100101
0000000011101110
1011000101110100
0011101011010111
0111000101100110
1010100010111111
1010101111010111
0111000100010010
0110000011000110
1010001001111010
1011001000100100
0000101001010101
0000000011111100
1000100011001011
0011100111000110
0110001101111100
0011000111000100
1011101111011000
0010001010000110
1001000101100100
0111000100110100
1010001010101100
1000101100011010
0100000010101110
0100100011110000
1000001101010100
0110101011101000
1011101010011101
0001101110100111
0110101011001110
0011100111100011
0111100010111000
0000001100011010
0001100010010011
0110100010100100
0110101011011000
0011100100100000
0011000110101010
1010001010111010
0101001000001100
0100001110111110
0011101101000100
0110000101000110
1000001011110110
1001000101011010
1001001100100010
0000001111101100
0000100011111010
0100001101011010
0111101001001001
0110101101110000
0100101011101001
0000101010111100
0011000101100010
1011101011101111
0000001011010100
1010100101111101
1001000010101010
1001000101101000
0010100110000001
0000000010110010
1001001011110110
0000101101001011
0010100010001111
1000101010010111
0010001000001110
0110001011110110
1010000101011100
1010001101001010
0110001011011110
0011101011011000
0000001000011110
0110001110011100
0110100100101110
0110101111011010
1000001000111100
1010101001011100
0001001110011110
0110000011110110
1011100010011110
1010001100010110
0110001010011100
1001001100011010
0101000100000100
0111001110110010
0111100011101000
0000101110101010
1011101101010111
0001001001011010
