0001001110011100
0000001111101000
1001001111110100
1011000110100110
0001000111101100
0110100100001011
1011101110001011
0100001000110010
1010101000001000
0111100110001001
0010000011111000
0111000111000100
1010000010111110
1000101000001011
0111001101001110
0010000100100100
1010100100001110
0100101110001000
1011100100000011
0110101110000010
0110101010001011
1000000101101010
1001001010100100
1000000111111010
0010101100001111
0110000011000100
1010100100000100
1011100010000111
1000001110101010
1000100010000011
0110000110101110
0000000101100110
0010100100001011
1001100100000100
1010101100001110
0001000111110010
0010100010000101
0111001011001100
0011100010001001
0011100100001110
0111101100000010
0001001101010110
1001101100001000
0100001110010110
0010001111110110
0000100010000111
1000001010010100
0000000100011110
0011101110000000
1000000110111010
0010001000110110
0001001000010010
0001101010000110
1001001010110010
0100000101010010
0001000010101110
0010100100001111
0010101100001101
1010000010101010
0001001001111100
0110001011111010
0001100110000100
0001101000000110
0101000111010010
0110101010001011
0110001010010100
1010000010111110
1001100110001101
0111000110110110
1000100100000110
0001100110001001
1010000011010110
1001101110001101
0101000101101100
0000000111001100
1001101100001101
0100101100000011
1011000011111110
0011101100000001
0011000011101010
0000101000001010
0001100110000000
0001101010000111
0111101010000111
0011000011110010
1010101110000011
0110100100000011
0000101000000111
1001001100011000
0001100110001111
1001001100101100
0010101110001011
0101001001001000
1000001010110100
0111100010001100
1011101010000110
0010000100011010
1011000101111100
1000101100000100
0000101010001100
0110001110111000
0011100110001001
1011100100000001
0111000111011100
1000000101111100
1001101100001010
0100000100110100
0111101100000110
0110001111110100
0110101100000110
0000001001010100
1011100110001010
0011000101111000
0011001100011110
1000101010001100
1000001110101110
0101000010011000
0110101110001111
1001101100001001
0101001011100110
0111101110001001
0000100010000110
0011001110011110
0000101000000100
1011101000001011
0100101110001100
1011101110001100
1000100100001111
1011000110111110
0000101010001100
0001001001000110
0110001001111010
0000100100000110
1011101010000001
0101001101111000
0001001000011100
0110000101101100
0111100110000111
0110100100001010
1001000111001110
0111101010001101
1001000011100110
0010001100111100
0110001011011010
0000000011110010
0110001101101100
0000000101010100
1011100110001110
0111001011101010
0100101000001111
0110001110101010
1011000101111100
0011001001111010
0101000010010010
0000100100001100
1010101000000100
0111101110000001
1010101100001000
0011001010010100
0111101000001001
0000001101010010
0011101100000011
0101000111111000
1001001001011000
1011000111100100
0011100100001011
0000101010000010
0100101000001011
0001100010001000
0011001100111000
1011001011011110
1010100100000110
0100100100001011
0000101010000100
0111001011010110
0100001000011110
0110101110001101
0000001111101110
0010001110101010
0110100110001101
1010101000001001
1011101010000000
1001101110001111
1010000011111000
1000101110000111
0000101110001001
0110101000000001
0001100110000100
0110001100111010
0111000111011110
0110000100011100
1001001110101110
1011001010101010
0110001001110010
0010101100000000
0011000010110110
0110100110000010
1001101010000000
0101000111011000
0100100110000011
0001000100100010
1000001101011100
0111001001011110
1010001010111100
1000000101111110
1010001111111010
1000001111000010
1010101010001100
1011001110010110
0001000110101010
1000001011100100
1000000011010110
0011100110000101
0000001010111010
0111101010000110
1001000101001010
0011001111000110
1011101000000111
1000100100001001
0001001111001100
1001100110000010
0000100110001111
0010000111100010
0110101000001000
0001100010001011
0000001001011000
0000001100111100
0010101000001001
0110001100011000
1000000101001110
0111101000000100
0001100100001011
0110101000001111
1000101100001111
0000101110000101
0001100110001011
1001001001101000
0110000111010010
0011000101110110
1010001000111000
0101000101000010
1000000010100010
0100001011111100
0001000101111000
0000000100010100
0100000110011100
1011001101101110
0011000111001000
1011100100001011
1011000011000100
1010101100000100
0001001011010110
1001100010001111
0101000110010010
0101001011011100
0111101100000110
1011100010000001
0111000100110110
0011101010000100
0110101010001001
0000001010011010
0001101100001100
0110101100001010
1000001111011010
0010000101001110
0110101010000000
0011001000101110
0110100110000001
0000001111001010
0011101000000111
0000000111100100
0101000110100010
1000100110001111
0000100110001111
0001101000001101
1000001010010100
1011000011110010
0000000110111100
0000100100001010
0100101010000011
1011100100001001
1011000111001110
1010000110011000
0110000011110010
0000001100011000
0000000110011110
0001001100011100
1011000011111000
0000100110000010
1000000011010100
1000001011110110
0001001000110110
0000100110000010
0100101000000011
1000001001111000
1010001100111010
0101000100111010
1001101100000011
0001001000111010
0010101010000100
1001101010000111
1000001111101010
0110001100111010
0000101000001010
0100000100110010
1001001111001100
1010000011110110
1000101100000011
1000101100000000
0101000010100110
0010000110111010
0011001001111010
0001100100000100
0001000111100010
0001101100000000
0100000011111110
1010100100001011
0000001101011110
0010101110001100
0011001000111110
0110101100001101
1000000111111000
0000000100010110
1010101100001011
0000001100111110
1001001110011100
0000000100110110
0010001100101110
1001100100001010
0001001101110100
0000001000110010
0011001011100100
0110101100001101
1011001011000010
1011100110000101
0000100010000110
0111101000001011
0001001011100100
0010001000111010
1001001111111110
0100001011010010
0111101110001101
1011100010000111
0001100100000100
0100001010011000
1011101110000000
0001101000000100
0000001001110110
1010101010001010
1001101110001010
1001001111010100
0000100100001011
0001001001110110
0000000110111000
0000101110000110
0000000101011100
1000000100111110
0100101110001010
0010101100001101
1000101000001111
0011100010000110
1000000101110010
0110001011111100
1000100110000010
1001101000000000
0001000011000110
0001101010001010
0101000011111000
0011000010111010
1011100010000001
0001101110000100
0010100100001111
1000001000011100
1000000110011110
1011001011101010
0001100100000101
1011000111011010
1000000101101100
0101001001110010
1001101110001100
0000100010000010
1010101010001001
0011001101101000
0100000111110100
0010001011111100
1011001101111000
0010001111011110
1010001111100110
0110101110000101
1000100010001010
0111101100000100
1001001001101000
1011101000000000
0001100110000011
0110100110001100
0001001011000100
0101001110110100
1011101000000101
0110101000001010
0000000011000010
0101000100101110
0001101100000011
1000001101101000
1010100100001110
0101001100110100
0011001111111100
0110000111100010
0111000011011100
0111001111000110
1010001100100010
0110001110011100
0101001110111110
1000001101110010
0100001000101010
0111100100001110
1000100110000111
0100101000000001
0001100110001110
0111000111010100
0111101110001101
0001000101110110
0011001010010100
0110001100111010
1000100010000111
1011000100010110
0000000110011110
1010100100001101
1011000101101110
0000101100000010
0100101100000010
