0100101001110000
1001101010100100
1011001101101100
0000100011001100
0110001100101100
0110101101000010
0110000010010100
0100001011000110
0111100011000111
1011100101101000
0111000101110100
1001101001111011
1011001011110100
1011100011000100
0101000010000100
0001100010100000
1010000101110010
0011001101001100
0110001111000100
0001100011101100
1010100110100100
0111101111100000
0101001110001100
0000100011011010
1011001111001010
0101000110001110
0001001011001010
0000100011010111
0000000011100110
0000100100011011
0100101010101111
1000101101111101
0000001111101110
0011001111010110
1010001001000100
0110000111111010
0111100011100000
0011000111110010
0010101110000000
0010100110000100
0011101000011111
1000001001010010
0011000011001010
0000001001000110
1000101011001010
0011001000101110
0000001110011100
1000101101011101
0001101100011100
1011000111011100
0001001000100110
1000000010100100
0000001111101000
0000000110111000
0001001010111110
0111101111101110
0001001110010010
0001001010010100
0011100101010110
0111001000101000
1011000111000100
0100001111100100
1001100011011101
0010101110001100
1010000100101100
0100000011001110
0100001100011010
0011100011011100
1000101100010010
0110000110101010
0110100111110001
0010000110001010
1010101001001100
0111101001000101
0011000100010010
0001000101100100
1000101011110001
1011000101001100
0111000010100110
0000000011011010
0001000111001010
0001101000011011
0011001101110010
0001100111111101
1010101001000110
1010100101011110
0010000110000010
0000100100010001
1011100111011100
1011100101110001
0000100110011000
0000100110011101
1011001000111100
0111101000101101
1001001111001100
0000000111100100
0001001011010100
0010101100001001
1000001001101000
1001100110101000
0110101010110001
1011001110101000
0001000011010010
0111000100101000
0011000111001110
0100000100011000
1011001011010110
0001101101011010
0000101001010010
0100000111010010
0000101111010011
0001001111111100
1000001001011100
1000101000011011
0011101101111000
0010100010000110
0010101000001111
0111100100011100
1011100101001100
0001001111100010
1001001001010010
0001101111110011
0100000100110010
1010101000010000
0111001111011010
1000100010111111
0000000011111000
1001100111101010
0011101011101001
1000100111000001
1000000101010100
0010101100001000
0111001011101010
0001101110111011
0101000100001000
1011101011001000
1010101111001111
1010001001011110
0001100101001110
1011100010110111
1000001011100100
