0010101110001110
1001000010110110
1010100100000010
1000101000001001
1000000100010110
0110001001001110
1010001110010010
1000100010000110
0110101000001001
1011101010000000
0101001110011100
0000101010001101
1000101110000001
1000100100001111
0110000110111010
0110000101011010
0001101110001011
0100001110111000
0111101010000010
0011101110000010
0001100010000100
0000101000001010
1000100010000000
0100101100000110
1001000110110010
0110101010001110
0001001101101010
1010000110111000
1001001001100110
0110000010101010
1011101010001010
0000100110001111
0010001111110010
0010100010000011
0011000011110010
1011001111101010
0111101100000000
0000001101100110
1000000100010100
0101000010111110
0000000011111000
1000100010000010
1010100110000000
0010000111011110
0101000110100010
1010001100011100
1010001010010100
0111100010001100
0111101110000010
0111001000011100
1001001011100110
0011101100000101
0010101110001001
1010101010000111
0100101000000000
0110001110101010
1000001110011110
0000101010000010
0100100110001001
0010101100000001
0100000010111000
0000001000011000
0011000101011100
0010000111100100
1000001100111100
1000101100001100
0111001001001000
0101001011010010
0111001100110100
0110101100001000
0111101100000011
1001001101110110
1001000110101100
0001000111111010
1001000011101000
0000101000000011
1000000101110110
1011000101011000
0110101100000111
1010101000001111
1010000111101100
1011101000001111
1011001001011100
1001101000000100
1001001111110100
0100101000001111
1000001111000100
0101000010011100
0100001000011000
0001000111011000
0111001101111010
0011101010001010
0111101000000001
0110001001111110
1011000111011010
1000101010000001
0010001100010100
1001101110000100
1011001100011000
0000000100110110
1001100110001010
0000001101101100
0100000101110110
0001000110110100
0101001111001010
0011101110001010
0110000111000110
1011000100011010
0010101000000001
1000101000000010
1010000111111000
0100000011001000
0111101000000110
1000000011101010
1000100110001000
0100001100101100
1010100100001100
1010100100001110
0110101000001011
1000101000001000
0011101010001001
0101001111100110
0000001011000010
0001000101011010
0010000101000010
0101001000111000
1011000100111100
0011100010001011
1011001110111110
0000101010000001
0100001010110100
0000100100000011
0100100110000110
0101000100111000
1001001010011110
0001101000001001
0001100010001111
0110001100101010
1011101110001101
0010001111101110
0000100010000010
1011000011011110
1000101010001011
0000100110001001
0010001011010100
1001100110001000
0110101000000111
0011101110001110
0101001110011110
1010001101110110
0001101110001111
0010100010000001
0100001001101010
0111100110000111
0110000110101110
1001000011011010
0010101000001001
0101001011110110
0001100100000111
0010001011010110
1001000010111010
1010101100000100
0000100110000000
1010000110011110
0000001101001000
0110001000111110
1000101100000000
0110001111001110
1000001110111000
0101001101000110
0001001000110100
0011101000001011
0000001001100110
0011100100001100
0000101000001011
1000001010110010
0010001110100100
0001001100110010
0011000100101010
1011100010000010
1001001110110010
0100001100111010
0000101100001101
0001100110001101
0001100010000001
1010101100001011
0100101110000100
0101000010101000
1011100100001100
1011101000001010
1011101100001001
1000001001111100
0010101110001101
1010000110011000
0010100010000110
1010100110000100
1010001001111110
0110100100000110
0110101100000001
0010001110010100
0001001100111000
0001000110101100
1010101100000110
1010101110000110
0001101100001011
0100001001010110
0001000111011010
0101001011101000
1000000011101000
0011100110000111
1001000111111010
1000100010001010
0100101010001100
0001100110001110
0001000010111000
1010101100001001
0010001000110110
0100101010000000
0111101010001101
1000100100001001
1001000111111000
0011100100000011
0110000101111010
1010000111110010
0011100010000111
1010000101001000
0000101100001001
1010000010101010
0000101010000110
0011000110111010
1001100010000000
1001101000001011
1010001101000010
0100101010001001
0011000010111110
1010001010101000
1010000101111010
1010100110001000
1010101100000010
0011101100001001
0111101110001111
1010100110001110
1000001011100110
0101000111000010
1001101010000001
1000101110000101
1010001010010110
0110100010001010
0001100110001010
1001101000001110
1000101110001000
1010100100001110
0010101000000011
0000100100001001
0000101000001101
1011100100000100
0001101010000010
1011000111011000
0100101100000001
0101001100111110
1010101110000100
0111000100110100
0010100110001101
0100100110000011
0011000110111110
0010101110001101
1011001001011010
0010000011011100
1001100110000010
0010101100001000
1000100100000111
1010001111110010
0111000010010110
0101001110110010
0111100010000000
1011101100000001
0100101000001000
1000101010000000
0110100110000000
0111100010000111
1000100100000010
0100101110001110
1010101010000001
0111001010110100
0100001001011110
1001101110001011
1001101100000001
1001000110011000
0111000110110100
0000001100011010
0000001101111110
1010001010100100
0001000011010110
1010001000100110
1000000010011000
1011101100001001
1000101000001010
1000001011011010
1010101000000100
0111100110001010
0010001011100100
1000100110000110
0111100100000011
0101001110011110
