0001101100001111
1001000011111010
0001001010111100
1010000111010110
0111000100110100
1010100110000111
0100100110000010
1000000011111110
0101001101110110
0111001100010100
1010100110000011
0110001101101110
1010001111100010
0001001010101100
1011001111001110
1010000110010110
1000101110001011
0011001111100010
0100100100000001
0010000101111000
1001000100010100
0001000010011110
0010000111010100
0000101000001000
0110001001011100
0011000111010110
0011001010100010
0111100110001011
0100101010000010
0111101100001010
0100101000001010
0100101010001100
0110001101111100
0100100110001101
0101000011000110
1001101110001110
1011101010000100
1010101000001100
1011101000001011
0001001101101110
1001100010000001
1001001011111110
0010000111000010
0100101000000100
0111100010001000
1011000011010100
0011001001010110
0001001000011010
1010001011101110
0010001010111110
0001100100000001
1001000011111000
0010100010001110
1010101010001101
0010000101110100
1011101100001011
0011001001111100
1001101100001011
0111001101011110
0111000110100100
1000000100110110
1011101010001110
0010100110000010
0111001000111010
1010101110001010
0100001010010110
1010000100011010
0010100100001100
1001101010000110
1010100010000010
0011001100011100
0110101110000001
0001001000101100
1010000100010110
1010101100000010
0000101110001111
0111001111110100
1010101100001111
0011001011110010
0110001011110100
1011001011111000
0110000101101000
0010101110001110
1000101110000011
0011101110000001
0111100010001111
0010101000000110
0011001110010100
0011000011101100
0111100010000110
1001000100011100
0111101000001101
0001001111011010
1010000011001010
0000101000001001
0101000111111110
0100100100001001
1000000100010110
0000101110000011
0000101010001001
1010001010010110
0110101010000001
0001001001010110
0100101100001000
0010100110001011
0100001000100110
0001001100011110
0010000011111010
1000101110000001
0011001110010110
0001101000001011
1011101000001101
1001001001101000
0000101000001000
0011001101010110
1011000110111100
0001000101101000
1000000101101010
0001101010001001
0011000011100110
1010101100001100
1010000111110110
0011101000000010
1010001111011100
0001001100111000
0000001001110100
0111101110000001
0010001011011110
1000001001110010
1001001011010010
1000101110001001
1000000111011000
0011100010000100
0100000100111010
0110100100001101
0111100010001010
0001001100111110
1011000110110010
0100000011011110
0110001011001100
0111001010101000
1000001101001000
1011001010110110
1001101010001110
0111101110000110
1010100100000000
0011101100001100
1011100110001001
0000000111101110
0100000111100010
1000000111011110
0110101100001111
1011001101101000
1001000111011010
0111101100001000
1010001111001010
1001100100000010
0010101010001010
0001101010001101
0001100100001111
1010101000001011
0011100100001111
0110101010000011
1010101110001101
0001001101010100
0010000010010100
1001101010000011
0010100100000111
0111101010001000
1000100110001100
0010100100001001
1000100100000100
1001001100100010
1000000011011100
1011001010101110
0010001110110010
0000001110101110
1001001011011110
0000101100001000
0011100100000111
1000101100001010
0101000111011000
1000000110111000
0010001101000010
0010000111010100
1000100110000110
0011001011100010
0000001011001110
1010000011010110
0000001001011100
1000000100011010
0100100100001001
0111101110001001
0100101100001111
0111100010001111
1000100010001011
1000001111101100
0010001111111110
0110100010000000
0011001000111000
1000100100000110
0110101110000000
0000001111011100
1010101010001011
1000100110001010
0100001100100100
1000100100001101
1011101010001011
0111001110101100
0011101000001101
0100101010000010
0111101000001110
1011001111111000
0111000101110110
1001100100000101
0001001010010110
1010100110000000
1011001010011100
0111100100001000
0011101000000111
0011001011110100
0101001100101000
1010100010001000
0000000101111000
0001101100001100
0000000111110110
0100001101100100
0100000101001010
0001001111101010
0101000010101110
0111001111001000
1001101010000000
0101000010011010
0110101000001011
1010000110011000
0100100110000000
1001100010001111
1000001011011110
1001000111000110
0100100010001000
1011000010111100
0111101000000011
1000001111001100
0110101000000001
1010001111111110
0101000110100010
1010001001111000
1000001111110110
0101001101101100
0000100110001110
0000100110000101
0101001101011110
0000101100000001
1011101010001010
0111001110100010
1000101110001111
0100100100001111
1001101110001101
1000001111000100
0001100100001110
1010101100000110
0111100100000110
1011100110000111
1001001011001000
0001101000000010
1010000010100100
0010101000001001
1010101010001111
0110101100000111
1010001001001110
1001100010000000
1011001110111100
0000001111010100
0001001110010110
0000000101111000
0010000011111010
0011101110001111
0100001100101000
0010101010001000
0011000010011010
0010101000001100
0111101010000110
0111101100000110
0000000111101010
0100000011010100
0011000110101010
0111101110001110
0010101100001110
0100100100000000
0000100010001001
0010100010000000
0111000101000110
1001101110000010
1001000010111000
0011101110001010
1001000010100100
1000000010111000
0110100100000101
1010000011000100
0011100100001111
0111100100000010
0111000101111110
1011000101000110
1011001011010110
0011100110000111
0000100110001101
0110001110011010
1000000011101110
0100101100001111
0001100110000101
1011001101110010
0010000100111010
1011001011000010
0000000101110100
0001100010001111
0010101100001110
0001101000001000
1011101100000100
1010001000111110
1000101110001101
1000100110000010
0001101010001000
0100101000000010
0111001001001010
1000101100000011
0110000101110100
1001001000010100
0110101110001101
0001101000001010
0000000010111110
0110000010010100
0011101000001100
0011000010111110
0000101110001011
0100101110000101
0111000011011010
0011001111001110
0011000011001010
0011001000100010
1001101110000111
0000101100000101
1000100010000011
0110001111100010
0011001100110010
0010001010100110
1011000011100100
1011100010000101
1010101010001110
0100001111000110
0001100010000110
0111001011111010
0111001111001110
0100100100001000
0010000101110110
0000100010001111
0011100010001101
0011001011000010
0010000100110100
0001101110000011
0100101000000110
1011001000011110
0010100100001011
1010101100001111
0111101010001011
1010001010010110
1010101110001001
0111001101010110
0010001100011000
1000001110110100
1001000011101110
0100100110001000
0100000011100110
0110001011100100
0010000100101110
0000001110101110
0111101010001000
1011000101011010
0010100110000001
0100100110001000
0010101110000111
1001101000000101
0100001001101110
0011000111111100
1010100100001001
1010100010001011
1010001001111100
0000000101101110
0111000101000100
0000000010110010
1001001011011110
1001001111000100
0100100010001100
0100101100000100
0110100010000011
0101000100010110
0101000110101110
1000101010000111
1001100110001010
0010000111101010
0101001101101110
0000000100101010
0110001101011100
1001001000011010
1011100110000000
0010001011011110
0001101100000011
1001101010001001
0011000101011100
0111001101000110
