0100001011000100
0001100110000010
0001000100101100
1010000100110100
0010001001111110
0001000011001100
1000101000001001
0000101010000110
0001101010000001
0001001110110010
1001000010100110
0000001110100100
0010000101011110
0111101110000110
1001101010001100
1000100100001010
1011100110001100
1001001010101100
0001001000010100
1001000100010110
1001101110001001
1001101000001101
0001101100000010
1010100110000101
0000000101010100
0001100100001011
1010000011001010
0011000100110010
0010000101110010
0011101110001000
0100100010001001
0110000100100110
0110000110100110
1010000111001000
0011001111001010
0111101110001010
0000001110111000
0011000011000100
0000101010001101
0111000100111110
1000000110101010
0001100100001111
0101001000110010
1011100010001010
1010101100000011
0001101010000111
0010001011010110
1001101000001111
1001000101110110
1010100010000100
0010000010010110
1001101110000111
1011000011010100
1011101110001001
1000101010000101
0001101010001011
0011000110101100
0000101110000101
0011000101000010
0111101000000001
0111000100100100
0000100100000001
0100100110000011
0010001111100100
0111101100000010
0111100110000110
1011001111000110
1011100010000001
0110001111001000
0111101100000100
1011000110101010
1011000010110010
1000101110000100
1001001101011100
0110101110001101
0000000010100100
0010001000111100
0100000111101000
1000101000000010
0111100010000110
0010101010000010
0111101000001010
0000100110001110
0011100110001000
0010001101100100
0100001001110100
0000001010010110
1011001011011010
1001100100001000
0001001001010100
1010000010100110
0110000110110100
0001100010001111
0010000111010110
1010001011011000
0001001111100100
0111100010001100
1000000011010110
0111001011110110
1011000110011100
1000100110001110
1001001001000100
0011101010001011
0100001110110110
1011001110011010
0010100010000101
0000000100011100
0110100010001100
1011101000001000
0010001011100110
1001001101011010
0110000100110100
0101001101000010
0100001110010010
0001001111100100
0010000011101110
0010000011101110
0000000101100010
0000101100001011
0100001000101000
1010000110100100
1010101000001000
1011001010101000
0100001011111000
0110001001110100
0001100010000011
1011101000000000
1001101110001110
1001100010000101
0001101010001010
0110000101110110
1011100100000110
0000001101101110
1001100110000010
1011100110001011
1011101110001000
0110100010000111
0010101110000001
0000000100011110
0011101100000110
1011001001110100
1001000100011010
0110001100011100
0110100110000000
1010001101100010
1011100100001000
1001000101001110
0001100100000110
0011000011110110
0010000111001000
1011101010000010
0100101110000111
1000100110001111
1000001110010010
0001000010101000
0100000100011010
1001000010111000
0000001110111100
1011001100101000
0010101100000000
1010100100001100
1001000010101100
1000000011000100
0110000110101110
0010100010001001
1010100010001101
1001000100101010
0110001110111000
0110100110001011
1010101010001100
0100000110110100
0001001101001100
0100101110000011
1000001010010100
0111101000000110
0101000010100110
1011001100111000
0010000101001010
1001100010000100
1001001101100110
0110101010001010
1000000111111010
0001001001010100
1000101010000001
0001001010011000
0110000101100100
1001001100011000
0101001101001100
0100101010000001
1001001000100010
0001100110000100
0110101110000011
0011100110000010
0011001011100100
0010000100011000
0011001010010010
0100000111010010
1000101010001101
0110100100001011
1011101100001100
0001001011000010
0001100110000010
0001001010101100
0010101110001001
0001100100000000
0011001101111100
0010100110001101
0010100100000111
0001101110000001
0111100110000101
0000001111011000
0001101010000111
0100100010000111
1010001011100100
1001101000000111
0011101110000000
1000000100101110
0000001110011000
1010001111010100
0011101010001100
0100001010100100
0001101100000001
1000101010001011
0011001000111110
0111101110000101
0010101110000110
1000001010100100
0110101010000101
0110101000001001
1010100100001110
1000000110100010
0010101100000011
0000000100101010
0010100110001101
0000101100000000
0010101110001000
1011001101011100
1011100110001011
0111100110001000
1011000010111010
1001001101011010
0011101110000000
0000001111100100
0101000010101110
0001101000001001
0111101000000101
1001100100001011
0010101010000010
1000001000111000
1010100100000001
0010100110001001
1001000101000100
0111000010101100
0011101100001111
1010100010001111
1001101100001111
0000100010000111
0011100010000110
0111001110101000
0010001111101110
0010100010001000
1010101110000111
0111101000001111
0010101000001001
0000101110001010
0011100100000100
1001001100111100
1001101010000110
0011100110001000
0111001101010010
1011101010000100
0000101100001111
1001001001001110
0001100010001100
0100101010000101
0100001100011110
0101000011101110
0011001001001010
0100001010100110
0100100100000101
0100101000001100
1001001100110100
1010000111010100
1010001000100010
0011100010000011
0110101010000111
0110000101011110
1000001010011010
0011100100000001
1010000110101010
1011101010000000
0011101000001011
0101001101111110
0011101110000010
0100001101010110
1010100100001010
0010101010000001
0001001001101100
1000101110001100
0001001011010110
0000100010001100
0111000101101010
0111101000001010
0001000100100010
0011101010001001
0000100100001000
0101000010010110
1000001110111000
0000100100001000
1010001011101000
1001101110000100
0011001110110110
1000100010001110
1000101000001101
1010000101011000
0001000010111100
1001000010011000
1000100100000000
1001101000001011
0100101010000100
1010101010001000
1011100100001010
1010101000000011
0000000110010010
0101000010100010
1000001101000110
0111001010110100
1010001010111110
0011000110011110
1011001011011000
1000100110000111
1001101000000010
0110100010001111
0001100100001001
0010100100000000
0001101110001010
0001100100001011
0000001111011010
0010001101100010
0010100100000110
0000101110001101
1010100110001010
0010000111000110
0011101000001001
0001001100111010
0010001010110100
0100001101001110
1010001000100110
0111100110001001
1001101100001010
1010000010111000
0100100110000001
0110001010011000
0100001101011110
1000000010111100
1011000111011010
0100101110000010
0110001111000010
0011100010001011
1000000011001000
1001100010000010
1011001111101110
1010001001101100
1000001111111100
0101000010011100
0111100100001101
1001001100011000
1010101000000101
0110001101100100
0100100010000101
0110100100000001
0110000110100100
0000100110001010
0110101000001110
0001100100000110
0101001001101100
0000000101001100
0100101010001000
0110001000110010
1001100010000101
1010001110111000
1011101110000111
1011001011111000
0010001011011000
1001101100001001
0111000110011100
0100000110010110
0110101010000001
0011101100001110
0001101000001000
0001100010001010
0011001010111010
0010000110110100
0110100010000110
0010000010101100
0010100110000011
0111000011010100
1010001100010110
0100000100100010
0110101000000000
0100100010000111
0110000111001000
0001101000001001
1000101100001000
0010101000001100
0010000100010010
1011100110000100
0001101110000101
1011100110001110
1001101110000010
0011100100001000
0100001101001100
0000001001010010
0100100010001101
1001000010111000
0111000101001100
0110001110100100
0100001111110110
0110000110101110
1000101110000100
0001001010101000
0110000101010100
0001101000000100
0010001000011010
0000101010001001
1010101110001100
1011100010000100
1000001111110110
1010001100010010
0110001000101010
1011001001110010
1010100100001101
