1010100111110110
0001100110101101
0111000010111100
0111101111001001
1001101001010011
0111100100011111
0001001101000010
1010101001110010
1010101000101010
0010001000000110
0010001100001010
1000001000111100
0011000110101000
0111001111011110
1001000011010100
1000100101010101
0000101101110101
0010100110001001
0110101101001001
1011101101011100
1011001010111010
1000001010011010
1010101011101001
1001000011111000
1000100101100010
1010000111010010
0000101011000001
0101001000000010
1010000111111000
1000001001010100
0001101110010001
0010100100001000
0110101101100001
0110001111000100
0101000010001110
0100100011001100
0100100101101100
1001100111101110
0100001101001000
1000100111110010
0110100100101011
1000000101101000
1010101101110001
0110101111000000
0011100101100111
1001000011001000
0100001111110010
1010001101011010
0111100110101010
1010101001110101
1001101111100111
0011000101010110
1001100010010111
1001101101010000
1011101110111110
1011001111111110
1010000111111110
1000001000010110
1011100110100011
1011000100011000
0010101100001001
0000100101010111
1001000011011110
0100100010011011
0001100011011001
0010100100001010
0011100011000110
0010101000001001
1011000010101000
0010001000001100
1001000101111100
0011100100100000
1001101001111010
1001100100010111
0010001100001000
0110100100011111
1010100101111011
0100101010100101
0111101101011110
1010100101101001
1001101011000010
0101001110001010
1000001010011000
1000100011100101
0100000110100110
1011000111110100
1001000011001000
0110100010010010
0100001100111100
0001101000011000
1000100100100001
1001001010100010
1011001100101010
1010101011000010
0000001001001010
0110000111100010
0100100100100000
1011100110011100
0000100011110001
0101000010001100
0011101000111110
