0100001011000100
0000100101001010
1010001011110010
0110000010100010
1010100100111100
1001101111001000
0111100010100100
0101000010000010
1010101110010010
0001100100011110
1001101011001110
1010001000011010
0001100010100111
0000100011011110
0111001111011010
0011101000100101
1010000111111010
1000001111011010
0011100010010001
0110100010011100
0111001110011000
1001100011001100
0001100010111011
0101001000001110
1011100011100010
0110101101100011
0001101100011101
0011100111111010
1010001101000100
0000100111011101
1011100100100010
0001001111000110
0001101000011101
0111001000011110
1010101101001100
0000001000011010
1011001010111010
1011000011011010
0111001100100010
0111001111111110
0001100100100010
1011101100010010
0101000100001000
0101001100001010
0100100010100000
1000100111111110
0001101001111110
1010000100111100
0000101111100110
0111100111111111
0010101000000110
0111100010011110
0010001110001000
0100100111100010
1000001000101100
0110100101001100
0010001000000100
1000101100101101
1000001010011110
0011100101101101
0110000011101100
1001001111100100
1001101110010110
1010100010101101
1011101111101010
0110101101110011
1000000010101010
0100101001011001
0100101110010010
0011101000110100
0000001001000110
0010100100000011
1010101100111011
1001000010011110
0010100100001011
1011001000100010
0010100010001100
1001101101011011
0000001011001100
0100100110011100
0000100101010110
1011000101110110
1001001100100010
1000100111001011
0001100111111110
0001101101011011
0111101000110001
0011001100111100
0010101100000010
1001100111001000
1011100010101010
0110001110010110
1011100011000110
1011001011001010
1000101111101110
1001101011100110
1001100011101010
0110001100100100
1011100101010000
0111101010011000
0010100010000010
1010100111111101
1001101001011110
0001000010111000
1010100110100000
1010001001110100
0111100100010010
0101001010001010
0110000100100110
0000100111110111
0000100111101001
0100001000011110
0001000100010010
1001101001101100
1011001010111100
1011101001111011
0001100111111010
1010000101001000
0010100110001100
0100100110100111
1001101101111100
1011101001011100
1000101101100111
0100100011100110
1000000101010010
0111001001101100
1010000010110100
0000101101111010
0001101000101101
0100001111001110
0110000011011110
0100101100110001
0010001110001000
0010101010001001
1010001010011010
0010101110001010
1000101110110100
0010000010000100
0011000101100110
0110000010011100
0110001011101100
0001100100100110
1010000011011110
1001100110100001
1010000110101100
0001001101011010
0000100101110100
0010101100001011
0010101100001011
1001100010110011
0100100110010110
0110001000101100
0111101111111100
0001000111001010
0010101010000100
0010101110000100
1011101001100110
0001001001101100
0011001000010110
0101001110000100
1011100110011111
0011001111011100
0011101110111001
0101001110000010
0110101101110100
1001000100010100
0011100100011111
0001000100110100
0011101101001000
0010100110001110
1010100101101001
1000000101110010
0101000100000100
0011101110011100
1010000010010100
0111100101110011
0011101100101000
0111001000010100
1000001111001100
1011101010010010
0100001011100010
0001101101001011
0111001111000010
1011100111111010
0111101010100110
1001000101110100
1011000111000010
1001000101100100
0001100110011101
0111001110100010
1011000101011000
0000001110100100
1001000111110100
1011100101100110
1011000100111010
0001101111011101
0111000100011000
0011000111010100
1001100010111111
0110101110010100
0001101001011010
1010000100011100
0110100101101001
1001000101111110
0001100101111010
0100000100100100
0100001000101000
1000101000101000
0110101001000001
0001001111111010
0001001110111100
0110000111111100
0101001100001000
1000100100110101
1010101001000110
0100000110011000
0001100011101011
0111000011011000
0001000100010010
1001101011011101
1001100010010011
1010100010111101
0011000010110100
0001000110101100
0011000011100110
1000001100100100
0011100011111010
1011101001011001
0011101011111111
0010101110001000
1010101111100011
0110000011001000
0110100101101100
0100000111110100
0110000011011110
0110001001111100
1000100010010100
0101000110000010
1010101111010111
0011101000101011
0010101110000111
0011101001010111
0001101010011011
0100001000010100
0001001011110100
1010101000111001
1011101100101100
0000001001100100
0110000010111110
0101001110000110
0011100010101100
0001100101111000
0111100111010000
0111001010010110
0000000011101010
1001100100111011
0101000110001000
1011101011100010
0100000111010010
