0011001110111110
0100001010110100
0000000110100110
1011101011110100
1000000010011110
0000000010010100
0001101011011110
0110101100011100
1010101110100010
1001100111000110
1010100011111101
1001100010110000
1000100110100010
1011100111000111
0111101001000000
0011100100010000
1010001010110100
0010000010001010
0000000111000110
0100101110110001
1010100111111101
0001101101100011
1000000101110110
0100101101000010
0001000011101000
0101000110001010
0010101110000110
0110001111111010
1000101111001111
0110001100100100
1001001111010110
0110000101101000
1010101111101111
1001100011101001
0101001110001000
0010001000000100
0100000010010100
1011100110111000
0011100101000000
0001100100101011
1001100010100101
0110000101001100
0011001111101110
0101001010001100
0100001101101010
0010001100001000
0111000011001000
1001101011101100
0001001010111100
0011101110110010
0101001000001010
0001101110110011
1010101001011010
0100000100010100
1010000101011000
1000101011011001
0011000100100010
1000100010111100
0110001101101000
0001101000011101
1001100010011111
0001101001011011
0010001100001010
0001000111101000
0001000111011010
1011001001011110
0000000111000110
1011100011111100
0110101111000010
1011100100111110
1000000110011110
1000101100100010
1010001101001110
0001000011110100
1011001101100010
1011101111000110
1001101000100001
0011001011100100
0110001110110010
0100001011111100
1001000011110110
0110001000101000
0011001100101000
0101001100000110
0101000100001010
1000101001101100
1011000101110100
0000001100111110
1011100110101100
0010000100001010
0001000011010010
0111001011101000
0111001101101010
1011001011001110
0000101111001000
0001100100011111
1000001111001100
0011001111111110
1000100010110101
1010000110111010
1010000010011110
0001100111110001
0011001100110100
1001101000111001
1000000101010010
0001000111110110
0100000101011010
1011100111111101
0001000010111110
0000101111110101
0001001001111010
1001101111010001
0000000101001010
0001000100110110
1011101101111011
1000001011101100
1010000110101010
0001001100101000
0011001110010110
0100101111000011
1001001111110110
1010000011000010
0111101101100101
0100001001111110
1000001110101100
1010001011100110
1001100100110010
1011001001010110
0010101100000011
0100001010010110
0011101101011011
0110000101001010
0001101100110110
0101000010000100
1001100100101010
1000101100011011
0001101101011010
1011100101001011
1000001001101010
1001101111111010
0010001100001000
0110101101101101
1010001100101000
0111001111011010
0111101101101001
0100000011001010
1011001101000010
0010001100000100
0111101000101001
0011101011011100
0000100101110001
0000100100101110
1000101001110111
