1011001100010110
0011000101001100
0100000011010010
0010000100001010
1001101101110001
0000100101001010
1001001001100010
1001101100100000
1010001011111000
1010101110011101
0011101111000101
0111001011100010
0011000011000100
0110100111101100
0100101101010011
0000100110110110
0000101111101110
0111000010110010
1011000011010100
0011101100011001
0010100100000000
0001001100011100
1001101010010000
0010001100001100
0011000100101100
0010000100001010
0010100100001111
0111001010100110
0110001001110110
0101001100000110
1001101111011001
1000101110101100
0111100101110100
0100000101000100
0000101011010111
0000100011100101
0101000010001000
0111000101111000
0010100100000000
0111101100110100
0011001111100100
1000101011111100
0001000010100010
0000000101000010
0010101000000000
0111100010100011
0100101110011010
0110101111011111
0100101111010101
0101001100001010
0001101001010100
0011001101011110
1000100101101011
1000000111111010
0010000010001110
0001101111101011
0100101011101000
1000001100011100
1001001011101000
0001101111110101
0011001011000010
0100100101101101
0011101001001001
1010101000111110
0111101000110101
0001001010010100
0110100011101100
0100100011100111
0110101001011010
0111101101110100
0100101000101010
1001001111011110
0111000101101000
0001100010010111
0110100011101011
0000101001000111
0101000100000010
0101001000001100
0011001011001100
0000001011000110
1011000011010010
1011100111110111
0001100101111110
1010101101101111
1001101011101110
1011000111101100
0010100100001010
0010000010001100
0011101110111010
0011001011100010
0110101011001100
0110100010101011
1001001100011000
0011000101100100
0110101000100111
0111100011111101
0010001010001100
0011101110111010
1000101011100101
1001100011011010
1010000101010100
1011100011111001
1001000111100100
1010001110010110
0100101110011110
0010000110001110
1001001001001010
0011001100111010
0101000010001000
0111001011111010
0011100010100111
0100101110101100
0001001000010010
0011101010011010
1000100010101100
0011001011011110
0000000111001110
1001000110010010
0100000111011000
1001100110100100
1000101111000101
0100001111100100
1000001010110110
0011001000011100
0000001101001000
0110000110011010
1010001100010010
1001000011100010
1011100111110001
1001101100011010
1001101110100101
1001100111000010
0000101000110101
0011000100010100
1011100011000101
1001101101101011
0111101011111110
0100000010111010
0011000110110110
0010000110001100
0001101101001011
1011000010111010
0011001000110110
0100101010101000
0100101100010100
0000101110100100
0101001110000010
0001101111110011
1010001010100110
0110101100100010
1000000110100110
1001100010010001
1010001000110100
1010100111110010
1010100101100010
0000101000011000
0000101001100110
0100000111000100
0101000100001000
0111100110110111
1000101111001110
1001101101110010
0101001000001010
0101001010000100
0000100100010011
0000001111001100
0100101000101001
1001001011100010
1001101101100011
0100100010110101
0001101100110110
0010000010000010
0001100011101011
1011100010101000
0011000010100100
0101001100000100
0010001010001100
0011100111010100
1001101001000100
0110001101010010
1010001001101010
0110100100010000
1001101011001011
1010100100010000
0011000101011010
0111000101011110
0001101101001111
1001001111101100
1001001011101110
1001001011110110
0011100100111111
1000100101110100
1011101101000100
0110100111001111
0010000100000010
0000101101000011
0001101011011111
0001101011110000
1011100101100111
1000001101100010
0011101001001011
0100001111111000
1010001111011000
1001100111011111
1011100110011110
1000101000111011
0110000101001000
0101000100001000
0111000110111100
0010101000001110
1001101101100011
0011001111000010
0111101010100011
1010100101010001
1001101010010000
0100101000100010
0011101001100111
0001001101101110
0100100011111101
0000001110111100
0011000010011110
1000001000011110
1001001111100010
0100001100111110
1010000100101000
1001000111001100
0000101110110001
1000000010011000
1001100101110110
1010001000100010
0000001001000100
1011101000110011
0111101111100101
1001100111110101
1000101000010010
1010000110011100
0110100011001111
1001101011010111
0100101000111010
0000001100011000
0100101110010011
0111000011001100
0111100010111000
0110000101111010
1000001001111110
0011100111011001
0111000111011110
1010001011001010
0111000100100110
0010001100000010
1010001101001000
0110101001011101
0110001000110010
0011001001001100
1000101000100001
0001000011110100
0110000111000010
0010000100000110
1010001001110100
0100000111011100
1000000010010110
1011101100110011
1011101111010001
1000101001111010
0110000010101000
1010001100011100
1010100010110010
0001001001101010
1011000110100100
1010000011000110
0010001110000100
0101001010000110
0010100010001010
0111001100011110
1010100101001101
1001100010010101
0011001111101000
1001001001001100
0010000010001100
0110001001011100
1010001101101110
0110100100100011
0011000011010010
0111101110010001
0000101101001111
0101001010000100
0001101010101011
