0100001010100100
0100100111100101
1001101001011011
1011101101011001
0100100101101110
1001001111011010
1011001110011110
0001101011111010
0110000011111100
0010101000001111
0111001101001010
1000101011001001
0110101110011001
0001100111001010
0000001001111100
0001001111110110
1010100110100111
0011001000011100
0000100011001011
1000101001110011
0111101101101100
0001100011000100
1001001110011000
1011001011010110
0000001101001010
0111101010010001
1011100010110010
0011001101101110
0110000100101110
1011001111111000
1011001011010010
0000001111111000
0001101010100000
0001101010011001
0000001111001010
0100001001010110
1010000111000100
0000000011111000
0000001100010110
0001101000111100
1001100010110110
1010101000100111
1000101111000110
0011000011101010
0010100010000111
1010100100100011
0010000010001100
0111101100101001
0110101100101101
1010000010011110
0010101100000110
0101001000001010
1000001100011000
1001101011111111
0001001010111010
1001101101000101
0011000100011110
1001101111111101
1001000110010010
1011000010011110
0000001011010010
0101000110001100
0010101110000010
0100101010010001
0111000010100110
1010001001100110
0000000010100100
0011101111010001
0001001110101000
0001001100111110
0011100101011010
1000001101101100
1010001101011000
0111000101000110
0100100011011110
1011000100100110
1010101100011001
0100101110011101
0010000010001100
0101000110000110
0001001011011010
0001100010110000
0011001000110100
0100001001110100
1010001011000010
1011101101111100
0101001100001010
0000000110010110
1000000011011000
0110001000101100
1001000101100010
1001100101100000
0010100110000111
0101001010001110
0000001101001000
1001101011111100
0001101000101110
0001001110010100
0100100111101110
1011101101111000
0111101110110110
0000100010101101
0100001100111100
0101001110000100
1010100010101101
0100100101111001
0000001001000010
0001101111110110
1000000011010110
1010100011010111
0010000010001010
1000000110010110
0001000101011000
1001101011110000
0110100100111010
0010101100001110
0100101000110111
0100000100101110
0000000110100100
1010100100011111
0111001110100110
0000000011111100
0110000110100100
0100001110110100
1011101011000101
1010001001100010
0011001111110010
0001001101011100
0010000100000110
0001101100011101
0100001011010100
0000000010011110
0010101010000000
0101000100001110
0001001111000110
0111100111010111
1011101101000110
0111100011010000
1001000100011100
0111100101010001
0000100011110010
0111101111000010
0010001010001000
0110101100100001
1001100111111110
1000100011011101
1001100111100101
0000100101110101
1010101011000000
1001101001000101
0011001100110100
1011101011101110
0000001100111100
0110101100010111
0101001110001000
0001100110101111
1011101001111101
1010001010100010
0000101011110101
0101001010000100
0100000011101110
0000101000100011
1011100011010111
0011100011000001
0011100101000100
0010101100000001
1000100101011000
1001100110100001
0111100110100011
0010000100001110
0111001101010110
1010001111101110
0000100010110100
0011101001111100
0110000100111010
0010001000001100
0010000100001100
1011001110101010
0111000010110100
0100000011100110
1010001011110010
0010001000001010
0101000100000110
0100100100011110
0010000100000010
1011101001110100
0000101101101101
0001101010111010
0000101110101000
0010001000001000
0111000011000100
0010001110001100
1000000010110100
0001100101110001
0000101100100101
0100100110111110
0111100101001001
0001101001011000
0011101100010101
0001000110011000
1011001110010100
0000001000011000
1011101111001111
0001001010100100
0000000011001100
0000101100101011
1000001011011110
0100101011111111
0011101000110111
0000101011110101
1001100110110100
0001000010110010
1010000011011000
0110101101010000
0110001010100110
1010101010010010
1011101000011110
0101000100000110
1001101110010111
1011001001001110
0010001100001010
1011001010111010
0110000011001110
0000101101010011
0100100111100101
0001000101011100
0000001000100010
0011000011111010
0001000011100100
1000001110011000
0010001000000100
0101000110000100
0110100100011101
0110001101010100
0011101000100000
1000101110010110
0110101000110100
0011100010011011
1000101001111101
0110001011101000
1000100110011000
0110001110011000
0100000100110110
1011101111010001
1010001100101100
0110001111111010
0010101010001100
0110100110100101
1000000010111010
0010000110001110
0001100100011001
1001100110110010
1000100100111110
0100001100111100
0110101101011010
1001101100110101
0110100110100001
0010001000001010
0100100010011011
0001100110100011
0110001011001010
1011101100010111
0011000110100010
0010100100000110
1010101001010100
0010001000000100
0111001110010010
0010100110000100
0100000100101010
1001101101100101
0100000011100100
0000001001110110
0111100100101100
0000100101110001
0110000010011000
0110101011110111
0101001010001110
0110001111100100
0001100111001101
0100100111111111
0001001011110010
1011101011000011
0001001111011110
1010001100110010
0011001011001010
1010101001101100
0010001000001110
0001000011011110
1011101001110000
0101001110001110
0000101000011101
1000100111010001
0110101000100000
1011100010111110
0110101110010100
0111001000100010
1010101011110110
0011001011101100
1011100010010010
1001101001110001
1011001110011110
0001100111100011
0011001101011000
0011100111010001
1000001100011110
0010001010001110
0100000111001100
0011100010110100
0110000111001100
0111101100011101
1001101010010100
1010001101010100
1010101001100001
1001001010011100
0011000111000110
0110101100010110
1010000110100010
0100000100010100
0000001101010110
1001101110011000
0011001011101000
0010001100001100
0100001111011110
0101001010000100
1010000101111100
1011000101000010
1000001011111100
1000101110011100
