0000100100000111
1010101110001000
0011101110000000
1001000100011110
1001001100111100
0111100010001011
0101000100110010
1001101000000111
0100000101010110
0010001001011100
0000100100000101
1001001111110010
1010101000000001
0010100110001110
0111101110001111
1001000101101100
0111000010011110
0000001111100100
0100100010000001
1010000111010100
1011001100011010
0001101100001011
1010000101101000
0000100010000101
1011100110001110
0011101110000110
1000001001001010
0001101100001101
1001100100001110
1001101110001110
0100100110001010
1000000110111000
0000001100101010
0011001111000010
0101000101111100
0111001001111100
0011001011011110
0100101100001010
0010001100111010
1010000010101100
1011000010110010
0001000010110110
0110000100110110
1001101100000001
0100001011001100
0000100100000110
0011101110000100
0110000110100010
0110101110001000
0010001100010110
1011100100001000
0000101110000010
1001000101010010
0111000100010010
0000000010101110
0100000011111000
1000001010111000
0010000110110110
1001001111100100
0000100100000001
1011001110111100
1010000101001000
0001001110110100
1011101110000010
1010001100111000
1011101100001011
1001000111010010
0001001111111110
0100000111000110
0011000111101100
0110100110001010
0110101110000011
1010000011110010
0001101100000100
0010001110110110
0010101110001001
0110100100000101
1000001000101110
0101000110111110
0001100010001110
0001101100001100
0001100110000010
0110001001101110
0110001111111010
0001001001100100
1001101000001010
0110100010000001
0111000110011110
0100100110000110
0011001000101000
0010001100011100
1000000100110010
1000100010001010
0100100110000100
0000100010000101
0111100100000011
0001101110001000
1000000100011000
1011001100011010
0001000010101100
0110101110001011
1011001000011100
1000101000001011
1001100010001010
1000001000010010
1001101000000111
1011001101010110
1001100100001001
0001100010001110
0111101110001111
0111101000000001
1001001001001010
1010100010001000
0111100010001111
1011001110111010
0101000010101000
0001001100100100
0100101110000011
1001101000001000
0110000011011000
0000100100001010
0010100100001100
