1000101100000001
0010101000000101
1011000101111110
1011100010001000
1000001001011110
0111100110000010
0000100010001101
1010101000001101
0000000010010010
0001000011011010
0011100010001000
0011001010100100
0111100010001101
0110000011101100
0100101100001101
0011101100001001
0101000011100100
0110001100111010
1001100100001111
0011001011010100
0111101000001000
0100101100000001
0100001001101110
0100000010100110
1011100110001011
0001101100001100
1000001100110010
1000101010000011
1011000011011010
0110100110000000
1000000111010100
0100001111111100
0110001000100100
0110101100001101
1011001111101100
1011101110000111
1010000010100100
0101000111001110
0101000101101110
1000101110000100
0000101000001011
0010101010000111
0001100100001000
1011100010000000
0000000110110110
1010100110001110
1001001110111110
1000101110001111
1001100100001010
0110001001100100
1010001110100110
1000000111001000
1001001011101000
1010000111111000
0100100110001001
1001101100000000
1011000011110100
1001101000001001
1010000011111010
1010000010010010
0110001010011000
0000000101100010
0111101010001011
1000001011101110
1000001001000100
0111101100000001
0011101100001100
1011101110000101
0100101010001110
1000000011101010
1010101010000000
0100100010000001
0100001001110100
0100000111001000
0011001100111010
0110101010001110
0010001011110110
0101001111000110
0011000100110110
1000101010001100
0110101010001111
1011000110110100
0011001100101010
0100100100001101
1001000111110010
0001101000001111
0110100100001111
1001101010000111
1011001000101110
0010001001000010
1000101000001000
1010100010000001
0011101010000110
0001000110011000
0110101000000011
0000001111110110
0011101110001101
1000001001101000
1011101010001000
1000000101000100
1011001011101010
0100001001100010
0011001111000010
0011001001101110
0001000101000010
0010100100000000
0011001001111010
1010000010100110
1010000011101010
0101001001000110
1011100110000011
0110000011000110
0111001001111010
1001100100000101
0100001111000100
0101001101001100
0000001001101010
0110001110010110
0001001010100100
1000000010011000
0010001101011010
1000000011110110
1010101010000000
1000100110000001
0001001111000010
0110000110101110
1010001011100010
1011100110001100
0110001010110100
0000100100000000
1011001101000110
1001000011111110
0011100110001001
0001001111000010
1010100110001011
0011101110001011
1000000110101110
0000001001100100
0001101100000100
0110101010001010
0000101010001000
0001101000000111
0110101100001100
0000001011101000
0000000011110010
1001101000000000
0111001101001100
0110100100001011
0100001110010010
0011100010001111
0100000111101010
1011001101001110
0110001101100100
0010100010001110
0011000100100100
0010001101001010
1010100100001000
0100101000000110
0110001111010010
0110101000001011
0001000010100010
0110000111111100
0001001100110110
1000101010001011
0110001111010010
0110001110100100
0001100100000000
1001001101101100
0010101010001010
0010001000100100
0110001100010110
0111001110110010
1001001101111110
0010000110101110
0100101110001110
0110100110001101
0101000010011010
0100001111111110
0001101110001100
1000000110111000
0000001011111000
0101001111100010
1000000011001000
0000001001101000
0001100010000101
0101001101110100
1010100110000110
1010100010000011
1010101100001110
1000001010100010
0110001011001110
0001100110001111
1011101010001110
0110101100001010
1010101010000001
0100001001100110
0011001101000100
0001000011111110
0011000100110010
0010001001011100
0101001111001100
0110000010010100
0000000111001110
1010001001001010
1001000011010100
0111000101010010
1001101010001110
0111000100011010
0010100110000110
0000100110000000
1000001010101010
1000001011011100
0011001101101110
0000101110000100
0100001001011110
0010000100110110
1001101000000101
1000100100001100
0001000010100100
0001000010111010
0011000101001100
0111100100001100
0100100110000111
1010000101101100
0010101000001011
0111001011011010
1011101010000100
0110001110101010
