0010000100000100
0101000100001100
0001101111111110
1000101111110011
0010100010001111
0010001010001010
0000101011001110
0100001001101010
1010001100111010
0010001100000010
0010000110000010
0010101000001000
0011001000111110
1000101010100101
0010001100001110
0000001111100110
0110001011111110
1000000011010110
0000101101011000
1011001110101110
0011101010111110
0001100010100100
0001100100101001
0100101010111111
1011001011101010
0011001000111100
1010101010100001
0001100111011001
0110000111100110
0000001100010110
1010101010110000
0100001001010010
0111101100110001
1000101001101011
1000101100011010
0100101110011010
1000001011110100
1011000100101010
1011001010101000
0100101000100110
0100000010010100
1001100100110110
0111001010100100
1011000101101010
0111101011110000
1001001011010100
0100101110101100
0001101010010111
0001000111101110
0110101110010100
0111001001000010
1001101111101011
0011001101101000
1010101101001010
1001101011100011
1001000111001010
1001101000111100
0100100010011101
0011001111010010
0100000011100100
0000000011001100
0010100100000101
0111001110101110
1010000101011000
0111100011010110
1011101001110111
0010101010000000
1001001011110010
1010100100010111
0010101100001100
0001001001111100
1000100101010011
0000000110101000
0010000100001010
0000000010111110
0110101000110011
0011000010100010
0011001100011100
0011001110111010
0100001011111100
1011101100110111
1010001111011010
0011101110101110
0110101011001010
0011100011000110
0100100111010001
1010101010101001
1011000111101110
0111100100110000
1010100100110111
1000101010011001
1010101000111110
1011000101101010
1011001111000100
1000001010010100
0010001100000100
1010101001100110
0010000010000100
0110001011010010
0110001010100110
0100100011101000
0011001101101010
0011100011101000
0000100100100001
1011101100101011
1000000101111000
1010000101111100
0001001011110010
1010101100100110
1010001110101100
0011001000111100
0000101100100110
0000000011101000
0111100100010111
1000000010010110
1010101111000000
0010101110000001
0100101111101010
0011000100101110
0100100011101001
0000101001100101
0000100011110000
1000101000110100
0010000110001110
0010101000001000
1010001001001000
0010101100000110
0111101110111111
0101000010001000
0001101011011110
0000000101100110
1011101100101111
0100000111101000
1010100011110100
0011100010010111
1000101100011000
0110100011111001
0011001010100110
1010000111110100
0100101001000111
0110001111111110
1001000010101000
1001001011110100
0101000110000100
0100100010100010
0100101011001011
1010000100010100
0100101100101111
0001001000110100
1010000011000110
1011101110111111
0000101111100010
1000101000100001
0001001000101010
0010100010001001
0110001000110100
0011101010010101
0001001101010010
0100001000101110
1011101001011011
0010000110000100
1010100101101001
1010100110100001
0011101011111001
1001101010110011
0010000010001000
1010101100110101
0111101111011101
0011100111011100
0011101000011000
1011001110111010
1001001100011110
0010101100001100
1011100011110101
1000101010110111
0010000110001010
0001100101101010
0010100110000011
0011001000100010
0011000011110110
1010001010101110
0111000101001010
1011100110110100
1011000110111000
0101000010001100
0111100111000110
0010000100001110
0001000110100110
0111001110110100
0110001101001000
0111101110100010
1011101101011111
1000001101101110
1011101011101011
1000100100011000
0010000110000100
0111101011011100
1001100101110010
0001001010101110
1010000110111010
1011101100010000
0110101001011001
0110001000100110
0101000010001100
1011100010101011
0101001010001100
0010101110000011
0001100010101000
0101000110001010
1001101001010110
0100001100101100
0011000111100110
0111100101011111
1000001011101100
1011100010101000
1001001110111000
1001001110100100
1000001101011010
0011001110111000
1000101110010011
0011001101011110
1010101111101100
1010001101110100
0010000110001010
0110001010111010
0010100010001100
0011101011111111
1010101010110011
0111001001101100
0100000011111000
1001101111011000
1000001100100010
1000000111001000
0100001011001010
0110100111011001
1000101101100000
1001100101111001
0110001010011100
1010100011101110
0100100011011100
1010100010100000
0110100010101010
0001001100111100
0000100111000111
1000100011111111
1001001111111000
0111000010110010
1010001100101000
1010101111100010
0010101010000011
1000001101110100
1000001101101010
0001001100111010
0110100011101010
0101000100001100
0100101100100000
1011101001000100
1010100111011111
0011100011001101
1010000011000110
1001101100010111
0111000011010010
0011001001101010
0100001110011000
1011001001000010
0010001110001110
0110101110110100
1011000101010100
0110101001011010
0001100010010001
0010101100001010
0111101110100111
1001101001000110
1010001110111100
0001101001110001
0110100011011111
1010101100101100
1000001101010110
1011001101101010
1011101001011001
0100000010111110
1001001011010100
0111100101000101
0011101111010110
0111000111100100
0010101100001001
0010000010000110
0110101100110110
0101001000001000
1011001001011110
0011001011001110
0101000010000110
1000001100110110
1010001100111000
0010101100001101
0101001100001000
0100101010100110
0100101000100101
0000100111100101
1010100110010100
1001001011110100
0110101101110000
1011000011001000
1010100100111101
0100101010010000
1000101100100001
1011101001111101
0000001010011000
1011001001001100
0000101111101101
0001100011001010
1001100100100100
0001000011000110
1010101010110111
1001001110110010
0100001111101110
1011001100111100
0010001000001110
0010000110001000
0100001001111110
0001100101010100
1000101100110000
1001000101100100
0111101010100011
0010000010000010
0011001010110100
0100000011110100
1011001011101100
0110100111011001
0011001011110010
0100100111001000
1000101010110111
0100001001100110
1011101001000111
1011001101000100
0000101000101111
1010100101110111
0010000110000010
1000000100111100
0001100011110101
0010101100001111
1000101011101111
1010001110100110
0000100111000111
0100001111001100
0111101101011010
0011001111011000
0010000100000010
0011000110010110
1001100111000110
1011100110010010
1011100101101100
0110100110100111
1011000101011000
0011101011001100
1000101000011011
1001000111100010
0010001110001010
0000100011110000
1000000111101010
0000000111111100
1010001000101110
1010000101000010
0101001100001000
1010000110111110
0111100100101000
1000101100100101
0110000110100110
1001101101100101
0010101100001101
0101000010000100
1000101011001101
1011000111001000
0011101100100011
1010101100011000
1000101011110000
1001101110101101
0011000111001000
0100101000101101
0110000110111000
1000101000100100
0000101010101110
1011101110101101
0000001111010010
0100101101011001
1010100100101000
0010101100001001
1011001100111100
1010100101111000
1010101010110001
0100001101011000
0111001111111000
0011000010111000
0110000011110110
0101001000001000
1011000011100010
0110101010111000
1011000111111100
0000001101111000
1011001011100100
1001001101001000
0000001011001100
0011000110110110
0001101110101100
1010100110110111
0110101001011010
0011100101101010
1000000010011010
0001100101010110
0110000100011000
0111000111111010
0101001110000100
0111001100101110
0111100101000100
0100001011010110
1010101000110010
1001001111011100
0100000110100100
1010100111011010
0001001100011110
0001001110101010
0000001100011110
1001100101010010
1000100110110010
0101001010001010
0110001011000010
1000100101100000
0010101010001110
0011001111100110
1001000111000100
0111001101010010
0000100110100101
0011100010010010
1000101101100101
1011100101000000
1011001101101100
0011101111000001
1011001111010010
1010101100110001
1000000101010110
0111001010010010
1010100101100011
1011101001100010
0100100110100011
0001000011101100
0110100110111111
0111101010111110
1001101110111111
0011101110111100
0100100111101011
0111101101110101
0010100100001111
1011101010100000
1001101001001010
1000101101001111
0010101000001001
0100001011011100
1010001000011100
0111100111011000
0001001101111000
0110001101010100
0110001111011110
1010001001011110
1000100010101111
0100001010111100
0100000100101100
1001101001011000
0000001111111000
0101001110000010
1011101011001101
1011101000100101
0000001011111110
0111000011101000
0010100100001110
0110101111111100
0101000100000110
1010100101001100
1011100101101101
0100001010100110
1001101101011001
0100100011111111
1000101111111110
1001100010100001
0110101001100001
1001001011100110
0110000101101000
1000001100010010
0010101110000111
1001001000101010
0100100100101101
0111001101110110
0100100111010111
0110001110011100
0001000101101000
0110001111101100
1001000100100010
0000000111101010
0110001101000110
0010100010001011
0000101111110110
