1001101111000010
0010100010000000
0011100011000010
1011101111010010
1000100110011000
0111101111011110
0111100011111111
1011001100101110
0100001010110010
0101001100001010
0011101110110110
0110100111011100
1010100111000111
1010101111010101
0000001110110010
0110100111011100
0000001110011010
1011101111101001
0001001000100110
0111101110011101
0111000101011000
0011101001101000
0111001110101000
0011000010011000
0100001011001000
0000100010010111
1001101111100111
0110101001101110
1000100010111111
1001100010101111
