0011101000000110
0000000101011000
0001100100001111
0010000011110100
0111001010101100
0010101000000100
1000001110111100
0101001101111100
0011001001100110
0000001111110100
0101001101010100
0010001101011010
1001100110001110
0100100010001110
0110101010001000
0011100010000110
0010100110001011
1000001000101100
0100100110001101
0010100100000010
0110101110001000
1011001101100100
0011000011111110
0000101110000101
0010100100001100
0000001001111110
1011001010010110
0001000110111100
0111001000100110
0001001011111100
0100001110111000
0010101000001010
