1010000110011010
0000100100000011
1010000011111110
1000101110000100
1011101110000111
1001001111111110
0011101110001001
0001000010111110
0000101100000001
0110001011101110
0000000100010010
0001101000001100
0000101000000001
1010100110000000
0000101100000111
0111001111101110
0000101100000110
1000000111000010
0111101000000110
1000101100000100
0010001100011010
0000100110001101
0101001001011000
1000001110111100
1001101010000101
0011001001011000
0001001010011110
1010100110001011
0000000101000010
1011100010000010
0110001000011110
0100100100001100
0011100010000010
0010000101001110
0010101010000011
1010100110001001
0110101000001101
1011000110011100
0001101000000110
0010001011101110
0111000101110110
0001001111111010
0100000110111000
