0101001111101110
0100001110111100
1011001000111010
0011101010001101
0001100010001111
0011100010000011
1000101010001101
0110001010011000
0100001100101110
0111101010000110
0011001110100100
0110101000001011
1000101110000010
0100101000000100
0010000010100010
0011000110101000
0000001110100110
0110100110000001
1000001001101100
1001101010001100
0100000111111000
0001101110001101
0101000110010010
0110001000111110
1000101010000010
1001101000000111
0001000010100100
0110100100000011
0011001100110100
0010100110000010
1000100100001000
0010001111100100
0000001111100010
0100101010000010
1000101100000111
0101000010101000
